<?xml version="1.0" encoding="UTF-8"?>
<testsuite name="com.distrimind.bouncycastle.asn1.cms.test.OctetStringTest" tests="5" skipped="0" failures="0" errors="0" timestamp="2021-11-01T15:52:42" hostname="basic" time="0.006">
  <properties/>
  <testcase name="testReadingWritingZeroInLength" classname="com.distrimind.bouncycastle.asn1.cms.test.OctetStringTest" time="0.001"/>
  <testcase name="testReadingWriting" classname="com.distrimind.bouncycastle.asn1.cms.test.OctetStringTest" time="0.0"/>
  <testcase name="testNestedStructure" classname="com.distrimind.bouncycastle.asn1.cms.test.OctetStringTest" time="0.001"/>
  <testcase name="testReadingWritingNested" classname="com.distrimind.bouncycastle.asn1.cms.test.OctetStringTest" time="0.001"/>
  <testcase name="testReadingWritingNestedDirect" classname="com.distrimind.bouncycastle.asn1.cms.test.OctetStringTest" time="0.001"/>
  <system-out><![CDATA[]]></system-out>
  <system-err><![CDATA[]]></system-err>
</testsuite>
