<?xml version="1.0" encoding="UTF-8"?>
<testsuite name="org.bouncycastle.mail.smime.test.NewSMIMEEnvelopedTest" tests="34" skipped="0" failures="0" errors="0" timestamp="2019-05-14T11:39:27" hostname="Garage2" time="0.999">
  <properties/>
  <testcase name="testSubKeyId" classname="org.bouncycastle.mail.smime.test.NewSMIMEEnvelopedTest" time="0.238"/>
  <testcase name="testCASTEncrypted" classname="org.bouncycastle.mail.smime.test.NewSMIMEEnvelopedTest" time="0.004"/>
  <testcase name="testAES256Encrypted" classname="org.bouncycastle.mail.smime.test.NewSMIMEEnvelopedTest" time="0.002"/>
  <testcase name="testCapEncrypt" classname="org.bouncycastle.mail.smime.test.NewSMIMEEnvelopedTest" time="0.004"/>
  <testcase name="testParserDESEDE3Encrypted" classname="org.bouncycastle.mail.smime.test.NewSMIMEEnvelopedTest" time="0.004"/>
  <testcase name="testTwoRecipients" classname="org.bouncycastle.mail.smime.test.NewSMIMEEnvelopedTest" time="0.006"/>
  <testcase name="testAES128Encrypted" classname="org.bouncycastle.mail.smime.test.NewSMIMEEnvelopedTest" time="0.003"/>
  <testcase name="testDotNetEncMailMatch" classname="org.bouncycastle.mail.smime.test.NewSMIMEEnvelopedTest" time="0.01"/>
  <testcase name="testHeaders" classname="org.bouncycastle.mail.smime.test.NewSMIMEEnvelopedTest" time="0.001"/>
  <testcase name="testRC2Encrypted" classname="org.bouncycastle.mail.smime.test.NewSMIMEEnvelopedTest" time="0.003"/>
  <testcase name="testAES128" classname="org.bouncycastle.mail.smime.test.NewSMIMEEnvelopedTest" time="0.013"/>
  <testcase name="testAES192" classname="org.bouncycastle.mail.smime.test.NewSMIMEEnvelopedTest" time="0.002"/>
  <testcase name="testAES256" classname="org.bouncycastle.mail.smime.test.NewSMIMEEnvelopedTest" time="0.002"/>
  <testcase name="testDESEDE3Encrypted" classname="org.bouncycastle.mail.smime.test.NewSMIMEEnvelopedTest" time="0.003"/>
  <testcase name="testIDEAEncrypted" classname="org.bouncycastle.mail.smime.test.NewSMIMEEnvelopedTest" time="0.004"/>
  <testcase name="testAES192Encrypted" classname="org.bouncycastle.mail.smime.test.NewSMIMEEnvelopedTest" time="0.003"/>
  <testcase name="testKDFAgreements" classname="org.bouncycastle.mail.smime.test.NewSMIMEEnvelopedTest" time="0.172"/>
  <testcase name="testSubKeyId" classname="org.bouncycastle.mail.smime.test.NewSMIMEEnvelopedTest" time="0.006"/>
  <testcase name="testCASTEncrypted" classname="org.bouncycastle.mail.smime.test.NewSMIMEEnvelopedTest" time="0.002"/>
  <testcase name="testAES256Encrypted" classname="org.bouncycastle.mail.smime.test.NewSMIMEEnvelopedTest" time="0.002"/>
  <testcase name="testCapEncrypt" classname="org.bouncycastle.mail.smime.test.NewSMIMEEnvelopedTest" time="0.002"/>
  <testcase name="testParserDESEDE3Encrypted" classname="org.bouncycastle.mail.smime.test.NewSMIMEEnvelopedTest" time="0.003"/>
  <testcase name="testTwoRecipients" classname="org.bouncycastle.mail.smime.test.NewSMIMEEnvelopedTest" time="0.005"/>
  <testcase name="testAES128Encrypted" classname="org.bouncycastle.mail.smime.test.NewSMIMEEnvelopedTest" time="0.003"/>
  <testcase name="testDotNetEncMailMatch" classname="org.bouncycastle.mail.smime.test.NewSMIMEEnvelopedTest" time="0.011"/>
  <testcase name="testHeaders" classname="org.bouncycastle.mail.smime.test.NewSMIMEEnvelopedTest" time="0.001"/>
  <testcase name="testRC2Encrypted" classname="org.bouncycastle.mail.smime.test.NewSMIMEEnvelopedTest" time="0.002"/>
  <testcase name="testAES128" classname="org.bouncycastle.mail.smime.test.NewSMIMEEnvelopedTest" time="0.002"/>
  <testcase name="testAES192" classname="org.bouncycastle.mail.smime.test.NewSMIMEEnvelopedTest" time="0.002"/>
  <testcase name="testAES256" classname="org.bouncycastle.mail.smime.test.NewSMIMEEnvelopedTest" time="0.001"/>
  <testcase name="testDESEDE3Encrypted" classname="org.bouncycastle.mail.smime.test.NewSMIMEEnvelopedTest" time="0.003"/>
  <testcase name="testIDEAEncrypted" classname="org.bouncycastle.mail.smime.test.NewSMIMEEnvelopedTest" time="0.003"/>
  <testcase name="testAES192Encrypted" classname="org.bouncycastle.mail.smime.test.NewSMIMEEnvelopedTest" time="0.002"/>
  <testcase name="testKDFAgreements" classname="org.bouncycastle.mail.smime.test.NewSMIMEEnvelopedTest" time="0.154"/>
  <system-out><![CDATA[]]></system-out>
  <system-err><![CDATA[]]></system-err>
</testsuite>
