<?xml version="1.0" encoding="UTF-8"?>
<testsuite name="com.distrimind.bouncycastle.mail.smime.test.SMIMEMiscTest" tests="5" skipped="0" failures="0" errors="0" timestamp="2021-05-27T13:46:24" hostname="Garage" time="0.012">
  <properties/>
  <testcase name="testBrokenEnvelope" classname="com.distrimind.bouncycastle.mail.smime.test.SMIMEMiscTest" time="0.0"/>
  <testcase name="testQuotePrintableSigPreservation" classname="com.distrimind.bouncycastle.mail.smime.test.SMIMEMiscTest" time="0.005"/>
  <testcase name="testSHA256WithRSAParserEncryptedWithAES" classname="com.distrimind.bouncycastle.mail.smime.test.SMIMEMiscTest" time="0.003"/>
  <testcase name="testSHA256WithRSACompressed" classname="com.distrimind.bouncycastle.mail.smime.test.SMIMEMiscTest" time="0.002"/>
  <testcase name="testSHA256WithRSAParserCompressed" classname="com.distrimind.bouncycastle.mail.smime.test.SMIMEMiscTest" time="0.002"/>
  <system-out><![CDATA[]]></system-out>
  <system-err><![CDATA[]]></system-err>
</testsuite>
