<?xml version="1.0" encoding="UTF-8"?>
<testsuite name="org.bouncycastle.mail.smime.test.SMIMEToolkitTest" tests="28" skipped="0" failures="0" errors="0" timestamp="2020-07-09T13:53:27" hostname="Garage" time="1.469">
  <properties/>
  <testcase name="testEncryptedMimeBodyPart" classname="org.bouncycastle.mail.smime.test.SMIMEToolkitTest" time="0.105"/>
  <testcase name="testSignedMessageVerificationMultipart" classname="org.bouncycastle.mail.smime.test.SMIMEToolkitTest" time="0.066"/>
  <testcase name="testEncryptedSignedMultipart" classname="org.bouncycastle.mail.smime.test.SMIMEToolkitTest" time="0.024"/>
  <testcase name="testEncryptedMimeBodyPartWithPKIXIdentity" classname="org.bouncycastle.mail.smime.test.SMIMEToolkitTest" time="0.018"/>
  <testcase name="testSignedMessageVerificationEncapsulatedWithPKIXIdentity" classname="org.bouncycastle.mail.smime.test.SMIMEToolkitTest" time="0.025"/>
  <testcase name="testEncryptedMessage" classname="org.bouncycastle.mail.smime.test.SMIMEToolkitTest" time="0.007"/>
  <testcase name="testSignedMessageGenerationEncapsulated" classname="org.bouncycastle.mail.smime.test.SMIMEToolkitTest" time="0.028"/>
  <testcase name="testCertificateExtractionMultipart" classname="org.bouncycastle.mail.smime.test.SMIMEToolkitTest" time="0.036"/>
  <testcase name="testCertificateExtractionEncapsulated" classname="org.bouncycastle.mail.smime.test.SMIMEToolkitTest" time="0.012"/>
  <testcase name="testEncryptedRecognition" classname="org.bouncycastle.mail.smime.test.SMIMEToolkitTest" time="0.004"/>
  <testcase name="testSignedMessageRecognitionEncapsulated" classname="org.bouncycastle.mail.smime.test.SMIMEToolkitTest" time="0.002"/>
  <testcase name="testSignedMessageGenerationMultipart" classname="org.bouncycastle.mail.smime.test.SMIMEToolkitTest" time="0.015"/>
  <testcase name="testSignedMessageVerificationEncapsulated" classname="org.bouncycastle.mail.smime.test.SMIMEToolkitTest" time="0.022"/>
  <testcase name="testSignedMessageRecognitionMultipart" classname="org.bouncycastle.mail.smime.test.SMIMEToolkitTest" time="0.002"/>
  <testcase name="testEncryptedMimeBodyPart" classname="org.bouncycastle.mail.smime.test.SMIMEToolkitTest" time="0.002"/>
  <testcase name="testSignedMessageVerificationMultipart" classname="org.bouncycastle.mail.smime.test.SMIMEToolkitTest" time="0.006"/>
  <testcase name="testEncryptedSignedMultipart" classname="org.bouncycastle.mail.smime.test.SMIMEToolkitTest" time="0.005"/>
  <testcase name="testEncryptedMimeBodyPartWithPKIXIdentity" classname="org.bouncycastle.mail.smime.test.SMIMEToolkitTest" time="0.005"/>
  <testcase name="testSignedMessageVerificationEncapsulatedWithPKIXIdentity" classname="org.bouncycastle.mail.smime.test.SMIMEToolkitTest" time="0.016"/>
  <testcase name="testEncryptedMessage" classname="org.bouncycastle.mail.smime.test.SMIMEToolkitTest" time="0.003"/>
  <testcase name="testSignedMessageGenerationEncapsulated" classname="org.bouncycastle.mail.smime.test.SMIMEToolkitTest" time="0.008"/>
  <testcase name="testCertificateExtractionMultipart" classname="org.bouncycastle.mail.smime.test.SMIMEToolkitTest" time="0.005"/>
  <testcase name="testCertificateExtractionEncapsulated" classname="org.bouncycastle.mail.smime.test.SMIMEToolkitTest" time="0.005"/>
  <testcase name="testEncryptedRecognition" classname="org.bouncycastle.mail.smime.test.SMIMEToolkitTest" time="0.001"/>
  <testcase name="testSignedMessageRecognitionEncapsulated" classname="org.bouncycastle.mail.smime.test.SMIMEToolkitTest" time="0.0"/>
  <testcase name="testSignedMessageGenerationMultipart" classname="org.bouncycastle.mail.smime.test.SMIMEToolkitTest" time="0.007"/>
  <testcase name="testSignedMessageVerificationEncapsulated" classname="org.bouncycastle.mail.smime.test.SMIMEToolkitTest" time="0.005"/>
  <testcase name="testSignedMessageRecognitionMultipart" classname="org.bouncycastle.mail.smime.test.SMIMEToolkitTest" time="0.0"/>
  <system-out><![CDATA[]]></system-out>
  <system-err><![CDATA[]]></system-err>
</testsuite>
