<?xml version="1.0" encoding="UTF-8"?>
<testsuite name="org.bouncycastle.mail.smime.test.SMIMECompressedTest" tests="8" skipped="0" failures="0" errors="0" timestamp="2020-07-09T13:53:29" hostname="Garage" time="0.306">
  <properties/>
  <testcase name="testBasic" classname="org.bouncycastle.mail.smime.test.SMIMECompressedTest" time="0.004"/>
  <testcase name="testCompressedSHA1WithRSA" classname="org.bouncycastle.mail.smime.test.SMIMECompressedTest" time="0.006"/>
  <testcase name="testHeaders" classname="org.bouncycastle.mail.smime.test.SMIMECompressedTest" time="0.0"/>
  <testcase name="testParser" classname="org.bouncycastle.mail.smime.test.SMIMECompressedTest" time="0.002"/>
  <testcase name="testBasic" classname="org.bouncycastle.mail.smime.test.SMIMECompressedTest" time="0.001"/>
  <testcase name="testCompressedSHA1WithRSA" classname="org.bouncycastle.mail.smime.test.SMIMECompressedTest" time="0.008"/>
  <testcase name="testHeaders" classname="org.bouncycastle.mail.smime.test.SMIMECompressedTest" time="0.0"/>
  <testcase name="testParser" classname="org.bouncycastle.mail.smime.test.SMIMECompressedTest" time="0.001"/>
  <system-out><![CDATA[]]></system-out>
  <system-err><![CDATA[]]></system-err>
</testsuite>
