<?xml version="1.0" encoding="UTF-8"?>
<testsuite name="com.distrimind.bouncycastle.mail.smime.test.SignedMailValidatorTest" tests="13" skipped="0" failures="0" errors="0" timestamp="2020-07-14T23:12:21" hostname="Garage" time="0.109">
  <properties/>
  <testcase name="testExpired" classname="com.distrimind.bouncycastle.mail.smime.test.SignedMailValidatorTest" time="0.038"/>
  <testcase name="testNotYetValid" classname="com.distrimind.bouncycastle.mail.smime.test.SignedMailValidatorTest" time="0.004"/>
  <testcase name="testCreateCertPath" classname="com.distrimind.bouncycastle.mail.smime.test.SignedMailValidatorTest" time="0.004"/>
  <testcase name="testCircular" classname="com.distrimind.bouncycastle.mail.smime.test.SignedMailValidatorTest" time="0.006"/>
  <testcase name="testExtendedReviewer" classname="com.distrimind.bouncycastle.mail.smime.test.SignedMailValidatorTest" time="0.004"/>
  <testcase name="testSelfSignedCert" classname="com.distrimind.bouncycastle.mail.smime.test.SignedMailValidatorTest" time="0.022"/>
  <testcase name="testShortKey" classname="com.distrimind.bouncycastle.mail.smime.test.SignedMailValidatorTest" time="0.003"/>
  <testcase name="testMultiEmail" classname="com.distrimind.bouncycastle.mail.smime.test.SignedMailValidatorTest" time="0.001"/>
  <testcase name="testRevoked" classname="com.distrimind.bouncycastle.mail.smime.test.SignedMailValidatorTest" time="0.014"/>
  <testcase name="testKeyUsage" classname="com.distrimind.bouncycastle.mail.smime.test.SignedMailValidatorTest" time="0.003"/>
  <testcase name="testLongValidity" classname="com.distrimind.bouncycastle.mail.smime.test.SignedMailValidatorTest" time="0.003"/>
  <testcase name="testNoEmail" classname="com.distrimind.bouncycastle.mail.smime.test.SignedMailValidatorTest" time="0.003"/>
  <testcase name="testExtKeyUsage" classname="com.distrimind.bouncycastle.mail.smime.test.SignedMailValidatorTest" time="0.003"/>
  <system-out><![CDATA[]]></system-out>
  <system-err><![CDATA[]]></system-err>
</testsuite>
