<?xml version="1.0" encoding="UTF-8"?>
<testsuite name="com.distrimind.bouncycastle.mail.smime.test.SMIMEToolkitTest" tests="28" skipped="0" failures="0" errors="0" timestamp="2021-05-27T13:46:23" hostname="Garage" time="0.695">
  <properties/>
  <testcase name="testEncryptedMimeBodyPart" classname="com.distrimind.bouncycastle.mail.smime.test.SMIMEToolkitTest" time="0.033"/>
  <testcase name="testSignedMessageVerificationMultipart" classname="com.distrimind.bouncycastle.mail.smime.test.SMIMEToolkitTest" time="0.032"/>
  <testcase name="testEncryptedSignedMultipart" classname="com.distrimind.bouncycastle.mail.smime.test.SMIMEToolkitTest" time="0.008"/>
  <testcase name="testEncryptedMimeBodyPartWithPKIXIdentity" classname="com.distrimind.bouncycastle.mail.smime.test.SMIMEToolkitTest" time="0.008"/>
  <testcase name="testSignedMessageVerificationEncapsulatedWithPKIXIdentity" classname="com.distrimind.bouncycastle.mail.smime.test.SMIMEToolkitTest" time="0.012"/>
  <testcase name="testEncryptedMessage" classname="com.distrimind.bouncycastle.mail.smime.test.SMIMEToolkitTest" time="0.003"/>
  <testcase name="testSignedMessageGenerationEncapsulated" classname="com.distrimind.bouncycastle.mail.smime.test.SMIMEToolkitTest" time="0.006"/>
  <testcase name="testCertificateExtractionMultipart" classname="com.distrimind.bouncycastle.mail.smime.test.SMIMEToolkitTest" time="0.004"/>
  <testcase name="testCertificateExtractionEncapsulated" classname="com.distrimind.bouncycastle.mail.smime.test.SMIMEToolkitTest" time="0.004"/>
  <testcase name="testEncryptedRecognition" classname="com.distrimind.bouncycastle.mail.smime.test.SMIMEToolkitTest" time="0.001"/>
  <testcase name="testSignedMessageRecognitionEncapsulated" classname="com.distrimind.bouncycastle.mail.smime.test.SMIMEToolkitTest" time="0.001"/>
  <testcase name="testSignedMessageGenerationMultipart" classname="com.distrimind.bouncycastle.mail.smime.test.SMIMEToolkitTest" time="0.005"/>
  <testcase name="testSignedMessageVerificationEncapsulated" classname="com.distrimind.bouncycastle.mail.smime.test.SMIMEToolkitTest" time="0.003"/>
  <testcase name="testSignedMessageRecognitionMultipart" classname="com.distrimind.bouncycastle.mail.smime.test.SMIMEToolkitTest" time="0.001"/>
  <testcase name="testEncryptedMimeBodyPart" classname="com.distrimind.bouncycastle.mail.smime.test.SMIMEToolkitTest" time="0.001"/>
  <testcase name="testSignedMessageVerificationMultipart" classname="com.distrimind.bouncycastle.mail.smime.test.SMIMEToolkitTest" time="0.002"/>
  <testcase name="testEncryptedSignedMultipart" classname="com.distrimind.bouncycastle.mail.smime.test.SMIMEToolkitTest" time="0.002"/>
  <testcase name="testEncryptedMimeBodyPartWithPKIXIdentity" classname="com.distrimind.bouncycastle.mail.smime.test.SMIMEToolkitTest" time="0.002"/>
  <testcase name="testSignedMessageVerificationEncapsulatedWithPKIXIdentity" classname="com.distrimind.bouncycastle.mail.smime.test.SMIMEToolkitTest" time="0.005"/>
  <testcase name="testEncryptedMessage" classname="com.distrimind.bouncycastle.mail.smime.test.SMIMEToolkitTest" time="0.001"/>
  <testcase name="testSignedMessageGenerationEncapsulated" classname="com.distrimind.bouncycastle.mail.smime.test.SMIMEToolkitTest" time="0.002"/>
  <testcase name="testCertificateExtractionMultipart" classname="com.distrimind.bouncycastle.mail.smime.test.SMIMEToolkitTest" time="0.003"/>
  <testcase name="testCertificateExtractionEncapsulated" classname="com.distrimind.bouncycastle.mail.smime.test.SMIMEToolkitTest" time="0.002"/>
  <testcase name="testEncryptedRecognition" classname="com.distrimind.bouncycastle.mail.smime.test.SMIMEToolkitTest" time="0.0"/>
  <testcase name="testSignedMessageRecognitionEncapsulated" classname="com.distrimind.bouncycastle.mail.smime.test.SMIMEToolkitTest" time="0.0"/>
  <testcase name="testSignedMessageGenerationMultipart" classname="com.distrimind.bouncycastle.mail.smime.test.SMIMEToolkitTest" time="0.003"/>
  <testcase name="testSignedMessageVerificationEncapsulated" classname="com.distrimind.bouncycastle.mail.smime.test.SMIMEToolkitTest" time="0.002"/>
  <testcase name="testSignedMessageRecognitionMultipart" classname="com.distrimind.bouncycastle.mail.smime.test.SMIMEToolkitTest" time="0.0"/>
  <system-out><![CDATA[]]></system-out>
  <system-err><![CDATA[]]></system-err>
</testsuite>
