<?xml version="1.0" encoding="UTF-8"?>
<testsuite name="org.bouncycastle.mail.smime.test.SignedMailValidatorTest" tests="13" skipped="0" failures="0" errors="0" timestamp="2019-05-14T11:39:27" hostname="Garage2" time="0.157">
  <properties/>
  <testcase name="testExpired" classname="org.bouncycastle.mail.smime.test.SignedMailValidatorTest" time="0.043"/>
  <testcase name="testNotYetValid" classname="org.bouncycastle.mail.smime.test.SignedMailValidatorTest" time="0.006"/>
  <testcase name="testCreateCertPath" classname="org.bouncycastle.mail.smime.test.SignedMailValidatorTest" time="0.006"/>
  <testcase name="testCircular" classname="org.bouncycastle.mail.smime.test.SignedMailValidatorTest" time="0.01"/>
  <testcase name="testExtendedReviewer" classname="org.bouncycastle.mail.smime.test.SignedMailValidatorTest" time="0.005"/>
  <testcase name="testSelfSignedCert" classname="org.bouncycastle.mail.smime.test.SignedMailValidatorTest" time="0.056"/>
  <testcase name="testShortKey" classname="org.bouncycastle.mail.smime.test.SignedMailValidatorTest" time="0.003"/>
  <testcase name="testMultiEmail" classname="org.bouncycastle.mail.smime.test.SignedMailValidatorTest" time="0.001"/>
  <testcase name="testRevoked" classname="org.bouncycastle.mail.smime.test.SignedMailValidatorTest" time="0.013"/>
  <testcase name="testKeyUsage" classname="org.bouncycastle.mail.smime.test.SignedMailValidatorTest" time="0.003"/>
  <testcase name="testLongValidity" classname="org.bouncycastle.mail.smime.test.SignedMailValidatorTest" time="0.004"/>
  <testcase name="testNoEmail" classname="org.bouncycastle.mail.smime.test.SignedMailValidatorTest" time="0.003"/>
  <testcase name="testExtKeyUsage" classname="org.bouncycastle.mail.smime.test.SignedMailValidatorTest" time="0.004"/>
  <system-out><![CDATA[]]></system-out>
  <system-err><![CDATA[]]></system-err>
</testsuite>
