<?xml version="1.0" encoding="UTF-8"?>
<testsuite name="com.distrimind.bouncycastle.mail.smime.test.NewSMIMESignedTest" tests="106" skipped="0" failures="0" errors="0" timestamp="2020-11-08T08:33:19" hostname="Garage" time="0.979">
  <properties/>
  <testcase name="testSHA512WithRSA" classname="com.distrimind.bouncycastle.mail.smime.test.NewSMIMESignedTest" time="0.007"/>
  <testcase name="testMultipartTextText" classname="com.distrimind.bouncycastle.mail.smime.test.NewSMIMESignedTest" time="0.005"/>
  <testcase name="testSHA1WithRSACanonicalization" classname="com.distrimind.bouncycastle.mail.smime.test.NewSMIMESignedTest" time="0.007"/>
  <testcase name="testSHA1WithRSAEncapsulatedParser" classname="com.distrimind.bouncycastle.mail.smime.test.NewSMIMESignedTest" time="0.007"/>
  <testcase name="testSHA256WithRSA" classname="com.distrimind.bouncycastle.mail.smime.test.NewSMIMESignedTest" time="0.005"/>
  <testcase name="testSHA1WithRSAPSS" classname="com.distrimind.bouncycastle.mail.smime.test.NewSMIMESignedTest" time="0.007"/>
  <testcase name="testSHA1WithRSA" classname="com.distrimind.bouncycastle.mail.smime.test.NewSMIMESignedTest" time="0.003"/>
  <testcase name="testSHA1WithRSAEncapsulated" classname="com.distrimind.bouncycastle.mail.smime.test.NewSMIMESignedTest" time="0.003"/>
  <testcase name="testWithAttributeCertificate" classname="com.distrimind.bouncycastle.mail.smime.test.NewSMIMESignedTest" time="0.007"/>
  <testcase name="testSHA1WithRSAEncapsulatedParserAndFile" classname="com.distrimind.bouncycastle.mail.smime.test.NewSMIMESignedTest" time="0.004"/>
  <testcase name="testMultiAlternative" classname="com.distrimind.bouncycastle.mail.smime.test.NewSMIMESignedTest" time="0.005"/>
  <testcase name="testSHA224WithRSAParserEncryptedWithDES" classname="com.distrimind.bouncycastle.mail.smime.test.NewSMIMESignedTest" time="0.006"/>
  <testcase name="testBasicAS2Parser" classname="com.distrimind.bouncycastle.mail.smime.test.NewSMIMESignedTest" time="0.002"/>
  <testcase name="testCertificateManagement" classname="com.distrimind.bouncycastle.mail.smime.test.NewSMIMESignedTest" time="0.001"/>
  <testcase name="testSHA256WithRSARfc3851" classname="com.distrimind.bouncycastle.mail.smime.test.NewSMIMESignedTest" time="0.003"/>
  <testcase name="testBasicAS2" classname="com.distrimind.bouncycastle.mail.smime.test.NewSMIMESignedTest" time="0.002"/>
  <testcase name="testRIPEMD160WithRSA" classname="com.distrimind.bouncycastle.mail.smime.test.NewSMIMESignedTest" time="0.007"/>
  <testcase name="testSHA512WithRSARfc3851" classname="com.distrimind.bouncycastle.mail.smime.test.NewSMIMESignedTest" time="0.004"/>
  <testcase name="testQuotableParser" classname="com.distrimind.bouncycastle.mail.smime.test.NewSMIMESignedTest" time="0.003"/>
  <testcase name="testMultiAlternativeParser" classname="com.distrimind.bouncycastle.mail.smime.test.NewSMIMESignedTest" time="0.003"/>
  <testcase name="testRawAS2Parser" classname="com.distrimind.bouncycastle.mail.smime.test.NewSMIMESignedTest" time="0.001"/>
  <testcase name="testMD5WithRSAAddSignersSHA1" classname="com.distrimind.bouncycastle.mail.smime.test.NewSMIMESignedTest" time="0.008"/>
  <testcase name="testGOST3411WithGOST3410" classname="com.distrimind.bouncycastle.mail.smime.test.NewSMIMESignedTest" time="0.01"/>
  <testcase name="testQuotable" classname="com.distrimind.bouncycastle.mail.smime.test.NewSMIMESignedTest" time="0.003"/>
  <testcase name="testMultipartTextBinary" classname="com.distrimind.bouncycastle.mail.smime.test.NewSMIMESignedTest" time="0.004"/>
  <testcase name="testSHA224WithRSAPSS" classname="com.distrimind.bouncycastle.mail.smime.test.NewSMIMESignedTest" time="0.005"/>
  <testcase name="testSHA384WithRSARfc3851" classname="com.distrimind.bouncycastle.mail.smime.test.NewSMIMESignedTest" time="0.005"/>
  <testcase name="testSHA224WithRSA" classname="com.distrimind.bouncycastle.mail.smime.test.NewSMIMESignedTest" time="0.004"/>
  <testcase name="testExtraNlInPostamble" classname="com.distrimind.bouncycastle.mail.smime.test.NewSMIMESignedTest" time="0.001"/>
  <testcase name="testSHA256WithRSABinary" classname="com.distrimind.bouncycastle.mail.smime.test.NewSMIMESignedTest" time="0.003"/>
  <testcase name="testEmbeddedMultiParser" classname="com.distrimind.bouncycastle.mail.smime.test.NewSMIMESignedTest" time="0.003"/>
  <testcase name="testDoubleNlCanonical" classname="com.distrimind.bouncycastle.mail.smime.test.NewSMIMESignedTest" time="0.003"/>
  <testcase name="testMimeMultipartBinaryParser" classname="com.distrimind.bouncycastle.mail.smime.test.NewSMIMESignedTest" time="0.004"/>
  <testcase name="testHeaders" classname="com.distrimind.bouncycastle.mail.smime.test.NewSMIMESignedTest" time="0.001"/>
  <testcase name="testMimeMultipartBinaryReader" classname="com.distrimind.bouncycastle.mail.smime.test.NewSMIMESignedTest" time="0.004"/>
  <testcase name="testSHA384WithRSAPSS" classname="com.distrimind.bouncycastle.mail.smime.test.NewSMIMESignedTest" time="0.004"/>
  <testcase name="testMimeMultipart" classname="com.distrimind.bouncycastle.mail.smime.test.NewSMIMESignedTest" time="0.004"/>
  <testcase name="testSHA1WithRSAAddSigners" classname="com.distrimind.bouncycastle.mail.smime.test.NewSMIMESignedTest" time="0.004"/>
  <testcase name="testEmbeddedMulti" classname="com.distrimind.bouncycastle.mail.smime.test.NewSMIMESignedTest" time="0.002"/>
  <testcase name="testSignAttachmentOnly" classname="com.distrimind.bouncycastle.mail.smime.test.NewSMIMESignedTest" time="0.016"/>
  <testcase name="testSHA256WithRSAPSS" classname="com.distrimind.bouncycastle.mail.smime.test.NewSMIMESignedTest" time="0.005"/>
  <testcase name="testHeadersEncapsulated" classname="com.distrimind.bouncycastle.mail.smime.test.NewSMIMESignedTest" time="0.0"/>
  <testcase name="testSHA1withDSA" classname="com.distrimind.bouncycastle.mail.smime.test.NewSMIMESignedTest" time="0.007"/>
  <testcase name="testSHA224WithRSAParser" classname="com.distrimind.bouncycastle.mail.smime.test.NewSMIMESignedTest" time="0.003"/>
  <testcase name="testPSSVariantSalt" classname="com.distrimind.bouncycastle.mail.smime.test.NewSMIMESignedTest" time="0.003"/>
  <testcase name="testSHA224WithRSARfc3851" classname="com.distrimind.bouncycastle.mail.smime.test.NewSMIMESignedTest" time="0.003"/>
  <testcase name="testGOST3411WithECGOST3410" classname="com.distrimind.bouncycastle.mail.smime.test.NewSMIMESignedTest" time="0.016"/>
  <testcase name="testMimeMultipartBinaryParserGetMimeContent" classname="com.distrimind.bouncycastle.mail.smime.test.NewSMIMESignedTest" time="0.005"/>
  <testcase name="testMD5WithRSA" classname="com.distrimind.bouncycastle.mail.smime.test.NewSMIMESignedTest" time="0.003"/>
  <testcase name="testMultipartBinaryText" classname="com.distrimind.bouncycastle.mail.smime.test.NewSMIMESignedTest" time="0.003"/>
  <testcase name="testSHA384WithRSA" classname="com.distrimind.bouncycastle.mail.smime.test.NewSMIMESignedTest" time="0.002"/>
  <testcase name="testSHA256WithRSABinaryWithParser" classname="com.distrimind.bouncycastle.mail.smime.test.NewSMIMESignedTest" time="0.003"/>
  <testcase name="testMultipartBinaryBinary" classname="com.distrimind.bouncycastle.mail.smime.test.NewSMIMESignedTest" time="0.003"/>
  <testcase name="testSHA512WithRSA" classname="com.distrimind.bouncycastle.mail.smime.test.NewSMIMESignedTest" time="0.008"/>
  <testcase name="testMultipartTextText" classname="com.distrimind.bouncycastle.mail.smime.test.NewSMIMESignedTest" time="0.003"/>
  <testcase name="testSHA1WithRSACanonicalization" classname="com.distrimind.bouncycastle.mail.smime.test.NewSMIMESignedTest" time="0.003"/>
  <testcase name="testSHA1WithRSAEncapsulatedParser" classname="com.distrimind.bouncycastle.mail.smime.test.NewSMIMESignedTest" time="0.003"/>
  <testcase name="testSHA256WithRSA" classname="com.distrimind.bouncycastle.mail.smime.test.NewSMIMESignedTest" time="0.002"/>
  <testcase name="testSHA1WithRSAPSS" classname="com.distrimind.bouncycastle.mail.smime.test.NewSMIMESignedTest" time="0.003"/>
  <testcase name="testSHA1WithRSA" classname="com.distrimind.bouncycastle.mail.smime.test.NewSMIMESignedTest" time="0.004"/>
  <testcase name="testSHA1WithRSAEncapsulated" classname="com.distrimind.bouncycastle.mail.smime.test.NewSMIMESignedTest" time="0.002"/>
  <testcase name="testWithAttributeCertificate" classname="com.distrimind.bouncycastle.mail.smime.test.NewSMIMESignedTest" time="0.003"/>
  <testcase name="testSHA1WithRSAEncapsulatedParserAndFile" classname="com.distrimind.bouncycastle.mail.smime.test.NewSMIMESignedTest" time="0.002"/>
  <testcase name="testMultiAlternative" classname="com.distrimind.bouncycastle.mail.smime.test.NewSMIMESignedTest" time="0.002"/>
  <testcase name="testSHA224WithRSAParserEncryptedWithDES" classname="com.distrimind.bouncycastle.mail.smime.test.NewSMIMESignedTest" time="0.003"/>
  <testcase name="testBasicAS2Parser" classname="com.distrimind.bouncycastle.mail.smime.test.NewSMIMESignedTest" time="0.002"/>
  <testcase name="testCertificateManagement" classname="com.distrimind.bouncycastle.mail.smime.test.NewSMIMESignedTest" time="0.001"/>
  <testcase name="testSHA256WithRSARfc3851" classname="com.distrimind.bouncycastle.mail.smime.test.NewSMIMESignedTest" time="0.003"/>
  <testcase name="testBasicAS2" classname="com.distrimind.bouncycastle.mail.smime.test.NewSMIMESignedTest" time="0.001"/>
  <testcase name="testRIPEMD160WithRSA" classname="com.distrimind.bouncycastle.mail.smime.test.NewSMIMESignedTest" time="0.003"/>
  <testcase name="testSHA512WithRSARfc3851" classname="com.distrimind.bouncycastle.mail.smime.test.NewSMIMESignedTest" time="0.003"/>
  <testcase name="testQuotableParser" classname="com.distrimind.bouncycastle.mail.smime.test.NewSMIMESignedTest" time="0.002"/>
  <testcase name="testMultiAlternativeParser" classname="com.distrimind.bouncycastle.mail.smime.test.NewSMIMESignedTest" time="0.003"/>
  <testcase name="testRawAS2Parser" classname="com.distrimind.bouncycastle.mail.smime.test.NewSMIMESignedTest" time="0.002"/>
  <testcase name="testMD5WithRSAAddSignersSHA1" classname="com.distrimind.bouncycastle.mail.smime.test.NewSMIMESignedTest" time="0.004"/>
  <testcase name="testGOST3411WithGOST3410" classname="com.distrimind.bouncycastle.mail.smime.test.NewSMIMESignedTest" time="0.004"/>
  <testcase name="testQuotable" classname="com.distrimind.bouncycastle.mail.smime.test.NewSMIMESignedTest" time="0.001"/>
  <testcase name="testMultipartTextBinary" classname="com.distrimind.bouncycastle.mail.smime.test.NewSMIMESignedTest" time="0.002"/>
  <testcase name="testSHA224WithRSAPSS" classname="com.distrimind.bouncycastle.mail.smime.test.NewSMIMESignedTest" time="0.004"/>
  <testcase name="testSHA384WithRSARfc3851" classname="com.distrimind.bouncycastle.mail.smime.test.NewSMIMESignedTest" time="0.002"/>
  <testcase name="testSHA224WithRSA" classname="com.distrimind.bouncycastle.mail.smime.test.NewSMIMESignedTest" time="0.002"/>
  <testcase name="testExtraNlInPostamble" classname="com.distrimind.bouncycastle.mail.smime.test.NewSMIMESignedTest" time="0.002"/>
  <testcase name="testSHA256WithRSABinary" classname="com.distrimind.bouncycastle.mail.smime.test.NewSMIMESignedTest" time="0.002"/>
  <testcase name="testEmbeddedMultiParser" classname="com.distrimind.bouncycastle.mail.smime.test.NewSMIMESignedTest" time="0.002"/>
  <testcase name="testDoubleNlCanonical" classname="com.distrimind.bouncycastle.mail.smime.test.NewSMIMESignedTest" time="0.003"/>
  <testcase name="testMimeMultipartBinaryParser" classname="com.distrimind.bouncycastle.mail.smime.test.NewSMIMESignedTest" time="0.003"/>
  <testcase name="testHeaders" classname="com.distrimind.bouncycastle.mail.smime.test.NewSMIMESignedTest" time="0.0"/>
  <testcase name="testMimeMultipartBinaryReader" classname="com.distrimind.bouncycastle.mail.smime.test.NewSMIMESignedTest" time="0.003"/>
  <testcase name="testSHA384WithRSAPSS" classname="com.distrimind.bouncycastle.mail.smime.test.NewSMIMESignedTest" time="0.003"/>
  <testcase name="testMimeMultipart" classname="com.distrimind.bouncycastle.mail.smime.test.NewSMIMESignedTest" time="0.003"/>
  <testcase name="testSHA1WithRSAAddSigners" classname="com.distrimind.bouncycastle.mail.smime.test.NewSMIMESignedTest" time="0.003"/>
  <testcase name="testEmbeddedMulti" classname="com.distrimind.bouncycastle.mail.smime.test.NewSMIMESignedTest" time="0.001"/>
  <testcase name="testSignAttachmentOnly" classname="com.distrimind.bouncycastle.mail.smime.test.NewSMIMESignedTest" time="0.006"/>
  <testcase name="testSHA256WithRSAPSS" classname="com.distrimind.bouncycastle.mail.smime.test.NewSMIMESignedTest" time="0.003"/>
  <testcase name="testHeadersEncapsulated" classname="com.distrimind.bouncycastle.mail.smime.test.NewSMIMESignedTest" time="0.0"/>
  <testcase name="testSHA1withDSA" classname="com.distrimind.bouncycastle.mail.smime.test.NewSMIMESignedTest" time="0.004"/>
  <testcase name="testSHA224WithRSAParser" classname="com.distrimind.bouncycastle.mail.smime.test.NewSMIMESignedTest" time="0.002"/>
  <testcase name="testPSSVariantSalt" classname="com.distrimind.bouncycastle.mail.smime.test.NewSMIMESignedTest" time="0.001"/>
  <testcase name="testSHA224WithRSARfc3851" classname="com.distrimind.bouncycastle.mail.smime.test.NewSMIMESignedTest" time="0.002"/>
  <testcase name="testGOST3411WithECGOST3410" classname="com.distrimind.bouncycastle.mail.smime.test.NewSMIMESignedTest" time="0.007"/>
  <testcase name="testMimeMultipartBinaryParserGetMimeContent" classname="com.distrimind.bouncycastle.mail.smime.test.NewSMIMESignedTest" time="0.004"/>
  <testcase name="testMD5WithRSA" classname="com.distrimind.bouncycastle.mail.smime.test.NewSMIMESignedTest" time="0.002"/>
  <testcase name="testMultipartBinaryText" classname="com.distrimind.bouncycastle.mail.smime.test.NewSMIMESignedTest" time="0.002"/>
  <testcase name="testSHA384WithRSA" classname="com.distrimind.bouncycastle.mail.smime.test.NewSMIMESignedTest" time="0.002"/>
  <testcase name="testSHA256WithRSABinaryWithParser" classname="com.distrimind.bouncycastle.mail.smime.test.NewSMIMESignedTest" time="0.002"/>
  <testcase name="testMultipartBinaryBinary" classname="com.distrimind.bouncycastle.mail.smime.test.NewSMIMESignedTest" time="0.002"/>
  <system-out><![CDATA[]]></system-out>
  <system-err><![CDATA[]]></system-err>
</testsuite>
