<?xml version="1.0" encoding="UTF-8"?>
<testsuite name="org.bouncycastle.mail.smime.test.SMIMEToolkitTest" tests="28" skipped="0" failures="0" errors="0" timestamp="2020-02-14T17:19:59" hostname="Garage" time="1.249">
  <properties/>
  <testcase name="testEncryptedMimeBodyPart" classname="org.bouncycastle.mail.smime.test.SMIMEToolkitTest" time="0.064"/>
  <testcase name="testSignedMessageVerificationMultipart" classname="org.bouncycastle.mail.smime.test.SMIMEToolkitTest" time="0.052"/>
  <testcase name="testEncryptedSignedMultipart" classname="org.bouncycastle.mail.smime.test.SMIMEToolkitTest" time="0.02"/>
  <testcase name="testEncryptedMimeBodyPartWithPKIXIdentity" classname="org.bouncycastle.mail.smime.test.SMIMEToolkitTest" time="0.013"/>
  <testcase name="testSignedMessageVerificationEncapsulatedWithPKIXIdentity" classname="org.bouncycastle.mail.smime.test.SMIMEToolkitTest" time="0.027"/>
  <testcase name="testEncryptedMessage" classname="org.bouncycastle.mail.smime.test.SMIMEToolkitTest" time="0.005"/>
  <testcase name="testSignedMessageGenerationEncapsulated" classname="org.bouncycastle.mail.smime.test.SMIMEToolkitTest" time="0.019"/>
  <testcase name="testCertificateExtractionMultipart" classname="org.bouncycastle.mail.smime.test.SMIMEToolkitTest" time="0.013"/>
  <testcase name="testCertificateExtractionEncapsulated" classname="org.bouncycastle.mail.smime.test.SMIMEToolkitTest" time="0.017"/>
  <testcase name="testEncryptedRecognition" classname="org.bouncycastle.mail.smime.test.SMIMEToolkitTest" time="0.012"/>
  <testcase name="testSignedMessageRecognitionEncapsulated" classname="org.bouncycastle.mail.smime.test.SMIMEToolkitTest" time="0.002"/>
  <testcase name="testSignedMessageGenerationMultipart" classname="org.bouncycastle.mail.smime.test.SMIMEToolkitTest" time="0.014"/>
  <testcase name="testSignedMessageVerificationEncapsulated" classname="org.bouncycastle.mail.smime.test.SMIMEToolkitTest" time="0.009"/>
  <testcase name="testSignedMessageRecognitionMultipart" classname="org.bouncycastle.mail.smime.test.SMIMEToolkitTest" time="0.001"/>
  <testcase name="testEncryptedMimeBodyPart" classname="org.bouncycastle.mail.smime.test.SMIMEToolkitTest" time="0.002"/>
  <testcase name="testSignedMessageVerificationMultipart" classname="org.bouncycastle.mail.smime.test.SMIMEToolkitTest" time="0.004"/>
  <testcase name="testEncryptedSignedMultipart" classname="org.bouncycastle.mail.smime.test.SMIMEToolkitTest" time="0.005"/>
  <testcase name="testEncryptedMimeBodyPartWithPKIXIdentity" classname="org.bouncycastle.mail.smime.test.SMIMEToolkitTest" time="0.007"/>
  <testcase name="testSignedMessageVerificationEncapsulatedWithPKIXIdentity" classname="org.bouncycastle.mail.smime.test.SMIMEToolkitTest" time="0.017"/>
  <testcase name="testEncryptedMessage" classname="org.bouncycastle.mail.smime.test.SMIMEToolkitTest" time="0.003"/>
  <testcase name="testSignedMessageGenerationEncapsulated" classname="org.bouncycastle.mail.smime.test.SMIMEToolkitTest" time="0.01"/>
  <testcase name="testCertificateExtractionMultipart" classname="org.bouncycastle.mail.smime.test.SMIMEToolkitTest" time="0.005"/>
  <testcase name="testCertificateExtractionEncapsulated" classname="org.bouncycastle.mail.smime.test.SMIMEToolkitTest" time="0.005"/>
  <testcase name="testEncryptedRecognition" classname="org.bouncycastle.mail.smime.test.SMIMEToolkitTest" time="0.001"/>
  <testcase name="testSignedMessageRecognitionEncapsulated" classname="org.bouncycastle.mail.smime.test.SMIMEToolkitTest" time="0.001"/>
  <testcase name="testSignedMessageGenerationMultipart" classname="org.bouncycastle.mail.smime.test.SMIMEToolkitTest" time="0.007"/>
  <testcase name="testSignedMessageVerificationEncapsulated" classname="org.bouncycastle.mail.smime.test.SMIMEToolkitTest" time="0.005"/>
  <testcase name="testSignedMessageRecognitionMultipart" classname="org.bouncycastle.mail.smime.test.SMIMEToolkitTest" time="0.0"/>
  <system-out><![CDATA[]]></system-out>
  <system-err><![CDATA[]]></system-err>
</testsuite>
