<?xml version="1.0" encoding="UTF-8"?>
<testsuite name="com.distrimind.bouncycastle.mail.smime.test.SMIMEMiscTest" tests="5" skipped="0" failures="0" errors="0" timestamp="2020-07-14T23:12:21" hostname="Garage" time="0.029">
  <properties/>
  <testcase name="testBrokenEnvelope" classname="com.distrimind.bouncycastle.mail.smime.test.SMIMEMiscTest" time="0.0"/>
  <testcase name="testQuotePrintableSigPreservation" classname="com.distrimind.bouncycastle.mail.smime.test.SMIMEMiscTest" time="0.01"/>
  <testcase name="testSHA256WithRSAParserEncryptedWithAES" classname="com.distrimind.bouncycastle.mail.smime.test.SMIMEMiscTest" time="0.008"/>
  <testcase name="testSHA256WithRSACompressed" classname="com.distrimind.bouncycastle.mail.smime.test.SMIMEMiscTest" time="0.006"/>
  <testcase name="testSHA256WithRSAParserCompressed" classname="com.distrimind.bouncycastle.mail.smime.test.SMIMEMiscTest" time="0.005"/>
  <system-out><![CDATA[]]></system-out>
  <system-err><![CDATA[]]></system-err>
</testsuite>
