<?xml version="1.0" encoding="UTF-8"?>
<testsuite name="org.bouncycastle.mail.smime.test.NewSMIMESignedTest" tests="106" skipped="0" failures="0" errors="0" timestamp="2019-05-14T11:39:26" hostname="Garage2" time="1.252">
  <properties/>
  <testcase name="testSHA512WithRSA" classname="org.bouncycastle.mail.smime.test.NewSMIMESignedTest" time="0.009"/>
  <testcase name="testMultipartTextText" classname="org.bouncycastle.mail.smime.test.NewSMIMESignedTest" time="0.008"/>
  <testcase name="testSHA1WithRSACanonicalization" classname="org.bouncycastle.mail.smime.test.NewSMIMESignedTest" time="0.009"/>
  <testcase name="testSHA1WithRSAEncapsulatedParser" classname="org.bouncycastle.mail.smime.test.NewSMIMESignedTest" time="0.007"/>
  <testcase name="testSHA256WithRSA" classname="org.bouncycastle.mail.smime.test.NewSMIMESignedTest" time="0.006"/>
  <testcase name="testSHA1WithRSAPSS" classname="org.bouncycastle.mail.smime.test.NewSMIMESignedTest" time="0.008"/>
  <testcase name="testSHA1WithRSA" classname="org.bouncycastle.mail.smime.test.NewSMIMESignedTest" time="0.005"/>
  <testcase name="testSHA1WithRSAEncapsulated" classname="org.bouncycastle.mail.smime.test.NewSMIMESignedTest" time="0.006"/>
  <testcase name="testWithAttributeCertificate" classname="org.bouncycastle.mail.smime.test.NewSMIMESignedTest" time="0.009"/>
  <testcase name="testSHA1WithRSAEncapsulatedParserAndFile" classname="org.bouncycastle.mail.smime.test.NewSMIMESignedTest" time="0.006"/>
  <testcase name="testMultiAlternative" classname="org.bouncycastle.mail.smime.test.NewSMIMESignedTest" time="0.005"/>
  <testcase name="testSHA224WithRSAParserEncryptedWithDES" classname="org.bouncycastle.mail.smime.test.NewSMIMESignedTest" time="0.01"/>
  <testcase name="testBasicAS2Parser" classname="org.bouncycastle.mail.smime.test.NewSMIMESignedTest" time="0.003"/>
  <testcase name="testCertificateManagement" classname="org.bouncycastle.mail.smime.test.NewSMIMESignedTest" time="0.002"/>
  <testcase name="testSHA256WithRSARfc3851" classname="org.bouncycastle.mail.smime.test.NewSMIMESignedTest" time="0.007"/>
  <testcase name="testBasicAS2" classname="org.bouncycastle.mail.smime.test.NewSMIMESignedTest" time="0.002"/>
  <testcase name="testRIPEMD160WithRSA" classname="org.bouncycastle.mail.smime.test.NewSMIMESignedTest" time="0.006"/>
  <testcase name="testSHA512WithRSARfc3851" classname="org.bouncycastle.mail.smime.test.NewSMIMESignedTest" time="0.007"/>
  <testcase name="testQuotableParser" classname="org.bouncycastle.mail.smime.test.NewSMIMESignedTest" time="0.003"/>
  <testcase name="testMultiAlternativeParser" classname="org.bouncycastle.mail.smime.test.NewSMIMESignedTest" time="0.003"/>
  <testcase name="testRawAS2Parser" classname="org.bouncycastle.mail.smime.test.NewSMIMESignedTest" time="0.002"/>
  <testcase name="testMD5WithRSAAddSignersSHA1" classname="org.bouncycastle.mail.smime.test.NewSMIMESignedTest" time="0.01"/>
  <testcase name="testGOST3411WithGOST3410" classname="org.bouncycastle.mail.smime.test.NewSMIMESignedTest" time="0.01"/>
  <testcase name="testQuotable" classname="org.bouncycastle.mail.smime.test.NewSMIMESignedTest" time="0.002"/>
  <testcase name="testMultipartTextBinary" classname="org.bouncycastle.mail.smime.test.NewSMIMESignedTest" time="0.005"/>
  <testcase name="testSHA224WithRSAPSS" classname="org.bouncycastle.mail.smime.test.NewSMIMESignedTest" time="0.007"/>
  <testcase name="testSHA384WithRSARfc3851" classname="org.bouncycastle.mail.smime.test.NewSMIMESignedTest" time="0.007"/>
  <testcase name="testSHA224WithRSA" classname="org.bouncycastle.mail.smime.test.NewSMIMESignedTest" time="0.005"/>
  <testcase name="testExtraNlInPostamble" classname="org.bouncycastle.mail.smime.test.NewSMIMESignedTest" time="0.003"/>
  <testcase name="testSHA256WithRSABinary" classname="org.bouncycastle.mail.smime.test.NewSMIMESignedTest" time="0.006"/>
  <testcase name="testEmbeddedMultiParser" classname="org.bouncycastle.mail.smime.test.NewSMIMESignedTest" time="0.004"/>
  <testcase name="testDoubleNlCanonical" classname="org.bouncycastle.mail.smime.test.NewSMIMESignedTest" time="0.005"/>
  <testcase name="testMimeMultipartBinaryParser" classname="org.bouncycastle.mail.smime.test.NewSMIMESignedTest" time="0.006"/>
  <testcase name="testHeaders" classname="org.bouncycastle.mail.smime.test.NewSMIMESignedTest" time="0.001"/>
  <testcase name="testMimeMultipartBinaryReader" classname="org.bouncycastle.mail.smime.test.NewSMIMESignedTest" time="0.005"/>
  <testcase name="testSHA384WithRSAPSS" classname="org.bouncycastle.mail.smime.test.NewSMIMESignedTest" time="0.006"/>
  <testcase name="testMimeMultipart" classname="org.bouncycastle.mail.smime.test.NewSMIMESignedTest" time="0.004"/>
  <testcase name="testSHA1WithRSAAddSigners" classname="org.bouncycastle.mail.smime.test.NewSMIMESignedTest" time="0.006"/>
  <testcase name="testEmbeddedMulti" classname="org.bouncycastle.mail.smime.test.NewSMIMESignedTest" time="0.002"/>
  <testcase name="testSignAttachmentOnly" classname="org.bouncycastle.mail.smime.test.NewSMIMESignedTest" time="0.022"/>
  <testcase name="testSHA256WithRSAPSS" classname="org.bouncycastle.mail.smime.test.NewSMIMESignedTest" time="0.006"/>
  <testcase name="testHeadersEncapsulated" classname="org.bouncycastle.mail.smime.test.NewSMIMESignedTest" time="0.0"/>
  <testcase name="testSHA1withDSA" classname="org.bouncycastle.mail.smime.test.NewSMIMESignedTest" time="0.009"/>
  <testcase name="testSHA224WithRSAParser" classname="org.bouncycastle.mail.smime.test.NewSMIMESignedTest" time="0.004"/>
  <testcase name="testPSSVariantSalt" classname="org.bouncycastle.mail.smime.test.NewSMIMESignedTest" time="0.003"/>
  <testcase name="testSHA224WithRSARfc3851" classname="org.bouncycastle.mail.smime.test.NewSMIMESignedTest" time="0.005"/>
  <testcase name="testGOST3411WithECGOST3410" classname="org.bouncycastle.mail.smime.test.NewSMIMESignedTest" time="0.014"/>
  <testcase name="testMimeMultipartBinaryParserGetMimeContent" classname="org.bouncycastle.mail.smime.test.NewSMIMESignedTest" time="0.007"/>
  <testcase name="testMD5WithRSA" classname="org.bouncycastle.mail.smime.test.NewSMIMESignedTest" time="0.004"/>
  <testcase name="testMultipartBinaryText" classname="org.bouncycastle.mail.smime.test.NewSMIMESignedTest" time="0.003"/>
  <testcase name="testSHA384WithRSA" classname="org.bouncycastle.mail.smime.test.NewSMIMESignedTest" time="0.004"/>
  <testcase name="testSHA256WithRSABinaryWithParser" classname="org.bouncycastle.mail.smime.test.NewSMIMESignedTest" time="0.004"/>
  <testcase name="testMultipartBinaryBinary" classname="org.bouncycastle.mail.smime.test.NewSMIMESignedTest" time="0.004"/>
  <testcase name="testSHA512WithRSA" classname="org.bouncycastle.mail.smime.test.NewSMIMESignedTest" time="0.007"/>
  <testcase name="testMultipartTextText" classname="org.bouncycastle.mail.smime.test.NewSMIMESignedTest" time="0.003"/>
  <testcase name="testSHA1WithRSACanonicalization" classname="org.bouncycastle.mail.smime.test.NewSMIMESignedTest" time="0.004"/>
  <testcase name="testSHA1WithRSAEncapsulatedParser" classname="org.bouncycastle.mail.smime.test.NewSMIMESignedTest" time="0.004"/>
  <testcase name="testSHA256WithRSA" classname="org.bouncycastle.mail.smime.test.NewSMIMESignedTest" time="0.004"/>
  <testcase name="testSHA1WithRSAPSS" classname="org.bouncycastle.mail.smime.test.NewSMIMESignedTest" time="0.003"/>
  <testcase name="testSHA1WithRSA" classname="org.bouncycastle.mail.smime.test.NewSMIMESignedTest" time="0.003"/>
  <testcase name="testSHA1WithRSAEncapsulated" classname="org.bouncycastle.mail.smime.test.NewSMIMESignedTest" time="0.003"/>
  <testcase name="testWithAttributeCertificate" classname="org.bouncycastle.mail.smime.test.NewSMIMESignedTest" time="0.003"/>
  <testcase name="testSHA1WithRSAEncapsulatedParserAndFile" classname="org.bouncycastle.mail.smime.test.NewSMIMESignedTest" time="0.004"/>
  <testcase name="testMultiAlternative" classname="org.bouncycastle.mail.smime.test.NewSMIMESignedTest" time="0.002"/>
  <testcase name="testSHA224WithRSAParserEncryptedWithDES" classname="org.bouncycastle.mail.smime.test.NewSMIMESignedTest" time="0.003"/>
  <testcase name="testBasicAS2Parser" classname="org.bouncycastle.mail.smime.test.NewSMIMESignedTest" time="0.002"/>
  <testcase name="testCertificateManagement" classname="org.bouncycastle.mail.smime.test.NewSMIMESignedTest" time="0.001"/>
  <testcase name="testSHA256WithRSARfc3851" classname="org.bouncycastle.mail.smime.test.NewSMIMESignedTest" time="0.003"/>
  <testcase name="testBasicAS2" classname="org.bouncycastle.mail.smime.test.NewSMIMESignedTest" time="0.002"/>
  <testcase name="testRIPEMD160WithRSA" classname="org.bouncycastle.mail.smime.test.NewSMIMESignedTest" time="0.004"/>
  <testcase name="testSHA512WithRSARfc3851" classname="org.bouncycastle.mail.smime.test.NewSMIMESignedTest" time="0.003"/>
  <testcase name="testQuotableParser" classname="org.bouncycastle.mail.smime.test.NewSMIMESignedTest" time="0.001"/>
  <testcase name="testMultiAlternativeParser" classname="org.bouncycastle.mail.smime.test.NewSMIMESignedTest" time="0.003"/>
  <testcase name="testRawAS2Parser" classname="org.bouncycastle.mail.smime.test.NewSMIMESignedTest" time="0.002"/>
  <testcase name="testMD5WithRSAAddSignersSHA1" classname="org.bouncycastle.mail.smime.test.NewSMIMESignedTest" time="0.006"/>
  <testcase name="testGOST3411WithGOST3410" classname="org.bouncycastle.mail.smime.test.NewSMIMESignedTest" time="0.004"/>
  <testcase name="testQuotable" classname="org.bouncycastle.mail.smime.test.NewSMIMESignedTest" time="0.001"/>
  <testcase name="testMultipartTextBinary" classname="org.bouncycastle.mail.smime.test.NewSMIMESignedTest" time="0.004"/>
  <testcase name="testSHA224WithRSAPSS" classname="org.bouncycastle.mail.smime.test.NewSMIMESignedTest" time="0.004"/>
  <testcase name="testSHA384WithRSARfc3851" classname="org.bouncycastle.mail.smime.test.NewSMIMESignedTest" time="0.003"/>
  <testcase name="testSHA224WithRSA" classname="org.bouncycastle.mail.smime.test.NewSMIMESignedTest" time="0.003"/>
  <testcase name="testExtraNlInPostamble" classname="org.bouncycastle.mail.smime.test.NewSMIMESignedTest" time="0.001"/>
  <testcase name="testSHA256WithRSABinary" classname="org.bouncycastle.mail.smime.test.NewSMIMESignedTest" time="0.003"/>
  <testcase name="testEmbeddedMultiParser" classname="org.bouncycastle.mail.smime.test.NewSMIMESignedTest" time="0.003"/>
  <testcase name="testDoubleNlCanonical" classname="org.bouncycastle.mail.smime.test.NewSMIMESignedTest" time="0.002"/>
  <testcase name="testMimeMultipartBinaryParser" classname="org.bouncycastle.mail.smime.test.NewSMIMESignedTest" time="0.003"/>
  <testcase name="testHeaders" classname="org.bouncycastle.mail.smime.test.NewSMIMESignedTest" time="0.001"/>
  <testcase name="testMimeMultipartBinaryReader" classname="org.bouncycastle.mail.smime.test.NewSMIMESignedTest" time="0.002"/>
  <testcase name="testSHA384WithRSAPSS" classname="org.bouncycastle.mail.smime.test.NewSMIMESignedTest" time="0.004"/>
  <testcase name="testMimeMultipart" classname="org.bouncycastle.mail.smime.test.NewSMIMESignedTest" time="0.004"/>
  <testcase name="testSHA1WithRSAAddSigners" classname="org.bouncycastle.mail.smime.test.NewSMIMESignedTest" time="0.005"/>
  <testcase name="testEmbeddedMulti" classname="org.bouncycastle.mail.smime.test.NewSMIMESignedTest" time="0.002"/>
  <testcase name="testSignAttachmentOnly" classname="org.bouncycastle.mail.smime.test.NewSMIMESignedTest" time="0.015"/>
  <testcase name="testSHA256WithRSAPSS" classname="org.bouncycastle.mail.smime.test.NewSMIMESignedTest" time="0.004"/>
  <testcase name="testHeadersEncapsulated" classname="org.bouncycastle.mail.smime.test.NewSMIMESignedTest" time="0.0"/>
  <testcase name="testSHA1withDSA" classname="org.bouncycastle.mail.smime.test.NewSMIMESignedTest" time="0.004"/>
  <testcase name="testSHA224WithRSAParser" classname="org.bouncycastle.mail.smime.test.NewSMIMESignedTest" time="0.004"/>
  <testcase name="testPSSVariantSalt" classname="org.bouncycastle.mail.smime.test.NewSMIMESignedTest" time="0.002"/>
  <testcase name="testSHA224WithRSARfc3851" classname="org.bouncycastle.mail.smime.test.NewSMIMESignedTest" time="0.003"/>
  <testcase name="testGOST3411WithECGOST3410" classname="org.bouncycastle.mail.smime.test.NewSMIMESignedTest" time="0.007"/>
  <testcase name="testMimeMultipartBinaryParserGetMimeContent" classname="org.bouncycastle.mail.smime.test.NewSMIMESignedTest" time="0.004"/>
  <testcase name="testMD5WithRSA" classname="org.bouncycastle.mail.smime.test.NewSMIMESignedTest" time="0.003"/>
  <testcase name="testMultipartBinaryText" classname="org.bouncycastle.mail.smime.test.NewSMIMESignedTest" time="0.003"/>
  <testcase name="testSHA384WithRSA" classname="org.bouncycastle.mail.smime.test.NewSMIMESignedTest" time="0.003"/>
  <testcase name="testSHA256WithRSABinaryWithParser" classname="org.bouncycastle.mail.smime.test.NewSMIMESignedTest" time="0.003"/>
  <testcase name="testMultipartBinaryBinary" classname="org.bouncycastle.mail.smime.test.NewSMIMESignedTest" time="0.003"/>
  <system-out><![CDATA[]]></system-out>
  <system-err><![CDATA[]]></system-err>
</testsuite>
