<?xml version="1.0" encoding="UTF-8"?>
<testsuite name="org.bouncycastle.mail.smime.test.SMIMEToolkitTest" tests="28" skipped="0" failures="0" errors="0" timestamp="2020-06-02T09:04:53" hostname="Garage" time="1.253">
  <properties/>
  <testcase name="testEncryptedMimeBodyPart" classname="org.bouncycastle.mail.smime.test.SMIMEToolkitTest" time="0.065"/>
  <testcase name="testSignedMessageVerificationMultipart" classname="org.bouncycastle.mail.smime.test.SMIMEToolkitTest" time="0.039"/>
  <testcase name="testEncryptedSignedMultipart" classname="org.bouncycastle.mail.smime.test.SMIMEToolkitTest" time="0.019"/>
  <testcase name="testEncryptedMimeBodyPartWithPKIXIdentity" classname="org.bouncycastle.mail.smime.test.SMIMEToolkitTest" time="0.013"/>
  <testcase name="testSignedMessageVerificationEncapsulatedWithPKIXIdentity" classname="org.bouncycastle.mail.smime.test.SMIMEToolkitTest" time="0.029"/>
  <testcase name="testEncryptedMessage" classname="org.bouncycastle.mail.smime.test.SMIMEToolkitTest" time="0.006"/>
  <testcase name="testSignedMessageGenerationEncapsulated" classname="org.bouncycastle.mail.smime.test.SMIMEToolkitTest" time="0.032"/>
  <testcase name="testCertificateExtractionMultipart" classname="org.bouncycastle.mail.smime.test.SMIMEToolkitTest" time="0.012"/>
  <testcase name="testCertificateExtractionEncapsulated" classname="org.bouncycastle.mail.smime.test.SMIMEToolkitTest" time="0.009"/>
  <testcase name="testEncryptedRecognition" classname="org.bouncycastle.mail.smime.test.SMIMEToolkitTest" time="0.003"/>
  <testcase name="testSignedMessageRecognitionEncapsulated" classname="org.bouncycastle.mail.smime.test.SMIMEToolkitTest" time="0.001"/>
  <testcase name="testSignedMessageGenerationMultipart" classname="org.bouncycastle.mail.smime.test.SMIMEToolkitTest" time="0.013"/>
  <testcase name="testSignedMessageVerificationEncapsulated" classname="org.bouncycastle.mail.smime.test.SMIMEToolkitTest" time="0.008"/>
  <testcase name="testSignedMessageRecognitionMultipart" classname="org.bouncycastle.mail.smime.test.SMIMEToolkitTest" time="0.001"/>
  <testcase name="testEncryptedMimeBodyPart" classname="org.bouncycastle.mail.smime.test.SMIMEToolkitTest" time="0.002"/>
  <testcase name="testSignedMessageVerificationMultipart" classname="org.bouncycastle.mail.smime.test.SMIMEToolkitTest" time="0.004"/>
  <testcase name="testEncryptedSignedMultipart" classname="org.bouncycastle.mail.smime.test.SMIMEToolkitTest" time="0.005"/>
  <testcase name="testEncryptedMimeBodyPartWithPKIXIdentity" classname="org.bouncycastle.mail.smime.test.SMIMEToolkitTest" time="0.004"/>
  <testcase name="testSignedMessageVerificationEncapsulatedWithPKIXIdentity" classname="org.bouncycastle.mail.smime.test.SMIMEToolkitTest" time="0.012"/>
  <testcase name="testEncryptedMessage" classname="org.bouncycastle.mail.smime.test.SMIMEToolkitTest" time="0.002"/>
  <testcase name="testSignedMessageGenerationEncapsulated" classname="org.bouncycastle.mail.smime.test.SMIMEToolkitTest" time="0.008"/>
  <testcase name="testCertificateExtractionMultipart" classname="org.bouncycastle.mail.smime.test.SMIMEToolkitTest" time="0.006"/>
  <testcase name="testCertificateExtractionEncapsulated" classname="org.bouncycastle.mail.smime.test.SMIMEToolkitTest" time="0.005"/>
  <testcase name="testEncryptedRecognition" classname="org.bouncycastle.mail.smime.test.SMIMEToolkitTest" time="0.001"/>
  <testcase name="testSignedMessageRecognitionEncapsulated" classname="org.bouncycastle.mail.smime.test.SMIMEToolkitTest" time="0.001"/>
  <testcase name="testSignedMessageGenerationMultipart" classname="org.bouncycastle.mail.smime.test.SMIMEToolkitTest" time="0.006"/>
  <testcase name="testSignedMessageVerificationEncapsulated" classname="org.bouncycastle.mail.smime.test.SMIMEToolkitTest" time="0.004"/>
  <testcase name="testSignedMessageRecognitionMultipart" classname="org.bouncycastle.mail.smime.test.SMIMEToolkitTest" time="0.001"/>
  <system-out><![CDATA[]]></system-out>
  <system-err><![CDATA[]]></system-err>
</testsuite>
