<?xml version="1.0" encoding="UTF-8"?>
<testsuite name="com.distrimind.bouncycastle.mail.smime.test.SignedMailValidatorTest" tests="13" skipped="0" failures="0" errors="0" timestamp="2021-11-01T15:29:44" hostname="basic" time="0.155">
  <properties/>
  <testcase name="testExpired" classname="com.distrimind.bouncycastle.mail.smime.test.SignedMailValidatorTest" time="0.053"/>
  <testcase name="testNotYetValid" classname="com.distrimind.bouncycastle.mail.smime.test.SignedMailValidatorTest" time="0.006"/>
  <testcase name="testCreateCertPath" classname="com.distrimind.bouncycastle.mail.smime.test.SignedMailValidatorTest" time="0.007"/>
  <testcase name="testCircular" classname="com.distrimind.bouncycastle.mail.smime.test.SignedMailValidatorTest" time="0.009"/>
  <testcase name="testExtendedReviewer" classname="com.distrimind.bouncycastle.mail.smime.test.SignedMailValidatorTest" time="0.007"/>
  <testcase name="testSelfSignedCert" classname="com.distrimind.bouncycastle.mail.smime.test.SignedMailValidatorTest" time="0.029"/>
  <testcase name="testShortKey" classname="com.distrimind.bouncycastle.mail.smime.test.SignedMailValidatorTest" time="0.003"/>
  <testcase name="testMultiEmail" classname="com.distrimind.bouncycastle.mail.smime.test.SignedMailValidatorTest" time="0.0"/>
  <testcase name="testRevoked" classname="com.distrimind.bouncycastle.mail.smime.test.SignedMailValidatorTest" time="0.023"/>
  <testcase name="testKeyUsage" classname="com.distrimind.bouncycastle.mail.smime.test.SignedMailValidatorTest" time="0.005"/>
  <testcase name="testLongValidity" classname="com.distrimind.bouncycastle.mail.smime.test.SignedMailValidatorTest" time="0.004"/>
  <testcase name="testNoEmail" classname="com.distrimind.bouncycastle.mail.smime.test.SignedMailValidatorTest" time="0.003"/>
  <testcase name="testExtKeyUsage" classname="com.distrimind.bouncycastle.mail.smime.test.SignedMailValidatorTest" time="0.005"/>
  <system-out><![CDATA[]]></system-out>
  <system-err><![CDATA[]]></system-err>
</testsuite>
