<?xml version="1.0" encoding="UTF-8"?>
<testsuite name="org.bouncycastle.mail.smime.test.SMIMECompressedTest" tests="8" skipped="0" failures="0" errors="0" timestamp="2019-05-14T11:39:27" hostname="Garage2" time="0.315">
  <properties/>
  <testcase name="testBasic" classname="org.bouncycastle.mail.smime.test.SMIMECompressedTest" time="0.004"/>
  <testcase name="testCompressedSHA1WithRSA" classname="org.bouncycastle.mail.smime.test.SMIMECompressedTest" time="0.005"/>
  <testcase name="testHeaders" classname="org.bouncycastle.mail.smime.test.SMIMECompressedTest" time="0.0"/>
  <testcase name="testParser" classname="org.bouncycastle.mail.smime.test.SMIMECompressedTest" time="0.002"/>
  <testcase name="testBasic" classname="org.bouncycastle.mail.smime.test.SMIMECompressedTest" time="0.001"/>
  <testcase name="testCompressedSHA1WithRSA" classname="org.bouncycastle.mail.smime.test.SMIMECompressedTest" time="0.008"/>
  <testcase name="testHeaders" classname="org.bouncycastle.mail.smime.test.SMIMECompressedTest" time="0.001"/>
  <testcase name="testParser" classname="org.bouncycastle.mail.smime.test.SMIMECompressedTest" time="0.0"/>
  <system-out><![CDATA[]]></system-out>
  <system-err><![CDATA[]]></system-err>
</testsuite>
