<?xml version="1.0" encoding="UTF-8"?>
<testsuite name="com.distrimind.bouncycastle.mail.smime.test.NewSMIMEEnvelopedTest" tests="34" skipped="0" failures="0" errors="0" timestamp="2020-11-08T08:33:19" hostname="Garage" time="0.794">
  <properties/>
  <testcase name="testSubKeyId" classname="com.distrimind.bouncycastle.mail.smime.test.NewSMIMEEnvelopedTest" time="0.069"/>
  <testcase name="testCASTEncrypted" classname="com.distrimind.bouncycastle.mail.smime.test.NewSMIMEEnvelopedTest" time="0.004"/>
  <testcase name="testAES256Encrypted" classname="com.distrimind.bouncycastle.mail.smime.test.NewSMIMEEnvelopedTest" time="0.002"/>
  <testcase name="testCapEncrypt" classname="com.distrimind.bouncycastle.mail.smime.test.NewSMIMEEnvelopedTest" time="0.004"/>
  <testcase name="testParserDESEDE3Encrypted" classname="com.distrimind.bouncycastle.mail.smime.test.NewSMIMEEnvelopedTest" time="0.003"/>
  <testcase name="testTwoRecipients" classname="com.distrimind.bouncycastle.mail.smime.test.NewSMIMEEnvelopedTest" time="0.005"/>
  <testcase name="testAES128Encrypted" classname="com.distrimind.bouncycastle.mail.smime.test.NewSMIMEEnvelopedTest" time="0.002"/>
  <testcase name="testDotNetEncMailMatch" classname="com.distrimind.bouncycastle.mail.smime.test.NewSMIMEEnvelopedTest" time="0.008"/>
  <testcase name="testHeaders" classname="com.distrimind.bouncycastle.mail.smime.test.NewSMIMEEnvelopedTest" time="0.001"/>
  <testcase name="testRC2Encrypted" classname="com.distrimind.bouncycastle.mail.smime.test.NewSMIMEEnvelopedTest" time="0.002"/>
  <testcase name="testAES128" classname="com.distrimind.bouncycastle.mail.smime.test.NewSMIMEEnvelopedTest" time="0.012"/>
  <testcase name="testAES192" classname="com.distrimind.bouncycastle.mail.smime.test.NewSMIMEEnvelopedTest" time="0.001"/>
  <testcase name="testAES256" classname="com.distrimind.bouncycastle.mail.smime.test.NewSMIMEEnvelopedTest" time="0.001"/>
  <testcase name="testDESEDE3Encrypted" classname="com.distrimind.bouncycastle.mail.smime.test.NewSMIMEEnvelopedTest" time="0.002"/>
  <testcase name="testIDEAEncrypted" classname="com.distrimind.bouncycastle.mail.smime.test.NewSMIMEEnvelopedTest" time="0.003"/>
  <testcase name="testAES192Encrypted" classname="com.distrimind.bouncycastle.mail.smime.test.NewSMIMEEnvelopedTest" time="0.002"/>
  <testcase name="testKDFAgreements" classname="com.distrimind.bouncycastle.mail.smime.test.NewSMIMEEnvelopedTest" time="0.207"/>
  <testcase name="testSubKeyId" classname="com.distrimind.bouncycastle.mail.smime.test.NewSMIMEEnvelopedTest" time="0.007"/>
  <testcase name="testCASTEncrypted" classname="com.distrimind.bouncycastle.mail.smime.test.NewSMIMEEnvelopedTest" time="0.002"/>
  <testcase name="testAES256Encrypted" classname="com.distrimind.bouncycastle.mail.smime.test.NewSMIMEEnvelopedTest" time="0.001"/>
  <testcase name="testCapEncrypt" classname="com.distrimind.bouncycastle.mail.smime.test.NewSMIMEEnvelopedTest" time="0.002"/>
  <testcase name="testParserDESEDE3Encrypted" classname="com.distrimind.bouncycastle.mail.smime.test.NewSMIMEEnvelopedTest" time="0.001"/>
  <testcase name="testTwoRecipients" classname="com.distrimind.bouncycastle.mail.smime.test.NewSMIMEEnvelopedTest" time="0.003"/>
  <testcase name="testAES128Encrypted" classname="com.distrimind.bouncycastle.mail.smime.test.NewSMIMEEnvelopedTest" time="0.001"/>
  <testcase name="testDotNetEncMailMatch" classname="com.distrimind.bouncycastle.mail.smime.test.NewSMIMEEnvelopedTest" time="0.008"/>
  <testcase name="testHeaders" classname="com.distrimind.bouncycastle.mail.smime.test.NewSMIMEEnvelopedTest" time="0.001"/>
  <testcase name="testRC2Encrypted" classname="com.distrimind.bouncycastle.mail.smime.test.NewSMIMEEnvelopedTest" time="0.001"/>
  <testcase name="testAES128" classname="com.distrimind.bouncycastle.mail.smime.test.NewSMIMEEnvelopedTest" time="0.003"/>
  <testcase name="testAES192" classname="com.distrimind.bouncycastle.mail.smime.test.NewSMIMEEnvelopedTest" time="0.002"/>
  <testcase name="testAES256" classname="com.distrimind.bouncycastle.mail.smime.test.NewSMIMEEnvelopedTest" time="0.001"/>
  <testcase name="testDESEDE3Encrypted" classname="com.distrimind.bouncycastle.mail.smime.test.NewSMIMEEnvelopedTest" time="0.003"/>
  <testcase name="testIDEAEncrypted" classname="com.distrimind.bouncycastle.mail.smime.test.NewSMIMEEnvelopedTest" time="0.002"/>
  <testcase name="testAES192Encrypted" classname="com.distrimind.bouncycastle.mail.smime.test.NewSMIMEEnvelopedTest" time="0.001"/>
  <testcase name="testKDFAgreements" classname="com.distrimind.bouncycastle.mail.smime.test.NewSMIMEEnvelopedTest" time="0.149"/>
  <system-out><![CDATA[]]></system-out>
  <system-err><![CDATA[]]></system-err>
</testsuite>
