<?xml version="1.0" encoding="UTF-8"?>
<testsuite name="org.bouncycastle.mail.smime.test.SMIMEMiscTest" tests="5" skipped="0" failures="0" errors="0" timestamp="2020-06-02T09:04:54" hostname="Garage" time="0.022">
  <properties/>
  <testcase name="testBrokenEnvelope" classname="org.bouncycastle.mail.smime.test.SMIMEMiscTest" time="0.001"/>
  <testcase name="testQuotePrintableSigPreservation" classname="org.bouncycastle.mail.smime.test.SMIMEMiscTest" time="0.007"/>
  <testcase name="testSHA256WithRSAParserEncryptedWithAES" classname="org.bouncycastle.mail.smime.test.SMIMEMiscTest" time="0.006"/>
  <testcase name="testSHA256WithRSACompressed" classname="org.bouncycastle.mail.smime.test.SMIMEMiscTest" time="0.004"/>
  <testcase name="testSHA256WithRSAParserCompressed" classname="org.bouncycastle.mail.smime.test.SMIMEMiscTest" time="0.004"/>
  <system-out><![CDATA[]]></system-out>
  <system-err><![CDATA[]]></system-err>
</testsuite>
