<?xml version="1.0" encoding="UTF-8"?>
<testsuite name="com.distrimind.bouncycastle.mail.smime.test.NewSMIMEEnvelopedTest" tests="17" skipped="0" failures="0" errors="0" timestamp="2022-03-31T09:30:04" hostname="Garage2" time="0.208">
  <properties/>
  <testcase name="testSubKeyId" classname="com.distrimind.bouncycastle.mail.smime.test.NewSMIMEEnvelopedTest" time="0.061"/>
  <testcase name="testCASTEncrypted" classname="com.distrimind.bouncycastle.mail.smime.test.NewSMIMEEnvelopedTest" time="0.002"/>
  <testcase name="testAES256Encrypted" classname="com.distrimind.bouncycastle.mail.smime.test.NewSMIMEEnvelopedTest" time="0.001"/>
  <testcase name="testCapEncrypt" classname="com.distrimind.bouncycastle.mail.smime.test.NewSMIMEEnvelopedTest" time="0.002"/>
  <testcase name="testParserDESEDE3Encrypted" classname="com.distrimind.bouncycastle.mail.smime.test.NewSMIMEEnvelopedTest" time="0.002"/>
  <testcase name="testTwoRecipients" classname="com.distrimind.bouncycastle.mail.smime.test.NewSMIMEEnvelopedTest" time="0.003"/>
  <testcase name="testAES128Encrypted" classname="com.distrimind.bouncycastle.mail.smime.test.NewSMIMEEnvelopedTest" time="0.001"/>
  <testcase name="testDotNetEncMailMatch" classname="com.distrimind.bouncycastle.mail.smime.test.NewSMIMEEnvelopedTest" time="0.005"/>
  <testcase name="testHeaders" classname="com.distrimind.bouncycastle.mail.smime.test.NewSMIMEEnvelopedTest" time="0.001"/>
  <testcase name="testRC2Encrypted" classname="com.distrimind.bouncycastle.mail.smime.test.NewSMIMEEnvelopedTest" time="0.001"/>
  <testcase name="testAES128" classname="com.distrimind.bouncycastle.mail.smime.test.NewSMIMEEnvelopedTest" time="0.01"/>
  <testcase name="testAES192" classname="com.distrimind.bouncycastle.mail.smime.test.NewSMIMEEnvelopedTest" time="0.001"/>
  <testcase name="testAES256" classname="com.distrimind.bouncycastle.mail.smime.test.NewSMIMEEnvelopedTest" time="0.001"/>
  <testcase name="testDESEDE3Encrypted" classname="com.distrimind.bouncycastle.mail.smime.test.NewSMIMEEnvelopedTest" time="0.001"/>
  <testcase name="testIDEAEncrypted" classname="com.distrimind.bouncycastle.mail.smime.test.NewSMIMEEnvelopedTest" time="0.001"/>
  <testcase name="testAES192Encrypted" classname="com.distrimind.bouncycastle.mail.smime.test.NewSMIMEEnvelopedTest" time="0.002"/>
  <testcase name="testKDFAgreements" classname="com.distrimind.bouncycastle.mail.smime.test.NewSMIMEEnvelopedTest" time="0.11"/>
  <system-out><![CDATA[]]></system-out>
  <system-err><![CDATA[]]></system-err>
</testsuite>
