<?xml version="1.0" encoding="UTF-8"?>
<testsuite name="com.distrimind.bouncycastle.pqc.jcajce.provider.test.McElieceCipherTest" tests="2" skipped="0" failures="0" errors="0" timestamp="2022-03-31T09:30:30" hostname="Garage2" time="3.997">
  <properties/>
  <testcase name="testEnDecryption_9_33" classname="com.distrimind.bouncycastle.pqc.jcajce.provider.test.McElieceCipherTest" time="1.13"/>
  <testcase name="testEnDecryption_11_50" classname="com.distrimind.bouncycastle.pqc.jcajce.provider.test.McElieceCipherTest" time="2.867"/>
  <system-out><![CDATA[]]></system-out>
  <system-err><![CDATA[]]></system-err>
</testsuite>
