<?xml version="1.0" encoding="UTF-8"?>
<testsuite name="com.distrimind.bouncycastle.pqc.jcajce.provider.test.XMSSTest" tests="19" skipped="0" failures="0" errors="0" timestamp="2022-03-31T09:30:35" hostname="Garage2" time="42.905">
  <properties/>
  <testcase name="testNoRepeats" classname="com.distrimind.bouncycastle.pqc.jcajce.provider.test.XMSSTest" time="0.245"/>
  <testcase name="testXMSSSha256SignatureMultiplePreHash" classname="com.distrimind.bouncycastle.pqc.jcajce.provider.test.XMSSTest" time="2.801"/>
  <testcase name="testPrehashWithWithout" classname="com.distrimind.bouncycastle.pqc.jcajce.provider.test.XMSSTest" time="0.329"/>
  <testcase name="testExhaustion" classname="com.distrimind.bouncycastle.pqc.jcajce.provider.test.XMSSTest" time="0.024"/>
  <testcase name="testXMSSShake256Signature" classname="com.distrimind.bouncycastle.pqc.jcajce.provider.test.XMSSTest" time="0.454"/>
  <testcase name="testPrivateKeyRecovery" classname="com.distrimind.bouncycastle.pqc.jcajce.provider.test.XMSSTest" time="0.0"/>
  <testcase name="testXMSSSha256KeyFactory" classname="com.distrimind.bouncycastle.pqc.jcajce.provider.test.XMSSTest" time="2.779"/>
  <testcase name="testXMSSShake128Signature" classname="com.distrimind.bouncycastle.pqc.jcajce.provider.test.XMSSTest" time="0.09"/>
  <testcase name="testShardedKeyExhaustion" classname="com.distrimind.bouncycastle.pqc.jcajce.provider.test.XMSSTest" time="0.139"/>
  <testcase name="testXMSSShake256KeyFactory" classname="com.distrimind.bouncycastle.pqc.jcajce.provider.test.XMSSTest" time="13.021"/>
  <testcase name="testKeyRebuild" classname="com.distrimind.bouncycastle.pqc.jcajce.provider.test.XMSSTest" time="4.307"/>
  <testcase name="testKeyExtraction" classname="com.distrimind.bouncycastle.pqc.jcajce.provider.test.XMSSTest" time="2.148"/>
  <testcase name="testXMSSSha512Signature" classname="com.distrimind.bouncycastle.pqc.jcajce.provider.test.XMSSTest" time="5.895"/>
  <testcase name="testPublicKeyRecovery" classname="com.distrimind.bouncycastle.pqc.jcajce.provider.test.XMSSTest" time="0.0"/>
  <testcase name="testXMSSSha256Signature" classname="com.distrimind.bouncycastle.pqc.jcajce.provider.test.XMSSTest" time="2.103"/>
  <testcase name="testXMSSShake128KeyFactory" classname="com.distrimind.bouncycastle.pqc.jcajce.provider.test.XMSSTest" time="2.453"/>
  <testcase name="testReserialization" classname="com.distrimind.bouncycastle.pqc.jcajce.provider.test.XMSSTest" time="0.235"/>
  <testcase name="test160PrivateKeyRecovery" classname="com.distrimind.bouncycastle.pqc.jcajce.provider.test.XMSSTest" time="0.0"/>
  <testcase name="testXMSSSha512KeyFactory" classname="com.distrimind.bouncycastle.pqc.jcajce.provider.test.XMSSTest" time="5.881"/>
  <system-out><![CDATA[]]></system-out>
  <system-err><![CDATA[]]></system-err>
</testsuite>
