<?xml version="1.0" encoding="UTF-8"?>
<testsuite name="com.distrimind.bouncycastle.pqc.jcajce.provider.test.LMSTest" tests="5" skipped="0" failures="0" errors="0" timestamp="2022-03-31T09:31:35" hostname="Garage2" time="0.318">
  <properties/>
  <testcase name="testPublicKeyEncodingLength" classname="com.distrimind.bouncycastle.pqc.jcajce.provider.test.LMSTest" time="0.041"/>
  <testcase name="testKeyPairGenerators" classname="com.distrimind.bouncycastle.pqc.jcajce.provider.test.LMSTest" time="0.212"/>
  <testcase name="testKeyFactoryHSSKey" classname="com.distrimind.bouncycastle.pqc.jcajce.provider.test.LMSTest" time="0.014"/>
  <testcase name="testKeyFactoryLMSKey" classname="com.distrimind.bouncycastle.pqc.jcajce.provider.test.LMSTest" time="0.006"/>
  <testcase name="testKeyGenAndSignTwoSigsWithShardHSS" classname="com.distrimind.bouncycastle.pqc.jcajce.provider.test.LMSTest" time="0.045"/>
  <system-out><![CDATA[]]></system-out>
  <system-err><![CDATA[]]></system-err>
</testsuite>
