<?xml version="1.0" encoding="UTF-8"?>
<testsuite name="com.distrimind.bouncycastle.pqc.jcajce.provider.test.NewHopeTest" tests="3" skipped="0" failures="0" errors="0" timestamp="2022-03-31T09:30:34" hostname="Garage2" time="0.27">
  <properties/>
  <testcase name="testKeyExchange" classname="com.distrimind.bouncycastle.pqc.jcajce.provider.test.NewHopeTest" time="0.268"/>
  <testcase name="testPrivateKeyRecovery" classname="com.distrimind.bouncycastle.pqc.jcajce.provider.test.NewHopeTest" time="0.001"/>
  <testcase name="testPublicKeyRecovery" classname="com.distrimind.bouncycastle.pqc.jcajce.provider.test.NewHopeTest" time="0.001"/>
  <system-out><![CDATA[]]></system-out>
  <system-err><![CDATA[]]></system-err>
</testsuite>
