<?xml version="1.0" encoding="UTF-8"?>
<testsuite name="com.distrimind.bouncycastle.pqc.jcajce.provider.test.Sphincs256KeyPairGeneratorTest" tests="2" skipped="0" failures="0" errors="0" timestamp="2022-03-31T09:30:35" hostname="Garage2" time="0.005">
  <properties/>
  <testcase name="testKeyFactory" classname="com.distrimind.bouncycastle.pqc.jcajce.provider.test.Sphincs256KeyPairGeneratorTest" time="0.0"/>
  <testcase name="testKeyPairEncoding" classname="com.distrimind.bouncycastle.pqc.jcajce.provider.test.Sphincs256KeyPairGeneratorTest" time="0.005"/>
  <system-out><![CDATA[]]></system-out>
  <system-err><![CDATA[]]></system-err>
</testsuite>
