<?xml version="1.0" encoding="UTF-8"?>
<testsuite name="com.distrimind.bouncycastle.pqc.jcajce.provider.test.RainbowSignatureTest" tests="7" skipped="0" failures="0" errors="0" timestamp="2022-03-31T09:30:21" hostname="Garage2" time="6.148">
  <properties/>
  <testcase name="testRainbowWithSHA224" classname="com.distrimind.bouncycastle.pqc.jcajce.provider.test.RainbowSignatureTest" time="0.1"/>
  <testcase name="testRainbowWithSHA384" classname="com.distrimind.bouncycastle.pqc.jcajce.provider.test.RainbowSignatureTest" time="0.064"/>
  <testcase name="testRainbowWithSHA512" classname="com.distrimind.bouncycastle.pqc.jcajce.provider.test.RainbowSignatureTest" time="0.063"/>
  <testcase name="testSignVerifyWithRandomParams" classname="com.distrimind.bouncycastle.pqc.jcajce.provider.test.RainbowSignatureTest" time="4.25"/>
  <testcase name="test_KeyFactory" classname="com.distrimind.bouncycastle.pqc.jcajce.provider.test.RainbowSignatureTest" time="0.147"/>
  <testcase name="testRainbowithSHA256" classname="com.distrimind.bouncycastle.pqc.jcajce.provider.test.RainbowSignatureTest" time="0.115"/>
  <testcase name="testSignVerifyWithDefaultParams" classname="com.distrimind.bouncycastle.pqc.jcajce.provider.test.RainbowSignatureTest" time="1.409"/>
  <system-out><![CDATA[]]></system-out>
  <system-err><![CDATA[]]></system-err>
</testsuite>
