<?xml version="1.0" encoding="UTF-8"?>
<testsuite name="com.distrimind.bouncycastle.jcajce.provider.test.ECAlgorithmParametersTest" tests="1" skipped="0" failures="0" errors="0" timestamp="2022-03-31T09:30:17" hostname="Garage2" time="0.159">
  <properties/>
  <testcase name="testRecogniseStandardCurveNames" classname="com.distrimind.bouncycastle.jcajce.provider.test.ECAlgorithmParametersTest" time="0.159"/>
  <system-out><![CDATA[]]></system-out>
  <system-err><![CDATA[]]></system-err>
</testsuite>
