<?xml version="1.0" encoding="UTF-8"?>
<testsuite name="com.distrimind.bouncycastle.pqc.jcajce.provider.test.XMSSMTTest" tests="17" skipped="0" failures="0" errors="0" timestamp="2022-03-31T09:31:18" hostname="Garage2" time="16.696">
  <properties/>
  <testcase name="testNoRepeats" classname="com.distrimind.bouncycastle.pqc.jcajce.provider.test.XMSSMTTest" time="0.304"/>
  <testcase name="testXMSSMTSha512KeyFactory" classname="com.distrimind.bouncycastle.pqc.jcajce.provider.test.XMSSMTTest" time="0.025"/>
  <testcase name="testXMSSMTShake256Signature" classname="com.distrimind.bouncycastle.pqc.jcajce.provider.test.XMSSMTTest" time="0.187"/>
  <testcase name="testXMSSMTSha256SignatureMultiple" classname="com.distrimind.bouncycastle.pqc.jcajce.provider.test.XMSSMTTest" time="0.234"/>
  <testcase name="testPrehashWithWithout" classname="com.distrimind.bouncycastle.pqc.jcajce.provider.test.XMSSMTTest" time="0.681"/>
  <testcase name="testExhaustion" classname="com.distrimind.bouncycastle.pqc.jcajce.provider.test.XMSSMTTest" time="0.163"/>
  <testcase name="testXMSSMTShake128Signature" classname="com.distrimind.bouncycastle.pqc.jcajce.provider.test.XMSSMTTest" time="0.036"/>
  <testcase name="testPrivateKeyRecovery" classname="com.distrimind.bouncycastle.pqc.jcajce.provider.test.XMSSMTTest" time="0.0"/>
  <testcase name="testXMSSMTSha512Signature" classname="com.distrimind.bouncycastle.pqc.jcajce.provider.test.XMSSMTTest" time="0.174"/>
  <testcase name="testShardedKeyExhaustion" classname="com.distrimind.bouncycastle.pqc.jcajce.provider.test.XMSSMTTest" time="0.188"/>
  <testcase name="testXMSSMTSha256Signature" classname="com.distrimind.bouncycastle.pqc.jcajce.provider.test.XMSSMTTest" time="0.062"/>
  <testcase name="testKeyRebuild" classname="com.distrimind.bouncycastle.pqc.jcajce.provider.test.XMSSMTTest" time="0.646"/>
  <testcase name="testKeyExtraction" classname="com.distrimind.bouncycastle.pqc.jcajce.provider.test.XMSSMTTest" time="6.314"/>
  <testcase name="testPublicKeyRecovery" classname="com.distrimind.bouncycastle.pqc.jcajce.provider.test.XMSSMTTest" time="0.0"/>
  <testcase name="testReserialization" classname="com.distrimind.bouncycastle.pqc.jcajce.provider.test.XMSSMTTest" time="0.317"/>
  <testcase name="testXMSSMTSha256KeyFactory" classname="com.distrimind.bouncycastle.pqc.jcajce.provider.test.XMSSMTTest" time="7.365"/>
  <testcase name="test160PrivateKeyRecovery" classname="com.distrimind.bouncycastle.pqc.jcajce.provider.test.XMSSMTTest" time="0.0"/>
  <system-out><![CDATA[]]></system-out>
  <system-err><![CDATA[]]></system-err>
</testsuite>
