<?xml version="1.0" encoding="UTF-8"?>
<testsuite name="com.distrimind.bouncycastle.pqc.jcajce.provider.test.McElieceFujisakiCipherTest" tests="3" skipped="0" failures="0" errors="0" timestamp="2022-03-31T09:30:27" hostname="Garage2" time="1.849">
  <properties/>
  <testcase name="testEnDecryption_SHA224_11_50" classname="com.distrimind.bouncycastle.pqc.jcajce.provider.test.McElieceFujisakiCipherTest" time="1.056"/>
  <testcase name="testEnDecryption_SHA1_11_50" classname="com.distrimind.bouncycastle.pqc.jcajce.provider.test.McElieceFujisakiCipherTest" time="0.465"/>
  <testcase name="testEnDecryption_SHA256_11_50" classname="com.distrimind.bouncycastle.pqc.jcajce.provider.test.McElieceFujisakiCipherTest" time="0.327"/>
  <system-out><![CDATA[]]></system-out>
  <system-err><![CDATA[]]></system-err>
</testsuite>
