<?xml version="1.0" encoding="UTF-8"?>
<testsuite name="com.distrimind.bouncycastle.jcajce.provider.test.RFC3211WrapTest" tests="6" skipped="0" failures="0" errors="0" timestamp="2022-03-31T09:30:20" hostname="Garage2" time="0.015">
  <properties/>
  <testcase name="testAESRFC3211Exception" classname="com.distrimind.bouncycastle.jcajce.provider.test.RFC3211WrapTest" time="0.008"/>
  <testcase name="testTDESRFC3211Bounds" classname="com.distrimind.bouncycastle.jcajce.provider.test.RFC3211WrapTest" time="0.003"/>
  <testcase name="testAESRFC3211Bounds" classname="com.distrimind.bouncycastle.jcajce.provider.test.RFC3211WrapTest" time="0.001"/>
  <testcase name="testTDESRFC3211" classname="com.distrimind.bouncycastle.jcajce.provider.test.RFC3211WrapTest" time="0.002"/>
  <testcase name="testTDESRFC3211Exception" classname="com.distrimind.bouncycastle.jcajce.provider.test.RFC3211WrapTest" time="0.0"/>
  <testcase name="testAESRFC3211" classname="com.distrimind.bouncycastle.jcajce.provider.test.RFC3211WrapTest" time="0.001"/>
  <system-out><![CDATA[]]></system-out>
  <system-err><![CDATA[]]></system-err>
</testsuite>
