<?xml version="1.0" encoding="UTF-8"?>
<testsuite name="com.distrimind.bouncycastle.pqc.jcajce.provider.test.QTESLATest" tests="4" skipped="0" failures="0" errors="0" timestamp="2022-03-31T09:31:35" hostname="Garage2" time="0.23">
  <properties/>
  <testcase name="testCatPIVector0" classname="com.distrimind.bouncycastle.pqc.jcajce.provider.test.QTESLATest" time="0.029"/>
  <testcase name="testGenerateKeyPairSigningVerifyingPI" classname="com.distrimind.bouncycastle.pqc.jcajce.provider.test.QTESLATest" time="0.036"/>
  <testcase name="testGenerateKeyPairSigningVerifyingPIII" classname="com.distrimind.bouncycastle.pqc.jcajce.provider.test.QTESLATest" time="0.111"/>
  <testcase name="testCatPIIIVector0" classname="com.distrimind.bouncycastle.pqc.jcajce.provider.test.QTESLATest" time="0.054"/>
  <system-out><![CDATA[]]></system-out>
  <system-err><![CDATA[]]></system-err>
</testsuite>
