<?xml version="1.0" encoding="UTF-8"?>
<testsuite name="com.distrimind.bouncycastle.jcajce.provider.test.RandomTest" tests="2" skipped="0" failures="0" errors="0" timestamp="2022-03-31T09:30:20" hostname="Garage2" time="0.016">
  <properties/>
  <testcase name="testCheckRandom" classname="com.distrimind.bouncycastle.jcajce.provider.test.RandomTest" time="0.01"/>
  <testcase name="testCheckNonceIVRandom" classname="com.distrimind.bouncycastle.jcajce.provider.test.RandomTest" time="0.006"/>
  <system-out><![CDATA[]]></system-out>
  <system-err><![CDATA[]]></system-err>
</testsuite>
