<?xml version="1.0" encoding="UTF-8"?>
<testsuite name="com.distrimind.bouncycastle.jcajce.provider.test.GeneralKeyTest" tests="9" skipped="0" failures="0" errors="0" timestamp="2022-03-31T09:30:17" hostname="Garage2" time="2.827">
  <properties/>
  <testcase name="testDSA" classname="com.distrimind.bouncycastle.jcajce.provider.test.GeneralKeyTest" time="2.602"/>
  <testcase name="testRSA" classname="com.distrimind.bouncycastle.jcajce.provider.test.GeneralKeyTest" time="0.104"/>
  <testcase name="testSM2" classname="com.distrimind.bouncycastle.jcajce.provider.test.GeneralKeyTest" time="0.015"/>
  <testcase name="testGost3410" classname="com.distrimind.bouncycastle.jcajce.provider.test.GeneralKeyTest" time="0.005"/>
  <testcase name="testEcgost3410_2012" classname="com.distrimind.bouncycastle.jcajce.provider.test.GeneralKeyTest" time="0.03"/>
  <testcase name="testDH" classname="com.distrimind.bouncycastle.jcajce.provider.test.GeneralKeyTest" time="0.012"/>
  <testcase name="testEC" classname="com.distrimind.bouncycastle.jcajce.provider.test.GeneralKeyTest" time="0.011"/>
  <testcase name="testEcgost3410" classname="com.distrimind.bouncycastle.jcajce.provider.test.GeneralKeyTest" time="0.015"/>
  <testcase name="testDstu4145" classname="com.distrimind.bouncycastle.jcajce.provider.test.GeneralKeyTest" time="0.033"/>
  <system-out><![CDATA[]]></system-out>
  <system-err><![CDATA[]]></system-err>
</testsuite>
