<?xml version="1.0" encoding="UTF-8"?>
<testsuite name="com.distrimind.bouncycastle.jcajce.provider.test.SP80038GTest" tests="7" skipped="0" failures="0" errors="0" timestamp="2022-03-31T09:30:20" hostname="Garage2" time="0.025">
  <properties/>
  <testcase name="testFF1" classname="com.distrimind.bouncycastle.jcajce.provider.test.SP80038GTest" time="0.007"/>
  <testcase name="testFF3_1" classname="com.distrimind.bouncycastle.jcajce.provider.test.SP80038GTest" time="0.002"/>
  <testcase name="testCipherReuseThroughDoFinal_Encrypt" classname="com.distrimind.bouncycastle.jcajce.provider.test.SP80038GTest" time="0.0"/>
  <testcase name="testUtility" classname="com.distrimind.bouncycastle.jcajce.provider.test.SP80038GTest" time="0.001"/>
  <testcase name="testFF3_1Vectors" classname="com.distrimind.bouncycastle.jcajce.provider.test.SP80038GTest" time="0.007"/>
  <testcase name="testFF1Vectors" classname="com.distrimind.bouncycastle.jcajce.provider.test.SP80038GTest" time="0.008"/>
  <testcase name="testCipherReuseThroughDoFinal_Decrypt" classname="com.distrimind.bouncycastle.jcajce.provider.test.SP80038GTest" time="0.0"/>
  <system-out><![CDATA[]]></system-out>
  <system-err><![CDATA[]]></system-err>
</testsuite>
