<?xml version="1.0" encoding="UTF-8"?>
<testsuite name="com.distrimind.bouncycastle.mime.test.TestSMIMEEnveloped" tests="2" skipped="0" failures="0" errors="0" timestamp="2020-11-08T08:33:42" hostname="Garage" time="0.04">
  <properties/>
  <testcase name="testKeyTransAES128" classname="com.distrimind.bouncycastle.mime.test.TestSMIMEEnveloped" time="0.033"/>
  <testcase name="testSMIMEEnveloped" classname="com.distrimind.bouncycastle.mime.test.TestSMIMEEnveloped" time="0.007"/>
  <system-out><![CDATA[]]></system-out>
  <system-err><![CDATA[]]></system-err>
</testsuite>
