<?xml version="1.0" encoding="UTF-8"?>
<testsuite name="com.distrimind.bouncycastle.cert.test.ConverterTest" tests="1" skipped="0" failures="0" errors="0" timestamp="2021-11-01T15:41:09" hostname="basic" time="0.002">
  <properties/>
  <testcase name="testCertificateSelectorConversion" classname="com.distrimind.bouncycastle.cert.test.ConverterTest" time="0.002"/>
  <system-out><![CDATA[]]></system-out>
  <system-err><![CDATA[]]></system-err>
</testsuite>
