<?xml version="1.0" encoding="UTF-8"?>
<testsuite name="com.distrimind.bouncycastle.cert.cmp.test.AllTests" tests="7" skipped="0" failures="0" errors="0" timestamp="2020-11-08T08:33:41" hostname="Garage" time="0.065">
  <properties/>
  <testcase name="testSampleCr" classname="com.distrimind.bouncycastle.cert.cmp.test.AllTests" time="0.009"/>
  <testcase name="testSubsequentMessage" classname="com.distrimind.bouncycastle.cert.cmp.test.AllTests" time="0.011"/>
  <testcase name="testConfirmationMessage" classname="com.distrimind.bouncycastle.cert.cmp.test.AllTests" time="0.009"/>
  <testcase name="testServerSideKey" classname="com.distrimind.bouncycastle.cert.cmp.test.AllTests" time="0.014"/>
  <testcase name="testNotBeforeNotAfter" classname="com.distrimind.bouncycastle.cert.cmp.test.AllTests" time="0.007"/>
  <testcase name="testMacProtectedMessage" classname="com.distrimind.bouncycastle.cert.cmp.test.AllTests" time="0.01"/>
  <testcase name="testProtectedMessage" classname="com.distrimind.bouncycastle.cert.cmp.test.AllTests" time="0.005"/>
  <system-out><![CDATA[]]></system-out>
  <system-err><![CDATA[]]></system-err>
</testsuite>
