<?xml version="1.0" encoding="UTF-8"?>
<testsuite name="org.bouncycastle.mozilla.test.AllTests" tests="1" skipped="0" failures="0" errors="0" timestamp="2020-06-02T09:05:17" hostname="Garage" time="0.005">
  <properties/>
  <testcase name="testMozilla" classname="org.bouncycastle.mozilla.test.AllTests" time="0.005"/>
  <system-out><![CDATA[]]></system-out>
  <system-err><![CDATA[]]></system-err>
</testsuite>
