<?xml version="1.0" encoding="UTF-8"?>
<testsuite name="com.distrimind.bouncycastle.pkcs.test.PKCS10Test" tests="4" skipped="0" failures="0" errors="0" timestamp="2020-11-08T08:33:32" hostname="Garage" time="0.318">
  <properties/>
  <testcase name="testRequest" classname="com.distrimind.bouncycastle.pkcs.test.PKCS10Test" time="0.106"/>
  <testcase name="testLeaveOffEmpty" classname="com.distrimind.bouncycastle.pkcs.test.PKCS10Test" time="0.004"/>
  <testcase name="testRequest" classname="com.distrimind.bouncycastle.pkcs.test.PKCS10Test" time="0.021"/>
  <testcase name="testLeaveOffEmpty" classname="com.distrimind.bouncycastle.pkcs.test.PKCS10Test" time="0.004"/>
  <system-out><![CDATA[]]></system-out>
  <system-err><![CDATA[]]></system-err>
</testsuite>
