<?xml version="1.0" encoding="UTF-8"?>
<testsuite name="org.bouncycastle.dvcs.test.AllTests" tests="4" skipped="0" failures="0" errors="0" timestamp="2020-07-09T13:53:51" hostname="Garage" time="0.03">
  <properties/>
  <testcase name="testVSDRequest" classname="org.bouncycastle.dvcs.test.AllTests" time="0.026"/>
  <testcase name="testCPDRequest" classname="org.bouncycastle.dvcs.test.AllTests" time="0.0"/>
  <testcase name="testCCPDRequest" classname="org.bouncycastle.dvcs.test.AllTests" time="0.002"/>
  <testcase name="testVPKCRequest" classname="org.bouncycastle.dvcs.test.AllTests" time="0.001"/>
  <system-out><![CDATA[]]></system-out>
  <system-err><![CDATA[]]></system-err>
</testsuite>
