<?xml version="1.0" encoding="UTF-8"?>
<testsuite name="org.bouncycastle.cert.test.AllTests" tests="1" skipped="0" failures="0" errors="0" timestamp="2020-02-14T17:20:10" hostname="Garage" time="6.004">
  <properties/>
  <testcase name="testSimpleTests" classname="org.bouncycastle.cert.test.AllTests" time="6.004"/>
  <system-out><![CDATA[]]></system-out>
  <system-err><![CDATA[]]></system-err>
</testsuite>
