<?xml version="1.0" encoding="UTF-8"?>
<testsuite name="org.bouncycastle.cert.test.BcAttrCertSelectorTest" tests="2" skipped="0" failures="0" errors="0" timestamp="2020-02-14T17:20:16" hostname="Garage" time="0.001">
  <properties/>
  <testcase name="AttrCertSelector" classname="org.bouncycastle.cert.test.BcAttrCertSelectorTest" time="0.0"/>
  <testcase name="AttrCertSelector" classname="org.bouncycastle.cert.test.BcAttrCertSelectorTest" time="0.0"/>
  <system-out><![CDATA[]]></system-out>
  <system-err><![CDATA[]]></system-err>
</testsuite>
