<?xml version="1.0" encoding="UTF-8"?>
<testsuite name="org.bouncycastle.mime.test.TestSMIMESigned" tests="2" skipped="0" failures="0" errors="0" timestamp="2019-05-14T11:39:44" hostname="Garage2" time="0.23">
  <properties/>
  <testcase name="testSimpleGeneration" classname="org.bouncycastle.mime.test.TestSMIMESigned" time="0.224"/>
  <testcase name="testEmbeddedMultipartGeneration" classname="org.bouncycastle.mime.test.TestSMIMESigned" time="0.006"/>
  <system-out><![CDATA[]]></system-out>
  <system-err><![CDATA[]]></system-err>
</testsuite>
