<?xml version="1.0" encoding="UTF-8"?>
<testsuite name="com.distrimind.bouncycastle.cms.test.NewAuthenticatedDataStreamTest" tests="6" skipped="0" failures="0" errors="0" timestamp="2020-11-08T08:33:44" hostname="Garage" time="0.437">
  <properties/>
  <testcase name="testKeyTransDESede" classname="com.distrimind.bouncycastle.cms.test.NewAuthenticatedDataStreamTest" time="0.004"/>
  <testcase name="testOriginatorInfo" classname="com.distrimind.bouncycastle.cms.test.NewAuthenticatedDataStreamTest" time="0.001"/>
  <testcase name="testKeyTransDESedeWithDigest" classname="com.distrimind.bouncycastle.cms.test.NewAuthenticatedDataStreamTest" time="0.001"/>
  <testcase name="testKeyTransDESede" classname="com.distrimind.bouncycastle.cms.test.NewAuthenticatedDataStreamTest" time="0.005"/>
  <testcase name="testOriginatorInfo" classname="com.distrimind.bouncycastle.cms.test.NewAuthenticatedDataStreamTest" time="0.001"/>
  <testcase name="testKeyTransDESedeWithDigest" classname="com.distrimind.bouncycastle.cms.test.NewAuthenticatedDataStreamTest" time="0.001"/>
  <system-out><![CDATA[]]></system-out>
  <system-err><![CDATA[]]></system-err>
</testsuite>
