<?xml version="1.0" encoding="UTF-8"?>
<testsuite name="com.distrimind.bouncycastle.cms.test.AuthEnvelopedDataTest" tests="4" skipped="0" failures="0" errors="0" timestamp="2021-05-27T14:24:28" hostname="Garage" time="0.171">
  <properties/>
  <testcase name="testAttributes" classname="com.distrimind.bouncycastle.cms.test.AuthEnvelopedDataTest" time="0.003"/>
  <testcase name="testSample1" classname="com.distrimind.bouncycastle.cms.test.AuthEnvelopedDataTest" time="0.001"/>
  <testcase name="testAttributes" classname="com.distrimind.bouncycastle.cms.test.AuthEnvelopedDataTest" time="0.002"/>
  <testcase name="testSample1" classname="com.distrimind.bouncycastle.cms.test.AuthEnvelopedDataTest" time="0.001"/>
  <system-out><![CDATA[]]></system-out>
  <system-err><![CDATA[]]></system-err>
</testsuite>
