<?xml version="1.0" encoding="UTF-8"?>
<testsuite name="org.bouncycastle.mime.test.TestSMIMESignEncrypt" tests="1" skipped="0" failures="0" errors="0" timestamp="2020-02-14T17:20:10" hostname="Garage" time="0.071">
  <properties/>
  <testcase name="testSignThenEncrypt" classname="org.bouncycastle.mime.test.TestSMIMESignEncrypt" time="0.071"/>
  <system-out><![CDATA[]]></system-out>
  <system-err><![CDATA[]]></system-err>
</testsuite>
