<?xml version="1.0" encoding="UTF-8"?>
<testsuite name="com.distrimind.bouncycastle.cms.test.NewCompressedDataStreamTest" tests="3" skipped="0" failures="0" errors="0" timestamp="2020-07-14T23:12:43" hostname="Garage" time="0.009">
  <properties/>
  <testcase name="test1000" classname="com.distrimind.bouncycastle.cms.test.NewCompressedDataStreamTest" time="0.009"/>
  <testcase name="testEach" classname="com.distrimind.bouncycastle.cms.test.NewCompressedDataStreamTest" time="0.0"/>
  <testcase name="testWorkingData" classname="com.distrimind.bouncycastle.cms.test.NewCompressedDataStreamTest" time="0.0"/>
  <system-out><![CDATA[]]></system-out>
  <system-err><![CDATA[]]></system-err>
</testsuite>
