<?xml version="1.0" encoding="UTF-8"?>
<testsuite name="com.distrimind.bouncycastle.tsp.test.CMSTimeStampedDataParserTest" tests="3" skipped="0" failures="0" errors="0" timestamp="2020-11-08T08:33:45" hostname="Garage" time="0.004">
  <properties/>
  <testcase name="testGetTimeStampTokens" classname="com.distrimind.bouncycastle.tsp.test.CMSTimeStampedDataParserTest" time="0.002"/>
  <testcase name="testValidate" classname="com.distrimind.bouncycastle.tsp.test.CMSTimeStampedDataParserTest" time="0.0"/>
  <testcase name="testValidateAllTokens" classname="com.distrimind.bouncycastle.tsp.test.CMSTimeStampedDataParserTest" time="0.002"/>
  <system-out><![CDATA[]]></system-out>
  <system-err><![CDATA[]]></system-err>
</testsuite>
