<?xml version="1.0" encoding="UTF-8"?>
<testsuite name="com.distrimind.bouncycastle.mime.test.TestSMIMEEnveloped" tests="2" skipped="0" failures="0" errors="0" timestamp="2021-05-27T14:24:26" hostname="Garage" time="0.028">
  <properties/>
  <testcase name="testKeyTransAES128" classname="com.distrimind.bouncycastle.mime.test.TestSMIMEEnveloped" time="0.025"/>
  <testcase name="testSMIMEEnveloped" classname="com.distrimind.bouncycastle.mime.test.TestSMIMEEnveloped" time="0.003"/>
  <system-out><![CDATA[]]></system-out>
  <system-err><![CDATA[]]></system-err>
</testsuite>
