<?xml version="1.0" encoding="UTF-8"?>
<testsuite name="org.bouncycastle.cms.test.NewAuthenticatedDataTest" tests="22" skipped="0" failures="0" errors="0" timestamp="2020-02-14T17:20:18" hostname="Garage" time="1.042">
  <properties/>
  <testcase name="testKeyTransDESede" classname="org.bouncycastle.cms.test.NewAuthenticatedDataTest" time="0.005"/>
  <testcase name="testEncoding" classname="org.bouncycastle.cms.test.NewAuthenticatedDataTest" time="0.001"/>
  <testcase name="testCMSAlgorithmProtection" classname="org.bouncycastle.cms.test.NewAuthenticatedDataTest" time="0.001"/>
  <testcase name="testAES256CCM" classname="org.bouncycastle.cms.test.NewAuthenticatedDataTest" time="0.002"/>
  <testcase name="testKeyTransRC2" classname="org.bouncycastle.cms.test.NewAuthenticatedDataTest" time="0.0"/>
  <testcase name="testOriginatorInfo" classname="org.bouncycastle.cms.test.NewAuthenticatedDataTest" time="0.001"/>
  <testcase name="testKEKDESede" classname="org.bouncycastle.cms.test.NewAuthenticatedDataTest" time="0.002"/>
  <testcase name="testKeyTransDESedeWithDigest" classname="org.bouncycastle.cms.test.NewAuthenticatedDataTest" time="0.0"/>
  <testcase name="testECKeyAgree" classname="org.bouncycastle.cms.test.NewAuthenticatedDataTest" time="0.005"/>
  <testcase name="testKEKDESedeWithDigest" classname="org.bouncycastle.cms.test.NewAuthenticatedDataTest" time="0.001"/>
  <testcase name="testPasswordAES256" classname="org.bouncycastle.cms.test.NewAuthenticatedDataTest" time="0.0"/>
  <testcase name="testKeyTransDESede" classname="org.bouncycastle.cms.test.NewAuthenticatedDataTest" time="0.004"/>
  <testcase name="testEncoding" classname="org.bouncycastle.cms.test.NewAuthenticatedDataTest" time="0.0"/>
  <testcase name="testCMSAlgorithmProtection" classname="org.bouncycastle.cms.test.NewAuthenticatedDataTest" time="0.001"/>
  <testcase name="testAES256CCM" classname="org.bouncycastle.cms.test.NewAuthenticatedDataTest" time="0.001"/>
  <testcase name="testKeyTransRC2" classname="org.bouncycastle.cms.test.NewAuthenticatedDataTest" time="0.0"/>
  <testcase name="testOriginatorInfo" classname="org.bouncycastle.cms.test.NewAuthenticatedDataTest" time="0.001"/>
  <testcase name="testKEKDESede" classname="org.bouncycastle.cms.test.NewAuthenticatedDataTest" time="0.0"/>
  <testcase name="testKeyTransDESedeWithDigest" classname="org.bouncycastle.cms.test.NewAuthenticatedDataTest" time="0.001"/>
  <testcase name="testECKeyAgree" classname="org.bouncycastle.cms.test.NewAuthenticatedDataTest" time="0.004"/>
  <testcase name="testKEKDESedeWithDigest" classname="org.bouncycastle.cms.test.NewAuthenticatedDataTest" time="0.0"/>
  <testcase name="testPasswordAES256" classname="org.bouncycastle.cms.test.NewAuthenticatedDataTest" time="0.001"/>
  <system-out><![CDATA[]]></system-out>
  <system-err><![CDATA[]]></system-err>
</testsuite>
