<?xml version="1.0" encoding="UTF-8"?>
<testsuite name="org.bouncycastle.mime.test.TestSMIMESigned" tests="2" skipped="0" failures="0" errors="0" timestamp="2020-02-14T17:20:10" hostname="Garage" time="0.075">
  <properties/>
  <testcase name="testSimpleGeneration" classname="org.bouncycastle.mime.test.TestSMIMESigned" time="0.071"/>
  <testcase name="testEmbeddedMultipartGeneration" classname="org.bouncycastle.mime.test.TestSMIMESigned" time="0.004"/>
  <system-out><![CDATA[]]></system-out>
  <system-err><![CDATA[]]></system-err>
</testsuite>
