<?xml version="1.0" encoding="UTF-8"?>
<testsuite name="com.distrimind.bouncycastle.mime.test.TestSMIMESigned" tests="2" skipped="0" failures="0" errors="0" timestamp="2021-11-01T15:41:15" hostname="basic" time="0.047">
  <properties/>
  <testcase name="testSimpleGeneration" classname="com.distrimind.bouncycastle.mime.test.TestSMIMESigned" time="0.045"/>
  <testcase name="testEmbeddedMultipartGeneration" classname="com.distrimind.bouncycastle.mime.test.TestSMIMESigned" time="0.002"/>
  <system-out><![CDATA[]]></system-out>
  <system-err><![CDATA[]]></system-err>
</testsuite>
