<?xml version="1.0" encoding="UTF-8"?>
<testsuite name="com.distrimind.bouncycastle.cert.path.test.AllTests" tests="1" skipped="0" failures="0" errors="0" timestamp="2020-11-08T08:33:41" hostname="Garage" time="0.009">
  <properties/>
  <testcase name="testSimpleTests" classname="com.distrimind.bouncycastle.cert.path.test.AllTests" time="0.009"/>
  <system-out><![CDATA[]]></system-out>
  <system-err><![CDATA[]]></system-err>
</testsuite>
