<?xml version="1.0" encoding="UTF-8"?>
<testsuite name="com.distrimind.bouncycastle.tsp.test.CMSTimeStampedDataGeneratorTest" tests="3" skipped="0" failures="0" errors="0" timestamp="2021-11-01T15:41:11" hostname="basic" time="0.662">
  <properties/>
  <testcase name="testGenerateWithMetadataAndDifferentAlgorithmIdentifier" classname="com.distrimind.bouncycastle.tsp.test.CMSTimeStampedDataGeneratorTest" time="0.249"/>
  <testcase name="testGenerate" classname="com.distrimind.bouncycastle.tsp.test.CMSTimeStampedDataGeneratorTest" time="0.2"/>
  <testcase name="testGenerateWithMetadata" classname="com.distrimind.bouncycastle.tsp.test.CMSTimeStampedDataGeneratorTest" time="0.213"/>
  <system-out><![CDATA[]]></system-out>
  <system-err><![CDATA[]]></system-err>
</testsuite>
