<?xml version="1.0" encoding="UTF-8"?>
<testsuite name="org.bouncycastle.cert.path.test.AllTests" tests="1" skipped="0" failures="0" errors="0" timestamp="2020-07-09T13:53:47" hostname="Garage" time="0.012">
  <properties/>
  <testcase name="testSimpleTests" classname="org.bouncycastle.cert.path.test.AllTests" time="0.012"/>
  <system-out><![CDATA[]]></system-out>
  <system-err><![CDATA[]]></system-err>
</testsuite>
