<?xml version="1.0" encoding="UTF-8"?>
<testsuite name="com.distrimind.bouncycastle.cert.test.BcCertTest" tests="3" skipped="0" failures="0" errors="0" timestamp="2021-11-01T15:41:09" hostname="basic" time="0.342">
  <properties/>
  <testcase name="CertTest" classname="com.distrimind.bouncycastle.cert.test.BcCertTest" time="0.004"/>
  <testcase name="CertTest" classname="com.distrimind.bouncycastle.cert.test.BcCertTest" time="0.014"/>
  <testcase name="CertTest" classname="com.distrimind.bouncycastle.cert.test.BcCertTest" time="0.324"/>
  <system-out><![CDATA[]]></system-out>
  <system-err><![CDATA[]]></system-err>
</testsuite>
