<?xml version="1.0" encoding="UTF-8"?>
<testsuite name="com.distrimind.bouncycastle.pkcs.test.PKCS8Test" tests="9" skipped="0" failures="0" errors="0" timestamp="2021-05-27T14:24:19" hostname="Garage" time="0.193">
  <properties/>
  <testcase name="testCCMEncryption" classname="com.distrimind.bouncycastle.pkcs.test.PKCS8Test" time="0.048"/>
  <testcase name="testGOST3411" classname="com.distrimind.bouncycastle.pkcs.test.PKCS8Test" time="0.063"/>
  <testcase name="testScryptEncryption" classname="com.distrimind.bouncycastle.pkcs.test.PKCS8Test" time="0.007"/>
  <testcase name="testSHA3_256Encryption" classname="com.distrimind.bouncycastle.pkcs.test.PKCS8Test" time="0.019"/>
  <testcase name="testGCMEncryption" classname="com.distrimind.bouncycastle.pkcs.test.PKCS8Test" time="0.016"/>
  <testcase name="testKWPEncryption" classname="com.distrimind.bouncycastle.pkcs.test.PKCS8Test" time="0.017"/>
  <testcase name="testSHA256" classname="com.distrimind.bouncycastle.pkcs.test.PKCS8Test" time="0.011"/>
  <testcase name="testScrypt" classname="com.distrimind.bouncycastle.pkcs.test.PKCS8Test" time="0.003"/>
  <testcase name="testSHA256Encryption" classname="com.distrimind.bouncycastle.pkcs.test.PKCS8Test" time="0.009"/>
  <system-out><![CDATA[]]></system-out>
  <system-err><![CDATA[]]></system-err>
</testsuite>
