<?xml version="1.0" encoding="UTF-8"?>
<testsuite name="org.bouncycastle.mime.test.MimeParserTest" tests="2" skipped="0" failures="0" errors="0" timestamp="2019-05-14T11:39:44" hostname="Garage2" time="0.002">
  <properties/>
  <testcase name="testMixtureOfHeaders" classname="org.bouncycastle.mime.test.MimeParserTest" time="0.001"/>
  <testcase name="testEndOfHeaders" classname="org.bouncycastle.mime.test.MimeParserTest" time="0.0"/>
  <system-out><![CDATA[]]></system-out>
  <system-err><![CDATA[]]></system-err>
</testsuite>
