<?xml version="1.0" encoding="UTF-8"?>
<testsuite name="org.bouncycastle.cert.test.BcAttrCertSelectorTest" tests="2" skipped="0" failures="0" errors="0" timestamp="2020-06-02T09:05:12" hostname="Garage" time="0.002">
  <properties/>
  <testcase name="AttrCertSelector" classname="org.bouncycastle.cert.test.BcAttrCertSelectorTest" time="0.001"/>
  <testcase name="AttrCertSelector" classname="org.bouncycastle.cert.test.BcAttrCertSelectorTest" time="0.001"/>
  <system-out><![CDATA[]]></system-out>
  <system-err><![CDATA[]]></system-err>
</testsuite>
