<?xml version="1.0" encoding="UTF-8"?>
<testsuite name="org.bouncycastle.cert.cmp.test.AllTests" tests="7" skipped="0" failures="0" errors="0" timestamp="2020-06-02T09:05:04" hostname="Garage" time="0.104">
  <properties/>
  <testcase name="testSampleCr" classname="org.bouncycastle.cert.cmp.test.AllTests" time="0.012"/>
  <testcase name="testSubsequentMessage" classname="org.bouncycastle.cert.cmp.test.AllTests" time="0.011"/>
  <testcase name="testConfirmationMessage" classname="org.bouncycastle.cert.cmp.test.AllTests" time="0.015"/>
  <testcase name="testServerSideKey" classname="org.bouncycastle.cert.cmp.test.AllTests" time="0.019"/>
  <testcase name="testNotBeforeNotAfter" classname="org.bouncycastle.cert.cmp.test.AllTests" time="0.015"/>
  <testcase name="testMacProtectedMessage" classname="org.bouncycastle.cert.cmp.test.AllTests" time="0.023"/>
  <testcase name="testProtectedMessage" classname="org.bouncycastle.cert.cmp.test.AllTests" time="0.008"/>
  <system-out><![CDATA[]]></system-out>
  <system-err><![CDATA[]]></system-err>
</testsuite>
