<?xml version="1.0" encoding="UTF-8"?>
<testsuite name="org.bouncycastle.cms.test.AuthEnvelopedDataTest" tests="4" skipped="0" failures="0" errors="0" timestamp="2020-06-02T09:05:12" hostname="Garage" time="1.655">
  <properties/>
  <testcase name="testAttributes" classname="org.bouncycastle.cms.test.AuthEnvelopedDataTest" time="0.006"/>
  <testcase name="testSample1" classname="org.bouncycastle.cms.test.AuthEnvelopedDataTest" time="0.001"/>
  <testcase name="testAttributes" classname="org.bouncycastle.cms.test.AuthEnvelopedDataTest" time="0.004"/>
  <testcase name="testSample1" classname="org.bouncycastle.cms.test.AuthEnvelopedDataTest" time="0.0"/>
  <system-out><![CDATA[]]></system-out>
  <system-err><![CDATA[]]></system-err>
</testsuite>
