<?xml version="1.0" encoding="UTF-8"?>
<testsuite name="org.bouncycastle.tsp.test.NewTSPTest" tests="3" skipped="0" failures="0" errors="0" timestamp="2020-07-09T13:53:51" hostname="Garage" time="0.109">
  <properties/>
  <testcase name="testSM2withSM3" classname="org.bouncycastle.tsp.test.NewTSPTest" time="0.008"/>
  <testcase name="testGeneral" classname="org.bouncycastle.tsp.test.NewTSPTest" time="0.038"/>
  <testcase name="testCertOrdering" classname="org.bouncycastle.tsp.test.NewTSPTest" time="0.063"/>
  <system-out><![CDATA[]]></system-out>
  <system-err><![CDATA[]]></system-err>
</testsuite>
