<?xml version="1.0" encoding="UTF-8"?>
<testsuite name="com.distrimind.bouncycastle.dvcs.test.AllTests" tests="4" skipped="0" failures="0" errors="0" timestamp="2021-05-27T14:24:28" hostname="Garage" time="0.031">
  <properties/>
  <testcase name="testVSDRequest" classname="com.distrimind.bouncycastle.dvcs.test.AllTests" time="0.029"/>
  <testcase name="testCPDRequest" classname="com.distrimind.bouncycastle.dvcs.test.AllTests" time="0.0"/>
  <testcase name="testCCPDRequest" classname="com.distrimind.bouncycastle.dvcs.test.AllTests" time="0.001"/>
  <testcase name="testVPKCRequest" classname="com.distrimind.bouncycastle.dvcs.test.AllTests" time="0.001"/>
  <system-out><![CDATA[]]></system-out>
  <system-err><![CDATA[]]></system-err>
</testsuite>
