<?xml version="1.0" encoding="UTF-8"?>
<testsuite name="org.bouncycastle.mozilla.test.AllTests" tests="1" skipped="0" failures="0" errors="0" timestamp="2019-05-14T11:40:03" hostname="Garage2" time="0.007">
  <properties/>
  <testcase name="testMozilla" classname="org.bouncycastle.mozilla.test.AllTests" time="0.007"/>
  <system-out><![CDATA[]]></system-out>
  <system-err><![CDATA[]]></system-err>
</testsuite>
