<?xml version="1.0" encoding="UTF-8"?>
<testsuite name="com.distrimind.bouncycastle.mime.test.TestSMIMESignEncrypt" tests="1" skipped="0" failures="0" errors="0" timestamp="2020-11-08T08:33:42" hostname="Garage" time="0.05">
  <properties/>
  <testcase name="testSignThenEncrypt" classname="com.distrimind.bouncycastle.mime.test.TestSMIMESignEncrypt" time="0.05"/>
  <system-out><![CDATA[]]></system-out>
  <system-err><![CDATA[]]></system-err>
</testsuite>
