<?xml version="1.0" encoding="UTF-8"?>
<testsuite name="org.bouncycastle.mime.test.TestBoundaryLimitedInputStream" tests="4" skipped="0" failures="0" errors="0" timestamp="2020-02-14T17:20:09" hostname="Garage" time="0.0">
  <properties/>
  <testcase name="testBoundaryAfterLF" classname="org.bouncycastle.mime.test.TestBoundaryLimitedInputStream" time="0.0"/>
  <testcase name="testBoundaryAfterLFTrailingLine" classname="org.bouncycastle.mime.test.TestBoundaryLimitedInputStream" time="0.0"/>
  <testcase name="testBoundaryAfterCRLF" classname="org.bouncycastle.mime.test.TestBoundaryLimitedInputStream" time="0.0"/>
  <testcase name="testBoundaryAfterCRLFTrailingLineInContent" classname="org.bouncycastle.mime.test.TestBoundaryLimitedInputStream" time="0.0"/>
  <system-out><![CDATA[]]></system-out>
  <system-err><![CDATA[]]></system-err>
</testsuite>
