<?xml version="1.0" encoding="UTF-8"?>
<testsuite name="com.distrimind.bouncycastle.pkcs.test.PKCS10Test" tests="4" skipped="0" failures="0" errors="0" timestamp="2021-05-27T14:24:19" hostname="Garage" time="0.313">
  <properties/>
  <testcase name="testRequest" classname="com.distrimind.bouncycastle.pkcs.test.PKCS10Test" time="0.099"/>
  <testcase name="testLeaveOffEmpty" classname="com.distrimind.bouncycastle.pkcs.test.PKCS10Test" time="0.003"/>
  <testcase name="testRequest" classname="com.distrimind.bouncycastle.pkcs.test.PKCS10Test" time="0.007"/>
  <testcase name="testLeaveOffEmpty" classname="com.distrimind.bouncycastle.pkcs.test.PKCS10Test" time="0.004"/>
  <system-out><![CDATA[]]></system-out>
  <system-err><![CDATA[]]></system-err>
</testsuite>
