<?xml version="1.0" encoding="UTF-8"?>
<testsuite name="com.distrimind.bouncycastle.cert.test.BcCertTest" tests="3" skipped="0" failures="0" errors="0" timestamp="2020-11-08T08:33:41" hostname="Garage" time="0.092">
  <properties/>
  <testcase name="CertTest" classname="com.distrimind.bouncycastle.cert.test.BcCertTest" time="0.002"/>
  <testcase name="CertTest" classname="com.distrimind.bouncycastle.cert.test.BcCertTest" time="0.003"/>
  <testcase name="CertTest" classname="com.distrimind.bouncycastle.cert.test.BcCertTest" time="0.087"/>
  <system-out><![CDATA[]]></system-out>
  <system-err><![CDATA[]]></system-err>
</testsuite>
