<?xml version="1.0" encoding="UTF-8"?>
<testsuite name="org.bouncycastle.cert.test.BcPKCS10Test" tests="1" skipped="0" failures="0" errors="0" timestamp="2020-06-02T09:05:12" hostname="Garage" time="0.024">
  <properties/>
  <testcase name="PKCS10CertRequest" classname="org.bouncycastle.cert.test.BcPKCS10Test" time="0.024"/>
  <system-out><![CDATA[]]></system-out>
  <system-err><![CDATA[]]></system-err>
</testsuite>
