<?xml version="1.0" encoding="UTF-8"?>
<testsuite name="com.distrimind.bouncycastle.cms.test.NewSignedDataTest" tests="87" skipped="0" failures="0" errors="0" timestamp="2021-11-01T15:41:13" hostname="basic" time="0.374">
  <properties/>
  <testcase name="testSHA512_224ithRSADigest" classname="com.distrimind.bouncycastle.cms.test.NewSignedDataTest" time="0.008"/>
  <testcase name="testSHA3_384WithDSAEncapsulated" classname="com.distrimind.bouncycastle.cms.test.NewSignedDataTest" time="0.005"/>
  <testcase name="testECDSASHA3_384Encapsulated" classname="com.distrimind.bouncycastle.cms.test.NewSignedDataTest" time="0.011"/>
  <testcase name="testEncapsulatedCertStoreReplacement" classname="com.distrimind.bouncycastle.cms.test.NewSignedDataTest" time="0.001"/>
  <testcase name="testSHA3_256WithRSAEncapsulated" classname="com.distrimind.bouncycastle.cms.test.NewSignedDataTest" time="0.004"/>
  <testcase name="testDSAEncapsulated" classname="com.distrimind.bouncycastle.cms.test.NewSignedDataTest" time="0.004"/>
  <testcase name="testGOST3411WithECGOST3410Encapsulated" classname="com.distrimind.bouncycastle.cms.test.NewSignedDataTest" time="0.01"/>
  <testcase name="testCounterSig" classname="com.distrimind.bouncycastle.cms.test.NewSignedDataTest" time="0.002"/>
  <testcase name="testSHA3_224WithRSAEncapsulated" classname="com.distrimind.bouncycastle.cms.test.NewSignedDataTest" time="0.003"/>
  <testcase name="testDetachedVerification" classname="com.distrimind.bouncycastle.cms.test.NewSignedDataTest" time="0.002"/>
  <testcase name="testSignerInformationExtension" classname="com.distrimind.bouncycastle.cms.test.NewSignedDataTest" time="0.004"/>
  <testcase name="testSHA256WithRSAEncapsulated" classname="com.distrimind.bouncycastle.cms.test.NewSignedDataTest" time="0.003"/>
  <testcase name="testSHA3_384WithRSADigest" classname="com.distrimind.bouncycastle.cms.test.NewSignedDataTest" time="0.002"/>
  <testcase name="testSHA1WithRSAAndOtherRevocation" classname="com.distrimind.bouncycastle.cms.test.NewSignedDataTest" time="0.001"/>
  <testcase name="testSHA3_224WithRSADigest" classname="com.distrimind.bouncycastle.cms.test.NewSignedDataTest" time="0.001"/>
  <testcase name="testCMSAlgorithmProtection" classname="com.distrimind.bouncycastle.cms.test.NewSignedDataTest" time="0.006"/>
  <testcase name="testSHA3_256WithDSAEncapsulated" classname="com.distrimind.bouncycastle.cms.test.NewSignedDataTest" time="0.002"/>
  <testcase name="testEd25519WithNoAttr" classname="com.distrimind.bouncycastle.cms.test.NewSignedDataTest" time="0.002"/>
  <testcase name="testECDSASHA224Encapsulated" classname="com.distrimind.bouncycastle.cms.test.NewSignedDataTest" time="0.014"/>
  <testcase name="testSHA1WithRSAPSS" classname="com.distrimind.bouncycastle.cms.test.NewSignedDataTest" time="0.003"/>
  <testcase name="testSHA224WithRSAEncapsulated" classname="com.distrimind.bouncycastle.cms.test.NewSignedDataTest" time="0.003"/>
  <testcase name="testSHA3_224WithDSAEncapsulated" classname="com.distrimind.bouncycastle.cms.test.NewSignedDataTest" time="0.003"/>
  <testcase name="testSHA1WithRSAEncapsulated" classname="com.distrimind.bouncycastle.cms.test.NewSignedDataTest" time="0.003"/>
  <testcase name="testSHA1WithRSAAndAttributeTable" classname="com.distrimind.bouncycastle.cms.test.NewSignedDataTest" time="0.003"/>
  <testcase name="testWithAttributeCertificate" classname="com.distrimind.bouncycastle.cms.test.NewSignedDataTest" time="0.002"/>
  <testcase name="testECDSAEncapsulated" classname="com.distrimind.bouncycastle.cms.test.NewSignedDataTest" time="0.022"/>
  <testcase name="testNullContentWithSigner" classname="com.distrimind.bouncycastle.cms.test.NewSignedDataTest" time="0.001"/>
  <testcase name="testEd448" classname="com.distrimind.bouncycastle.cms.test.NewSignedDataTest" time="0.006"/>
  <testcase name="testMixed" classname="com.distrimind.bouncycastle.cms.test.NewSignedDataTest" time="0.001"/>
  <testcase name="testSHA1WithRSAAndAttributeTableSimple" classname="com.distrimind.bouncycastle.cms.test.NewSignedDataTest" time="0.002"/>
  <testcase name="testCertificateManagement" classname="com.distrimind.bouncycastle.cms.test.NewSignedDataTest" time="0.0"/>
  <testcase name="testSHA512WithRSADigest" classname="com.distrimind.bouncycastle.cms.test.NewSignedDataTest" time="0.002"/>
  <testcase name="testUnsortedAttributes" classname="com.distrimind.bouncycastle.cms.test.NewSignedDataTest" time="0.002"/>
  <testcase name="testSHA3_224WithRSAPSS" classname="com.distrimind.bouncycastle.cms.test.NewSignedDataTest" time="0.002"/>
  <testcase name="testECDSASHA3_224Encapsulated" classname="com.distrimind.bouncycastle.cms.test.NewSignedDataTest" time="0.013"/>
  <testcase name="testEncapsulatedSamples" classname="com.distrimind.bouncycastle.cms.test.NewSignedDataTest" time="0.003"/>
  <testcase name="testRIPEMD256WithRSAEncapsulated" classname="com.distrimind.bouncycastle.cms.test.NewSignedDataTest" time="0.004"/>
  <testcase name="testGOST3411WithGOST3410Encapsulated" classname="com.distrimind.bouncycastle.cms.test.NewSignedDataTest" time="0.005"/>
  <testcase name="testECDSASHA512Encapsulated" classname="com.distrimind.bouncycastle.cms.test.NewSignedDataTest" time="0.015"/>
  <testcase name="testCertStoreReplacement" classname="com.distrimind.bouncycastle.cms.test.NewSignedDataTest" time="0.001"/>
  <testcase name="testSHA3_384WithRSAPSS" classname="com.distrimind.bouncycastle.cms.test.NewSignedDataTest" time="0.002"/>
  <testcase name="testDetachedEd25519" classname="com.distrimind.bouncycastle.cms.test.NewSignedDataTest" time="0.003"/>
  <testcase name="testGostNoAttributesEncapsulated" classname="com.distrimind.bouncycastle.cms.test.NewSignedDataTest" time="0.002"/>
  <testcase name="testSHA224WithRSAPSS" classname="com.distrimind.bouncycastle.cms.test.NewSignedDataTest" time="0.002"/>
  <testcase name="testMSPKCS7" classname="com.distrimind.bouncycastle.cms.test.NewSignedDataTest" time="0.003"/>
  <testcase name="testNoAttrEncapsulatedSample" classname="com.distrimind.bouncycastle.cms.test.NewSignedDataTest" time="0.0"/>
  <testcase name="testSHA1AndMD5WithRSAEncapsulatedRepeated" classname="com.distrimind.bouncycastle.cms.test.NewSignedDataTest" time="0.004"/>
  <testcase name="testRIPEMD160WithRSAEncapsulated" classname="com.distrimind.bouncycastle.cms.test.NewSignedDataTest" time="0.004"/>
  <testcase name="testSHA512_256ithRSADigest" classname="com.distrimind.bouncycastle.cms.test.NewSignedDataTest" time="0.002"/>
  <testcase name="testRIPEMD128WithRSAEncapsulated" classname="com.distrimind.bouncycastle.cms.test.NewSignedDataTest" time="0.003"/>
  <testcase name="testSHA1WithRSACounterSignature" classname="com.distrimind.bouncycastle.cms.test.NewSignedDataTest" time="0.003"/>
  <testcase name="testECDSASHA512EncapsulatedWithKeyFactoryAsEC" classname="com.distrimind.bouncycastle.cms.test.NewSignedDataTest" time="0.022"/>
  <testcase name="testSHA256WithRSADigest" classname="com.distrimind.bouncycastle.cms.test.NewSignedDataTest" time="0.001"/>
  <testcase name="testCertOrdering1" classname="com.distrimind.bouncycastle.cms.test.NewSignedDataTest" time="0.0"/>
  <testcase name="testCertOrdering2" classname="com.distrimind.bouncycastle.cms.test.NewSignedDataTest" time="0.0"/>
  <testcase name="testSHA384WithRSAPSS" classname="com.distrimind.bouncycastle.cms.test.NewSignedDataTest" time="0.002"/>
  <testcase name="testSHA1WithRSANoAttributesSimple" classname="com.distrimind.bouncycastle.cms.test.NewSignedDataTest" time="0.001"/>
  <testcase name="testLwSHA1WithRSAAndAttributeTable" classname="com.distrimind.bouncycastle.cms.test.NewSignedDataTest" time="0.002"/>
  <testcase name="testSHA3_256WithRSAPSS" classname="com.distrimind.bouncycastle.cms.test.NewSignedDataTest" time="0.002"/>
  <testcase name="testDSAEncapsulatedSubjectKeyID" classname="com.distrimind.bouncycastle.cms.test.NewSignedDataTest" time="0.003"/>
  <testcase name="testEd448WithNoAttr" classname="com.distrimind.bouncycastle.cms.test.NewSignedDataTest" time="0.002"/>
  <testcase name="testSignerStoreReplacement" classname="com.distrimind.bouncycastle.cms.test.NewSignedDataTest" time="0.005"/>
  <testcase name="testSHA3_512WithRSADigest" classname="com.distrimind.bouncycastle.cms.test.NewSignedDataTest" time="0.002"/>
  <testcase name="testECDSASHA256Encapsulated" classname="com.distrimind.bouncycastle.cms.test.NewSignedDataTest" time="0.016"/>
  <testcase name="testForMultipleCounterSignatures" classname="com.distrimind.bouncycastle.cms.test.NewSignedDataTest" time="0.0"/>
  <testcase name="testECDSASHA3_512Encapsulated" classname="com.distrimind.bouncycastle.cms.test.NewSignedDataTest" time="0.011"/>
  <testcase name="testEdDetached448" classname="com.distrimind.bouncycastle.cms.test.NewSignedDataTest" time="0.004"/>
  <testcase name="testSHA1WithRSADigest" classname="com.distrimind.bouncycastle.cms.test.NewSignedDataTest" time="0.002"/>
  <testcase name="testSHA384WithRSADigest" classname="com.distrimind.bouncycastle.cms.test.NewSignedDataTest" time="0.001"/>
  <testcase name="testSHA224WithRSADigest" classname="com.distrimind.bouncycastle.cms.test.NewSignedDataTest" time="0.002"/>
  <testcase name="testSHA256WithRSAPSS" classname="com.distrimind.bouncycastle.cms.test.NewSignedDataTest" time="0.001"/>
  <testcase name="testECDSASHA384Encapsulated" classname="com.distrimind.bouncycastle.cms.test.NewSignedDataTest" time="0.015"/>
  <testcase name="testSHA3_512WithRSAEncapsulated" classname="com.distrimind.bouncycastle.cms.test.NewSignedDataTest" time="0.003"/>
  <testcase name="testRawSHA256MissingNull" classname="com.distrimind.bouncycastle.cms.test.NewSignedDataTest" time="0.001"/>
  <testcase name="testLwSHA3_256WithRSAAndAttributeTable" classname="com.distrimind.bouncycastle.cms.test.NewSignedDataTest" time="0.002"/>
  <testcase name="testSHA1WithRSAEncapsulatedSubjectKeyID" classname="com.distrimind.bouncycastle.cms.test.NewSignedDataTest" time="0.003"/>
  <testcase name="testSamples" classname="com.distrimind.bouncycastle.cms.test.NewSignedDataTest" time="0.003"/>
  <testcase name="testECDSAEncapsulatedSubjectKeyID" classname="com.distrimind.bouncycastle.cms.test.NewSignedDataTest" time="0.019"/>
  <testcase name="testSHA1WithRSACounterSignatureAndVerifierProvider" classname="com.distrimind.bouncycastle.cms.test.NewSignedDataTest" time="0.003"/>
  <testcase name="testECDSASHA3_256Encapsulated" classname="com.distrimind.bouncycastle.cms.test.NewSignedDataTest" time="0.011"/>
  <testcase name="testSHA3_512WithDSAEncapsulated" classname="com.distrimind.bouncycastle.cms.test.NewSignedDataTest" time="0.003"/>
  <testcase name="testSHA3_384WithRSAEncapsulated" classname="com.distrimind.bouncycastle.cms.test.NewSignedDataTest" time="0.003"/>
  <testcase name="testSHA1WithRSANoAttributes" classname="com.distrimind.bouncycastle.cms.test.NewSignedDataTest" time="0.001"/>
  <testcase name="testEmptyContent" classname="com.distrimind.bouncycastle.cms.test.NewSignedDataTest" time="0.0"/>
  <testcase name="testRemoveAttribute" classname="com.distrimind.bouncycastle.cms.test.NewSignedDataTest" time="0.002"/>
  <testcase name="testSHA3_256WithRSADigest" classname="com.distrimind.bouncycastle.cms.test.NewSignedDataTest" time="0.001"/>
  <testcase name="testEd25519" classname="com.distrimind.bouncycastle.cms.test.NewSignedDataTest" time="0.004"/>
  <system-out><![CDATA[]]></system-out>
  <system-err><![CDATA[]]></system-err>
</testsuite>
