<?xml version="1.0" encoding="UTF-8"?>
<testsuite name="org.bouncycastle.est.test.TestHostNameAuthorizer" tests="9" skipped="0" failures="0" errors="0" timestamp="2019-05-14T11:39:43" hostname="Garage2" time="0.044">
  <properties/>
  <testcase name="testCNMismatch_1" classname="org.bouncycastle.est.test.TestHostNameAuthorizer" time="0.026"/>
  <testcase name="testSANMatch" classname="org.bouncycastle.est.test.TestHostNameAuthorizer" time="0.002"/>
  <testcase name="testCNMatch" classname="org.bouncycastle.est.test.TestHostNameAuthorizer" time="0.002"/>
  <testcase name="testWCMismatch" classname="org.bouncycastle.est.test.TestHostNameAuthorizer" time="0.001"/>
  <testcase name="testSANMismatchIP" classname="org.bouncycastle.est.test.TestHostNameAuthorizer" time="0.004"/>
  <testcase name="testSANMismatchWC" classname="org.bouncycastle.est.test.TestHostNameAuthorizer" time="0.002"/>
  <testcase name="testCNIPMismatch" classname="org.bouncycastle.est.test.TestHostNameAuthorizer" time="0.002"/>
  <testcase name="testSANMatchIP" classname="org.bouncycastle.est.test.TestHostNameAuthorizer" time="0.001"/>
  <testcase name="testSANMatchWC" classname="org.bouncycastle.est.test.TestHostNameAuthorizer" time="0.002"/>
  <system-out><![CDATA[]]></system-out>
  <system-err><![CDATA[]]></system-err>
</testsuite>
