<?xml version="1.0" encoding="UTF-8"?>
<testsuite name="org.bouncycastle.mime.test.TestBoundaryLimitedInputStream" tests="4" skipped="0" failures="0" errors="0" timestamp="2019-05-14T11:39:44" hostname="Garage2" time="0.001">
  <properties/>
  <testcase name="testBoundaryAfterLF" classname="org.bouncycastle.mime.test.TestBoundaryLimitedInputStream" time="0.0"/>
  <testcase name="testBoundaryAfterLFTrailingLine" classname="org.bouncycastle.mime.test.TestBoundaryLimitedInputStream" time="0.001"/>
  <testcase name="testBoundaryAfterCRLF" classname="org.bouncycastle.mime.test.TestBoundaryLimitedInputStream" time="0.0"/>
  <testcase name="testBoundaryAfterCRLFTrailingLineInContent" classname="org.bouncycastle.mime.test.TestBoundaryLimitedInputStream" time="0.0"/>
  <system-out><![CDATA[]]></system-out>
  <system-err><![CDATA[]]></system-err>
</testsuite>
