<?xml version="1.0" encoding="UTF-8"?>
<testsuite name="org.bouncycastle.cert.cmp.test.AllTests" tests="7" skipped="0" failures="0" errors="0" timestamp="2020-07-09T13:53:40" hostname="Garage" time="0.109">
  <properties/>
  <testcase name="testSampleCr" classname="org.bouncycastle.cert.cmp.test.AllTests" time="0.011"/>
  <testcase name="testSubsequentMessage" classname="org.bouncycastle.cert.cmp.test.AllTests" time="0.017"/>
  <testcase name="testConfirmationMessage" classname="org.bouncycastle.cert.cmp.test.AllTests" time="0.011"/>
  <testcase name="testServerSideKey" classname="org.bouncycastle.cert.cmp.test.AllTests" time="0.022"/>
  <testcase name="testNotBeforeNotAfter" classname="org.bouncycastle.cert.cmp.test.AllTests" time="0.012"/>
  <testcase name="testMacProtectedMessage" classname="org.bouncycastle.cert.cmp.test.AllTests" time="0.025"/>
  <testcase name="testProtectedMessage" classname="org.bouncycastle.cert.cmp.test.AllTests" time="0.009"/>
  <system-out><![CDATA[]]></system-out>
  <system-err><![CDATA[]]></system-err>
</testsuite>
