<?xml version="1.0" encoding="UTF-8"?>
<testsuite name="com.distrimind.bouncycastle.cert.crmf.test.AllTests" tests="13" skipped="0" failures="0" errors="0" timestamp="2020-07-14T23:12:41" hostname="Garage" time="0.357">
  <properties/>
  <testcase name="testEncryptedValue" classname="com.distrimind.bouncycastle.cert.crmf.test.AllTests" time="0.017"/>
  <testcase name="testEncryptedValuePassphrase" classname="com.distrimind.bouncycastle.cert.crmf.test.AllTests" time="0.009"/>
  <testcase name="testBcEncryptedValueWithKey" classname="com.distrimind.bouncycastle.cert.crmf.test.AllTests" time="0.013"/>
  <testcase name="testProofOfPossessionWithSender" classname="com.distrimind.bouncycastle.cert.crmf.test.AllTests" time="0.014"/>
  <testcase name="testProofOfPossessionWithTemplate" classname="com.distrimind.bouncycastle.cert.crmf.test.AllTests" time="0.014"/>
  <testcase name="testEncryptedValueWithKey" classname="com.distrimind.bouncycastle.cert.crmf.test.AllTests" time="0.01"/>
  <testcase name="testBasicMessage" classname="com.distrimind.bouncycastle.cert.crmf.test.AllTests" time="0.01"/>
  <testcase name="testBasicMessageWithArchiveControl" classname="com.distrimind.bouncycastle.cert.crmf.test.AllTests" time="0.009"/>
  <testcase name="testEncryptedValuePassphraseWithPadding" classname="com.distrimind.bouncycastle.cert.crmf.test.AllTests" time="0.007"/>
  <testcase name="testKeySizes" classname="com.distrimind.bouncycastle.cert.crmf.test.AllTests" time="0.004"/>
  <testcase name="testEncryptedValueOAEP1" classname="com.distrimind.bouncycastle.cert.crmf.test.AllTests" time="0.101"/>
  <testcase name="testEncryptedValueOAEP2" classname="com.distrimind.bouncycastle.cert.crmf.test.AllTests" time="0.14"/>
  <testcase name="testProofOfPossessionWithoutSender" classname="com.distrimind.bouncycastle.cert.crmf.test.AllTests" time="0.009"/>
  <system-out><![CDATA[]]></system-out>
  <system-err><![CDATA[]]></system-err>
</testsuite>
