<?xml version="1.0" encoding="UTF-8"?>
<testsuite name="com.distrimind.bouncycastle.mime.test.TestSMIMEEnveloped" tests="2" skipped="0" failures="0" errors="0" timestamp="2021-11-01T15:41:15" hostname="basic" time="0.04">
  <properties/>
  <testcase name="testKeyTransAES128" classname="com.distrimind.bouncycastle.mime.test.TestSMIMEEnveloped" time="0.037"/>
  <testcase name="testSMIMEEnveloped" classname="com.distrimind.bouncycastle.mime.test.TestSMIMEEnveloped" time="0.003"/>
  <system-out><![CDATA[]]></system-out>
  <system-err><![CDATA[]]></system-err>
</testsuite>
