<?xml version="1.0" encoding="UTF-8"?>
<testsuite name="org.bouncycastle.mime.test.MultipartParserTest" tests="9" skipped="0" failures="0" errors="0" timestamp="2020-06-02T09:05:03" hostname="Garage" time="0.075">
  <properties/>
  <testcase name="testSignedMultipart" classname="org.bouncycastle.mime.test.MultipartParserTest" time="0.05"/>
  <testcase name="testInvalidSha256SignedMultipart" classname="org.bouncycastle.mime.test.MultipartParserTest" time="0.006"/>
  <testcase name="testParseContentTypeHeader_broken" classname="org.bouncycastle.mime.test.MultipartParserTest" time="0.0"/>
  <testcase name="testMimeMultipart" classname="org.bouncycastle.mime.test.MultipartParserTest" time="0.001"/>
  <testcase name="testParseContentTypeHeader_wellformed" classname="org.bouncycastle.mime.test.MultipartParserTest" time="0.0"/>
  <testcase name="testParseContentTypeHeader_wellformed_multi" classname="org.bouncycastle.mime.test.MultipartParserTest" time="0.0"/>
  <testcase name="testMultipartAlternative" classname="org.bouncycastle.mime.test.MultipartParserTest" time="0.009"/>
  <testcase name="testEmbeddedMultipart" classname="org.bouncycastle.mime.test.MultipartParserTest" time="0.007"/>
  <testcase name="testParseContentTypeHeader_empty_micalg" classname="org.bouncycastle.mime.test.MultipartParserTest" time="0.0"/>
  <system-out><![CDATA[#######################################################################
This is a testmail with a very long line that needs to be broken and some non-ascii chars to enforce quoted-printable encoding: àéè
#######################################################################
#######################################################################

--B_3508900603_19033269
Content-type: multipart/alternative;
	boundary="B_3508900603_18973565"


--B_3508900603_18973565
Content-type: text/plain;
	charset="US-ASCII"
Content-transfer-encoding: 7bit

Test using single, tiny attachment.



--B_3508900603_18973565
Content-type: text/html;
	charset="US-ASCII"
Content-transfer-encoding: quoted-printable

<html><head></head><body style=3D"word-wrap: break-word; -webkit-nbsp-mode: s=
pace; -webkit-line-break: after-white-space; color: rgb(0, 0, 0); font-size:=
 14px; font-family: Calibri, sans-serif;"><div>Test using single, tiny attac=
hment.</div></body></html>

--B_3508900603_18973565--


--B_3508900603_19033269
Content-type: text/plain; name="tinyattachment.txt"
Content-disposition: attachment;
	filename="tinyattachment.txt"
Content-transfer-encoding: base64


eHh4eA==
--B_3508900603_19033269--

#######################################################################
#######################################################################
--------alternative_boundary
Content-Type: text/plain; charset=ISO-8859-1
Content-Transfer-Encoding: quoted-printable

 In Beantwortung Ihrer Datei 'CONTRL__9904144000002_9900496000005_20080409_=
141316.txt' lieferte der
 AKTIF-EDI-Service folgende Ergebnisse:

 --------------------------------------------------------------------------=
--------
 Dateiname                        gepackt   verschl.  Kommentar/Signaturdat=
ei
 =3D=3D=3D=3D=3D=3D=3D=3D=3D=3D=3D=3D=3D=3D=3D=3D=3D=3D=3D=3D=3D=3D=3D=3D=
=3D=3D=3D=3D=3D=3D=3D=3D=3D=3D=3D=3D=3D=3D=3D=3D=3D=3D=3D=3D=3D=3D=3D=3D=3D=
=3D=3D=3D=3D=3D=3D=3D=3D=3D=3D=3D=3D=3D=3D=3D=3D=3D=3D=3D=3D=3D=3D=3D=3D=3D=
=3D=3D=3D=3D=3D=3D=3D=3D
 CONTRL__9904144000002_9900496...     not      not    
 --------------------------------------------------------------------------=
--------




 In response of your processed file 'CONTRL__9904144000002_9900496000005_20=
080409_141316.txt' the
 AKTIF-EDI-Service sent to you the following results:

 --------------------------------------------------------------------------=
--------
 filename                        compressed encrypted comment/sigfile
 =3D=3D=3D=3D=3D=3D=3D=3D=3D=3D=3D=3D=3D=3D=3D=3D=3D=3D=3D=3D=3D=3D=3D=3D=
=3D=3D=3D=3D=3D=3D=3D=3D=3D=3D=3D=3D=3D=3D=3D=3D=3D=3D=3D=3D=3D=3D=3D=3D=3D=
=3D=3D=3D=3D=3D=3D=3D=3D=3D=3D=3D=3D=3D=3D=3D=3D=3D=3D=3D=3D=3D=3D=3D=3D=3D=
=3D=3D=3D=3D=3D=3D=3D=3D
 CONTRL__9904144000002_9900496...     not      not    
 --------------------------------------------------------------------------=
--------



-- 
autogenerated email by AKTIF EDI Service (aedic.sm).
Please do not respond to this emailaddress.


--------alternative_boundary
Content-Type: text/html; charset=ISO-8859-1
Content-Transfer-Encoding: quoted-printable

<!doctype html public "-//w3c//dtd html 4.0 transitional//en">
<html><head><title>processed file</title></head>
<body bgcolor=3D"#ffffff">
<!-- header -->
<b>AKTIF EDI-Service:</b>&nbsp;Konvertierte Datei/converted file 'CONTRL__9=
904144000002_9900496000005_20080409_141316.txt'
<br><br><br>
<!-- body -->
<table cellpadding=3D"3" border=3D"0" align=3D"center">
<tr bgcolor=3D"#330866">
<td valign=3D"top"><font color=3D"#ffffff" face=3D"Verdana,Arial,Helvetica"=
 size=3D"-1"><b>Datei</b></font><br>
<font color=3D"#d1cedc" face=3D"Verdana,Arial,Helvetica" size=3D"-1"><b>fil=
e</b></font></td>
<td valign=3D"top"><font color=3D"#ffffff" face=3D"Verdana,Arial,Helvetica"=
 size=3D"-1"><b>Komprimierung</b></font><br>
<font color=3D"#d1cedc" face=3D"Verdana,Arial,Helvetica" size=3D"-1"><b>com=
pression</b></font></td>
<td valign=3D"top"><font color=3D"#ffffff" face=3D"Verdana,Arial,Helvetica"=
 size=3D"-1"><b>Verschl=FCsselung</b></font><br>
<font color=3D"#d1cedc" face=3D"Verdana,Arial,Helvetica" size=3D"-1"><b>enc=
ryption</b></font></td>
<td valign=3D"top"><font color=3D"#ffffff" face=3D"Verdana,Arial,Helvetica"=
 size=3D"-1"><b>Signaturdatei/Kommentar</b></font><br>
<font color=3D"#d1cedc" face=3D"Verdana,Arial,Helvetica" size=3D"-1"><b>sig=
naturefile/comment</b></font>
</td></tr>
<tr align=3D"center">
<td>CONTRL__9904144000002_9900496000005_20080409_141316.txt</td>
<td>keine/none</td>
<td>keine/none</td>
<td>&nbsp;</td>
</tr>
</tr></table>
<br><br><br><!-- trailer -->
<font face=3D"Verdana,Arial,Helvetica" size=3D"-2">
--&nbsp;<br>autogenerated email by <a href=3D"http://www.aktif-technology.c=
om">AKTIF</a>-EDIService (aedic.sm).
Please do not respond to this emailaddress.</font>
</body></html>


--------alternative_boundary--
#######################################################################
#######################################################################
UNA:+.? 'UNB+UNOC:3+9904144000002:500+9900496000005:500+080409:1024+141316'UNH+129534+CONTRL:D:3:UN:1.3'UCI+90410000031762+9900496000005:500+9904144000002:500+8'UNT+3+129534'UNZ+1+141316'
#######################################################################
#######################################################################

------=_NextPart_001_00E1_01C73A39.F0BAF680
Content-Type: text/plain;
	charset="us-ascii"
Content-Transfer-Encoding: 7bit

Hello



------=_NextPart_001_00E1_01C73A39.F0BAF680
Content-Type: text/plain;
	name="ro.txt"
Content-Transfer-Encoding: quoted-printable
Content-Disposition: attachment;
	filename="ro.txt"

Lieber Ralf

Besten Dank f=FCr die =C4nderungsvorschl=E4ge. Ich werde das heute Abend =
anpassen und dann einreichen.=20
Dann schauen wir. Von der Publizit=E4t her w=E4re eine =
Ver=F6ffentlichung im IEEE Computer schon sehr gut.

Sch=F6n, dass das mit der Offerte geklappt hat. ...


Sch=F6ne Woche und Gruss,

Rolf

------=_NextPart_001_00E1_01C73A39.F0BAF680--

#######################################################################
]]></system-out>
  <system-err><![CDATA[]]></system-err>
</testsuite>
