<?xml version="1.0" encoding="UTF-8"?>
<testsuite name="org.bouncycastle.cms.test.NewSignedDataTest" tests="152" skipped="0" failures="0" errors="0" timestamp="2020-07-09T13:53:48" hostname="Garage" time="1.81">
  <properties/>
  <testcase name="testSHA3_384WithDSAEncapsulated" classname="org.bouncycastle.cms.test.NewSignedDataTest" time="0.006"/>
  <testcase name="testECDSASHA3_384Encapsulated" classname="org.bouncycastle.cms.test.NewSignedDataTest" time="0.015"/>
  <testcase name="testEncapsulatedCertStoreReplacement" classname="org.bouncycastle.cms.test.NewSignedDataTest" time="0.001"/>
  <testcase name="testSHA3_256WithRSAEncapsulated" classname="org.bouncycastle.cms.test.NewSignedDataTest" time="0.003"/>
  <testcase name="testDSAEncapsulated" classname="org.bouncycastle.cms.test.NewSignedDataTest" time="0.001"/>
  <testcase name="testGOST3411WithECGOST3410Encapsulated" classname="org.bouncycastle.cms.test.NewSignedDataTest" time="0.009"/>
  <testcase name="testCounterSig" classname="org.bouncycastle.cms.test.NewSignedDataTest" time="0.001"/>
  <testcase name="testSHA3_224WithRSAEncapsulated" classname="org.bouncycastle.cms.test.NewSignedDataTest" time="0.002"/>
  <testcase name="testDetachedVerification" classname="org.bouncycastle.cms.test.NewSignedDataTest" time="0.002"/>
  <testcase name="testSignerInformationExtension" classname="org.bouncycastle.cms.test.NewSignedDataTest" time="0.002"/>
  <testcase name="testSHA256WithRSAEncapsulated" classname="org.bouncycastle.cms.test.NewSignedDataTest" time="0.002"/>
  <testcase name="testSHA1WithRSAAndOtherRevocation" classname="org.bouncycastle.cms.test.NewSignedDataTest" time="0.001"/>
  <testcase name="testCMSAlgorithmProtection" classname="org.bouncycastle.cms.test.NewSignedDataTest" time="0.002"/>
  <testcase name="testSHA3_256WithDSAEncapsulated" classname="org.bouncycastle.cms.test.NewSignedDataTest" time="0.003"/>
  <testcase name="testEd25519WithNoAttr" classname="org.bouncycastle.cms.test.NewSignedDataTest" time="0.001"/>
  <testcase name="testECDSASHA224Encapsulated" classname="org.bouncycastle.cms.test.NewSignedDataTest" time="0.032"/>
  <testcase name="testSHA1WithRSAPSS" classname="org.bouncycastle.cms.test.NewSignedDataTest" time="0.001"/>
  <testcase name="testSHA224WithRSAEncapsulated" classname="org.bouncycastle.cms.test.NewSignedDataTest" time="0.003"/>
  <testcase name="testSHA3_224WithDSAEncapsulated" classname="org.bouncycastle.cms.test.NewSignedDataTest" time="0.007"/>
  <testcase name="testSHA1WithRSAEncapsulated" classname="org.bouncycastle.cms.test.NewSignedDataTest" time="0.004"/>
  <testcase name="testSHA1WithRSAAndAttributeTable" classname="org.bouncycastle.cms.test.NewSignedDataTest" time="0.003"/>
  <testcase name="testWithAttributeCertificate" classname="org.bouncycastle.cms.test.NewSignedDataTest" time="0.002"/>
  <testcase name="testECDSAEncapsulated" classname="org.bouncycastle.cms.test.NewSignedDataTest" time="0.025"/>
  <testcase name="testNullContentWithSigner" classname="org.bouncycastle.cms.test.NewSignedDataTest" time="0.002"/>
  <testcase name="testEd448" classname="org.bouncycastle.cms.test.NewSignedDataTest" time="0.009"/>
  <testcase name="testMixed" classname="org.bouncycastle.cms.test.NewSignedDataTest" time="0.001"/>
  <testcase name="testSHA1WithRSAAndAttributeTableSimple" classname="org.bouncycastle.cms.test.NewSignedDataTest" time="0.002"/>
  <testcase name="testCertificateManagement" classname="org.bouncycastle.cms.test.NewSignedDataTest" time="0.0"/>
  <testcase name="testUnsortedAttributes" classname="org.bouncycastle.cms.test.NewSignedDataTest" time="0.005"/>
  <testcase name="testSHA3_224WithRSAPSS" classname="org.bouncycastle.cms.test.NewSignedDataTest" time="0.002"/>
  <testcase name="testECDSASHA3_224Encapsulated" classname="org.bouncycastle.cms.test.NewSignedDataTest" time="0.016"/>
  <testcase name="testEncapsulatedSamples" classname="org.bouncycastle.cms.test.NewSignedDataTest" time="0.004"/>
  <testcase name="testRIPEMD256WithRSAEncapsulated" classname="org.bouncycastle.cms.test.NewSignedDataTest" time="0.005"/>
  <testcase name="testGOST3411WithGOST3410Encapsulated" classname="org.bouncycastle.cms.test.NewSignedDataTest" time="0.005"/>
  <testcase name="testECDSASHA512Encapsulated" classname="org.bouncycastle.cms.test.NewSignedDataTest" time="0.026"/>
  <testcase name="testCertStoreReplacement" classname="org.bouncycastle.cms.test.NewSignedDataTest" time="0.002"/>
  <testcase name="testSHA3_384WithRSAPSS" classname="org.bouncycastle.cms.test.NewSignedDataTest" time="0.002"/>
  <testcase name="testDetachedEd25519" classname="org.bouncycastle.cms.test.NewSignedDataTest" time="0.009"/>
  <testcase name="testGostNoAttributesEncapsulated" classname="org.bouncycastle.cms.test.NewSignedDataTest" time="0.002"/>
  <testcase name="testSHA224WithRSAPSS" classname="org.bouncycastle.cms.test.NewSignedDataTest" time="0.001"/>
  <testcase name="testMSPKCS7" classname="org.bouncycastle.cms.test.NewSignedDataTest" time="0.004"/>
  <testcase name="testNoAttrEncapsulatedSample" classname="org.bouncycastle.cms.test.NewSignedDataTest" time="0.001"/>
  <testcase name="testSHA1AndMD5WithRSAEncapsulatedRepeated" classname="org.bouncycastle.cms.test.NewSignedDataTest" time="0.006"/>
  <testcase name="testRIPEMD160WithRSAEncapsulated" classname="org.bouncycastle.cms.test.NewSignedDataTest" time="0.008"/>
  <testcase name="testRIPEMD128WithRSAEncapsulated" classname="org.bouncycastle.cms.test.NewSignedDataTest" time="0.004"/>
  <testcase name="testSHA1WithRSACounterSignature" classname="org.bouncycastle.cms.test.NewSignedDataTest" time="0.004"/>
  <testcase name="testECDSASHA512EncapsulatedWithKeyFactoryAsEC" classname="org.bouncycastle.cms.test.NewSignedDataTest" time="0.024"/>
  <testcase name="testCertOrdering1" classname="org.bouncycastle.cms.test.NewSignedDataTest" time="0.001"/>
  <testcase name="testCertOrdering2" classname="org.bouncycastle.cms.test.NewSignedDataTest" time="0.002"/>
  <testcase name="testSHA384WithRSAPSS" classname="org.bouncycastle.cms.test.NewSignedDataTest" time="0.002"/>
  <testcase name="testSHA1WithRSANoAttributesSimple" classname="org.bouncycastle.cms.test.NewSignedDataTest" time="0.001"/>
  <testcase name="testLwSHA1WithRSAAndAttributeTable" classname="org.bouncycastle.cms.test.NewSignedDataTest" time="0.002"/>
  <testcase name="testSHA3_256WithRSAPSS" classname="org.bouncycastle.cms.test.NewSignedDataTest" time="0.002"/>
  <testcase name="testDSAEncapsulatedSubjectKeyID" classname="org.bouncycastle.cms.test.NewSignedDataTest" time="0.003"/>
  <testcase name="testEd448WithNoAttr" classname="org.bouncycastle.cms.test.NewSignedDataTest" time="0.002"/>
  <testcase name="testSignerStoreReplacement" classname="org.bouncycastle.cms.test.NewSignedDataTest" time="0.003"/>
  <testcase name="testECDSASHA256Encapsulated" classname="org.bouncycastle.cms.test.NewSignedDataTest" time="0.022"/>
  <testcase name="testForMultipleCounterSignatures" classname="org.bouncycastle.cms.test.NewSignedDataTest" time="0.001"/>
  <testcase name="testECDSASHA3_512Encapsulated" classname="org.bouncycastle.cms.test.NewSignedDataTest" time="0.015"/>
  <testcase name="testEdDetached448" classname="org.bouncycastle.cms.test.NewSignedDataTest" time="0.005"/>
  <testcase name="testSHA256WithRSAPSS" classname="org.bouncycastle.cms.test.NewSignedDataTest" time="0.002"/>
  <testcase name="testECDSASHA384Encapsulated" classname="org.bouncycastle.cms.test.NewSignedDataTest" time="0.026"/>
  <testcase name="testSHA3_512WithRSAEncapsulated" classname="org.bouncycastle.cms.test.NewSignedDataTest" time="0.004"/>
  <testcase name="testRawSHA256MissingNull" classname="org.bouncycastle.cms.test.NewSignedDataTest" time="0.002"/>
  <testcase name="testLwSHA3_256WithRSAAndAttributeTable" classname="org.bouncycastle.cms.test.NewSignedDataTest" time="0.002"/>
  <testcase name="testSHA1WithRSAEncapsulatedSubjectKeyID" classname="org.bouncycastle.cms.test.NewSignedDataTest" time="0.003"/>
  <testcase name="testSamples" classname="org.bouncycastle.cms.test.NewSignedDataTest" time="0.003"/>
  <testcase name="testECDSAEncapsulatedSubjectKeyID" classname="org.bouncycastle.cms.test.NewSignedDataTest" time="0.016"/>
  <testcase name="testSHA1WithRSACounterSignatureAndVerifierProvider" classname="org.bouncycastle.cms.test.NewSignedDataTest" time="0.003"/>
  <testcase name="testECDSASHA3_256Encapsulated" classname="org.bouncycastle.cms.test.NewSignedDataTest" time="0.012"/>
  <testcase name="testSHA3_512WithDSAEncapsulated" classname="org.bouncycastle.cms.test.NewSignedDataTest" time="0.002"/>
  <testcase name="testSHA3_384WithRSAEncapsulated" classname="org.bouncycastle.cms.test.NewSignedDataTest" time="0.003"/>
  <testcase name="testSHA1WithRSANoAttributes" classname="org.bouncycastle.cms.test.NewSignedDataTest" time="0.001"/>
  <testcase name="testEmptyContent" classname="org.bouncycastle.cms.test.NewSignedDataTest" time="0.0"/>
  <testcase name="testRemoveAttribute" classname="org.bouncycastle.cms.test.NewSignedDataTest" time="0.002"/>
  <testcase name="testEd25519" classname="org.bouncycastle.cms.test.NewSignedDataTest" time="0.005"/>
  <testcase name="testSHA3_384WithDSAEncapsulated" classname="org.bouncycastle.cms.test.NewSignedDataTest" time="0.005"/>
  <testcase name="testECDSASHA3_384Encapsulated" classname="org.bouncycastle.cms.test.NewSignedDataTest" time="0.009"/>
  <testcase name="testEncapsulatedCertStoreReplacement" classname="org.bouncycastle.cms.test.NewSignedDataTest" time="0.001"/>
  <testcase name="testSHA3_256WithRSAEncapsulated" classname="org.bouncycastle.cms.test.NewSignedDataTest" time="0.001"/>
  <testcase name="testDSAEncapsulated" classname="org.bouncycastle.cms.test.NewSignedDataTest" time="0.001"/>
  <testcase name="testGOST3411WithECGOST3410Encapsulated" classname="org.bouncycastle.cms.test.NewSignedDataTest" time="0.007"/>
  <testcase name="testCounterSig" classname="org.bouncycastle.cms.test.NewSignedDataTest" time="0.001"/>
  <testcase name="testSHA3_224WithRSAEncapsulated" classname="org.bouncycastle.cms.test.NewSignedDataTest" time="0.001"/>
  <testcase name="testDetachedVerification" classname="org.bouncycastle.cms.test.NewSignedDataTest" time="0.002"/>
  <testcase name="testSignerInformationExtension" classname="org.bouncycastle.cms.test.NewSignedDataTest" time="0.001"/>
  <testcase name="testSHA256WithRSAEncapsulated" classname="org.bouncycastle.cms.test.NewSignedDataTest" time="0.001"/>
  <testcase name="testSHA1WithRSAAndOtherRevocation" classname="org.bouncycastle.cms.test.NewSignedDataTest" time="0.001"/>
  <testcase name="testCMSAlgorithmProtection" classname="org.bouncycastle.cms.test.NewSignedDataTest" time="0.001"/>
  <testcase name="testSHA3_256WithDSAEncapsulated" classname="org.bouncycastle.cms.test.NewSignedDataTest" time="0.001"/>
  <testcase name="testEd25519WithNoAttr" classname="org.bouncycastle.cms.test.NewSignedDataTest" time="0.001"/>
  <testcase name="testECDSASHA224Encapsulated" classname="org.bouncycastle.cms.test.NewSignedDataTest" time="0.013"/>
  <testcase name="testSHA1WithRSAPSS" classname="org.bouncycastle.cms.test.NewSignedDataTest" time="0.001"/>
  <testcase name="testSHA224WithRSAEncapsulated" classname="org.bouncycastle.cms.test.NewSignedDataTest" time="0.001"/>
  <testcase name="testSHA3_224WithDSAEncapsulated" classname="org.bouncycastle.cms.test.NewSignedDataTest" time="0.002"/>
  <testcase name="testSHA1WithRSAEncapsulated" classname="org.bouncycastle.cms.test.NewSignedDataTest" time="0.001"/>
  <testcase name="testSHA1WithRSAAndAttributeTable" classname="org.bouncycastle.cms.test.NewSignedDataTest" time="0.001"/>
  <testcase name="testWithAttributeCertificate" classname="org.bouncycastle.cms.test.NewSignedDataTest" time="0.001"/>
  <testcase name="testECDSAEncapsulated" classname="org.bouncycastle.cms.test.NewSignedDataTest" time="0.017"/>
  <testcase name="testNullContentWithSigner" classname="org.bouncycastle.cms.test.NewSignedDataTest" time="0.001"/>
  <testcase name="testEd448" classname="org.bouncycastle.cms.test.NewSignedDataTest" time="0.003"/>
  <testcase name="testMixed" classname="org.bouncycastle.cms.test.NewSignedDataTest" time="0.001"/>
  <testcase name="testSHA1WithRSAAndAttributeTableSimple" classname="org.bouncycastle.cms.test.NewSignedDataTest" time="0.0"/>
  <testcase name="testCertificateManagement" classname="org.bouncycastle.cms.test.NewSignedDataTest" time="0.001"/>
  <testcase name="testUnsortedAttributes" classname="org.bouncycastle.cms.test.NewSignedDataTest" time="0.0"/>
  <testcase name="testSHA3_224WithRSAPSS" classname="org.bouncycastle.cms.test.NewSignedDataTest" time="0.001"/>
  <testcase name="testECDSASHA3_224Encapsulated" classname="org.bouncycastle.cms.test.NewSignedDataTest" time="0.009"/>
  <testcase name="testEncapsulatedSamples" classname="org.bouncycastle.cms.test.NewSignedDataTest" time="0.002"/>
  <testcase name="testRIPEMD256WithRSAEncapsulated" classname="org.bouncycastle.cms.test.NewSignedDataTest" time="0.002"/>
  <testcase name="testGOST3411WithGOST3410Encapsulated" classname="org.bouncycastle.cms.test.NewSignedDataTest" time="0.002"/>
  <testcase name="testECDSASHA512Encapsulated" classname="org.bouncycastle.cms.test.NewSignedDataTest" time="0.013"/>
  <testcase name="testCertStoreReplacement" classname="org.bouncycastle.cms.test.NewSignedDataTest" time="0.001"/>
  <testcase name="testSHA3_384WithRSAPSS" classname="org.bouncycastle.cms.test.NewSignedDataTest" time="0.001"/>
  <testcase name="testDetachedEd25519" classname="org.bouncycastle.cms.test.NewSignedDataTest" time="0.001"/>
  <testcase name="testGostNoAttributesEncapsulated" classname="org.bouncycastle.cms.test.NewSignedDataTest" time="0.002"/>
  <testcase name="testSHA224WithRSAPSS" classname="org.bouncycastle.cms.test.NewSignedDataTest" time="0.0"/>
  <testcase name="testMSPKCS7" classname="org.bouncycastle.cms.test.NewSignedDataTest" time="0.002"/>
  <testcase name="testNoAttrEncapsulatedSample" classname="org.bouncycastle.cms.test.NewSignedDataTest" time="0.0"/>
  <testcase name="testSHA1AndMD5WithRSAEncapsulatedRepeated" classname="org.bouncycastle.cms.test.NewSignedDataTest" time="0.002"/>
  <testcase name="testRIPEMD160WithRSAEncapsulated" classname="org.bouncycastle.cms.test.NewSignedDataTest" time="0.002"/>
  <testcase name="testRIPEMD128WithRSAEncapsulated" classname="org.bouncycastle.cms.test.NewSignedDataTest" time="0.001"/>
  <testcase name="testSHA1WithRSACounterSignature" classname="org.bouncycastle.cms.test.NewSignedDataTest" time="0.002"/>
  <testcase name="testECDSASHA512EncapsulatedWithKeyFactoryAsEC" classname="org.bouncycastle.cms.test.NewSignedDataTest" time="0.013"/>
  <testcase name="testCertOrdering1" classname="org.bouncycastle.cms.test.NewSignedDataTest" time="0.001"/>
  <testcase name="testCertOrdering2" classname="org.bouncycastle.cms.test.NewSignedDataTest" time="0.0"/>
  <testcase name="testSHA384WithRSAPSS" classname="org.bouncycastle.cms.test.NewSignedDataTest" time="0.001"/>
  <testcase name="testSHA1WithRSANoAttributesSimple" classname="org.bouncycastle.cms.test.NewSignedDataTest" time="0.001"/>
  <testcase name="testLwSHA1WithRSAAndAttributeTable" classname="org.bouncycastle.cms.test.NewSignedDataTest" time="0.001"/>
  <testcase name="testSHA3_256WithRSAPSS" classname="org.bouncycastle.cms.test.NewSignedDataTest" time="0.0"/>
  <testcase name="testDSAEncapsulatedSubjectKeyID" classname="org.bouncycastle.cms.test.NewSignedDataTest" time="0.001"/>
  <testcase name="testEd448WithNoAttr" classname="org.bouncycastle.cms.test.NewSignedDataTest" time="0.001"/>
  <testcase name="testSignerStoreReplacement" classname="org.bouncycastle.cms.test.NewSignedDataTest" time="0.002"/>
  <testcase name="testECDSASHA256Encapsulated" classname="org.bouncycastle.cms.test.NewSignedDataTest" time="0.02"/>
  <testcase name="testForMultipleCounterSignatures" classname="org.bouncycastle.cms.test.NewSignedDataTest" time="0.0"/>
  <testcase name="testECDSASHA3_512Encapsulated" classname="org.bouncycastle.cms.test.NewSignedDataTest" time="0.008"/>
  <testcase name="testEdDetached448" classname="org.bouncycastle.cms.test.NewSignedDataTest" time="0.003"/>
  <testcase name="testSHA256WithRSAPSS" classname="org.bouncycastle.cms.test.NewSignedDataTest" time="0.001"/>
  <testcase name="testECDSASHA384Encapsulated" classname="org.bouncycastle.cms.test.NewSignedDataTest" time="0.013"/>
  <testcase name="testSHA3_512WithRSAEncapsulated" classname="org.bouncycastle.cms.test.NewSignedDataTest" time="0.001"/>
  <testcase name="testRawSHA256MissingNull" classname="org.bouncycastle.cms.test.NewSignedDataTest" time="0.001"/>
  <testcase name="testLwSHA3_256WithRSAAndAttributeTable" classname="org.bouncycastle.cms.test.NewSignedDataTest" time="0.001"/>
  <testcase name="testSHA1WithRSAEncapsulatedSubjectKeyID" classname="org.bouncycastle.cms.test.NewSignedDataTest" time="0.001"/>
  <testcase name="testSamples" classname="org.bouncycastle.cms.test.NewSignedDataTest" time="0.001"/>
  <testcase name="testECDSAEncapsulatedSubjectKeyID" classname="org.bouncycastle.cms.test.NewSignedDataTest" time="0.014"/>
  <testcase name="testSHA1WithRSACounterSignatureAndVerifierProvider" classname="org.bouncycastle.cms.test.NewSignedDataTest" time="0.001"/>
  <testcase name="testECDSASHA3_256Encapsulated" classname="org.bouncycastle.cms.test.NewSignedDataTest" time="0.012"/>
  <testcase name="testSHA3_512WithDSAEncapsulated" classname="org.bouncycastle.cms.test.NewSignedDataTest" time="0.001"/>
  <testcase name="testSHA3_384WithRSAEncapsulated" classname="org.bouncycastle.cms.test.NewSignedDataTest" time="0.001"/>
  <testcase name="testSHA1WithRSANoAttributes" classname="org.bouncycastle.cms.test.NewSignedDataTest" time="0.001"/>
  <testcase name="testEmptyContent" classname="org.bouncycastle.cms.test.NewSignedDataTest" time="0.0"/>
  <testcase name="testRemoveAttribute" classname="org.bouncycastle.cms.test.NewSignedDataTest" time="0.001"/>
  <testcase name="testEd25519" classname="org.bouncycastle.cms.test.NewSignedDataTest" time="0.001"/>
  <system-out><![CDATA[]]></system-out>
  <system-err><![CDATA[]]></system-err>
</testsuite>
