<?xml version="1.0" encoding="UTF-8"?>
<testsuite name="com.distrimind.bouncycastle.tsp.test.GenTimeAccuracyUnitTest" tests="8" skipped="0" failures="0" errors="0" timestamp="2021-11-01T15:41:12" hostname="basic" time="0.002">
  <properties/>
  <testcase name="testTwoThreeTwo" classname="com.distrimind.bouncycastle.tsp.test.GenTimeAccuracyUnitTest" time="0.0"/>
  <testcase name="testThreeTwoNull" classname="com.distrimind.bouncycastle.tsp.test.GenTimeAccuracyUnitTest" time="0.0"/>
  <testcase name="testNullNullNull" classname="com.distrimind.bouncycastle.tsp.test.GenTimeAccuracyUnitTest" time="0.0"/>
  <testcase name="testThreeTwoOne" classname="com.distrimind.bouncycastle.tsp.test.GenTimeAccuracyUnitTest" time="0.0"/>
  <testcase name="testZeroTwoThree" classname="com.distrimind.bouncycastle.tsp.test.GenTimeAccuracyUnitTest" time="0.0"/>
  <testcase name="testZeroNullNull" classname="com.distrimind.bouncycastle.tsp.test.GenTimeAccuracyUnitTest" time="0.0"/>
  <testcase name="testOneTwoThree" classname="com.distrimind.bouncycastle.tsp.test.GenTimeAccuracyUnitTest" time="0.0"/>
  <testcase name="testOneNullOne" classname="com.distrimind.bouncycastle.tsp.test.GenTimeAccuracyUnitTest" time="0.001"/>
  <system-out><![CDATA[]]></system-out>
  <system-err><![CDATA[]]></system-err>
</testsuite>
