<?xml version="1.0" encoding="UTF-8"?>
<testsuite name="org.bouncycastle.tsp.test.GenTimeAccuracyUnitTest" tests="8" skipped="0" failures="0" errors="0" timestamp="2020-06-02T09:05:17" hostname="Garage" time="0.0">
  <properties/>
  <testcase name="testTwoThreeTwo" classname="org.bouncycastle.tsp.test.GenTimeAccuracyUnitTest" time="0.0"/>
  <testcase name="testThreeTwoNull" classname="org.bouncycastle.tsp.test.GenTimeAccuracyUnitTest" time="0.0"/>
  <testcase name="testNullNullNull" classname="org.bouncycastle.tsp.test.GenTimeAccuracyUnitTest" time="0.0"/>
  <testcase name="testThreeTwoOne" classname="org.bouncycastle.tsp.test.GenTimeAccuracyUnitTest" time="0.0"/>
  <testcase name="testZeroTwoThree" classname="org.bouncycastle.tsp.test.GenTimeAccuracyUnitTest" time="0.0"/>
  <testcase name="testZeroNullNull" classname="org.bouncycastle.tsp.test.GenTimeAccuracyUnitTest" time="0.0"/>
  <testcase name="testOneTwoThree" classname="org.bouncycastle.tsp.test.GenTimeAccuracyUnitTest" time="0.0"/>
  <testcase name="testOneNullOne" classname="org.bouncycastle.tsp.test.GenTimeAccuracyUnitTest" time="0.0"/>
  <system-out><![CDATA[]]></system-out>
  <system-err><![CDATA[]]></system-err>
</testsuite>
