<?xml version="1.0" encoding="UTF-8"?>
<testsuite name="com.distrimind.bouncycastle.tsp.test.CMSTimeStampedDataParserTest" tests="3" skipped="0" failures="0" errors="0" timestamp="2021-05-27T14:24:28" hostname="Garage" time="0.002">
  <properties/>
  <testcase name="testGetTimeStampTokens" classname="com.distrimind.bouncycastle.tsp.test.CMSTimeStampedDataParserTest" time="0.001"/>
  <testcase name="testValidate" classname="com.distrimind.bouncycastle.tsp.test.CMSTimeStampedDataParserTest" time="0.0"/>
  <testcase name="testValidateAllTokens" classname="com.distrimind.bouncycastle.tsp.test.CMSTimeStampedDataParserTest" time="0.001"/>
  <system-out><![CDATA[]]></system-out>
  <system-err><![CDATA[]]></system-err>
</testsuite>
