<?xml version="1.0" encoding="UTF-8"?>
<testsuite name="com.distrimind.bouncycastle.openssl.test.AllTests" tests="4" skipped="0" failures="0" errors="0" timestamp="2021-05-27T14:24:29" hostname="Garage" time="0.415">
  <properties/>
  <testcase name="testOpenSSL" classname="com.distrimind.bouncycastle.openssl.test.AllTests" time="0.184"/>
  <testcase name="testPKCS8Encrypted" classname="com.distrimind.bouncycastle.openssl.test.AllTests" time="0.218"/>
  <testcase name="testVectors" classname="com.distrimind.bouncycastle.openssl.test.AllTests" time="0.005"/>
  <testcase name="testPKCS8PlainNew" classname="com.distrimind.bouncycastle.openssl.test.AllTests" time="0.008"/>
  <system-out><![CDATA[]]></system-out>
  <system-err><![CDATA[]]></system-err>
</testsuite>
