<?xml version="1.0" encoding="UTF-8"?>
<testsuite name="org.bouncycastle.cms.test.MiscDataStreamTest" tests="4" skipped="0" failures="0" errors="0" timestamp="2020-06-02T09:05:14" hostname="Garage" time="0.588">
  <properties/>
  <testcase name="testSHA1WithRSA" classname="org.bouncycastle.cms.test.MiscDataStreamTest" time="0.005"/>
  <testcase name="testDigestedData" classname="org.bouncycastle.cms.test.MiscDataStreamTest" time="0.001"/>
  <testcase name="testSHA1WithRSA" classname="org.bouncycastle.cms.test.MiscDataStreamTest" time="0.005"/>
  <testcase name="testDigestedData" classname="org.bouncycastle.cms.test.MiscDataStreamTest" time="0.0"/>
  <system-out><![CDATA[]]></system-out>
  <system-err><![CDATA[]]></system-err>
</testsuite>
