<?xml version="1.0" encoding="UTF-8"?>
<testsuite name="com.distrimind.bouncycastle.mime.test.QuotedPrintableTest" tests="6" skipped="0" failures="0" errors="0" timestamp="2020-11-08T08:33:42" hostname="Garage" time="0.001">
  <properties/>
  <testcase name="testInvalid_1" classname="com.distrimind.bouncycastle.mime.test.QuotedPrintableTest" time="0.0"/>
  <testcase name="testInvalid_2" classname="com.distrimind.bouncycastle.mime.test.QuotedPrintableTest" time="0.0"/>
  <testcase name="testInvalid_3" classname="com.distrimind.bouncycastle.mime.test.QuotedPrintableTest" time="0.0"/>
  <testcase name="testQuotedPrintable" classname="com.distrimind.bouncycastle.mime.test.QuotedPrintableTest" time="0.001"/>
  <testcase name="testCRLFHandling" classname="com.distrimind.bouncycastle.mime.test.QuotedPrintableTest" time="0.0"/>
  <testcase name="testLFHandling" classname="com.distrimind.bouncycastle.mime.test.QuotedPrintableTest" time="0.0"/>
  <system-out><![CDATA[]]></system-out>
  <system-err><![CDATA[]]></system-err>
</testsuite>
