<?xml version="1.0" encoding="UTF-8"?>
<testsuite name="org.bouncycastle.cms.test.ConverterTest" tests="2" skipped="0" failures="0" errors="0" timestamp="2019-05-14T11:39:59" hostname="Garage2" time="0.0">
  <properties/>
  <testcase name="testRecipientIdConversion" classname="org.bouncycastle.cms.test.ConverterTest" time="0.0"/>
  <testcase name="testSignerIdConversion" classname="org.bouncycastle.cms.test.ConverterTest" time="0.0"/>
  <system-out><![CDATA[]]></system-out>
  <system-err><![CDATA[]]></system-err>
</testsuite>
