<?xml version="1.0" encoding="UTF-8"?>
<testsuite name="org.bouncycastle.pkcs.test.PKCS8Test" tests="6" skipped="0" failures="0" errors="0" timestamp="2019-05-14T11:40:01" hostname="Garage2" time="0.064">
  <properties/>
  <testcase name="testGOST3411" classname="org.bouncycastle.pkcs.test.PKCS8Test" time="0.046"/>
  <testcase name="testScryptEncryption" classname="org.bouncycastle.pkcs.test.PKCS8Test" time="0.002"/>
  <testcase name="testSHA3_256Encryption" classname="org.bouncycastle.pkcs.test.PKCS8Test" time="0.007"/>
  <testcase name="testSHA256" classname="org.bouncycastle.pkcs.test.PKCS8Test" time="0.004"/>
  <testcase name="testScrypt" classname="org.bouncycastle.pkcs.test.PKCS8Test" time="0.001"/>
  <testcase name="testSHA256Encryption" classname="org.bouncycastle.pkcs.test.PKCS8Test" time="0.004"/>
  <system-out><![CDATA[]]></system-out>
  <system-err><![CDATA[]]></system-err>
</testsuite>
