<?xml version="1.0" encoding="UTF-8"?>
<testsuite name="org.bouncycastle.openssl.test.AllTests" tests="4" skipped="0" failures="0" errors="0" timestamp="2019-05-14T11:40:00" hostname="Garage2" time="0.946">
  <properties/>
  <testcase name="testOpenSSL" classname="org.bouncycastle.openssl.test.AllTests" time="0.658"/>
  <testcase name="testPKCS8Encrypted" classname="org.bouncycastle.openssl.test.AllTests" time="0.216"/>
  <testcase name="testVectors" classname="org.bouncycastle.openssl.test.AllTests" time="0.008"/>
  <testcase name="testPKCS8PlainNew" classname="org.bouncycastle.openssl.test.AllTests" time="0.064"/>
  <system-out><![CDATA[]]></system-out>
  <system-err><![CDATA[]]></system-err>
</testsuite>
