<?xml version="1.0" encoding="UTF-8"?>
<testsuite name="org.bouncycastle.tsp.test.ParseTest" tests="1" skipped="0" failures="0" errors="0" timestamp="2020-02-14T17:20:20" hostname="Garage" time="0.007">
  <properties/>
  <testcase name="ParseTest" classname="org.bouncycastle.tsp.test.ParseTest" time="0.007"/>
  <system-out><![CDATA[]]></system-out>
  <system-err><![CDATA[]]></system-err>
</testsuite>
