<?xml version="1.0" encoding="UTF-8"?>
<testsuite name="com.distrimind.bouncycastle.mime.test.TestSMIMESignEncrypt" tests="1" skipped="0" failures="0" errors="0" timestamp="2021-05-27T14:24:26" hostname="Garage" time="0.036">
  <properties/>
  <testcase name="testSignThenEncrypt" classname="com.distrimind.bouncycastle.mime.test.TestSMIMESignEncrypt" time="0.036"/>
  <system-out><![CDATA[]]></system-out>
  <system-err><![CDATA[]]></system-err>
</testsuite>
