<?xml version="1.0" encoding="UTF-8"?>
<testsuite name="com.distrimind.bouncycastle.cert.test.BcPKCS10Test" tests="1" skipped="0" failures="0" errors="0" timestamp="2020-07-14T23:12:41" hostname="Garage" time="0.019">
  <properties/>
  <testcase name="PKCS10CertRequest" classname="com.distrimind.bouncycastle.cert.test.BcPKCS10Test" time="0.019"/>
  <system-out><![CDATA[]]></system-out>
  <system-err><![CDATA[]]></system-err>
</testsuite>
