<?xml version="1.0" encoding="UTF-8"?>
<testsuite name="org.bouncycastle.cms.test.NewCompressedDataStreamTest" tests="3" skipped="0" failures="0" errors="0" timestamp="2020-06-02T09:05:14" hostname="Garage" time="0.008">
  <properties/>
  <testcase name="test1000" classname="org.bouncycastle.cms.test.NewCompressedDataStreamTest" time="0.008"/>
  <testcase name="testEach" classname="org.bouncycastle.cms.test.NewCompressedDataStreamTest" time="0.0"/>
  <testcase name="testWorkingData" classname="org.bouncycastle.cms.test.NewCompressedDataStreamTest" time="0.0"/>
  <system-out><![CDATA[]]></system-out>
  <system-err><![CDATA[]]></system-err>
</testsuite>
