<?xml version="1.0" encoding="UTF-8"?>
<testsuite name="org.bouncycastle.cert.test.BcCertTest" tests="3" skipped="0" failures="0" errors="0" timestamp="2020-02-14T17:20:16" hostname="Garage" time="0.087">
  <properties/>
  <testcase name="CertTest" classname="org.bouncycastle.cert.test.BcCertTest" time="0.001"/>
  <testcase name="CertTest" classname="org.bouncycastle.cert.test.BcCertTest" time="0.0"/>
  <testcase name="CertTest" classname="org.bouncycastle.cert.test.BcCertTest" time="0.085"/>
  <system-out><![CDATA[]]></system-out>
  <system-err><![CDATA[]]></system-err>
</testsuite>
