<?xml version="1.0" encoding="UTF-8"?>
<testsuite name="org.bouncycastle.mime.test.TestSMIMEEnveloped" tests="2" skipped="0" failures="0" errors="0" timestamp="2020-02-14T17:20:09" hostname="Garage" time="0.144">
  <properties/>
  <testcase name="testKeyTransAES128" classname="org.bouncycastle.mime.test.TestSMIMEEnveloped" time="0.136"/>
  <testcase name="testSMIMEEnveloped" classname="org.bouncycastle.mime.test.TestSMIMEEnveloped" time="0.008"/>
  <system-out><![CDATA[]]></system-out>
  <system-err><![CDATA[]]></system-err>
</testsuite>
