<?xml version="1.0" encoding="UTF-8"?>
<testsuite name="com.distrimind.bouncycastle.pkcs.test.PKCS8Test" tests="9" skipped="0" failures="0" errors="0" timestamp="2020-07-14T23:12:45" hostname="Garage" time="0.076">
  <properties/>
  <testcase name="testCCMEncryption" classname="com.distrimind.bouncycastle.pkcs.test.PKCS8Test" time="0.006"/>
  <testcase name="testGOST3411" classname="com.distrimind.bouncycastle.pkcs.test.PKCS8Test" time="0.043"/>
  <testcase name="testScryptEncryption" classname="com.distrimind.bouncycastle.pkcs.test.PKCS8Test" time="0.001"/>
  <testcase name="testSHA3_256Encryption" classname="com.distrimind.bouncycastle.pkcs.test.PKCS8Test" time="0.006"/>
  <testcase name="testGCMEncryption" classname="com.distrimind.bouncycastle.pkcs.test.PKCS8Test" time="0.006"/>
  <testcase name="testKWPEncryption" classname="com.distrimind.bouncycastle.pkcs.test.PKCS8Test" time="0.007"/>
  <testcase name="testSHA256" classname="com.distrimind.bouncycastle.pkcs.test.PKCS8Test" time="0.003"/>
  <testcase name="testScrypt" classname="com.distrimind.bouncycastle.pkcs.test.PKCS8Test" time="0.001"/>
  <testcase name="testSHA256Encryption" classname="com.distrimind.bouncycastle.pkcs.test.PKCS8Test" time="0.003"/>
  <system-out><![CDATA[]]></system-out>
  <system-err><![CDATA[]]></system-err>
</testsuite>
