<?xml version="1.0" encoding="UTF-8"?>
<testsuite name="com.distrimind.bouncycastle.openssl.test.AllTests" tests="4" skipped="0" failures="0" errors="0" timestamp="2020-07-14T23:12:44" hostname="Garage" time="0.702">
  <properties/>
  <testcase name="testOpenSSL" classname="com.distrimind.bouncycastle.openssl.test.AllTests" time="0.427"/>
  <testcase name="testPKCS8Encrypted" classname="com.distrimind.bouncycastle.openssl.test.AllTests" time="0.235"/>
  <testcase name="testVectors" classname="com.distrimind.bouncycastle.openssl.test.AllTests" time="0.007"/>
  <testcase name="testPKCS8PlainNew" classname="com.distrimind.bouncycastle.openssl.test.AllTests" time="0.033"/>
  <system-out><![CDATA[]]></system-out>
  <system-err><![CDATA[]]></system-err>
</testsuite>
