<?xml version="1.0" encoding="UTF-8"?>
<testsuite name="org.bouncycastle.pkcs.test.PKCS10Test" tests="4" skipped="0" failures="0" errors="0" timestamp="2019-05-14T11:40:01" hostname="Garage2" time="0.078">
  <properties/>
  <testcase name="testRequest" classname="org.bouncycastle.pkcs.test.PKCS10Test" time="0.002"/>
  <testcase name="testLeaveOffEmpty" classname="org.bouncycastle.pkcs.test.PKCS10Test" time="0.001"/>
  <testcase name="testRequest" classname="org.bouncycastle.pkcs.test.PKCS10Test" time="0.004"/>
  <testcase name="testLeaveOffEmpty" classname="org.bouncycastle.pkcs.test.PKCS10Test" time="0.002"/>
  <system-out><![CDATA[]]></system-out>
  <system-err><![CDATA[]]></system-err>
</testsuite>
