<?xml version="1.0" encoding="UTF-8"?>
<testsuite name="org.bouncycastle.cms.test.BcEnvelopedDataTest" tests="50" skipped="0" failures="0" errors="0" timestamp="2020-07-09T13:53:49" hostname="Garage" time="0.57">
  <properties/>
  <testcase name="testKeyTransAES128" classname="org.bouncycastle.cms.test.BcEnvelopedDataTest" time="0.002"/>
  <testcase name="testKeyTransAES192" classname="org.bouncycastle.cms.test.BcEnvelopedDataTest" time="0.0"/>
  <testcase name="testKeyTransAES256" classname="org.bouncycastle.cms.test.BcEnvelopedDataTest" time="0.001"/>
  <testcase name="testECMQVKeyAgree" classname="org.bouncycastle.cms.test.BcEnvelopedDataTest" time="0.011"/>
  <testcase name="testKeyTransCAST5" classname="org.bouncycastle.cms.test.BcEnvelopedDataTest" time="0.001"/>
  <testcase name="testUnprotectedAttributes" classname="org.bouncycastle.cms.test.BcEnvelopedDataTest" time="0.0"/>
  <testcase name="testKeyTransSmallAES" classname="org.bouncycastle.cms.test.BcEnvelopedDataTest" time="0.0"/>
  <testcase name="testAES128KEK" classname="org.bouncycastle.cms.test.BcEnvelopedDataTest" time="0.001"/>
  <testcase name="testAES192KEK" classname="org.bouncycastle.cms.test.BcEnvelopedDataTest" time="0.0"/>
  <testcase name="testAES256KEK" classname="org.bouncycastle.cms.test.BcEnvelopedDataTest" time="0.0"/>
  <testcase name="testKeyTransRC2" classname="org.bouncycastle.cms.test.BcEnvelopedDataTest" time="0.001"/>
  <testcase name="testKeyTransRC4" classname="org.bouncycastle.cms.test.BcEnvelopedDataTest" time="0.001"/>
  <testcase name="testOriginatorInfo" classname="org.bouncycastle.cms.test.BcEnvelopedDataTest" time="0.0"/>
  <testcase name="testECMQVKeyAgreeVectors" classname="org.bouncycastle.cms.test.BcEnvelopedDataTest" time="0.006"/>
  <testcase name="testECMQVKeyAgreeMultiple" classname="org.bouncycastle.cms.test.BcEnvelopedDataTest" time="0.014"/>
  <testcase name="testECKeyAgreeVectors" classname="org.bouncycastle.cms.test.BcEnvelopedDataTest" time="0.004"/>
  <testcase name="testECKeyAgree" classname="org.bouncycastle.cms.test.BcEnvelopedDataTest" time="0.004"/>
  <testcase name="testRFC4134ex5_1" classname="org.bouncycastle.cms.test.BcEnvelopedDataTest" time="0.0"/>
  <testcase name="testRFC4134ex5_2" classname="org.bouncycastle.cms.test.BcEnvelopedDataTest" time="0.001"/>
  <testcase name="testKeyTrans" classname="org.bouncycastle.cms.test.BcEnvelopedDataTest" time="0.0"/>
  <testcase name="testKeyTransLight128RC4" classname="org.bouncycastle.cms.test.BcEnvelopedDataTest" time="0.001"/>
  <testcase name="testKeyTransODES" classname="org.bouncycastle.cms.test.BcEnvelopedDataTest" time="0.001"/>
  <testcase name="testKeyTrans128RC4" classname="org.bouncycastle.cms.test.BcEnvelopedDataTest" time="0.001"/>
  <testcase name="testPasswordAES256" classname="org.bouncycastle.cms.test.BcEnvelopedDataTest" time="0.0"/>
  <testcase name="testPasswordDESEDE" classname="org.bouncycastle.cms.test.BcEnvelopedDataTest" time="0.001"/>
  <testcase name="testKeyTransAES128" classname="org.bouncycastle.cms.test.BcEnvelopedDataTest" time="0.001"/>
  <testcase name="testKeyTransAES192" classname="org.bouncycastle.cms.test.BcEnvelopedDataTest" time="0.0"/>
  <testcase name="testKeyTransAES256" classname="org.bouncycastle.cms.test.BcEnvelopedDataTest" time="0.001"/>
  <testcase name="testECMQVKeyAgree" classname="org.bouncycastle.cms.test.BcEnvelopedDataTest" time="0.011"/>
  <testcase name="testKeyTransCAST5" classname="org.bouncycastle.cms.test.BcEnvelopedDataTest" time="0.001"/>
  <testcase name="testUnprotectedAttributes" classname="org.bouncycastle.cms.test.BcEnvelopedDataTest" time="0.0"/>
  <testcase name="testKeyTransSmallAES" classname="org.bouncycastle.cms.test.BcEnvelopedDataTest" time="0.001"/>
  <testcase name="testAES128KEK" classname="org.bouncycastle.cms.test.BcEnvelopedDataTest" time="0.0"/>
  <testcase name="testAES192KEK" classname="org.bouncycastle.cms.test.BcEnvelopedDataTest" time="0.0"/>
  <testcase name="testAES256KEK" classname="org.bouncycastle.cms.test.BcEnvelopedDataTest" time="0.001"/>
  <testcase name="testKeyTransRC2" classname="org.bouncycastle.cms.test.BcEnvelopedDataTest" time="0.0"/>
  <testcase name="testKeyTransRC4" classname="org.bouncycastle.cms.test.BcEnvelopedDataTest" time="0.001"/>
  <testcase name="testOriginatorInfo" classname="org.bouncycastle.cms.test.BcEnvelopedDataTest" time="0.0"/>
  <testcase name="testECMQVKeyAgreeVectors" classname="org.bouncycastle.cms.test.BcEnvelopedDataTest" time="0.005"/>
  <testcase name="testECMQVKeyAgreeMultiple" classname="org.bouncycastle.cms.test.BcEnvelopedDataTest" time="0.018"/>
  <testcase name="testECKeyAgreeVectors" classname="org.bouncycastle.cms.test.BcEnvelopedDataTest" time="0.003"/>
  <testcase name="testECKeyAgree" classname="org.bouncycastle.cms.test.BcEnvelopedDataTest" time="0.004"/>
  <testcase name="testRFC4134ex5_1" classname="org.bouncycastle.cms.test.BcEnvelopedDataTest" time="0.001"/>
  <testcase name="testRFC4134ex5_2" classname="org.bouncycastle.cms.test.BcEnvelopedDataTest" time="0.0"/>
  <testcase name="testKeyTrans" classname="org.bouncycastle.cms.test.BcEnvelopedDataTest" time="0.001"/>
  <testcase name="testKeyTransLight128RC4" classname="org.bouncycastle.cms.test.BcEnvelopedDataTest" time="0.001"/>
  <testcase name="testKeyTransODES" classname="org.bouncycastle.cms.test.BcEnvelopedDataTest" time="0.0"/>
  <testcase name="testKeyTrans128RC4" classname="org.bouncycastle.cms.test.BcEnvelopedDataTest" time="0.001"/>
  <testcase name="testPasswordAES256" classname="org.bouncycastle.cms.test.BcEnvelopedDataTest" time="0.0"/>
  <testcase name="testPasswordDESEDE" classname="org.bouncycastle.cms.test.BcEnvelopedDataTest" time="0.001"/>
  <system-out><![CDATA[]]></system-out>
  <system-err><![CDATA[]]></system-err>
</testsuite>
