<?xml version="1.0" encoding="UTF-8"?>
<testsuite name="com.distrimind.bouncycastle.cert.test.ConverterTest" tests="1" skipped="0" failures="0" errors="0" timestamp="2020-11-08T08:33:41" hostname="Garage" time="0.001">
  <properties/>
  <testcase name="testCertificateSelectorConversion" classname="com.distrimind.bouncycastle.cert.test.ConverterTest" time="0.001"/>
  <system-out><![CDATA[]]></system-out>
  <system-err><![CDATA[]]></system-err>
</testsuite>
