<?xml version="1.0" encoding="UTF-8"?>
<testsuite name="com.distrimind.bouncycastle.cms.test.NewAuthenticatedDataTest" tests="22" skipped="0" failures="0" errors="0" timestamp="2021-05-27T14:24:28" hostname="Garage" time="0.306">
  <properties/>
  <testcase name="testKeyTransDESede" classname="com.distrimind.bouncycastle.cms.test.NewAuthenticatedDataTest" time="0.004"/>
  <testcase name="testEncoding" classname="com.distrimind.bouncycastle.cms.test.NewAuthenticatedDataTest" time="0.0"/>
  <testcase name="testCMSAlgorithmProtection" classname="com.distrimind.bouncycastle.cms.test.NewAuthenticatedDataTest" time="0.001"/>
  <testcase name="testAES256CCM" classname="com.distrimind.bouncycastle.cms.test.NewAuthenticatedDataTest" time="0.001"/>
  <testcase name="testKeyTransRC2" classname="com.distrimind.bouncycastle.cms.test.NewAuthenticatedDataTest" time="0.0"/>
  <testcase name="testOriginatorInfo" classname="com.distrimind.bouncycastle.cms.test.NewAuthenticatedDataTest" time="0.0"/>
  <testcase name="testKEKDESede" classname="com.distrimind.bouncycastle.cms.test.NewAuthenticatedDataTest" time="0.0"/>
  <testcase name="testKeyTransDESedeWithDigest" classname="com.distrimind.bouncycastle.cms.test.NewAuthenticatedDataTest" time="0.001"/>
  <testcase name="testECKeyAgree" classname="com.distrimind.bouncycastle.cms.test.NewAuthenticatedDataTest" time="0.002"/>
  <testcase name="testKEKDESedeWithDigest" classname="com.distrimind.bouncycastle.cms.test.NewAuthenticatedDataTest" time="0.001"/>
  <testcase name="testPasswordAES256" classname="com.distrimind.bouncycastle.cms.test.NewAuthenticatedDataTest" time="0.0"/>
  <testcase name="testKeyTransDESede" classname="com.distrimind.bouncycastle.cms.test.NewAuthenticatedDataTest" time="0.002"/>
  <testcase name="testEncoding" classname="com.distrimind.bouncycastle.cms.test.NewAuthenticatedDataTest" time="0.0"/>
  <testcase name="testCMSAlgorithmProtection" classname="com.distrimind.bouncycastle.cms.test.NewAuthenticatedDataTest" time="0.0"/>
  <testcase name="testAES256CCM" classname="com.distrimind.bouncycastle.cms.test.NewAuthenticatedDataTest" time="0.001"/>
  <testcase name="testKeyTransRC2" classname="com.distrimind.bouncycastle.cms.test.NewAuthenticatedDataTest" time="0.0"/>
  <testcase name="testOriginatorInfo" classname="com.distrimind.bouncycastle.cms.test.NewAuthenticatedDataTest" time="0.001"/>
  <testcase name="testKEKDESede" classname="com.distrimind.bouncycastle.cms.test.NewAuthenticatedDataTest" time="0.0"/>
  <testcase name="testKeyTransDESedeWithDigest" classname="com.distrimind.bouncycastle.cms.test.NewAuthenticatedDataTest" time="0.0"/>
  <testcase name="testECKeyAgree" classname="com.distrimind.bouncycastle.cms.test.NewAuthenticatedDataTest" time="0.003"/>
  <testcase name="testKEKDESedeWithDigest" classname="com.distrimind.bouncycastle.cms.test.NewAuthenticatedDataTest" time="0.0"/>
  <testcase name="testPasswordAES256" classname="com.distrimind.bouncycastle.cms.test.NewAuthenticatedDataTest" time="0.0"/>
  <system-out><![CDATA[]]></system-out>
  <system-err><![CDATA[]]></system-err>
</testsuite>
