<?xml version="1.0" encoding="UTF-8"?>
<testsuite name="org.bouncycastle.cert.cmp.test.AllTests" tests="7" skipped="0" failures="0" errors="0" timestamp="2020-02-14T17:20:10" hostname="Garage" time="0.116">
  <properties/>
  <testcase name="testSampleCr" classname="org.bouncycastle.cert.cmp.test.AllTests" time="0.013"/>
  <testcase name="testSubsequentMessage" classname="org.bouncycastle.cert.cmp.test.AllTests" time="0.021"/>
  <testcase name="testConfirmationMessage" classname="org.bouncycastle.cert.cmp.test.AllTests" time="0.015"/>
  <testcase name="testServerSideKey" classname="org.bouncycastle.cert.cmp.test.AllTests" time="0.014"/>
  <testcase name="testNotBeforeNotAfter" classname="org.bouncycastle.cert.cmp.test.AllTests" time="0.007"/>
  <testcase name="testMacProtectedMessage" classname="org.bouncycastle.cert.cmp.test.AllTests" time="0.034"/>
  <testcase name="testProtectedMessage" classname="org.bouncycastle.cert.cmp.test.AllTests" time="0.011"/>
  <system-out><![CDATA[]]></system-out>
  <system-err><![CDATA[]]></system-err>
</testsuite>
