<?xml version="1.0" encoding="UTF-8"?>
<testsuite name="org.bouncycastle.openssl.test.AllTests" tests="4" skipped="0" failures="0" errors="0" timestamp="2020-07-09T13:53:50" hostname="Garage" time="0.658">
  <properties/>
  <testcase name="testOpenSSL" classname="org.bouncycastle.openssl.test.AllTests" time="0.419"/>
  <testcase name="testPKCS8Encrypted" classname="org.bouncycastle.openssl.test.AllTests" time="0.198"/>
  <testcase name="testVectors" classname="org.bouncycastle.openssl.test.AllTests" time="0.007"/>
  <testcase name="testPKCS8PlainNew" classname="org.bouncycastle.openssl.test.AllTests" time="0.034"/>
  <system-out><![CDATA[]]></system-out>
  <system-err><![CDATA[]]></system-err>
</testsuite>
