<?xml version="1.0" encoding="UTF-8"?>
<testsuite name="com.distrimind.bouncycastle.mozilla.test.AllTests" tests="1" skipped="0" failures="0" errors="0" timestamp="2020-11-08T08:33:32" hostname="Garage" time="0.013">
  <properties/>
  <testcase name="testMozilla" classname="com.distrimind.bouncycastle.mozilla.test.AllTests" time="0.013"/>
  <system-out><![CDATA[]]></system-out>
  <system-err><![CDATA[]]></system-err>
</testsuite>
