<?xml version="1.0" encoding="UTF-8"?>
<testsuite name="org.bouncycastle.eac.test.AllTests" tests="6" skipped="0" failures="0" errors="0" timestamp="2019-05-14T11:39:43" hostname="Garage2" time="0.451">
  <properties/>
  <testcase name="testGenerateEC" classname="org.bouncycastle.eac.test.AllTests" time="0.162"/>
  <testcase name="testLoadRefCert" classname="org.bouncycastle.eac.test.AllTests" time="0.003"/>
  <testcase name="testLoadCSR" classname="org.bouncycastle.eac.test.AllTests" time="0.011"/>
  <testcase name="testLoadInvalidRequest" classname="org.bouncycastle.eac.test.AllTests" time="0.01"/>
  <testcase name="testLoadCertificate" classname="org.bouncycastle.eac.test.AllTests" time="0.006"/>
  <testcase name="testGenerateRSA" classname="org.bouncycastle.eac.test.AllTests" time="0.259"/>
  <system-out><![CDATA[]]></system-out>
  <system-err><![CDATA[]]></system-err>
</testsuite>
