<?xml version="1.0" encoding="UTF-8"?>
<testsuite name="com.distrimind.bouncycastle.cms.test.MiscDataStreamTest" tests="2" skipped="0" failures="0" errors="0" timestamp="2021-11-01T15:41:14" hostname="basic" time="0.007">
  <properties/>
  <testcase name="testSHA1WithRSA" classname="com.distrimind.bouncycastle.cms.test.MiscDataStreamTest" time="0.007"/>
  <testcase name="testDigestedData" classname="com.distrimind.bouncycastle.cms.test.MiscDataStreamTest" time="0.0"/>
  <system-out><![CDATA[]]></system-out>
  <system-err><![CDATA[]]></system-err>
</testsuite>
