<?xml version="1.0" encoding="UTF-8"?>
<testsuite name="com.distrimind.bouncycastle.dvcs.test.DVCSParseTest" tests="2" skipped="0" failures="0" errors="0" timestamp="2021-05-27T14:24:28" hostname="Garage" time="0.0">
  <properties/>
  <testcase name="testParseResponses" classname="com.distrimind.bouncycastle.dvcs.test.DVCSParseTest" time="0.0"/>
  <testcase name="testParseRequests" classname="com.distrimind.bouncycastle.dvcs.test.DVCSParseTest" time="0.0"/>
  <system-out><![CDATA[]]></system-out>
  <system-err><![CDATA[]]></system-err>
</testsuite>
