<?xml version="1.0" encoding="UTF-8"?>
<testsuite name="org.bouncycastle.cert.test.AllTests" tests="1" skipped="0" failures="0" errors="0" timestamp="2020-06-02T09:05:04" hostname="Garage" time="7.406">
  <properties/>
  <testcase name="testSimpleTests" classname="org.bouncycastle.cert.test.AllTests" time="7.406"/>
  <system-out><![CDATA[]]></system-out>
  <system-err><![CDATA[]]></system-err>
</testsuite>
