<?xml version="1.0" encoding="UTF-8"?>
<testsuite name="com.distrimind.bouncycastle.cert.cmp.test.AllTests" tests="7" skipped="0" failures="0" errors="0" timestamp="2020-07-14T23:12:33" hostname="Garage" time="0.112">
  <properties/>
  <testcase name="testSampleCr" classname="com.distrimind.bouncycastle.cert.cmp.test.AllTests" time="0.012"/>
  <testcase name="testSubsequentMessage" classname="com.distrimind.bouncycastle.cert.cmp.test.AllTests" time="0.015"/>
  <testcase name="testConfirmationMessage" classname="com.distrimind.bouncycastle.cert.cmp.test.AllTests" time="0.016"/>
  <testcase name="testServerSideKey" classname="com.distrimind.bouncycastle.cert.cmp.test.AllTests" time="0.017"/>
  <testcase name="testNotBeforeNotAfter" classname="com.distrimind.bouncycastle.cert.cmp.test.AllTests" time="0.018"/>
  <testcase name="testMacProtectedMessage" classname="com.distrimind.bouncycastle.cert.cmp.test.AllTests" time="0.025"/>
  <testcase name="testProtectedMessage" classname="com.distrimind.bouncycastle.cert.cmp.test.AllTests" time="0.009"/>
  <system-out><![CDATA[]]></system-out>
  <system-err><![CDATA[]]></system-err>
</testsuite>
