<?xml version="1.0" encoding="UTF-8"?>
<testsuite name="org.bouncycastle.cert.cmp.test.AllTests" tests="7" skipped="0" failures="0" errors="0" timestamp="2019-05-14T11:39:45" hostname="Garage2" time="0.143">
  <properties/>
  <testcase name="testSampleCr" classname="org.bouncycastle.cert.cmp.test.AllTests" time="0.012"/>
  <testcase name="testSubsequentMessage" classname="org.bouncycastle.cert.cmp.test.AllTests" time="0.035"/>
  <testcase name="testConfirmationMessage" classname="org.bouncycastle.cert.cmp.test.AllTests" time="0.015"/>
  <testcase name="testServerSideKey" classname="org.bouncycastle.cert.cmp.test.AllTests" time="0.021"/>
  <testcase name="testNotBeforeNotAfter" classname="org.bouncycastle.cert.cmp.test.AllTests" time="0.008"/>
  <testcase name="testMacProtectedMessage" classname="org.bouncycastle.cert.cmp.test.AllTests" time="0.039"/>
  <testcase name="testProtectedMessage" classname="org.bouncycastle.cert.cmp.test.AllTests" time="0.012"/>
  <system-out><![CDATA[]]></system-out>
  <system-err><![CDATA[]]></system-err>
</testsuite>
