<?xml version="1.0" encoding="UTF-8"?>
<testsuite name="com.distrimind.bouncycastle.mime.test.TestSMIMESigned" tests="2" skipped="0" failures="0" errors="0" timestamp="2020-07-14T23:12:33" hostname="Garage" time="0.065">
  <properties/>
  <testcase name="testSimpleGeneration" classname="com.distrimind.bouncycastle.mime.test.TestSMIMESigned" time="0.06"/>
  <testcase name="testEmbeddedMultipartGeneration" classname="com.distrimind.bouncycastle.mime.test.TestSMIMESigned" time="0.005"/>
  <system-out><![CDATA[]]></system-out>
  <system-err><![CDATA[]]></system-err>
</testsuite>
