<?xml version="1.0" encoding="UTF-8"?>
<testsuite name="com.distrimind.bouncycastle.cert.ocsp.test.AllTests" tests="1" skipped="0" failures="0" errors="0" timestamp="2020-07-14T23:12:41" hostname="Garage" time="0.071">
  <properties/>
  <testcase name="testOCSP" classname="com.distrimind.bouncycastle.cert.ocsp.test.AllTests" time="0.071"/>
  <system-out><![CDATA[]]></system-out>
  <system-err><![CDATA[]]></system-err>
</testsuite>
