<?xml version="1.0" encoding="UTF-8"?>
<testsuite name="com.distrimind.bouncycastle.dvcs.test.AllTests" tests="4" skipped="0" failures="0" errors="0" timestamp="2021-11-01T15:41:11" hostname="basic" time="0.072">
  <properties/>
  <testcase name="testVSDRequest" classname="com.distrimind.bouncycastle.dvcs.test.AllTests" time="0.064"/>
  <testcase name="testCPDRequest" classname="com.distrimind.bouncycastle.dvcs.test.AllTests" time="0.002"/>
  <testcase name="testCCPDRequest" classname="com.distrimind.bouncycastle.dvcs.test.AllTests" time="0.002"/>
  <testcase name="testVPKCRequest" classname="com.distrimind.bouncycastle.dvcs.test.AllTests" time="0.004"/>
  <system-out><![CDATA[]]></system-out>
  <system-err><![CDATA[]]></system-err>
</testsuite>
