<?xml version="1.0" encoding="UTF-8"?>
<testsuite name="com.distrimind.bouncycastle.cert.test.BcCertTest" tests="3" skipped="0" failures="0" errors="0" timestamp="2021-05-27T14:24:26" hostname="Garage" time="0.053">
  <properties/>
  <testcase name="CertTest" classname="com.distrimind.bouncycastle.cert.test.BcCertTest" time="0.002"/>
  <testcase name="CertTest" classname="com.distrimind.bouncycastle.cert.test.BcCertTest" time="0.001"/>
  <testcase name="CertTest" classname="com.distrimind.bouncycastle.cert.test.BcCertTest" time="0.05"/>
  <system-out><![CDATA[]]></system-out>
  <system-err><![CDATA[]]></system-err>
</testsuite>
