<?xml version="1.0" encoding="UTF-8"?>
<testsuite name="com.distrimind.bouncycastle.dvcs.test.DVCSParseTest" tests="2" skipped="0" failures="0" errors="0" timestamp="2020-07-14T23:12:45" hostname="Garage" time="0.002">
  <properties/>
  <testcase name="testParseResponses" classname="com.distrimind.bouncycastle.dvcs.test.DVCSParseTest" time="0.002"/>
  <testcase name="testParseRequests" classname="com.distrimind.bouncycastle.dvcs.test.DVCSParseTest" time="0.0"/>
  <system-out><![CDATA[]]></system-out>
  <system-err><![CDATA[]]></system-err>
</testsuite>
