<?xml version="1.0" encoding="UTF-8"?>
<testsuite name="com.distrimind.bouncycastle.tsp.test.ERSTest" tests="6" skipped="0" failures="0" errors="0" timestamp="2021-11-01T15:41:12" hostname="basic" time="0.169">
  <properties/>
  <testcase name="test4NodeBuild" classname="com.distrimind.bouncycastle.tsp.test.ERSTest" time="0.003"/>
  <testcase name="testBasicBuild" classname="com.distrimind.bouncycastle.tsp.test.ERSTest" time="0.068"/>
  <testcase name="testSort" classname="com.distrimind.bouncycastle.tsp.test.ERSTest" time="0.004"/>
  <testcase name="testBasicBuildEvidenceRecord" classname="com.distrimind.bouncycastle.tsp.test.ERSTest" time="0.055"/>
  <testcase name="testSingleTimeStamp" classname="com.distrimind.bouncycastle.tsp.test.ERSTest" time="0.036"/>
  <testcase name="testDirUtil" classname="com.distrimind.bouncycastle.tsp.test.ERSTest" time="0.003"/>
  <system-out><![CDATA[]]></system-out>
  <system-err><![CDATA[]]></system-err>
</testsuite>
