<?xml version="1.0" encoding="UTF-8"?>
<testsuite name="org.bouncycastle.cert.test.BcCertTest" tests="3" skipped="0" failures="0" errors="0" timestamp="2020-07-09T13:53:47" hostname="Garage" time="0.106">
  <properties/>
  <testcase name="CertTest" classname="org.bouncycastle.cert.test.BcCertTest" time="0.0"/>
  <testcase name="CertTest" classname="org.bouncycastle.cert.test.BcCertTest" time="0.001"/>
  <testcase name="CertTest" classname="org.bouncycastle.cert.test.BcCertTest" time="0.105"/>
  <system-out><![CDATA[]]></system-out>
  <system-err><![CDATA[]]></system-err>
</testsuite>
