<?xml version="1.0" encoding="UTF-8"?>
<testsuite name="org.bouncycastle.pkcs.test.PKCS8Test" tests="9" skipped="0" failures="0" errors="0" timestamp="2020-02-14T17:20:20" hostname="Garage" time="0.077">
  <properties/>
  <testcase name="testCCMEncryption" classname="org.bouncycastle.pkcs.test.PKCS8Test" time="0.006"/>
  <testcase name="testGOST3411" classname="org.bouncycastle.pkcs.test.PKCS8Test" time="0.043"/>
  <testcase name="testScryptEncryption" classname="org.bouncycastle.pkcs.test.PKCS8Test" time="0.001"/>
  <testcase name="testSHA3_256Encryption" classname="org.bouncycastle.pkcs.test.PKCS8Test" time="0.006"/>
  <testcase name="testGCMEncryption" classname="org.bouncycastle.pkcs.test.PKCS8Test" time="0.006"/>
  <testcase name="testKWPEncryption" classname="org.bouncycastle.pkcs.test.PKCS8Test" time="0.008"/>
  <testcase name="testSHA256" classname="org.bouncycastle.pkcs.test.PKCS8Test" time="0.003"/>
  <testcase name="testScrypt" classname="org.bouncycastle.pkcs.test.PKCS8Test" time="0.001"/>
  <testcase name="testSHA256Encryption" classname="org.bouncycastle.pkcs.test.PKCS8Test" time="0.003"/>
  <system-out><![CDATA[]]></system-out>
  <system-err><![CDATA[]]></system-err>
</testsuite>
