<?xml version="1.0" encoding="UTF-8"?>
<testsuite name="org.bouncycastle.eac.test.AllTests" tests="6" skipped="0" failures="0" errors="0" timestamp="2020-06-02T09:05:03" hostname="Garage" time="0.276">
  <properties/>
  <testcase name="testGenerateEC" classname="org.bouncycastle.eac.test.AllTests" time="0.184"/>
  <testcase name="testLoadRefCert" classname="org.bouncycastle.eac.test.AllTests" time="0.003"/>
  <testcase name="testLoadCSR" classname="org.bouncycastle.eac.test.AllTests" time="0.008"/>
  <testcase name="testLoadInvalidRequest" classname="org.bouncycastle.eac.test.AllTests" time="0.007"/>
  <testcase name="testLoadCertificate" classname="org.bouncycastle.eac.test.AllTests" time="0.005"/>
  <testcase name="testGenerateRSA" classname="org.bouncycastle.eac.test.AllTests" time="0.069"/>
  <system-out><![CDATA[]]></system-out>
  <system-err><![CDATA[]]></system-err>
</testsuite>
