<?xml version="1.0" encoding="UTF-8"?>
<testsuite name="org.bouncycastle.cms.test.AuthEnvelopedDataTest" tests="4" skipped="0" failures="0" errors="0" timestamp="2020-07-09T13:53:47" hostname="Garage" time="1.896">
  <properties/>
  <testcase name="testAttributes" classname="org.bouncycastle.cms.test.AuthEnvelopedDataTest" time="0.007"/>
  <testcase name="testSample1" classname="org.bouncycastle.cms.test.AuthEnvelopedDataTest" time="0.001"/>
  <testcase name="testAttributes" classname="org.bouncycastle.cms.test.AuthEnvelopedDataTest" time="0.005"/>
  <testcase name="testSample1" classname="org.bouncycastle.cms.test.AuthEnvelopedDataTest" time="0.0"/>
  <system-out><![CDATA[]]></system-out>
  <system-err><![CDATA[]]></system-err>
</testsuite>
