<?xml version="1.0" encoding="UTF-8"?>
<testsuite name="com.distrimind.bouncycastle.cms.test.NewAuthenticatedDataStreamTest" tests="6" skipped="0" failures="0" errors="0" timestamp="2020-07-14T23:12:42" hostname="Garage" time="1.306">
  <properties/>
  <testcase name="testKeyTransDESede" classname="com.distrimind.bouncycastle.cms.test.NewAuthenticatedDataStreamTest" time="0.004"/>
  <testcase name="testOriginatorInfo" classname="com.distrimind.bouncycastle.cms.test.NewAuthenticatedDataStreamTest" time="0.002"/>
  <testcase name="testKeyTransDESedeWithDigest" classname="com.distrimind.bouncycastle.cms.test.NewAuthenticatedDataStreamTest" time="0.002"/>
  <testcase name="testKeyTransDESede" classname="com.distrimind.bouncycastle.cms.test.NewAuthenticatedDataStreamTest" time="0.004"/>
  <testcase name="testOriginatorInfo" classname="com.distrimind.bouncycastle.cms.test.NewAuthenticatedDataStreamTest" time="0.0"/>
  <testcase name="testKeyTransDESedeWithDigest" classname="com.distrimind.bouncycastle.cms.test.NewAuthenticatedDataStreamTest" time="0.001"/>
  <system-out><![CDATA[]]></system-out>
  <system-err><![CDATA[]]></system-err>
</testsuite>
