<?xml version="1.0" encoding="UTF-8"?>
<testsuite name="org.bouncycastle.tsp.test.NewTSPTest" tests="3" skipped="0" failures="0" errors="0" timestamp="2020-06-02T09:05:16" hostname="Garage" time="0.096">
  <properties/>
  <testcase name="testSM2withSM3" classname="org.bouncycastle.tsp.test.NewTSPTest" time="0.007"/>
  <testcase name="testGeneral" classname="org.bouncycastle.tsp.test.NewTSPTest" time="0.056"/>
  <testcase name="testCertOrdering" classname="org.bouncycastle.tsp.test.NewTSPTest" time="0.033"/>
  <system-out><![CDATA[]]></system-out>
  <system-err><![CDATA[]]></system-err>
</testsuite>
