<?xml version="1.0" encoding="UTF-8"?>
<testsuite name="com.distrimind.bouncycastle.eac.test.AllTests" tests="6" skipped="0" failures="0" errors="0" timestamp="2020-11-08T08:33:45" hostname="Garage" time="0.038">
  <properties/>
  <testcase name="testGenerateEC" classname="com.distrimind.bouncycastle.eac.test.AllTests" time="0.012"/>
  <testcase name="testLoadRefCert" classname="com.distrimind.bouncycastle.eac.test.AllTests" time="0.002"/>
  <testcase name="testLoadCSR" classname="com.distrimind.bouncycastle.eac.test.AllTests" time="0.005"/>
  <testcase name="testLoadInvalidRequest" classname="com.distrimind.bouncycastle.eac.test.AllTests" time="0.003"/>
  <testcase name="testLoadCertificate" classname="com.distrimind.bouncycastle.eac.test.AllTests" time="0.003"/>
  <testcase name="testGenerateRSA" classname="com.distrimind.bouncycastle.eac.test.AllTests" time="0.013"/>
  <system-out><![CDATA[]]></system-out>
  <system-err><![CDATA[]]></system-err>
</testsuite>
