<?xml version="1.0" encoding="UTF-8"?>
<testsuite name="org.bouncycastle.operator.test.AllTests" tests="2" skipped="0" failures="0" errors="0" timestamp="2019-05-14T11:40:01" hostname="Garage2" time="0.436">
  <properties/>
  <testcase name="testOaepWrap" classname="org.bouncycastle.operator.test.AllTests" time="0.435"/>
  <testcase name="testAlgorithmNameFinder" classname="org.bouncycastle.operator.test.AllTests" time="0.001"/>
  <system-out><![CDATA[]]></system-out>
  <system-err><![CDATA[]]></system-err>
</testsuite>
