<?xml version="1.0" encoding="UTF-8"?>
<testsuite name="com.distrimind.bouncycastle.mime.test.TestSMIMEEnveloped" tests="2" skipped="0" failures="0" errors="0" timestamp="2020-07-14T23:12:33" hostname="Garage" time="0.205">
  <properties/>
  <testcase name="testKeyTransAES128" classname="com.distrimind.bouncycastle.mime.test.TestSMIMEEnveloped" time="0.197"/>
  <testcase name="testSMIMEEnveloped" classname="com.distrimind.bouncycastle.mime.test.TestSMIMEEnveloped" time="0.008"/>
  <system-out><![CDATA[]]></system-out>
  <system-err><![CDATA[]]></system-err>
</testsuite>
