<?xml version="1.0" encoding="UTF-8"?>
<testsuite name="com.distrimind.bouncycastle.cert.test.AllTests" tests="1" skipped="0" failures="0" errors="0" timestamp="2021-05-27T14:24:20" hostname="Garage" time="6.0">
  <properties/>
  <testcase name="testSimpleTests" classname="com.distrimind.bouncycastle.cert.test.AllTests" time="6.0"/>
  <system-out><![CDATA[]]></system-out>
  <system-err><![CDATA[]]></system-err>
</testsuite>
