<?xml version="1.0" encoding="UTF-8"?>
<testsuite name="com.distrimind.bouncycastle.cert.test.BcAttrCertTest" tests="4" skipped="0" failures="0" errors="0" timestamp="2021-11-01T15:41:09" hostname="basic" time="0.035">
  <properties/>
  <testcase name="AttrCertTest" classname="com.distrimind.bouncycastle.cert.test.BcAttrCertTest" time="0.007"/>
  <testcase name="AttrCertTest" classname="com.distrimind.bouncycastle.cert.test.BcAttrCertTest" time="0.021"/>
  <testcase name="AttrCertTest" classname="com.distrimind.bouncycastle.cert.test.BcAttrCertTest" time="0.004"/>
  <testcase name="AttrCertTest" classname="com.distrimind.bouncycastle.cert.test.BcAttrCertTest" time="0.001"/>
  <system-out><![CDATA[]]></system-out>
  <system-err><![CDATA[]]></system-err>
</testsuite>
