<?xml version="1.0" encoding="UTF-8"?>
<testsuite name="com.distrimind.bouncycastle.tsp.test.CMSTimeStampedDataGeneratorTest" tests="3" skipped="0" failures="0" errors="0" timestamp="2021-05-27T14:24:28" hostname="Garage" time="0.411">
  <properties/>
  <testcase name="testGenerateWithMetadataAndDifferentAlgorithmIdentifier" classname="com.distrimind.bouncycastle.tsp.test.CMSTimeStampedDataGeneratorTest" time="0.168"/>
  <testcase name="testGenerate" classname="com.distrimind.bouncycastle.tsp.test.CMSTimeStampedDataGeneratorTest" time="0.122"/>
  <testcase name="testGenerateWithMetadata" classname="com.distrimind.bouncycastle.tsp.test.CMSTimeStampedDataGeneratorTest" time="0.121"/>
  <system-out><![CDATA[]]></system-out>
  <system-err><![CDATA[]]></system-err>
</testsuite>
