<?xml version="1.0" encoding="UTF-8"?>
<testsuite name="org.bouncycastle.pkcs.test.PfxPduTest" tests="17" skipped="0" failures="0" errors="0" timestamp="2019-05-14T11:40:01" hostname="Garage2" time="0.339">
  <properties/>
  <testcase name="testExceptions" classname="org.bouncycastle.pkcs.test.PfxPduTest" time="0.002"/>
  <testcase name="testCreateTripleDESAndSHA1" classname="org.bouncycastle.pkcs.test.PfxPduTest" time="0.017"/>
  <testcase name="testBasicPKCS12" classname="org.bouncycastle.pkcs.test.PfxPduTest" time="0.002"/>
  <testcase name="testEncryptedPrivateKeyInfoPKCS5" classname="org.bouncycastle.pkcs.test.PfxPduTest" time="0.004"/>
  <testcase name="testGOST1" classname="org.bouncycastle.pkcs.test.PfxPduTest" time="0.11"/>
  <testcase name="testGOST2" classname="org.bouncycastle.pkcs.test.PfxPduTest" time="0.11"/>
  <testcase name="testPKCS5" classname="org.bouncycastle.pkcs.test.PfxPduTest" time="0.038"/>
  <testcase name="testPfxPduMac" classname="org.bouncycastle.pkcs.test.PfxPduTest" time="0.009"/>
  <testcase name="testEncryptedPrivateKeyInfoDESWithMD5" classname="org.bouncycastle.pkcs.test.PfxPduTest" time="0.004"/>
  <testcase name="testBcEncryptedPrivateKeyInfo" classname="org.bouncycastle.pkcs.test.PfxPduTest" time="0.004"/>
  <testcase name="testCreateAES256andSHA256" classname="org.bouncycastle.pkcs.test.PfxPduTest" time="0.012"/>
  <testcase name="testEncryptedPrivateKeyInfoDESWithSHA1" classname="org.bouncycastle.pkcs.test.PfxPduTest" time="0.002"/>
  <testcase name="testKeyBag" classname="org.bouncycastle.pkcs.test.PfxPduTest" time="0.005"/>
  <testcase name="testPfxPdu" classname="org.bouncycastle.pkcs.test.PfxPduTest" time="0.008"/>
  <testcase name="testSafeBagRecovery" classname="org.bouncycastle.pkcs.test.PfxPduTest" time="0.007"/>
  <testcase name="testEncryptedPrivateKeyInfo" classname="org.bouncycastle.pkcs.test.PfxPduTest" time="0.003"/>
  <testcase name="testSHA256withPKCS5" classname="org.bouncycastle.pkcs.test.PfxPduTest" time="0.002"/>
  <system-out><![CDATA[]]></system-out>
  <system-err><![CDATA[]]></system-err>
</testsuite>
