<?xml version="1.0" encoding="UTF-8"?>
<testsuite name="com.distrimind.bouncycastle.mozilla.test.AllTests" tests="1" skipped="0" failures="0" errors="0" timestamp="2020-07-14T23:12:46" hostname="Garage" time="0.006">
  <properties/>
  <testcase name="testMozilla" classname="com.distrimind.bouncycastle.mozilla.test.AllTests" time="0.006"/>
  <system-out><![CDATA[]]></system-out>
  <system-err><![CDATA[]]></system-err>
</testsuite>
