<?xml version="1.0" encoding="UTF-8"?>
<testsuite name="com.distrimind.bouncycastle.cert.test.BcAttrCertSelectorTest" tests="2" skipped="0" failures="0" errors="0" timestamp="2021-11-01T15:41:09" hostname="basic" time="0.097">
  <properties/>
  <testcase name="AttrCertSelector" classname="com.distrimind.bouncycastle.cert.test.BcAttrCertSelectorTest" time="0.09"/>
  <testcase name="AttrCertSelector" classname="com.distrimind.bouncycastle.cert.test.BcAttrCertSelectorTest" time="0.006"/>
  <system-out><![CDATA[]]></system-out>
  <system-err><![CDATA[]]></system-err>
</testsuite>
