<?xml version="1.0" encoding="UTF-8"?>
<testsuite name="org.bouncycastle.mime.test.TestSMIMESigned" tests="2" skipped="0" failures="0" errors="0" timestamp="2020-06-02T09:05:04" hostname="Garage" time="0.123">
  <properties/>
  <testcase name="testSimpleGeneration" classname="org.bouncycastle.mime.test.TestSMIMESigned" time="0.113"/>
  <testcase name="testEmbeddedMultipartGeneration" classname="org.bouncycastle.mime.test.TestSMIMESigned" time="0.01"/>
  <system-out><![CDATA[]]></system-out>
  <system-err><![CDATA[]]></system-err>
</testsuite>
