<?xml version="1.0" encoding="UTF-8"?>
<testsuite name="com.distrimind.bouncycastle.pkcs.test.PfxPduTest" tests="17" skipped="0" failures="0" errors="0" timestamp="2021-11-01T15:41:14" hostname="basic" time="0.36">
  <properties/>
  <testcase name="testExceptions" classname="com.distrimind.bouncycastle.pkcs.test.PfxPduTest" time="0.002"/>
  <testcase name="testCreateTripleDESAndSHA1" classname="com.distrimind.bouncycastle.pkcs.test.PfxPduTest" time="0.029"/>
  <testcase name="testBasicPKCS12" classname="com.distrimind.bouncycastle.pkcs.test.PfxPduTest" time="0.002"/>
  <testcase name="testEncryptedPrivateKeyInfoPKCS5" classname="com.distrimind.bouncycastle.pkcs.test.PfxPduTest" time="0.006"/>
  <testcase name="testGOST1" classname="com.distrimind.bouncycastle.pkcs.test.PfxPduTest" time="0.11"/>
  <testcase name="testGOST2" classname="com.distrimind.bouncycastle.pkcs.test.PfxPduTest" time="0.104"/>
  <testcase name="testPKCS5" classname="com.distrimind.bouncycastle.pkcs.test.PfxPduTest" time="0.04"/>
  <testcase name="testPfxPduMac" classname="com.distrimind.bouncycastle.pkcs.test.PfxPduTest" time="0.016"/>
  <testcase name="testEncryptedPrivateKeyInfoDESWithMD5" classname="com.distrimind.bouncycastle.pkcs.test.PfxPduTest" time="0.005"/>
  <testcase name="testBcEncryptedPrivateKeyInfo" classname="com.distrimind.bouncycastle.pkcs.test.PfxPduTest" time="0.007"/>
  <testcase name="testCreateAES256andSHA256" classname="com.distrimind.bouncycastle.pkcs.test.PfxPduTest" time="0.012"/>
  <testcase name="testEncryptedPrivateKeyInfoDESWithSHA1" classname="com.distrimind.bouncycastle.pkcs.test.PfxPduTest" time="0.002"/>
  <testcase name="testKeyBag" classname="com.distrimind.bouncycastle.pkcs.test.PfxPduTest" time="0.004"/>
  <testcase name="testPfxPdu" classname="com.distrimind.bouncycastle.pkcs.test.PfxPduTest" time="0.008"/>
  <testcase name="testSafeBagRecovery" classname="com.distrimind.bouncycastle.pkcs.test.PfxPduTest" time="0.006"/>
  <testcase name="testEncryptedPrivateKeyInfo" classname="com.distrimind.bouncycastle.pkcs.test.PfxPduTest" time="0.005"/>
  <testcase name="testSHA256withPKCS5" classname="com.distrimind.bouncycastle.pkcs.test.PfxPduTest" time="0.002"/>
  <system-out><![CDATA[]]></system-out>
  <system-err><![CDATA[]]></system-err>
</testsuite>
