<?xml version="1.0" encoding="UTF-8"?>
<testsuite name="com.distrimind.bouncycastle.cert.test.AllTests" tests="1" skipped="0" failures="0" errors="0" timestamp="2020-07-14T23:12:34" hostname="Garage" time="7.151">
  <properties/>
  <testcase name="testSimpleTests" classname="com.distrimind.bouncycastle.cert.test.AllTests" time="7.151"/>
  <system-out><![CDATA[]]></system-out>
  <system-err><![CDATA[]]></system-err>
</testsuite>
