<?xml version="1.0" encoding="UTF-8"?>
<testsuite name="org.bouncycastle.cms.test.NewAuthenticatedDataStreamTest" tests="6" skipped="0" failures="0" errors="0" timestamp="2019-05-14T11:39:56" hostname="Garage2" time="2.042">
  <properties/>
  <testcase name="testKeyTransDESede" classname="org.bouncycastle.cms.test.NewAuthenticatedDataStreamTest" time="0.004"/>
  <testcase name="testOriginatorInfo" classname="org.bouncycastle.cms.test.NewAuthenticatedDataStreamTest" time="0.002"/>
  <testcase name="testKeyTransDESedeWithDigest" classname="org.bouncycastle.cms.test.NewAuthenticatedDataStreamTest" time="0.002"/>
  <testcase name="testKeyTransDESede" classname="org.bouncycastle.cms.test.NewAuthenticatedDataStreamTest" time="0.004"/>
  <testcase name="testOriginatorInfo" classname="org.bouncycastle.cms.test.NewAuthenticatedDataStreamTest" time="0.0"/>
  <testcase name="testKeyTransDESedeWithDigest" classname="org.bouncycastle.cms.test.NewAuthenticatedDataStreamTest" time="0.0"/>
  <system-out><![CDATA[]]></system-out>
  <system-err><![CDATA[]]></system-err>
</testsuite>
