<?xml version="1.0" encoding="UTF-8"?>
<testsuite name="com.distrimind.bouncycastle.cms.test.BcSignedDataTest" tests="84" skipped="0" failures="0" errors="0" timestamp="2020-07-14T23:12:42" hostname="Garage" time="1.591">
  <properties/>
  <testcase name="testEncapsulatedCertStoreReplacement" classname="com.distrimind.bouncycastle.cms.test.BcSignedDataTest" time="0.001"/>
  <testcase name="testDetachedVerificationWithBufferingContentSigner" classname="com.distrimind.bouncycastle.cms.test.BcSignedDataTest" time="0.003"/>
  <testcase name="testDSAEncapsulated" classname="com.distrimind.bouncycastle.cms.test.BcSignedDataTest" time="0.002"/>
  <testcase name="testCounterSig" classname="com.distrimind.bouncycastle.cms.test.BcSignedDataTest" time="0.001"/>
  <testcase name="testDetachedVerification" classname="com.distrimind.bouncycastle.cms.test.BcSignedDataTest" time="0.002"/>
  <testcase name="testSHA256WithRSAEncapsulated" classname="com.distrimind.bouncycastle.cms.test.BcSignedDataTest" time="0.002"/>
  <testcase name="testECDSASHA224Encapsulated" classname="com.distrimind.bouncycastle.cms.test.BcSignedDataTest" time="0.014"/>
  <testcase name="testSHA1WithRSAPSS" classname="com.distrimind.bouncycastle.cms.test.BcSignedDataTest" time="0.001"/>
  <testcase name="testSHA224WithRSAEncapsulated" classname="com.distrimind.bouncycastle.cms.test.BcSignedDataTest" time="0.002"/>
  <testcase name="testSHA1WithRSAEncapsulated" classname="com.distrimind.bouncycastle.cms.test.BcSignedDataTest" time="0.002"/>
  <testcase name="testSHA1WithRSAAndAttributeTable" classname="com.distrimind.bouncycastle.cms.test.BcSignedDataTest" time="0.002"/>
  <testcase name="testWithAttributeCertificate" classname="com.distrimind.bouncycastle.cms.test.BcSignedDataTest" time="0.002"/>
  <testcase name="testECDSAEncapsulated" classname="com.distrimind.bouncycastle.cms.test.BcSignedDataTest" time="0.014"/>
  <testcase name="testNullContentWithSigner" classname="com.distrimind.bouncycastle.cms.test.BcSignedDataTest" time="0.001"/>
  <testcase name="testSHA1WithRSAAndAttributeTableSimple" classname="com.distrimind.bouncycastle.cms.test.BcSignedDataTest" time="0.002"/>
  <testcase name="testUnsortedAttributes" classname="com.distrimind.bouncycastle.cms.test.BcSignedDataTest" time="0.001"/>
  <testcase name="testEncapsulatedSamples" classname="com.distrimind.bouncycastle.cms.test.BcSignedDataTest" time="0.002"/>
  <testcase name="testRIPEMD256WithRSAEncapsulated" classname="com.distrimind.bouncycastle.cms.test.BcSignedDataTest" time="0.004"/>
  <testcase name="testECDSASHA512Encapsulated" classname="com.distrimind.bouncycastle.cms.test.BcSignedDataTest" time="0.017"/>
  <testcase name="testCertStoreReplacement" classname="com.distrimind.bouncycastle.cms.test.BcSignedDataTest" time="0.002"/>
  <testcase name="testSHA224WithRSAPSS" classname="com.distrimind.bouncycastle.cms.test.BcSignedDataTest" time="0.001"/>
  <testcase name="testSHA1AndMD5WithRSAEncapsulatedRepeated" classname="com.distrimind.bouncycastle.cms.test.BcSignedDataTest" time="0.004"/>
  <testcase name="testRIPEMD160WithRSAEncapsulated" classname="com.distrimind.bouncycastle.cms.test.BcSignedDataTest" time="0.004"/>
  <testcase name="testRIPEMD128WithRSAEncapsulated" classname="com.distrimind.bouncycastle.cms.test.BcSignedDataTest" time="0.003"/>
  <testcase name="testSHA1WithRSACounterSignature" classname="com.distrimind.bouncycastle.cms.test.BcSignedDataTest" time="0.003"/>
  <testcase name="testECDSASHA512EncapsulatedWithKeyFactoryAsEC" classname="com.distrimind.bouncycastle.cms.test.BcSignedDataTest" time="0.014"/>
  <testcase name="testCertOrdering1" classname="com.distrimind.bouncycastle.cms.test.BcSignedDataTest" time="0.001"/>
  <testcase name="testCertOrdering2" classname="com.distrimind.bouncycastle.cms.test.BcSignedDataTest" time="0.001"/>
  <testcase name="testSHA384WithRSAPSS" classname="com.distrimind.bouncycastle.cms.test.BcSignedDataTest" time="0.001"/>
  <testcase name="testSHA1WithRSANoAttributesSimple" classname="com.distrimind.bouncycastle.cms.test.BcSignedDataTest" time="0.001"/>
  <testcase name="testLwSHA1WithRSAAndAttributeTable" classname="com.distrimind.bouncycastle.cms.test.BcSignedDataTest" time="0.001"/>
  <testcase name="testDSAEncapsulatedSubjectKeyID" classname="com.distrimind.bouncycastle.cms.test.BcSignedDataTest" time="0.002"/>
  <testcase name="testSignerStoreReplacement" classname="com.distrimind.bouncycastle.cms.test.BcSignedDataTest" time="0.003"/>
  <testcase name="testECDSASHA256Encapsulated" classname="com.distrimind.bouncycastle.cms.test.BcSignedDataTest" time="0.014"/>
  <testcase name="testForMultipleCounterSignatures" classname="com.distrimind.bouncycastle.cms.test.BcSignedDataTest" time="0.0"/>
  <testcase name="testSHA256WithRSAPSS" classname="com.distrimind.bouncycastle.cms.test.BcSignedDataTest" time="0.001"/>
  <testcase name="testECDSASHA384Encapsulated" classname="com.distrimind.bouncycastle.cms.test.BcSignedDataTest" time="0.014"/>
  <testcase name="testSHA1WithRSAEncapsulatedSubjectKeyID" classname="com.distrimind.bouncycastle.cms.test.BcSignedDataTest" time="0.003"/>
  <testcase name="testSamples" classname="com.distrimind.bouncycastle.cms.test.BcSignedDataTest" time="0.002"/>
  <testcase name="testSHA1WithRSAViaConfig" classname="com.distrimind.bouncycastle.cms.test.BcSignedDataTest" time="0.002"/>
  <testcase name="testECDSAEncapsulatedSubjectKeyID" classname="com.distrimind.bouncycastle.cms.test.BcSignedDataTest" time="0.016"/>
  <testcase name="testSHA1WithRSANoAttributes" classname="com.distrimind.bouncycastle.cms.test.BcSignedDataTest" time="0.001"/>
  <testcase name="testEncapsulatedCertStoreReplacement" classname="com.distrimind.bouncycastle.cms.test.BcSignedDataTest" time="0.006"/>
  <testcase name="testDetachedVerificationWithBufferingContentSigner" classname="com.distrimind.bouncycastle.cms.test.BcSignedDataTest" time="0.002"/>
  <testcase name="testDSAEncapsulated" classname="com.distrimind.bouncycastle.cms.test.BcSignedDataTest" time="0.003"/>
  <testcase name="testCounterSig" classname="com.distrimind.bouncycastle.cms.test.BcSignedDataTest" time="0.001"/>
  <testcase name="testDetachedVerification" classname="com.distrimind.bouncycastle.cms.test.BcSignedDataTest" time="0.003"/>
  <testcase name="testSHA256WithRSAEncapsulated" classname="com.distrimind.bouncycastle.cms.test.BcSignedDataTest" time="0.002"/>
  <testcase name="testECDSASHA224Encapsulated" classname="com.distrimind.bouncycastle.cms.test.BcSignedDataTest" time="0.029"/>
  <testcase name="testSHA1WithRSAPSS" classname="com.distrimind.bouncycastle.cms.test.BcSignedDataTest" time="0.001"/>
  <testcase name="testSHA224WithRSAEncapsulated" classname="com.distrimind.bouncycastle.cms.test.BcSignedDataTest" time="0.002"/>
  <testcase name="testSHA1WithRSAEncapsulated" classname="com.distrimind.bouncycastle.cms.test.BcSignedDataTest" time="0.001"/>
  <testcase name="testSHA1WithRSAAndAttributeTable" classname="com.distrimind.bouncycastle.cms.test.BcSignedDataTest" time="0.001"/>
  <testcase name="testWithAttributeCertificate" classname="com.distrimind.bouncycastle.cms.test.BcSignedDataTest" time="0.001"/>
  <testcase name="testECDSAEncapsulated" classname="com.distrimind.bouncycastle.cms.test.BcSignedDataTest" time="0.015"/>
  <testcase name="testNullContentWithSigner" classname="com.distrimind.bouncycastle.cms.test.BcSignedDataTest" time="0.001"/>
  <testcase name="testSHA1WithRSAAndAttributeTableSimple" classname="com.distrimind.bouncycastle.cms.test.BcSignedDataTest" time="0.001"/>
  <testcase name="testUnsortedAttributes" classname="com.distrimind.bouncycastle.cms.test.BcSignedDataTest" time="0.001"/>
  <testcase name="testEncapsulatedSamples" classname="com.distrimind.bouncycastle.cms.test.BcSignedDataTest" time="0.002"/>
  <testcase name="testRIPEMD256WithRSAEncapsulated" classname="com.distrimind.bouncycastle.cms.test.BcSignedDataTest" time="0.002"/>
  <testcase name="testECDSASHA512Encapsulated" classname="com.distrimind.bouncycastle.cms.test.BcSignedDataTest" time="0.013"/>
  <testcase name="testCertStoreReplacement" classname="com.distrimind.bouncycastle.cms.test.BcSignedDataTest" time="0.002"/>
  <testcase name="testSHA224WithRSAPSS" classname="com.distrimind.bouncycastle.cms.test.BcSignedDataTest" time="0.001"/>
  <testcase name="testSHA1AndMD5WithRSAEncapsulatedRepeated" classname="com.distrimind.bouncycastle.cms.test.BcSignedDataTest" time="0.002"/>
  <testcase name="testRIPEMD160WithRSAEncapsulated" classname="com.distrimind.bouncycastle.cms.test.BcSignedDataTest" time="0.002"/>
  <testcase name="testRIPEMD128WithRSAEncapsulated" classname="com.distrimind.bouncycastle.cms.test.BcSignedDataTest" time="0.002"/>
  <testcase name="testSHA1WithRSACounterSignature" classname="com.distrimind.bouncycastle.cms.test.BcSignedDataTest" time="0.002"/>
  <testcase name="testECDSASHA512EncapsulatedWithKeyFactoryAsEC" classname="com.distrimind.bouncycastle.cms.test.BcSignedDataTest" time="0.014"/>
  <testcase name="testCertOrdering1" classname="com.distrimind.bouncycastle.cms.test.BcSignedDataTest" time="0.001"/>
  <testcase name="testCertOrdering2" classname="com.distrimind.bouncycastle.cms.test.BcSignedDataTest" time="0.001"/>
  <testcase name="testSHA384WithRSAPSS" classname="com.distrimind.bouncycastle.cms.test.BcSignedDataTest" time="0.001"/>
  <testcase name="testSHA1WithRSANoAttributesSimple" classname="com.distrimind.bouncycastle.cms.test.BcSignedDataTest" time="0.001"/>
  <testcase name="testLwSHA1WithRSAAndAttributeTable" classname="com.distrimind.bouncycastle.cms.test.BcSignedDataTest" time="0.001"/>
  <testcase name="testDSAEncapsulatedSubjectKeyID" classname="com.distrimind.bouncycastle.cms.test.BcSignedDataTest" time="0.002"/>
  <testcase name="testSignerStoreReplacement" classname="com.distrimind.bouncycastle.cms.test.BcSignedDataTest" time="0.001"/>
  <testcase name="testECDSASHA256Encapsulated" classname="com.distrimind.bouncycastle.cms.test.BcSignedDataTest" time="0.019"/>
  <testcase name="testForMultipleCounterSignatures" classname="com.distrimind.bouncycastle.cms.test.BcSignedDataTest" time="0.001"/>
  <testcase name="testSHA256WithRSAPSS" classname="com.distrimind.bouncycastle.cms.test.BcSignedDataTest" time="0.001"/>
  <testcase name="testECDSASHA384Encapsulated" classname="com.distrimind.bouncycastle.cms.test.BcSignedDataTest" time="0.014"/>
  <testcase name="testSHA1WithRSAEncapsulatedSubjectKeyID" classname="com.distrimind.bouncycastle.cms.test.BcSignedDataTest" time="0.001"/>
  <testcase name="testSamples" classname="com.distrimind.bouncycastle.cms.test.BcSignedDataTest" time="0.002"/>
  <testcase name="testSHA1WithRSAViaConfig" classname="com.distrimind.bouncycastle.cms.test.BcSignedDataTest" time="0.001"/>
  <testcase name="testECDSAEncapsulatedSubjectKeyID" classname="com.distrimind.bouncycastle.cms.test.BcSignedDataTest" time="0.013"/>
  <testcase name="testSHA1WithRSANoAttributes" classname="com.distrimind.bouncycastle.cms.test.BcSignedDataTest" time="0.001"/>
  <system-out><![CDATA[]]></system-out>
  <system-err><![CDATA[]]></system-err>
</testsuite>
