<?xml version="1.0" encoding="UTF-8"?>
<testsuite name="org.bouncycastle.tsp.test.CMSTimeStampedDataGeneratorTest" tests="3" skipped="0" failures="0" errors="0" timestamp="2020-07-09T13:53:52" hostname="Garage" time="0.629">
  <properties/>
  <testcase name="testGenerateWithMetadataAndDifferentAlgorithmIdentifier" classname="org.bouncycastle.tsp.test.CMSTimeStampedDataGeneratorTest" time="0.25"/>
  <testcase name="testGenerate" classname="org.bouncycastle.tsp.test.CMSTimeStampedDataGeneratorTest" time="0.193"/>
  <testcase name="testGenerateWithMetadata" classname="org.bouncycastle.tsp.test.CMSTimeStampedDataGeneratorTest" time="0.186"/>
  <system-out><![CDATA[]]></system-out>
  <system-err><![CDATA[]]></system-err>
</testsuite>
