<?xml version="1.0" encoding="UTF-8"?>
<testsuite name="com.distrimind.bouncycastle.cms.test.AuthEnvelopedDataTest" tests="5" skipped="0" failures="0" errors="0" timestamp="2021-11-01T15:41:14" hostname="basic" time="0.025">
  <properties/>
  <testcase name="testCCM" classname="com.distrimind.bouncycastle.cms.test.AuthEnvelopedDataTest" time="0.017"/>
  <testcase name="testGCM" classname="com.distrimind.bouncycastle.cms.test.AuthEnvelopedDataTest" time="0.002"/>
  <testcase name="testBcCCM" classname="com.distrimind.bouncycastle.cms.test.AuthEnvelopedDataTest" time="0.003"/>
  <testcase name="testBcAttributes" classname="com.distrimind.bouncycastle.cms.test.AuthEnvelopedDataTest" time="0.002"/>
  <testcase name="testSample1" classname="com.distrimind.bouncycastle.cms.test.AuthEnvelopedDataTest" time="0.001"/>
  <system-out><![CDATA[]]></system-out>
  <system-err><![CDATA[]]></system-err>
</testsuite>
