<?xml version="1.0" encoding="UTF-8"?>
<testsuite name="com.distrimind.bouncycastle.est.test.ESTParsingTest" tests="5" skipped="0" failures="0" errors="0" timestamp="2020-07-14T23:12:33" hostname="Garage" time="0.035">
  <properties/>
  <testcase name="testParsingCacertsResponse" classname="com.distrimind.bouncycastle.est.test.ESTParsingTest" time="0.031"/>
  <testcase name="testParsingSimpleEnrolRequest" classname="com.distrimind.bouncycastle.est.test.ESTParsingTest" time="0.002"/>
  <testcase name="testParsingCsrattrs1" classname="com.distrimind.bouncycastle.est.test.ESTParsingTest" time="0.001"/>
  <testcase name="testParsingCsrattrs2" classname="com.distrimind.bouncycastle.est.test.ESTParsingTest" time="0.0"/>
  <testcase name="testParsingSimpleEnrolResponse" classname="com.distrimind.bouncycastle.est.test.ESTParsingTest" time="0.001"/>
  <system-out><![CDATA[]]></system-out>
  <system-err><![CDATA[]]></system-err>
</testsuite>
