<?xml version="1.0" encoding="UTF-8"?>
<testsuite name="com.distrimind.bouncycastle.cms.test.BcEnvelopedDataTest" tests="50" skipped="0" failures="0" errors="0" timestamp="2020-07-14T23:12:43" hostname="Garage" time="0.588">
  <properties/>
  <testcase name="testKeyTransAES128" classname="com.distrimind.bouncycastle.cms.test.BcEnvelopedDataTest" time="0.002"/>
  <testcase name="testKeyTransAES192" classname="com.distrimind.bouncycastle.cms.test.BcEnvelopedDataTest" time="0.0"/>
  <testcase name="testKeyTransAES256" classname="com.distrimind.bouncycastle.cms.test.BcEnvelopedDataTest" time="0.001"/>
  <testcase name="testECMQVKeyAgree" classname="com.distrimind.bouncycastle.cms.test.BcEnvelopedDataTest" time="0.012"/>
  <testcase name="testKeyTransCAST5" classname="com.distrimind.bouncycastle.cms.test.BcEnvelopedDataTest" time="0.001"/>
  <testcase name="testUnprotectedAttributes" classname="com.distrimind.bouncycastle.cms.test.BcEnvelopedDataTest" time="0.001"/>
  <testcase name="testKeyTransSmallAES" classname="com.distrimind.bouncycastle.cms.test.BcEnvelopedDataTest" time="0.0"/>
  <testcase name="testAES128KEK" classname="com.distrimind.bouncycastle.cms.test.BcEnvelopedDataTest" time="0.001"/>
  <testcase name="testAES192KEK" classname="com.distrimind.bouncycastle.cms.test.BcEnvelopedDataTest" time="0.001"/>
  <testcase name="testAES256KEK" classname="com.distrimind.bouncycastle.cms.test.BcEnvelopedDataTest" time="0.0"/>
  <testcase name="testKeyTransRC2" classname="com.distrimind.bouncycastle.cms.test.BcEnvelopedDataTest" time="0.001"/>
  <testcase name="testKeyTransRC4" classname="com.distrimind.bouncycastle.cms.test.BcEnvelopedDataTest" time="0.0"/>
  <testcase name="testOriginatorInfo" classname="com.distrimind.bouncycastle.cms.test.BcEnvelopedDataTest" time="0.001"/>
  <testcase name="testECMQVKeyAgreeVectors" classname="com.distrimind.bouncycastle.cms.test.BcEnvelopedDataTest" time="0.005"/>
  <testcase name="testECMQVKeyAgreeMultiple" classname="com.distrimind.bouncycastle.cms.test.BcEnvelopedDataTest" time="0.015"/>
  <testcase name="testECKeyAgreeVectors" classname="com.distrimind.bouncycastle.cms.test.BcEnvelopedDataTest" time="0.003"/>
  <testcase name="testECKeyAgree" classname="com.distrimind.bouncycastle.cms.test.BcEnvelopedDataTest" time="0.006"/>
  <testcase name="testRFC4134ex5_1" classname="com.distrimind.bouncycastle.cms.test.BcEnvelopedDataTest" time="0.001"/>
  <testcase name="testRFC4134ex5_2" classname="com.distrimind.bouncycastle.cms.test.BcEnvelopedDataTest" time="0.001"/>
  <testcase name="testKeyTrans" classname="com.distrimind.bouncycastle.cms.test.BcEnvelopedDataTest" time="0.001"/>
  <testcase name="testKeyTransLight128RC4" classname="com.distrimind.bouncycastle.cms.test.BcEnvelopedDataTest" time="0.001"/>
  <testcase name="testKeyTransODES" classname="com.distrimind.bouncycastle.cms.test.BcEnvelopedDataTest" time="0.001"/>
  <testcase name="testKeyTrans128RC4" classname="com.distrimind.bouncycastle.cms.test.BcEnvelopedDataTest" time="0.001"/>
  <testcase name="testPasswordAES256" classname="com.distrimind.bouncycastle.cms.test.BcEnvelopedDataTest" time="0.0"/>
  <testcase name="testPasswordDESEDE" classname="com.distrimind.bouncycastle.cms.test.BcEnvelopedDataTest" time="0.001"/>
  <testcase name="testKeyTransAES128" classname="com.distrimind.bouncycastle.cms.test.BcEnvelopedDataTest" time="0.001"/>
  <testcase name="testKeyTransAES192" classname="com.distrimind.bouncycastle.cms.test.BcEnvelopedDataTest" time="0.001"/>
  <testcase name="testKeyTransAES256" classname="com.distrimind.bouncycastle.cms.test.BcEnvelopedDataTest" time="0.0"/>
  <testcase name="testECMQVKeyAgree" classname="com.distrimind.bouncycastle.cms.test.BcEnvelopedDataTest" time="0.01"/>
  <testcase name="testKeyTransCAST5" classname="com.distrimind.bouncycastle.cms.test.BcEnvelopedDataTest" time="0.001"/>
  <testcase name="testUnprotectedAttributes" classname="com.distrimind.bouncycastle.cms.test.BcEnvelopedDataTest" time="0.001"/>
  <testcase name="testKeyTransSmallAES" classname="com.distrimind.bouncycastle.cms.test.BcEnvelopedDataTest" time="0.0"/>
  <testcase name="testAES128KEK" classname="com.distrimind.bouncycastle.cms.test.BcEnvelopedDataTest" time="0.001"/>
  <testcase name="testAES192KEK" classname="com.distrimind.bouncycastle.cms.test.BcEnvelopedDataTest" time="0.0"/>
  <testcase name="testAES256KEK" classname="com.distrimind.bouncycastle.cms.test.BcEnvelopedDataTest" time="0.0"/>
  <testcase name="testKeyTransRC2" classname="com.distrimind.bouncycastle.cms.test.BcEnvelopedDataTest" time="0.001"/>
  <testcase name="testKeyTransRC4" classname="com.distrimind.bouncycastle.cms.test.BcEnvelopedDataTest" time="0.0"/>
  <testcase name="testOriginatorInfo" classname="com.distrimind.bouncycastle.cms.test.BcEnvelopedDataTest" time="0.0"/>
  <testcase name="testECMQVKeyAgreeVectors" classname="com.distrimind.bouncycastle.cms.test.BcEnvelopedDataTest" time="0.005"/>
  <testcase name="testECMQVKeyAgreeMultiple" classname="com.distrimind.bouncycastle.cms.test.BcEnvelopedDataTest" time="0.018"/>
  <testcase name="testECKeyAgreeVectors" classname="com.distrimind.bouncycastle.cms.test.BcEnvelopedDataTest" time="0.003"/>
  <testcase name="testECKeyAgree" classname="com.distrimind.bouncycastle.cms.test.BcEnvelopedDataTest" time="0.003"/>
  <testcase name="testRFC4134ex5_1" classname="com.distrimind.bouncycastle.cms.test.BcEnvelopedDataTest" time="0.001"/>
  <testcase name="testRFC4134ex5_2" classname="com.distrimind.bouncycastle.cms.test.BcEnvelopedDataTest" time="0.001"/>
  <testcase name="testKeyTrans" classname="com.distrimind.bouncycastle.cms.test.BcEnvelopedDataTest" time="0.0"/>
  <testcase name="testKeyTransLight128RC4" classname="com.distrimind.bouncycastle.cms.test.BcEnvelopedDataTest" time="0.001"/>
  <testcase name="testKeyTransODES" classname="com.distrimind.bouncycastle.cms.test.BcEnvelopedDataTest" time="0.0"/>
  <testcase name="testKeyTrans128RC4" classname="com.distrimind.bouncycastle.cms.test.BcEnvelopedDataTest" time="0.001"/>
  <testcase name="testPasswordAES256" classname="com.distrimind.bouncycastle.cms.test.BcEnvelopedDataTest" time="0.001"/>
  <testcase name="testPasswordDESEDE" classname="com.distrimind.bouncycastle.cms.test.BcEnvelopedDataTest" time="0.0"/>
  <system-out><![CDATA[]]></system-out>
  <system-err><![CDATA[]]></system-err>
</testsuite>
