<?xml version="1.0" encoding="UTF-8"?>
<testsuite name="com.distrimind.bouncycastle.cms.test.NewEnvelopedDataTest" tests="130" skipped="0" failures="0" errors="0" timestamp="2020-11-08T08:33:43" hostname="Garage" time="1.027">
  <properties/>
  <testcase name="testKeyTransAES128" classname="com.distrimind.bouncycastle.cms.test.NewEnvelopedDataTest" time="0.004"/>
  <testcase name="testKeyTransAES192" classname="com.distrimind.bouncycastle.cms.test.NewEnvelopedDataTest" time="0.001"/>
  <testcase name="testKeyTransAES256" classname="com.distrimind.bouncycastle.cms.test.NewEnvelopedDataTest" time="0.0"/>
  <testcase name="testOpenSSLVectors" classname="com.distrimind.bouncycastle.cms.test.NewEnvelopedDataTest" time="0.014"/>
  <testcase name="testKeyTransCAST5" classname="com.distrimind.bouncycastle.cms.test.NewEnvelopedDataTest" time="0.001"/>
  <testcase name="testGost3410_2012_KeyAgree" classname="com.distrimind.bouncycastle.cms.test.NewEnvelopedDataTest" time="0.005"/>
  <testcase name="testGost3410_2012_KeyTrans" classname="com.distrimind.bouncycastle.cms.test.NewEnvelopedDataTest" time="0.002"/>
  <testcase name="testUnprotectedAttributes" classname="com.distrimind.bouncycastle.cms.test.NewEnvelopedDataTest" time="0.001"/>
  <testcase name="testFaultyAgreementRecipient" classname="com.distrimind.bouncycastle.cms.test.NewEnvelopedDataTest" time="0.0"/>
  <testcase name="testKeyWrapAlgorithmIdentifiers" classname="com.distrimind.bouncycastle.cms.test.NewEnvelopedDataTest" time="0.035"/>
  <testcase name="testOriginatorInfoGeneration" classname="com.distrimind.bouncycastle.cms.test.NewEnvelopedDataTest" time="0.001"/>
  <testcase name="testKeyTransSmallAES" classname="com.distrimind.bouncycastle.cms.test.NewEnvelopedDataTest" time="0.001"/>
  <testcase name="testAES128KEK" classname="com.distrimind.bouncycastle.cms.test.NewEnvelopedDataTest" time="0.006"/>
  <testcase name="testAES192KEK" classname="com.distrimind.bouncycastle.cms.test.NewEnvelopedDataTest" time="0.001"/>
  <testcase name="testAES256KEK" classname="com.distrimind.bouncycastle.cms.test.NewEnvelopedDataTest" time="0.0"/>
  <testcase name="testGost3410_2012_256_KeyAgree_Creation" classname="com.distrimind.bouncycastle.cms.test.NewEnvelopedDataTest" time="0.004"/>
  <testcase name="testKeyTransDES" classname="com.distrimind.bouncycastle.cms.test.NewEnvelopedDataTest" time="0.002"/>
  <testcase name="testKeyTransRC4" classname="com.distrimind.bouncycastle.cms.test.NewEnvelopedDataTest" time="0.001"/>
  <testcase name="testKeyTransOAEPSHA1" classname="com.distrimind.bouncycastle.cms.test.NewEnvelopedDataTest" time="0.002"/>
  <testcase name="testStaticStaticDHAgreement" classname="com.distrimind.bouncycastle.cms.test.NewEnvelopedDataTest" time="0.003"/>
  <testcase name="testKeyTransOAEPInCert" classname="com.distrimind.bouncycastle.cms.test.NewEnvelopedDataTest" time="0.002"/>
  <testcase name="testOriginatorInfo" classname="com.distrimind.bouncycastle.cms.test.NewEnvelopedDataTest" time="0.0"/>
  <testcase name="testSEED128KEK" classname="com.distrimind.bouncycastle.cms.test.NewEnvelopedDataTest" time="0.001"/>
  <testcase name="testErroneousKEK" classname="com.distrimind.bouncycastle.cms.test.NewEnvelopedDataTest" time="0.0"/>
  <testcase name="testKeyTransOAEPDefault" classname="com.distrimind.bouncycastle.cms.test.NewEnvelopedDataTest" time="0.001"/>
  <testcase name="testKeyTransOAEPSHA224" classname="com.distrimind.bouncycastle.cms.test.NewEnvelopedDataTest" time="0.002"/>
  <testcase name="testKeyTransOAEPSHA256" classname="com.distrimind.bouncycastle.cms.test.NewEnvelopedDataTest" time="0.002"/>
  <testcase name="testRC2128KEK" classname="com.distrimind.bouncycastle.cms.test.NewEnvelopedDataTest" time="0.001"/>
  <testcase name="testECMQVKeyAgreeVectors" classname="com.distrimind.bouncycastle.cms.test.NewEnvelopedDataTest" time="0.007"/>
  <testcase name="testCamellia128KEK" classname="com.distrimind.bouncycastle.cms.test.NewEnvelopedDataTest" time="0.0"/>
  <testcase name="testCamellia192KEK" classname="com.distrimind.bouncycastle.cms.test.NewEnvelopedDataTest" time="0.001"/>
  <testcase name="testCamellia256KEK" classname="com.distrimind.bouncycastle.cms.test.NewEnvelopedDataTest" time="0.0"/>
  <testcase name="testKeyTransWithAlgMapping" classname="com.distrimind.bouncycastle.cms.test.NewEnvelopedDataTest" time="0.001"/>
  <testcase name="testGost3410_2001_KeyAgree" classname="com.distrimind.bouncycastle.cms.test.NewEnvelopedDataTest" time="0.003"/>
  <testcase name="testGost3410_2001_KeyTrans" classname="com.distrimind.bouncycastle.cms.test.NewEnvelopedDataTest" time="0.004"/>
  <testcase name="testECMQVKeyAgreeMultiple" classname="com.distrimind.bouncycastle.cms.test.NewEnvelopedDataTest" time="0.023"/>
  <testcase name="testECKeyAgreeVectors" classname="com.distrimind.bouncycastle.cms.test.NewEnvelopedDataTest" time="0.004"/>
  <testcase name="testECKeyAgree" classname="com.distrimind.bouncycastle.cms.test.NewEnvelopedDataTest" time="0.004"/>
  <testcase name="testGost3410_2012_512_KeyAgree_Creation" classname="com.distrimind.bouncycastle.cms.test.NewEnvelopedDataTest" time="0.008"/>
  <testcase name="testGost3410_2012_KeyTransGen" classname="com.distrimind.bouncycastle.cms.test.NewEnvelopedDataTest" time="0.011"/>
  <testcase name="testKeyTransDESEDE3Light" classname="com.distrimind.bouncycastle.cms.test.NewEnvelopedDataTest" time="0.001"/>
  <testcase name="testRFC4134ex5_1" classname="com.distrimind.bouncycastle.cms.test.NewEnvelopedDataTest" time="0.0"/>
  <testcase name="testRFC4134ex5_2" classname="com.distrimind.bouncycastle.cms.test.NewEnvelopedDataTest" time="0.001"/>
  <testcase name="testKeyTransDESEDE3Short" classname="com.distrimind.bouncycastle.cms.test.NewEnvelopedDataTest" time="0.001"/>
  <testcase name="testNoSaltOrIterationCount" classname="com.distrimind.bouncycastle.cms.test.NewEnvelopedDataTest" time="0.005"/>
  <testcase name="testKeyTransOAEPSHA1AndSHA256" classname="com.distrimind.bouncycastle.cms.test.NewEnvelopedDataTest" time="0.001"/>
  <testcase name="testKeyTrans" classname="com.distrimind.bouncycastle.cms.test.NewEnvelopedDataTest" time="0.001"/>
  <testcase name="testDESKEK" classname="com.distrimind.bouncycastle.cms.test.NewEnvelopedDataTest" time="0.001"/>
  <testcase name="testGithub539_Gost3410_2012_KeyTrans" classname="com.distrimind.bouncycastle.cms.test.NewEnvelopedDataTest" time="0.006"/>
  <testcase name="testKeyTransLight128RC4" classname="com.distrimind.bouncycastle.cms.test.NewEnvelopedDataTest" time="0.001"/>
  <testcase name="testKeyTransODES" classname="com.distrimind.bouncycastle.cms.test.NewEnvelopedDataTest" time="0.001"/>
  <testcase name="testKeyTransSEED" classname="com.distrimind.bouncycastle.cms.test.NewEnvelopedDataTest" time="0.001"/>
  <testcase name="testKDFAgreements" classname="com.distrimind.bouncycastle.cms.test.NewEnvelopedDataTest" time="0.093"/>
  <testcase name="testKeyTransRC2bit40" classname="com.distrimind.bouncycastle.cms.test.NewEnvelopedDataTest" time="0.001"/>
  <testcase name="testGost3410_2001_KeyAgree_Creation" classname="com.distrimind.bouncycastle.cms.test.NewEnvelopedDataTest" time="0.003"/>
  <testcase name="testGost3410_2001_KeyAgreeRand" classname="com.distrimind.bouncycastle.cms.test.NewEnvelopedDataTest" time="0.002"/>
  <testcase name="testKeyTrans128RC4" classname="com.distrimind.bouncycastle.cms.test.NewEnvelopedDataTest" time="0.0"/>
  <testcase name="testGost3410_2001_KeyTransRand" classname="com.distrimind.bouncycastle.cms.test.NewEnvelopedDataTest" time="0.002"/>
  <testcase name="testPasswordAES256" classname="com.distrimind.bouncycastle.cms.test.NewEnvelopedDataTest" time="0.001"/>
  <testcase name="testPasswordDESEDE" classname="com.distrimind.bouncycastle.cms.test.NewEnvelopedDataTest" time="0.001"/>
  <testcase name="testPasswordAES256WithPRF" classname="com.distrimind.bouncycastle.cms.test.NewEnvelopedDataTest" time="0.004"/>
  <testcase name="testEphemeralStaticDHAgreement" classname="com.distrimind.bouncycastle.cms.test.NewEnvelopedDataTest" time="0.0"/>
  <testcase name="testKeyTransCamellia128" classname="com.distrimind.bouncycastle.cms.test.NewEnvelopedDataTest" time="0.001"/>
  <testcase name="testKeyTransCamellia192" classname="com.distrimind.bouncycastle.cms.test.NewEnvelopedDataTest" time="0.001"/>
  <testcase name="testKeyTransCamellia256" classname="com.distrimind.bouncycastle.cms.test.NewEnvelopedDataTest" time="0.0"/>
  <testcase name="testKeyTransAES128" classname="com.distrimind.bouncycastle.cms.test.NewEnvelopedDataTest" time="0.003"/>
  <testcase name="testKeyTransAES192" classname="com.distrimind.bouncycastle.cms.test.NewEnvelopedDataTest" time="0.001"/>
  <testcase name="testKeyTransAES256" classname="com.distrimind.bouncycastle.cms.test.NewEnvelopedDataTest" time="0.0"/>
  <testcase name="testOpenSSLVectors" classname="com.distrimind.bouncycastle.cms.test.NewEnvelopedDataTest" time="0.014"/>
  <testcase name="testKeyTransCAST5" classname="com.distrimind.bouncycastle.cms.test.NewEnvelopedDataTest" time="0.001"/>
  <testcase name="testGost3410_2012_KeyAgree" classname="com.distrimind.bouncycastle.cms.test.NewEnvelopedDataTest" time="0.003"/>
  <testcase name="testGost3410_2012_KeyTrans" classname="com.distrimind.bouncycastle.cms.test.NewEnvelopedDataTest" time="0.002"/>
  <testcase name="testUnprotectedAttributes" classname="com.distrimind.bouncycastle.cms.test.NewEnvelopedDataTest" time="0.001"/>
  <testcase name="testFaultyAgreementRecipient" classname="com.distrimind.bouncycastle.cms.test.NewEnvelopedDataTest" time="0.0"/>
  <testcase name="testKeyWrapAlgorithmIdentifiers" classname="com.distrimind.bouncycastle.cms.test.NewEnvelopedDataTest" time="0.038"/>
  <testcase name="testOriginatorInfoGeneration" classname="com.distrimind.bouncycastle.cms.test.NewEnvelopedDataTest" time="0.001"/>
  <testcase name="testKeyTransSmallAES" classname="com.distrimind.bouncycastle.cms.test.NewEnvelopedDataTest" time="0.001"/>
  <testcase name="testAES128KEK" classname="com.distrimind.bouncycastle.cms.test.NewEnvelopedDataTest" time="0.003"/>
  <testcase name="testAES192KEK" classname="com.distrimind.bouncycastle.cms.test.NewEnvelopedDataTest" time="0.0"/>
  <testcase name="testAES256KEK" classname="com.distrimind.bouncycastle.cms.test.NewEnvelopedDataTest" time="0.0"/>
  <testcase name="testGost3410_2012_256_KeyAgree_Creation" classname="com.distrimind.bouncycastle.cms.test.NewEnvelopedDataTest" time="0.003"/>
  <testcase name="testKeyTransDES" classname="com.distrimind.bouncycastle.cms.test.NewEnvelopedDataTest" time="0.0"/>
  <testcase name="testKeyTransRC4" classname="com.distrimind.bouncycastle.cms.test.NewEnvelopedDataTest" time="0.001"/>
  <testcase name="testKeyTransOAEPSHA1" classname="com.distrimind.bouncycastle.cms.test.NewEnvelopedDataTest" time="0.001"/>
  <testcase name="testStaticStaticDHAgreement" classname="com.distrimind.bouncycastle.cms.test.NewEnvelopedDataTest" time="0.001"/>
  <testcase name="testKeyTransOAEPInCert" classname="com.distrimind.bouncycastle.cms.test.NewEnvelopedDataTest" time="0.001"/>
  <testcase name="testOriginatorInfo" classname="com.distrimind.bouncycastle.cms.test.NewEnvelopedDataTest" time="0.0"/>
  <testcase name="testSEED128KEK" classname="com.distrimind.bouncycastle.cms.test.NewEnvelopedDataTest" time="0.0"/>
  <testcase name="testErroneousKEK" classname="com.distrimind.bouncycastle.cms.test.NewEnvelopedDataTest" time="0.001"/>
  <testcase name="testKeyTransOAEPDefault" classname="com.distrimind.bouncycastle.cms.test.NewEnvelopedDataTest" time="0.001"/>
  <testcase name="testKeyTransOAEPSHA224" classname="com.distrimind.bouncycastle.cms.test.NewEnvelopedDataTest" time="0.001"/>
  <testcase name="testKeyTransOAEPSHA256" classname="com.distrimind.bouncycastle.cms.test.NewEnvelopedDataTest" time="0.001"/>
  <testcase name="testRC2128KEK" classname="com.distrimind.bouncycastle.cms.test.NewEnvelopedDataTest" time="0.0"/>
  <testcase name="testECMQVKeyAgreeVectors" classname="com.distrimind.bouncycastle.cms.test.NewEnvelopedDataTest" time="0.004"/>
  <testcase name="testCamellia128KEK" classname="com.distrimind.bouncycastle.cms.test.NewEnvelopedDataTest" time="0.0"/>
  <testcase name="testCamellia192KEK" classname="com.distrimind.bouncycastle.cms.test.NewEnvelopedDataTest" time="0.0"/>
  <testcase name="testCamellia256KEK" classname="com.distrimind.bouncycastle.cms.test.NewEnvelopedDataTest" time="0.0"/>
  <testcase name="testKeyTransWithAlgMapping" classname="com.distrimind.bouncycastle.cms.test.NewEnvelopedDataTest" time="0.001"/>
  <testcase name="testGost3410_2001_KeyAgree" classname="com.distrimind.bouncycastle.cms.test.NewEnvelopedDataTest" time="0.002"/>
  <testcase name="testGost3410_2001_KeyTrans" classname="com.distrimind.bouncycastle.cms.test.NewEnvelopedDataTest" time="0.002"/>
  <testcase name="testECMQVKeyAgreeMultiple" classname="com.distrimind.bouncycastle.cms.test.NewEnvelopedDataTest" time="0.014"/>
  <testcase name="testECKeyAgreeVectors" classname="com.distrimind.bouncycastle.cms.test.NewEnvelopedDataTest" time="0.003"/>
  <testcase name="testECKeyAgree" classname="com.distrimind.bouncycastle.cms.test.NewEnvelopedDataTest" time="0.004"/>
  <testcase name="testGost3410_2012_512_KeyAgree_Creation" classname="com.distrimind.bouncycastle.cms.test.NewEnvelopedDataTest" time="0.01"/>
  <testcase name="testGost3410_2012_KeyTransGen" classname="com.distrimind.bouncycastle.cms.test.NewEnvelopedDataTest" time="0.011"/>
  <testcase name="testKeyTransDESEDE3Light" classname="com.distrimind.bouncycastle.cms.test.NewEnvelopedDataTest" time="0.001"/>
  <testcase name="testRFC4134ex5_1" classname="com.distrimind.bouncycastle.cms.test.NewEnvelopedDataTest" time="0.001"/>
  <testcase name="testRFC4134ex5_2" classname="com.distrimind.bouncycastle.cms.test.NewEnvelopedDataTest" time="0.0"/>
  <testcase name="testKeyTransDESEDE3Short" classname="com.distrimind.bouncycastle.cms.test.NewEnvelopedDataTest" time="0.001"/>
  <testcase name="testNoSaltOrIterationCount" classname="com.distrimind.bouncycastle.cms.test.NewEnvelopedDataTest" time="0.004"/>
  <testcase name="testKeyTransOAEPSHA1AndSHA256" classname="com.distrimind.bouncycastle.cms.test.NewEnvelopedDataTest" time="0.001"/>
  <testcase name="testKeyTrans" classname="com.distrimind.bouncycastle.cms.test.NewEnvelopedDataTest" time="0.001"/>
  <testcase name="testDESKEK" classname="com.distrimind.bouncycastle.cms.test.NewEnvelopedDataTest" time="0.0"/>
  <testcase name="testGithub539_Gost3410_2012_KeyTrans" classname="com.distrimind.bouncycastle.cms.test.NewEnvelopedDataTest" time="0.002"/>
  <testcase name="testKeyTransLight128RC4" classname="com.distrimind.bouncycastle.cms.test.NewEnvelopedDataTest" time="0.001"/>
  <testcase name="testKeyTransODES" classname="com.distrimind.bouncycastle.cms.test.NewEnvelopedDataTest" time="0.0"/>
  <testcase name="testKeyTransSEED" classname="com.distrimind.bouncycastle.cms.test.NewEnvelopedDataTest" time="0.001"/>
  <testcase name="testKDFAgreements" classname="com.distrimind.bouncycastle.cms.test.NewEnvelopedDataTest" time="0.078"/>
  <testcase name="testKeyTransRC2bit40" classname="com.distrimind.bouncycastle.cms.test.NewEnvelopedDataTest" time="0.001"/>
  <testcase name="testGost3410_2001_KeyAgree_Creation" classname="com.distrimind.bouncycastle.cms.test.NewEnvelopedDataTest" time="0.004"/>
  <testcase name="testGost3410_2001_KeyAgreeRand" classname="com.distrimind.bouncycastle.cms.test.NewEnvelopedDataTest" time="0.001"/>
  <testcase name="testKeyTrans128RC4" classname="com.distrimind.bouncycastle.cms.test.NewEnvelopedDataTest" time="0.001"/>
  <testcase name="testGost3410_2001_KeyTransRand" classname="com.distrimind.bouncycastle.cms.test.NewEnvelopedDataTest" time="0.001"/>
  <testcase name="testPasswordAES256" classname="com.distrimind.bouncycastle.cms.test.NewEnvelopedDataTest" time="0.0"/>
  <testcase name="testPasswordDESEDE" classname="com.distrimind.bouncycastle.cms.test.NewEnvelopedDataTest" time="0.001"/>
  <testcase name="testPasswordAES256WithPRF" classname="com.distrimind.bouncycastle.cms.test.NewEnvelopedDataTest" time="0.003"/>
  <testcase name="testEphemeralStaticDHAgreement" classname="com.distrimind.bouncycastle.cms.test.NewEnvelopedDataTest" time="0.0"/>
  <testcase name="testKeyTransCamellia128" classname="com.distrimind.bouncycastle.cms.test.NewEnvelopedDataTest" time="0.001"/>
  <testcase name="testKeyTransCamellia192" classname="com.distrimind.bouncycastle.cms.test.NewEnvelopedDataTest" time="0.0"/>
  <testcase name="testKeyTransCamellia256" classname="com.distrimind.bouncycastle.cms.test.NewEnvelopedDataTest" time="0.001"/>
  <system-out><![CDATA[]]></system-out>
  <system-err><![CDATA[]]></system-err>
</testsuite>
