<?xml version="1.0" encoding="UTF-8"?>
<testsuite name="com.distrimind.bouncycastle.pkcs.test.PfxPduTest" tests="17" skipped="0" failures="0" errors="0" timestamp="2020-07-14T23:12:45" hostname="Garage" time="0.323">
  <properties/>
  <testcase name="testExceptions" classname="com.distrimind.bouncycastle.pkcs.test.PfxPduTest" time="0.002"/>
  <testcase name="testCreateTripleDESAndSHA1" classname="com.distrimind.bouncycastle.pkcs.test.PfxPduTest" time="0.021"/>
  <testcase name="testBasicPKCS12" classname="com.distrimind.bouncycastle.pkcs.test.PfxPduTest" time="0.002"/>
  <testcase name="testEncryptedPrivateKeyInfoPKCS5" classname="com.distrimind.bouncycastle.pkcs.test.PfxPduTest" time="0.004"/>
  <testcase name="testGOST1" classname="com.distrimind.bouncycastle.pkcs.test.PfxPduTest" time="0.105"/>
  <testcase name="testGOST2" classname="com.distrimind.bouncycastle.pkcs.test.PfxPduTest" time="0.103"/>
  <testcase name="testPKCS5" classname="com.distrimind.bouncycastle.pkcs.test.PfxPduTest" time="0.036"/>
  <testcase name="testPfxPduMac" classname="com.distrimind.bouncycastle.pkcs.test.PfxPduTest" time="0.007"/>
  <testcase name="testEncryptedPrivateKeyInfoDESWithMD5" classname="com.distrimind.bouncycastle.pkcs.test.PfxPduTest" time="0.003"/>
  <testcase name="testBcEncryptedPrivateKeyInfo" classname="com.distrimind.bouncycastle.pkcs.test.PfxPduTest" time="0.003"/>
  <testcase name="testCreateAES256andSHA256" classname="com.distrimind.bouncycastle.pkcs.test.PfxPduTest" time="0.012"/>
  <testcase name="testEncryptedPrivateKeyInfoDESWithSHA1" classname="com.distrimind.bouncycastle.pkcs.test.PfxPduTest" time="0.002"/>
  <testcase name="testKeyBag" classname="com.distrimind.bouncycastle.pkcs.test.PfxPduTest" time="0.004"/>
  <testcase name="testPfxPdu" classname="com.distrimind.bouncycastle.pkcs.test.PfxPduTest" time="0.007"/>
  <testcase name="testSafeBagRecovery" classname="com.distrimind.bouncycastle.pkcs.test.PfxPduTest" time="0.007"/>
  <testcase name="testEncryptedPrivateKeyInfo" classname="com.distrimind.bouncycastle.pkcs.test.PfxPduTest" time="0.003"/>
  <testcase name="testSHA256withPKCS5" classname="com.distrimind.bouncycastle.pkcs.test.PfxPduTest" time="0.002"/>
  <system-out><![CDATA[]]></system-out>
  <system-err><![CDATA[]]></system-err>
</testsuite>
