<?xml version="1.0" encoding="UTF-8"?>
<testsuite name="org.bouncycastle.cms.test.NewCompressedDataStreamTest" tests="3" skipped="0" failures="0" errors="0" timestamp="2019-05-14T11:39:58" hostname="Garage2" time="0.01">
  <properties/>
  <testcase name="test1000" classname="org.bouncycastle.cms.test.NewCompressedDataStreamTest" time="0.01"/>
  <testcase name="testEach" classname="org.bouncycastle.cms.test.NewCompressedDataStreamTest" time="0.0"/>
  <testcase name="testWorkingData" classname="org.bouncycastle.cms.test.NewCompressedDataStreamTest" time="0.0"/>
  <system-out><![CDATA[]]></system-out>
  <system-err><![CDATA[]]></system-err>
</testsuite>
