<?xml version="1.0" encoding="UTF-8"?>
<testsuite name="org.bouncycastle.cert.test.BcCertTest" tests="3" skipped="0" failures="0" errors="0" timestamp="2019-05-14T11:39:54" hostname="Garage2" time="0.2">
  <properties/>
  <testcase name="CertTest" classname="org.bouncycastle.cert.test.BcCertTest" time="0.001"/>
  <testcase name="CertTest" classname="org.bouncycastle.cert.test.BcCertTest" time="0.001"/>
  <testcase name="CertTest" classname="org.bouncycastle.cert.test.BcCertTest" time="0.198"/>
  <system-out><![CDATA[]]></system-out>
  <system-err><![CDATA[]]></system-err>
</testsuite>
