<?xml version="1.0" encoding="UTF-8"?>
<testsuite name="com.distrimind.bouncycastle.cms.test.ConverterTest" tests="2" skipped="0" failures="0" errors="0" timestamp="2021-11-01T15:41:14" hostname="basic" time="0.001">
  <properties/>
  <testcase name="testRecipientIdConversion" classname="com.distrimind.bouncycastle.cms.test.ConverterTest" time="0.0"/>
  <testcase name="testSignerIdConversion" classname="com.distrimind.bouncycastle.cms.test.ConverterTest" time="0.001"/>
  <system-out><![CDATA[]]></system-out>
  <system-err><![CDATA[]]></system-err>
</testsuite>
