<?xml version="1.0" encoding="UTF-8"?>
<testsuite name="com.distrimind.bouncycastle.operator.test.AllTests" tests="2" skipped="0" failures="0" errors="0" timestamp="2021-11-01T15:41:12" hostname="basic" time="0.286">
  <properties/>
  <testcase name="testOaepWrap" classname="com.distrimind.bouncycastle.operator.test.AllTests" time="0.285"/>
  <testcase name="testAlgorithmNameFinder" classname="com.distrimind.bouncycastle.operator.test.AllTests" time="0.001"/>
  <system-out><![CDATA[]]></system-out>
  <system-err><![CDATA[]]></system-err>
</testsuite>
