<?xml version="1.0" encoding="UTF-8"?>
<testsuite name="org.bouncycastle.cert.ocsp.test.AllTests" tests="1" skipped="0" failures="0" errors="0" timestamp="2019-05-14T11:39:56" hostname="Garage2" time="0.11">
  <properties/>
  <testcase name="testOCSP" classname="org.bouncycastle.cert.ocsp.test.AllTests" time="0.11"/>
  <system-out><![CDATA[]]></system-out>
  <system-err><![CDATA[]]></system-err>
</testsuite>
