<?xml version="1.0" encoding="UTF-8"?>
<testsuite name="org.bouncycastle.mime.test.Base64TransferEncodingTest" tests="8" skipped="0" failures="0" errors="0" timestamp="2020-06-02T09:05:03" hostname="Garage" time="0.004">
  <properties/>
  <testcase name="testEmpty" classname="org.bouncycastle.mime.test.Base64TransferEncodingTest" time="0.0"/>
  <testcase name="testDecodeLongLines" classname="org.bouncycastle.mime.test.Base64TransferEncodingTest" time="0.001"/>
  <testcase name="testDecodeWithoutCR" classname="org.bouncycastle.mime.test.Base64TransferEncodingTest" time="0.001"/>
  <testcase name="testDecodeWellFormed" classname="org.bouncycastle.mime.test.Base64TransferEncodingTest" time="0.0"/>
  <testcase name="testMultilined" classname="org.bouncycastle.mime.test.Base64TransferEncodingTest" time="0.0"/>
  <testcase name="testExcessiveLongLine" classname="org.bouncycastle.mime.test.Base64TransferEncodingTest" time="0.001"/>
  <testcase name="testDecodeLengths" classname="org.bouncycastle.mime.test.Base64TransferEncodingTest" time="0.001"/>
  <testcase name="testPartialLineEnding" classname="org.bouncycastle.mime.test.Base64TransferEncodingTest" time="0.0"/>
  <system-out><![CDATA[]]></system-out>
  <system-err><![CDATA[]]></system-err>
</testsuite>
