<?xml version="1.0" encoding="UTF-8"?>
<testsuite name="com.distrimind.bouncycastle.cms.test.NewCompressedDataTest" tests="6" skipped="0" failures="0" errors="0" timestamp="2021-11-01T15:41:13" hostname="basic" time="0.003">
  <properties/>
  <testcase name="testLimitOver" classname="com.distrimind.bouncycastle.cms.test.NewCompressedDataTest" time="0.002"/>
  <testcase name="testEach" classname="com.distrimind.bouncycastle.cms.test.NewCompressedDataTest" time="0.0"/>
  <testcase name="testContentType" classname="com.distrimind.bouncycastle.cms.test.NewCompressedDataTest" time="0.0"/>
  <testcase name="testWorkingData" classname="com.distrimind.bouncycastle.cms.test.NewCompressedDataTest" time="0.0"/>
  <testcase name="testLimitEqual" classname="com.distrimind.bouncycastle.cms.test.NewCompressedDataTest" time="0.0"/>
  <testcase name="testLimitUnder" classname="com.distrimind.bouncycastle.cms.test.NewCompressedDataTest" time="0.0"/>
  <system-out><![CDATA[]]></system-out>
  <system-err><![CDATA[]]></system-err>
</testsuite>
