<?xml version="1.0" encoding="UTF-8"?>
<testsuite name="org.bouncycastle.operator.test.AllTests" tests="2" skipped="0" failures="0" errors="0" timestamp="2020-06-02T09:05:16" hostname="Garage" time="0.185">
  <properties/>
  <testcase name="testOaepWrap" classname="org.bouncycastle.operator.test.AllTests" time="0.185"/>
  <testcase name="testAlgorithmNameFinder" classname="org.bouncycastle.operator.test.AllTests" time="0.0"/>
  <system-out><![CDATA[]]></system-out>
  <system-err><![CDATA[]]></system-err>
</testsuite>
