<?xml version="1.0" encoding="UTF-8"?>
<testsuite name="org.bouncycastle.est.test.HostNameAuthorizerMatchTest" tests="2" skipped="0" failures="0" errors="0" timestamp="2019-05-14T11:39:43" hostname="Garage2" time="0.002">
  <properties/>
  <testcase name="testWildcardPublicSuffix" classname="org.bouncycastle.est.test.HostNameAuthorizerMatchTest" time="0.001"/>
  <testcase name="testWildcardMatcher" classname="org.bouncycastle.est.test.HostNameAuthorizerMatchTest" time="0.001"/>
  <system-out><![CDATA[]]></system-out>
  <system-err><![CDATA[]]></system-err>
</testsuite>
