<?xml version="1.0" encoding="UTF-8"?>
<testsuite name="org.bouncycastle.cms.test.MiscDataStreamTest" tests="4" skipped="0" failures="0" errors="0" timestamp="2019-05-14T11:39:59" hostname="Garage2" time="0.629">
  <properties/>
  <testcase name="testSHA1WithRSA" classname="org.bouncycastle.cms.test.MiscDataStreamTest" time="0.006"/>
  <testcase name="testDigestedData" classname="org.bouncycastle.cms.test.MiscDataStreamTest" time="0.0"/>
  <testcase name="testSHA1WithRSA" classname="org.bouncycastle.cms.test.MiscDataStreamTest" time="0.004"/>
  <testcase name="testDigestedData" classname="org.bouncycastle.cms.test.MiscDataStreamTest" time="0.0"/>
  <system-out><![CDATA[]]></system-out>
  <system-err><![CDATA[]]></system-err>
</testsuite>
