<?xml version="1.0" encoding="UTF-8"?>
<testsuite name="com.distrimind.bouncycastle.tsp.test.ParseTest" tests="1" skipped="0" failures="0" errors="0" timestamp="2020-11-08T08:33:45" hostname="Garage" time="0.01">
  <properties/>
  <testcase name="ParseTest" classname="com.distrimind.bouncycastle.tsp.test.ParseTest" time="0.01"/>
  <system-out><![CDATA[]]></system-out>
  <system-err><![CDATA[]]></system-err>
</testsuite>
