<?xml version="1.0" encoding="UTF-8"?>
<testsuite name="com.distrimind.bouncycastle.pkcs.test.PKCS10Test" tests="2" skipped="0" failures="0" errors="0" timestamp="2021-11-01T15:41:15" hostname="basic" time="0.004">
  <properties/>
  <testcase name="testRequest" classname="com.distrimind.bouncycastle.pkcs.test.PKCS10Test" time="0.002"/>
  <testcase name="testLeaveOffEmpty" classname="com.distrimind.bouncycastle.pkcs.test.PKCS10Test" time="0.002"/>
  <system-out><![CDATA[]]></system-out>
  <system-err><![CDATA[]]></system-err>
</testsuite>
