<?xml version="1.0" encoding="UTF-8"?>
<testsuite name="com.distrimind.bouncycastle.cms.test.NewAuthenticatedDataStreamTest" tests="3" skipped="0" failures="0" errors="0" timestamp="2021-11-01T15:41:14" hostname="basic" time="0.01">
  <properties/>
  <testcase name="testKeyTransDESede" classname="com.distrimind.bouncycastle.cms.test.NewAuthenticatedDataStreamTest" time="0.007"/>
  <testcase name="testOriginatorInfo" classname="com.distrimind.bouncycastle.cms.test.NewAuthenticatedDataStreamTest" time="0.001"/>
  <testcase name="testKeyTransDESedeWithDigest" classname="com.distrimind.bouncycastle.cms.test.NewAuthenticatedDataStreamTest" time="0.002"/>
  <system-out><![CDATA[]]></system-out>
  <system-err><![CDATA[]]></system-err>
</testsuite>
