<?xml version="1.0" encoding="UTF-8"?>
<testsuite name="com.distrimind.bouncycastle.cms.test.MiscDataStreamTest" tests="4" skipped="0" failures="0" errors="0" timestamp="2021-05-27T14:24:28" hostname="Garage" time="0.141">
  <properties/>
  <testcase name="testSHA1WithRSA" classname="com.distrimind.bouncycastle.cms.test.MiscDataStreamTest" time="0.002"/>
  <testcase name="testDigestedData" classname="com.distrimind.bouncycastle.cms.test.MiscDataStreamTest" time="0.0"/>
  <testcase name="testSHA1WithRSA" classname="com.distrimind.bouncycastle.cms.test.MiscDataStreamTest" time="0.002"/>
  <testcase name="testDigestedData" classname="com.distrimind.bouncycastle.cms.test.MiscDataStreamTest" time="0.001"/>
  <system-out><![CDATA[]]></system-out>
  <system-err><![CDATA[]]></system-err>
</testsuite>
