<?xml version="1.0" encoding="UTF-8"?>
<testsuite name="org.bouncycastle.pkcs.test.PKCS10Test" tests="4" skipped="0" failures="0" errors="0" timestamp="2020-02-14T17:20:20" hostname="Garage" time="0.092">
  <properties/>
  <testcase name="testRequest" classname="org.bouncycastle.pkcs.test.PKCS10Test" time="0.002"/>
  <testcase name="testLeaveOffEmpty" classname="org.bouncycastle.pkcs.test.PKCS10Test" time="0.002"/>
  <testcase name="testRequest" classname="org.bouncycastle.pkcs.test.PKCS10Test" time="0.005"/>
  <testcase name="testLeaveOffEmpty" classname="org.bouncycastle.pkcs.test.PKCS10Test" time="0.001"/>
  <system-out><![CDATA[]]></system-out>
  <system-err><![CDATA[]]></system-err>
</testsuite>
