<?xml version="1.0" encoding="UTF-8"?>
<testsuite name="com.distrimind.bouncycastle.pqc.math.ntru.polynomial.test.IntegerPolynomialTest" tests="8" skipped="0" failures="0" errors="0" timestamp="2021-05-27T13:44:05" hostname="Garage" time="0.223">
  <properties/>
  <testcase name="testResultant" classname="com.distrimind.bouncycastle.pqc.math.ntru.polynomial.test.IntegerPolynomialTest" time="0.025"/>
  <testcase name="testMult" classname="com.distrimind.bouncycastle.pqc.math.ntru.polynomial.test.IntegerPolynomialTest" time="0.0"/>
  <testcase name="testFromToBinary3Sves" classname="com.distrimind.bouncycastle.pqc.math.ntru.polynomial.test.IntegerPolynomialTest" time="0.0"/>
  <testcase name="testFromToBinary" classname="com.distrimind.bouncycastle.pqc.math.ntru.polynomial.test.IntegerPolynomialTest" time="0.002"/>
  <testcase name="testFromToBinary3Tight" classname="com.distrimind.bouncycastle.pqc.math.ntru.polynomial.test.IntegerPolynomialTest" time="0.008"/>
  <testcase name="testInvertF3" classname="com.distrimind.bouncycastle.pqc.math.ntru.polynomial.test.IntegerPolynomialTest" time="0.0"/>
  <testcase name="testInvertFq" classname="com.distrimind.bouncycastle.pqc.math.ntru.polynomial.test.IntegerPolynomialTest" time="0.068"/>
  <testcase name="testResultantMod" classname="com.distrimind.bouncycastle.pqc.math.ntru.polynomial.test.IntegerPolynomialTest" time="0.12"/>
  <system-out><![CDATA[]]></system-out>
  <system-err><![CDATA[]]></system-err>
</testsuite>
