<?xml version="1.0" encoding="UTF-8"?>
<testsuite name="org.bouncycastle.crypto.tls.test.DTLSTestCase" tests="1" skipped="0" failures="0" errors="0" timestamp="2019-05-14T11:39:21" hostname="Garage2" time="0.0">
  <properties/>
  <testcase name="testDummy" classname="org.bouncycastle.crypto.tls.test.DTLSTestCase" time="0.0"/>
  <system-out><![CDATA[]]></system-out>
  <system-err><![CDATA[]]></system-err>
</testsuite>
