<?xml version="1.0" encoding="UTF-8"?>
<testsuite name="org.bouncycastle.bccrypto.tls.test.TlsProtocolNonBlockingTest" tests="2" skipped="0" failures="0" errors="0" timestamp="2020-02-14T17:19:57" hostname="Garage" time="0.022">
  <properties/>
  <testcase name="testClientServerFragmented" classname="org.bouncycastle.bccrypto.tls.test.TlsProtocolNonBlockingTest" time="0.014"/>
  <testcase name="testClientServerNonFragmented" classname="org.bouncycastle.bccrypto.tls.test.TlsProtocolNonBlockingTest" time="0.008"/>
  <system-out><![CDATA[TLS server negotiated TLS 1.2
TLS client negotiated TLS 1.2
TLS client received server certificate chain of length 2
    fingerprint:SHA-256 D4:25:89:8B:69:5E:19:B3:E3:81:F0:4E:B7:C6:1C:E5:3B:AB:B8:06:97:A2:E8:BB:35:BF:D1:CC:19:66:55:84 (CN=BouncyCastle Test Server)
    fingerprint:SHA-256 F2:B0:0A:FB:DC:2F:36:FF:60:52:AC:26:C8:E6:1A:89:92:77:9B:F4:1C:9D:A0:4C:25:58:3D:35:A5:C1:DC:C0 (CN=BouncyCastle TLS Test CA)
TLS server received client certificate chain of length 2
    fingerprint:SHA-256 F5:DD:37:DF:9B:E7:DA:87:7C:6C:D6:61:5A:61:18:AE:B3:6A:A3:3A:B4:5B:33:53:05:4A:7B:FC:B9:D5:A7:DA (CN=BouncyCastle Test Client)
    fingerprint:SHA-256 F2:B0:0A:FB:DC:2F:36:FF:60:52:AC:26:C8:E6:1A:89:92:77:9B:F4:1C:9D:A0:4C:25:58:3D:35:A5:C1:DC:C0 (CN=BouncyCastle TLS Test CA)
TLS client raised alert: warning(1), close_notify(0)
> Connection closed
TLS server received alert: warning(1), close_notify(0)
TLS server raised alert: warning(1), close_notify(0)
> Connection closed
TLS server negotiated TLS 1.2
TLS client negotiated TLS 1.2
TLS client received server certificate chain of length 2
    fingerprint:SHA-256 D4:25:89:8B:69:5E:19:B3:E3:81:F0:4E:B7:C6:1C:E5:3B:AB:B8:06:97:A2:E8:BB:35:BF:D1:CC:19:66:55:84 (CN=BouncyCastle Test Server)
    fingerprint:SHA-256 F2:B0:0A:FB:DC:2F:36:FF:60:52:AC:26:C8:E6:1A:89:92:77:9B:F4:1C:9D:A0:4C:25:58:3D:35:A5:C1:DC:C0 (CN=BouncyCastle TLS Test CA)
TLS server received client certificate chain of length 2
    fingerprint:SHA-256 F5:DD:37:DF:9B:E7:DA:87:7C:6C:D6:61:5A:61:18:AE:B3:6A:A3:3A:B4:5B:33:53:05:4A:7B:FC:B9:D5:A7:DA (CN=BouncyCastle Test Client)
    fingerprint:SHA-256 F2:B0:0A:FB:DC:2F:36:FF:60:52:AC:26:C8:E6:1A:89:92:77:9B:F4:1C:9D:A0:4C:25:58:3D:35:A5:C1:DC:C0 (CN=BouncyCastle TLS Test CA)
TLS client raised alert: warning(1), close_notify(0)
> Connection closed
TLS server received alert: warning(1), close_notify(0)
TLS server raised alert: warning(1), close_notify(0)
> Connection closed
]]></system-out>
  <system-err><![CDATA[]]></system-err>
</testsuite>
