<?xml version="1.0" encoding="UTF-8"?>
<testsuite name="com.distrimind.bouncycastle.util.encoders.test.UrlBase64Test" tests="3" skipped="0" failures="0" errors="0" timestamp="2021-11-01T15:25:35" hostname="basic" time="0.026">
  <properties/>
  <testcase name="testSamples" classname="com.distrimind.bouncycastle.util.encoders.test.UrlBase64Test" time="0.002"/>
  <testcase name="testInvalidInput" classname="com.distrimind.bouncycastle.util.encoders.test.UrlBase64Test" time="0.001"/>
  <testcase name="testEncode" classname="com.distrimind.bouncycastle.util.encoders.test.UrlBase64Test" time="0.023"/>
  <system-out><![CDATA[]]></system-out>
  <system-err><![CDATA[]]></system-err>
</testsuite>
