<?xml version="1.0" encoding="UTF-8"?>
<testsuite name="com.distrimind.bouncycastle.util.utiltest.BigIntegersTest" tests="2" skipped="0" failures="0" errors="0" timestamp="2021-11-01T15:25:34" hostname="basic" time="0.001">
  <properties/>
  <testcase name="BigIntegers" classname="com.distrimind.bouncycastle.util.utiltest.BigIntegersTest" time="0.001"/>
  <testcase name="BigIntegers" classname="com.distrimind.bouncycastle.util.utiltest.BigIntegersTest" time="0.0"/>
  <system-out><![CDATA[]]></system-out>
  <system-err><![CDATA[]]></system-err>
</testsuite>
