<?xml version="1.0" encoding="UTF-8"?>
<testsuite name="com.distrimind.bouncycastle.pqc.crypto.lms.LMSKeyGenTests" tests="1" skipped="0" failures="0" errors="0" timestamp="2020-07-14T23:08:41" hostname="Garage" time="0.106">
  <properties/>
  <testcase name="testGeneratePrivateKey" classname="com.distrimind.bouncycastle.pqc.crypto.lms.LMSKeyGenTests" time="0.106"/>
  <system-out><![CDATA[]]></system-out>
  <system-err><![CDATA[]]></system-err>
</testsuite>
