<?xml version="1.0" encoding="UTF-8"?>
<testsuite name="com.distrimind.bouncycastle.crypto.prng.test.AllTests" tests="1" skipped="0" failures="0" errors="0" timestamp="2020-11-08T08:30:23" hostname="Garage" time="0.179">
  <properties/>
  <testcase name="testCrypto" classname="com.distrimind.bouncycastle.crypto.prng.test.AllTests" time="0.179"/>
  <system-out><![CDATA[]]></system-out>
  <system-err><![CDATA[]]></system-err>
</testsuite>
