<?xml version="1.0" encoding="UTF-8"?>
<testsuite name="com.distrimind.bouncycastle.pqc.crypto.test.XMSSTest" tests="13" skipped="0" failures="0" errors="0" timestamp="2021-11-01T15:26:52" hostname="basic" time="35.534">
  <properties/>
  <testcase name="testGenKeyPairSHA256" classname="com.distrimind.bouncycastle.pqc.crypto.test.XMSSTest" time="2.412"/>
  <testcase name="testGenKeyPairSHA512" classname="com.distrimind.bouncycastle.pqc.crypto.test.XMSSTest" time="6.937"/>
  <testcase name="testVerifySignatureSHA256" classname="com.distrimind.bouncycastle.pqc.crypto.test.XMSSTest" time="0.069"/>
  <testcase name="testVerifySignatureSHA512" classname="com.distrimind.bouncycastle.pqc.crypto.test.XMSSTest" time="0.199"/>
  <testcase name="testImportKeysSHA512" classname="com.distrimind.bouncycastle.pqc.crypto.test.XMSSTest" time="0.276"/>
  <testcase name="testBDSImport" classname="com.distrimind.bouncycastle.pqc.crypto.test.XMSSTest" time="0.054"/>
  <testcase name="testImportStateSHA256" classname="com.distrimind.bouncycastle.pqc.crypto.test.XMSSTest" time="0.097"/>
  <testcase name="testRandom" classname="com.distrimind.bouncycastle.pqc.crypto.test.XMSSTest" time="0.239"/>
  <testcase name="testSignSHA256CompleteEvenHeight1" classname="com.distrimind.bouncycastle.pqc.crypto.test.XMSSTest" time="0.101"/>
  <testcase name="testSignSHA256CompleteEvenHeight2" classname="com.distrimind.bouncycastle.pqc.crypto.test.XMSSTest" time="13.311"/>
  <testcase name="testSignSHA256" classname="com.distrimind.bouncycastle.pqc.crypto.test.XMSSTest" time="2.431"/>
  <testcase name="testSignSHA512" classname="com.distrimind.bouncycastle.pqc.crypto.test.XMSSTest" time="6.988"/>
  <testcase name="testAuthPath" classname="com.distrimind.bouncycastle.pqc.crypto.test.XMSSTest" time="2.42"/>
  <system-out><![CDATA[]]></system-out>
  <system-err><![CDATA[]]></system-err>
</testsuite>
