<?xml version="1.0" encoding="UTF-8"?>
<testsuite name="com.distrimind.bouncycastle.pqc.crypto.test.NTRUSignerTest" tests="1" skipped="0" failures="0" errors="0" timestamp="2021-11-01T15:26:07" hostname="basic" time="0.0">
  <properties/>
  <testcase name="testStub" classname="com.distrimind.bouncycastle.pqc.crypto.test.NTRUSignerTest" time="0.0"/>
  <system-out><![CDATA[]]></system-out>
  <system-err><![CDATA[]]></system-err>
</testsuite>
