<?xml version="1.0" encoding="UTF-8"?>
<testsuite name="com.distrimind.bouncycastle.crypto.agreement.test.JPAKEPrimeOrderGroupTest" tests="1" skipped="0" failures="0" errors="0" timestamp="2020-11-08T08:30:23" hostname="Garage" time="0.0">
  <properties/>
  <testcase name="testConstruction" classname="com.distrimind.bouncycastle.crypto.agreement.test.JPAKEPrimeOrderGroupTest" time="0.0"/>
  <system-out><![CDATA[]]></system-out>
  <system-err><![CDATA[]]></system-err>
</testsuite>
