<?xml version="1.0" encoding="UTF-8"?>
<testsuite name="com.distrimind.bouncycastle.math.ec.test.FixedPointTest" tests="1" skipped="0" failures="0" errors="0" timestamp="2020-07-14T23:11:49" hostname="Garage" time="1.419">
  <properties/>
  <testcase name="testFixedPointMultiplier" classname="com.distrimind.bouncycastle.math.ec.test.FixedPointTest" time="1.419"/>
  <system-out><![CDATA[]]></system-out>
  <system-err><![CDATA[]]></system-err>
</testsuite>
