<?xml version="1.0" encoding="UTF-8"?>
<testsuite name="com.distrimind.bouncycastle.pqc.crypto.lms.HSSTests" tests="11" skipped="0" failures="0" errors="0" timestamp="2021-05-27T13:46:07" hostname="Garage" time="14.644">
  <properties/>
  <testcase name="testGenerate" classname="com.distrimind.bouncycastle.pqc.crypto.lms.HSSTests" time="0.059"/>
  <testcase name="testSignUnitExhaustion" classname="com.distrimind.bouncycastle.pqc.crypto.lms.HSSTests" time="6.755"/>
  <testcase name="testVectorsFromReference" classname="com.distrimind.bouncycastle.pqc.crypto.lms.HSSTests" time="6.859"/>
  <testcase name="testSharding" classname="com.distrimind.bouncycastle.pqc.crypto.lms.HSSTests" time="0.035"/>
  <testcase name="testHSSVector_1" classname="com.distrimind.bouncycastle.pqc.crypto.lms.HSSTests" time="0.003"/>
  <testcase name="testHSSVector_2" classname="com.distrimind.bouncycastle.pqc.crypto.lms.HSSTests" time="0.003"/>
  <testcase name="testVectorsFromReference_Expanded" classname="com.distrimind.bouncycastle.pqc.crypto.lms.HSSTests" time="0.475"/>
  <testcase name="testGenPublicKeys_L0" classname="com.distrimind.bouncycastle.pqc.crypto.lms.HSSTests" time="0.33"/>
  <testcase name="testGenPublicKeys_L1" classname="com.distrimind.bouncycastle.pqc.crypto.lms.HSSTests" time="0.08"/>
  <testcase name="testHssKeySerialisation" classname="com.distrimind.bouncycastle.pqc.crypto.lms.HSSTests" time="0.028"/>
  <testcase name="testRemaining" classname="com.distrimind.bouncycastle.pqc.crypto.lms.HSSTests" time="0.017"/>
  <system-out><![CDATA[
]]></system-out>
  <system-err><![CDATA[]]></system-err>
</testsuite>
