<?xml version="1.0" encoding="UTF-8"?>
<testsuite name="com.distrimind.bouncycastle.crypto.prng.test.AllTests" tests="1" skipped="0" failures="0" errors="0" timestamp="2021-11-01T15:25:33" hostname="basic" time="0.513">
  <properties/>
  <testcase name="testCrypto" classname="com.distrimind.bouncycastle.crypto.prng.test.AllTests" time="0.513"/>
  <system-out><![CDATA[]]></system-out>
  <system-err><![CDATA[]]></system-err>
</testsuite>
