<?xml version="1.0" encoding="UTF-8"?>
<testsuite name="org.bouncycastle.pqc.crypto.test.XMSSTest" tests="13" skipped="0" failures="0" errors="0" timestamp="2019-05-14T11:36:25" hostname="Garage2" time="42.01">
  <properties/>
  <testcase name="testGenKeyPairSHA256" classname="org.bouncycastle.pqc.crypto.test.XMSSTest" time="2.902"/>
  <testcase name="testGenKeyPairSHA512" classname="org.bouncycastle.pqc.crypto.test.XMSSTest" time="8.087"/>
  <testcase name="testVerifySignatureSHA256" classname="org.bouncycastle.pqc.crypto.test.XMSSTest" time="0.082"/>
  <testcase name="testVerifySignatureSHA512" classname="org.bouncycastle.pqc.crypto.test.XMSSTest" time="0.232"/>
  <testcase name="testImportKeysSHA512" classname="org.bouncycastle.pqc.crypto.test.XMSSTest" time="0.323"/>
  <testcase name="testBDSImport" classname="org.bouncycastle.pqc.crypto.test.XMSSTest" time="0.063"/>
  <testcase name="testImportStateSHA256" classname="org.bouncycastle.pqc.crypto.test.XMSSTest" time="0.115"/>
  <testcase name="testRandom" classname="org.bouncycastle.pqc.crypto.test.XMSSTest" time="0.276"/>
  <testcase name="testSignSHA256CompleteEvenHeight1" classname="org.bouncycastle.pqc.crypto.test.XMSSTest" time="0.118"/>
  <testcase name="testSignSHA256CompleteEvenHeight2" classname="org.bouncycastle.pqc.crypto.test.XMSSTest" time="15.855"/>
  <testcase name="testSignSHA256" classname="org.bouncycastle.pqc.crypto.test.XMSSTest" time="2.908"/>
  <testcase name="testSignSHA512" classname="org.bouncycastle.pqc.crypto.test.XMSSTest" time="8.16"/>
  <testcase name="testAuthPath" classname="org.bouncycastle.pqc.crypto.test.XMSSTest" time="2.887"/>
  <system-out><![CDATA[]]></system-out>
  <system-err><![CDATA[]]></system-err>
</testsuite>
