<?xml version="1.0" encoding="UTF-8"?>
<testsuite name="org.bouncycastle.bccrypto.tls.test.TlsSRPProtocolTest" tests="1" skipped="0" failures="0" errors="0" timestamp="2020-02-14T17:19:57" hostname="Garage" time="0.012">
  <properties/>
  <testcase name="testClientServer" classname="org.bouncycastle.bccrypto.tls.test.TlsSRPProtocolTest" time="0.012"/>
  <system-out><![CDATA[TLS-SRP server negotiated TLS 1.2
TLS-SRP client negotiated TLS 1.2
TLS-SRP client received server certificate chain of length 2
    fingerprint:SHA-256 D4:25:89:8B:69:5E:19:B3:E3:81:F0:4E:B7:C6:1C:E5:3B:AB:B8:06:97:A2:E8:BB:35:BF:D1:CC:19:66:55:84 (CN=BouncyCastle Test Server)
    fingerprint:SHA-256 F2:B0:0A:FB:DC:2F:36:FF:60:52:AC:26:C8:E6:1A:89:92:77:9B:F4:1C:9D:A0:4C:25:58:3D:35:A5:C1:DC:C0 (CN=BouncyCastle TLS Test CA)
TLS-SRP server completed handshake for SRP identity: client
TLS-SRP client raised alert: warning(1), close_notify(0)
> Connection closed
TLS-SRP server received alert: warning(1), close_notify(0)
TLS-SRP server raised alert: warning(1), close_notify(0)
> Connection closed
]]></system-out>
  <system-err><![CDATA[]]></system-err>
</testsuite>
