<?xml version="1.0" encoding="UTF-8"?>
<testsuite name="com.distrimind.bouncycastle.pqc.crypto.lms.LMSTests" tests="4" skipped="0" failures="0" errors="0" timestamp="2020-11-08T08:33:15" hostname="Garage" time="0.114">
  <properties/>
  <testcase name="testLMS" classname="com.distrimind.bouncycastle.pqc.crypto.lms.LMSTests" time="0.111"/>
  <testcase name="testContextSingleUse" classname="com.distrimind.bouncycastle.pqc.crypto.lms.LMSTests" time="0.001"/>
  <testcase name="testPrivateKeyRound" classname="com.distrimind.bouncycastle.pqc.crypto.lms.LMSTests" time="0.002"/>
  <testcase name="testCoefFunc" classname="com.distrimind.bouncycastle.pqc.crypto.lms.LMSTests" time="0.0"/>
  <system-out><![CDATA[]]></system-out>
  <system-err><![CDATA[]]></system-err>
</testsuite>
