<?xml version="1.0" encoding="UTF-8"?>
<testsuite name="com.distrimind.bouncycastle.pqc.crypto.test.XMSSPrivateKeyTest" tests="1" skipped="0" failures="0" errors="0" timestamp="2020-11-08T08:31:02" hostname="Garage" time="0.001">
  <properties/>
  <testcase name="testPrivateKeyParsing" classname="com.distrimind.bouncycastle.pqc.crypto.test.XMSSPrivateKeyTest" time="0.001"/>
  <system-out><![CDATA[]]></system-out>
  <system-err><![CDATA[]]></system-err>
</testsuite>
