<?xml version="1.0" encoding="UTF-8"?>
<testsuite name="org.bouncycastle.bccrypto.agreement.test.JPAKEParticipantTest" tests="6" skipped="0" failures="0" errors="0" timestamp="2020-06-02T09:04:28" hostname="Garage" time="0.037">
  <properties/>
  <testcase name="testStateValidation" classname="org.bouncycastle.bccrypto.agreement.test.JPAKEParticipantTest" time="0.009"/>
  <testcase name="testConstruction" classname="org.bouncycastle.bccrypto.agreement.test.JPAKEParticipantTest" time="0.0"/>
  <testcase name="testValidateRound2PayloadReceived" classname="org.bouncycastle.bccrypto.agreement.test.JPAKEParticipantTest" time="0.014"/>
  <testcase name="testValidateRound1PayloadReceived" classname="org.bouncycastle.bccrypto.agreement.test.JPAKEParticipantTest" time="0.005"/>
  <testcase name="testSuccessfulExchange" classname="org.bouncycastle.bccrypto.agreement.test.JPAKEParticipantTest" time="0.006"/>
  <testcase name="testIncorrectPassword" classname="org.bouncycastle.bccrypto.agreement.test.JPAKEParticipantTest" time="0.003"/>
  <system-out><![CDATA[]]></system-out>
  <system-err><![CDATA[]]></system-err>
</testsuite>
