<?xml version="1.0" encoding="UTF-8"?>
<testsuite name="com.distrimind.bouncycastle.pqc.crypto.test.XMSSMTPrivateKeyTest" tests="2" skipped="0" failures="0" errors="0" timestamp="2021-05-27T13:44:16" hostname="Garage" time="2.233">
  <properties/>
  <testcase name="testPrivateKeySerialisation" classname="com.distrimind.bouncycastle.pqc.crypto.test.XMSSMTPrivateKeyTest" time="2.219"/>
  <testcase name="testPrivateKeyParsingSHA256" classname="com.distrimind.bouncycastle.pqc.crypto.test.XMSSMTPrivateKeyTest" time="0.014"/>
  <system-out><![CDATA[]]></system-out>
  <system-err><![CDATA[]]></system-err>
</testsuite>
