<?xml version="1.0" encoding="UTF-8"?>
<testsuite name="org.bouncycastle.bcutil.encoders.test.Base64Test" tests="4" skipped="0" failures="0" errors="0" timestamp="2020-06-02T09:04:51" hostname="Garage" time="0.052">
  <properties/>
  <testcase name="testWithWhitespace" classname="org.bouncycastle.bcutil.encoders.test.Base64Test" time="0.0"/>
  <testcase name="testSamples" classname="org.bouncycastle.bcutil.encoders.test.Base64Test" time="0.0"/>
  <testcase name="testInvalidInput" classname="org.bouncycastle.bcutil.encoders.test.Base64Test" time="0.0"/>
  <testcase name="testEncode" classname="org.bouncycastle.bcutil.encoders.test.Base64Test" time="0.051"/>
  <system-out><![CDATA[]]></system-out>
  <system-err><![CDATA[]]></system-err>
</testsuite>
