<?xml version="1.0" encoding="UTF-8"?>
<testsuite name="com.distrimind.bouncycastle.pqc.crypto.test.XMSSReducedSignatureTest" tests="3" skipped="0" failures="0" errors="0" timestamp="2020-07-14T23:09:19" hostname="Garage" time="0.245">
  <properties/>
  <testcase name="testSignatureParsingSHA256" classname="com.distrimind.bouncycastle.pqc.crypto.test.XMSSReducedSignatureTest" time="0.132"/>
  <testcase name="testSignatureParsingSHA512" classname="com.distrimind.bouncycastle.pqc.crypto.test.XMSSReducedSignatureTest" time="0.112"/>
  <testcase name="testConstructor" classname="com.distrimind.bouncycastle.pqc.crypto.test.XMSSReducedSignatureTest" time="0.001"/>
  <system-out><![CDATA[]]></system-out>
  <system-err><![CDATA[]]></system-err>
</testsuite>
