<?xml version="1.0" encoding="UTF-8"?>
<testsuite name="com.distrimind.bouncycastle.pqc.crypto.test.QTESLATest" tests="3" skipped="0" failures="0" errors="0" timestamp="2020-07-14T23:08:42" hostname="Garage" time="13.065">
  <properties/>
  <testcase name="testKATVectors" classname="com.distrimind.bouncycastle.pqc.crypto.test.QTESLATest" time="12.968"/>
  <testcase name="testSignQ1p" classname="com.distrimind.bouncycastle.pqc.crypto.test.QTESLATest" time="0.015"/>
  <testcase name="testSignQ3p" classname="com.distrimind.bouncycastle.pqc.crypto.test.QTESLATest" time="0.082"/>
  <system-out><![CDATA[]]></system-out>
  <system-err><![CDATA[]]></system-err>
</testsuite>
