<?xml version="1.0" encoding="UTF-8"?>
<testsuite name="org.bouncycastle.pqc.math.ntru.euclid.test.BigIntEuclideanTest" tests="1" skipped="0" failures="0" errors="0" timestamp="2020-06-02T09:01:37" hostname="Garage" time="0.001">
  <properties/>
  <testcase name="testCalculate" classname="org.bouncycastle.pqc.math.ntru.euclid.test.BigIntEuclideanTest" time="0.001"/>
  <system-out><![CDATA[]]></system-out>
  <system-err><![CDATA[]]></system-err>
</testsuite>
