<?xml version="1.0" encoding="UTF-8"?>
<testsuite name="com.distrimind.bouncycastle.pqc.crypto.test.XMSSPrivateKeyTest" tests="1" skipped="0" failures="0" errors="0" timestamp="2021-11-01T15:26:42" hostname="basic" time="0.002">
  <properties/>
  <testcase name="testPrivateKeyParsing" classname="com.distrimind.bouncycastle.pqc.crypto.test.XMSSPrivateKeyTest" time="0.002"/>
  <system-out><![CDATA[]]></system-out>
  <system-err><![CDATA[]]></system-err>
</testsuite>
