<?xml version="1.0" encoding="UTF-8"?>
<testsuite name="com.distrimind.bouncycastle.asn1.test.GetInstanceTest" tests="1" skipped="0" failures="0" errors="0" timestamp="2020-07-14T23:11:14" hostname="Garage" time="0.024">
  <properties/>
  <testcase name="GetInstanceNullTest" classname="com.distrimind.bouncycastle.asn1.test.GetInstanceTest" time="0.024"/>
  <system-out><![CDATA[]]></system-out>
  <system-err><![CDATA[]]></system-err>
</testsuite>
