<?xml version="1.0" encoding="UTF-8"?>
<testsuite name="com.distrimind.bouncycastle.pqc.crypto.test.NTRUEncryptTest" tests="3" skipped="0" failures="0" errors="0" timestamp="2020-11-08T08:30:24" hostname="Garage" time="0.099">
  <properties/>
  <testcase name="testEncodedKeysFast" classname="com.distrimind.bouncycastle.pqc.crypto.test.NTRUEncryptTest" time="0.004"/>
  <testcase name="testEncodedKeysSlow" classname="com.distrimind.bouncycastle.pqc.crypto.test.NTRUEncryptTest" time="0.027"/>
  <testcase name="testEncryptDecrypt" classname="com.distrimind.bouncycastle.pqc.crypto.test.NTRUEncryptTest" time="0.068"/>
  <system-out><![CDATA[]]></system-out>
  <system-err><![CDATA[]]></system-err>
</testsuite>
