<?xml version="1.0" encoding="UTF-8"?>
<testsuite name="org.bouncycastle.pqc.math.ntru.polynomial.test.LongPolynomial2Test" tests="3" skipped="0" failures="0" errors="0" timestamp="2019-05-14T11:35:48" hostname="Garage2" time="0.038">
  <properties/>
  <testcase name="testMult" classname="org.bouncycastle.pqc.math.ntru.polynomial.test.LongPolynomial2Test" time="0.038"/>
  <testcase name="testMult2And" classname="org.bouncycastle.pqc.math.ntru.polynomial.test.LongPolynomial2Test" time="0.0"/>
  <testcase name="testSubAnd" classname="org.bouncycastle.pqc.math.ntru.polynomial.test.LongPolynomial2Test" time="0.0"/>
  <system-out><![CDATA[]]></system-out>
  <system-err><![CDATA[]]></system-err>
</testsuite>
