<?xml version="1.0" encoding="UTF-8"?>
<testsuite name="com.distrimind.bouncycastle.crypto.agreement.test.JPAKEPrimeOrderGroupTest" tests="1" skipped="0" failures="0" errors="0" timestamp="2021-11-01T15:25:33" hostname="basic" time="0.001">
  <properties/>
  <testcase name="testConstruction" classname="com.distrimind.bouncycastle.crypto.agreement.test.JPAKEPrimeOrderGroupTest" time="0.001"/>
  <system-out><![CDATA[]]></system-out>
  <system-err><![CDATA[]]></system-err>
</testsuite>
