<?xml version="1.0" encoding="UTF-8"?>
<testsuite name="com.distrimind.bouncycastle.i18n.test.LocalizedMessageTest" tests="2" skipped="0" failures="0" errors="0" timestamp="2020-11-08T08:29:02" hostname="Garage" time="0.017">
  <properties/>
  <testcase name="testLocalizedArgs" classname="com.distrimind.bouncycastle.i18n.test.LocalizedMessageTest" time="0.005"/>
  <testcase name="testGetEntry" classname="com.distrimind.bouncycastle.i18n.test.LocalizedMessageTest" time="0.012"/>
  <system-out><![CDATA[]]></system-out>
  <system-err><![CDATA[]]></system-err>
</testsuite>
