<?xml version="1.0" encoding="UTF-8"?>
<testsuite name="org.bouncycastle.pqc.crypto.test.AllTests$SimpleTestTest" tests="1" skipped="0" failures="0" errors="0" timestamp="2019-05-14T11:37:07" hostname="Garage2" time="65.822">
  <properties/>
  <testcase name="testPQC" classname="org.bouncycastle.pqc.crypto.test.AllTests$SimpleTestTest" time="65.822"/>
  <system-out><![CDATA[############### test: 1
test okay

############### test: 2
test okay

############### test: 3
test okay

############### test: 4
test okay

############### test: 5
test okay

############### test: 6
test okay

############### test: 7
test okay

############### test: 8
test okay

############### test: 9
test okay

############### test: 10
test okay

############### test: 1
test okay

############### test: 2
test okay

############### test: 3
test okay

############### test: 4
test okay

############### test: 5
test okay

############### test: 6
test okay

############### test: 7
test okay

############### test: 8
test okay

############### test: 9
test okay

############### test: 10
test okay

############### test: 1
test okay

############### test: 2
test okay

############### test: 3
test okay

############### test: 4
test okay

############### test: 5
test okay

############### test: 6
test okay

############### test: 7
test okay

############### test: 8
test okay

############### test: 9
test okay

############### test: 10
test okay

]]></system-out>
  <system-err><![CDATA[]]></system-err>
</testsuite>
