<?xml version="1.0" encoding="UTF-8"?>
<testsuite name="com.distrimind.bouncycastle.pqc.crypto.test.XMSSMTPrivateKeyTest" tests="2" skipped="0" failures="0" errors="0" timestamp="2020-07-14T23:08:55" hostname="Garage" time="2.73">
  <properties/>
  <testcase name="testPrivateKeySerialisation" classname="com.distrimind.bouncycastle.pqc.crypto.test.XMSSMTPrivateKeyTest" time="2.71"/>
  <testcase name="testPrivateKeyParsingSHA256" classname="com.distrimind.bouncycastle.pqc.crypto.test.XMSSMTPrivateKeyTest" time="0.02"/>
  <system-out><![CDATA[]]></system-out>
  <system-err><![CDATA[]]></system-err>
</testsuite>
