<?xml version="1.0" encoding="UTF-8"?>
<testsuite name="org.bouncycastle.bcasn1.test.OctetStringTest" tests="4" skipped="0" failures="0" errors="0" timestamp="2020-07-09T13:53:21" hostname="Garage" time="0.001">
  <properties/>
  <testcase name="testReadingWritingZeroInLength" classname="org.bouncycastle.bcasn1.test.OctetStringTest" time="0.0"/>
  <testcase name="testReadingWriting" classname="org.bouncycastle.bcasn1.test.OctetStringTest" time="0.0"/>
  <testcase name="testNestedStructure" classname="org.bouncycastle.bcasn1.test.OctetStringTest" time="0.001"/>
  <testcase name="testReadingWritingNested" classname="org.bouncycastle.bcasn1.test.OctetStringTest" time="0.0"/>
  <system-out><![CDATA[]]></system-out>
  <system-err><![CDATA[]]></system-err>
</testsuite>
