<?xml version="1.0" encoding="UTF-8"?>
<testsuite name="com.distrimind.bouncycastle.pqc.crypto.test.NTRUSignerTest" tests="1" skipped="0" failures="0" errors="0" timestamp="2021-05-27T13:44:05" hostname="Garage" time="0.001">
  <properties/>
  <testcase name="testStub" classname="com.distrimind.bouncycastle.pqc.crypto.test.NTRUSignerTest" time="0.001"/>
  <system-out><![CDATA[]]></system-out>
  <system-err><![CDATA[]]></system-err>
</testsuite>
