<?xml version="1.0" encoding="UTF-8"?>
<testsuite name="com.distrimind.bouncycastle.i18n.test.LocalizedMessageTest" tests="2" skipped="0" failures="0" errors="0" timestamp="2021-11-01T15:25:35" hostname="basic" time="0.032">
  <properties/>
  <testcase name="testLocalizedArgs" classname="com.distrimind.bouncycastle.i18n.test.LocalizedMessageTest" time="0.011"/>
  <testcase name="testGetEntry" classname="com.distrimind.bouncycastle.i18n.test.LocalizedMessageTest" time="0.021"/>
  <system-out><![CDATA[]]></system-out>
  <system-err><![CDATA[]]></system-err>
</testsuite>
