<?xml version="1.0" encoding="UTF-8"?>
<testsuite name="org.bouncycastle.bccrypto.test.AllTests$SimpleTestTest" tests="1" skipped="0" failures="0" errors="0" timestamp="2020-06-02T09:04:29" hostname="Garage" time="21.93">
  <properties/>
  <testcase name="testCrypto" classname="org.bouncycastle.bccrypto.test.AllTests$SimpleTestTest" time="21.93"/>
  <system-out><![CDATA[]]></system-out>
  <system-err><![CDATA[]]></system-err>
</testsuite>
