<?xml version="1.0" encoding="UTF-8"?>
<testsuite name="org.bouncycastle.pqc.math.ntru.util.test.ArrayEncoderTest" tests="3" skipped="0" failures="0" errors="0" timestamp="2020-06-02T09:01:37" hostname="Garage" time="0.006">
  <properties/>
  <testcase name="testEncodeDecodeMod3Tight" classname="org.bouncycastle.pqc.math.ntru.util.test.ArrayEncoderTest" time="0.004"/>
  <testcase name="testEncodeDecodeModQ" classname="org.bouncycastle.pqc.math.ntru.util.test.ArrayEncoderTest" time="0.002"/>
  <testcase name="testEncodeDecodeMod3Sves" classname="org.bouncycastle.pqc.math.ntru.util.test.ArrayEncoderTest" time="0.0"/>
  <system-out><![CDATA[]]></system-out>
  <system-err><![CDATA[]]></system-err>
</testsuite>
