<?xml version="1.0" encoding="UTF-8"?>
<testsuite name="com.distrimind.bouncycastle.pqc.crypto.test.XMSSMTTest" tests="16" skipped="0" failures="0" errors="0" timestamp="2021-05-27T13:44:18" hostname="Garage" time="16.974">
  <properties/>
  <testcase name="testGenKeyPairSHA256" classname="com.distrimind.bouncycastle.pqc.crypto.test.XMSSMTTest" time="0.069"/>
  <testcase name="testGenKeyPairSHA512" classname="com.distrimind.bouncycastle.pqc.crypto.test.XMSSMTTest" time="0.199"/>
  <testcase name="testVerifySignerSHA256" classname="com.distrimind.bouncycastle.pqc.crypto.test.XMSSMTTest" time="0.203"/>
  <testcase name="testVerifySignerSHA512" classname="com.distrimind.bouncycastle.pqc.crypto.test.XMSSMTTest" time="0.575"/>
  <testcase name="testVerifySignatureSHA256" classname="com.distrimind.bouncycastle.pqc.crypto.test.XMSSMTTest" time="0.262"/>
  <testcase name="testVerifySignatureSHA512" classname="com.distrimind.bouncycastle.pqc.crypto.test.XMSSMTTest" time="0.718"/>
  <testcase name="testImportKeysSHA256" classname="com.distrimind.bouncycastle.pqc.crypto.test.XMSSMTTest" time="0.207"/>
  <testcase name="testImportKeysSHA512" classname="com.distrimind.bouncycastle.pqc.crypto.test.XMSSMTTest" time="0.598"/>
  <testcase name="testBDSImport" classname="com.distrimind.bouncycastle.pqc.crypto.test.XMSSMTTest" time="0.08"/>
  <testcase name="testSignSHA256Complete1" classname="com.distrimind.bouncycastle.pqc.crypto.test.XMSSMTTest" time="0.484"/>
  <testcase name="testSignSHA256Complete2" classname="com.distrimind.bouncycastle.pqc.crypto.test.XMSSMTTest" time="0.129"/>
  <testcase name="testSignSHA256Complete3" classname="com.distrimind.bouncycastle.pqc.crypto.test.XMSSMTTest" time="11.99"/>
  <testcase name="testPublicSeed" classname="com.distrimind.bouncycastle.pqc.crypto.test.XMSSMTTest" time="0.324"/>
  <testcase name="testRandom" classname="com.distrimind.bouncycastle.pqc.crypto.test.XMSSMTTest" time="0.867"/>
  <testcase name="testSignSHA256" classname="com.distrimind.bouncycastle.pqc.crypto.test.XMSSMTTest" time="0.128"/>
  <testcase name="testSignSHA512" classname="com.distrimind.bouncycastle.pqc.crypto.test.XMSSMTTest" time="0.14"/>
  <system-out><![CDATA[]]></system-out>
  <system-err><![CDATA[]]></system-err>
</testsuite>
