<?xml version="1.0" encoding="UTF-8"?>
<testsuite name="com.distrimind.bouncycastle.math.ec.test.ECPointTest" tests="8" skipped="0" failures="0" errors="0" timestamp="2021-11-01T15:25:58" hostname="basic" time="6.643">
  <properties/>
  <testcase name="testThreeTimes" classname="com.distrimind.bouncycastle.math.ec.test.ECPointTest" time="0.002"/>
  <testcase name="testAdd" classname="com.distrimind.bouncycastle.math.ec.test.ECPointTest" time="0.0"/>
  <testcase name="testAddSubtractMultiplySimple" classname="com.distrimind.bouncycastle.math.ec.test.ECPointTest" time="0.021"/>
  <testcase name="testTwice" classname="com.distrimind.bouncycastle.math.ec.test.ECPointTest" time="0.0"/>
  <testcase name="testAllPoints" classname="com.distrimind.bouncycastle.math.ec.test.ECPointTest" time="0.005"/>
  <testcase name="testAddSubtractMultiplyTwiceEncoding" classname="com.distrimind.bouncycastle.math.ec.test.ECPointTest" time="5.111"/>
  <testcase name="testExampleFpB0" classname="com.distrimind.bouncycastle.math.ec.test.ECPointTest" time="1.503"/>
  <testcase name="testPointCreationConsistency" classname="com.distrimind.bouncycastle.math.ec.test.ECPointTest" time="0.001"/>
  <system-out><![CDATA[]]></system-out>
  <system-err><![CDATA[]]></system-err>
</testsuite>
