<?xml version="1.0" encoding="UTF-8"?>
<testsuite name="org.bouncycastle.pqc.crypto.test.XMSSReducedSignatureTest" tests="3" skipped="0" failures="0" errors="0" timestamp="2019-05-14T11:36:14" hostname="Garage2" time="0.256">
  <properties/>
  <testcase name="testSignatureParsingSHA256" classname="org.bouncycastle.pqc.crypto.test.XMSSReducedSignatureTest" time="0.141"/>
  <testcase name="testSignatureParsingSHA512" classname="org.bouncycastle.pqc.crypto.test.XMSSReducedSignatureTest" time="0.113"/>
  <testcase name="testConstructor" classname="org.bouncycastle.pqc.crypto.test.XMSSReducedSignatureTest" time="0.001"/>
  <system-out><![CDATA[]]></system-out>
  <system-err><![CDATA[]]></system-err>
</testsuite>
