<?xml version="1.0" encoding="UTF-8"?>
<testsuite name="org.bouncycastle.pqc.crypto.test.QTESLATest" tests="3" skipped="0" failures="0" errors="0" timestamp="2020-06-02T09:01:56" hostname="Garage" time="11.848">
  <properties/>
  <testcase name="testKATVectors" classname="org.bouncycastle.pqc.crypto.test.QTESLATest" time="11.769"/>
  <testcase name="testSignQ1p" classname="org.bouncycastle.pqc.crypto.test.QTESLATest" time="0.012"/>
  <testcase name="testSignQ3p" classname="org.bouncycastle.pqc.crypto.test.QTESLATest" time="0.067"/>
  <system-out><![CDATA[]]></system-out>
  <system-err><![CDATA[]]></system-err>
</testsuite>
