<?xml version="1.0" encoding="UTF-8"?>
<testsuite name="org.bouncycastle.i18n.test.LocalizedMessageTest" tests="2" skipped="0" failures="0" errors="0" timestamp="2020-07-09T13:50:04" hostname="Garage" time="0.025">
  <properties/>
  <testcase name="testLocalizedArgs" classname="org.bouncycastle.i18n.test.LocalizedMessageTest" time="0.008"/>
  <testcase name="testGetEntry" classname="org.bouncycastle.i18n.test.LocalizedMessageTest" time="0.017"/>
  <system-out><![CDATA[]]></system-out>
  <system-err><![CDATA[]]></system-err>
</testsuite>
