<?xml version="1.0" encoding="UTF-8"?>
<testsuite name="org.bouncycastle.bcutil.encoders.test.UrlBase64Test" tests="3" skipped="0" failures="0" errors="0" timestamp="2020-06-02T09:04:51" hostname="Garage" time="0.048">
  <properties/>
  <testcase name="testSamples" classname="org.bouncycastle.bcutil.encoders.test.UrlBase64Test" time="0.001"/>
  <testcase name="testInvalidInput" classname="org.bouncycastle.bcutil.encoders.test.UrlBase64Test" time="0.0"/>
  <testcase name="testEncode" classname="org.bouncycastle.bcutil.encoders.test.UrlBase64Test" time="0.047"/>
  <system-out><![CDATA[]]></system-out>
  <system-err><![CDATA[]]></system-err>
</testsuite>
