<?xml version="1.0" encoding="UTF-8"?>
<testsuite name="com.distrimind.bouncycastle.pqc.math.ntru.polynomial.test.LongPolynomial2Test" tests="3" skipped="0" failures="0" errors="0" timestamp="2021-11-01T15:29:42" hostname="basic" time="0.008">
  <properties/>
  <testcase name="testMult" classname="com.distrimind.bouncycastle.pqc.math.ntru.polynomial.test.LongPolynomial2Test" time="0.008"/>
  <testcase name="testMult2And" classname="com.distrimind.bouncycastle.pqc.math.ntru.polynomial.test.LongPolynomial2Test" time="0.0"/>
  <testcase name="testSubAnd" classname="com.distrimind.bouncycastle.pqc.math.ntru.polynomial.test.LongPolynomial2Test" time="0.0"/>
  <system-out><![CDATA[]]></system-out>
  <system-err><![CDATA[]]></system-err>
</testsuite>
