<?xml version="1.0" encoding="UTF-8"?>
<testsuite name="org.bouncycastle.bcmath.ec.test.FixedPointTest" tests="1" skipped="0" failures="0" errors="0" timestamp="2020-06-02T09:01:35" hostname="Garage" time="1.386">
  <properties/>
  <testcase name="testFixedPointMultiplier" classname="org.bouncycastle.bcmath.ec.test.FixedPointTest" time="1.386"/>
  <system-out><![CDATA[]]></system-out>
  <system-err><![CDATA[]]></system-err>
</testsuite>
