<?xml version="1.0" encoding="UTF-8"?>
<testsuite name="org.bouncycastle.pqc.crypto.test.XMSSPublicKeyTest" tests="3" skipped="0" failures="0" errors="0" timestamp="2020-02-14T17:17:41" hostname="Garage" time="0.001">
  <properties/>
  <testcase name="testPublicKeyParsingSHA256" classname="org.bouncycastle.pqc.crypto.test.XMSSPublicKeyTest" time="0.0"/>
  <testcase name="testPublicKeyParsingSHA512" classname="org.bouncycastle.pqc.crypto.test.XMSSPublicKeyTest" time="0.0"/>
  <testcase name="testConstructor" classname="org.bouncycastle.pqc.crypto.test.XMSSPublicKeyTest" time="0.001"/>
  <system-out><![CDATA[]]></system-out>
  <system-err><![CDATA[]]></system-err>
</testsuite>
