<?xml version="1.0" encoding="UTF-8"?>
<testsuite name="com.distrimind.bouncycastle.pqc.crypto.test.XMSSMTSignatureTest" tests="2" skipped="0" failures="0" errors="0" timestamp="2021-11-01T15:26:23" hostname="basic" time="0.049">
  <properties/>
  <testcase name="testSignatureParsingSHA256" classname="com.distrimind.bouncycastle.pqc.crypto.test.XMSSMTSignatureTest" time="0.047"/>
  <testcase name="testConstructor" classname="com.distrimind.bouncycastle.pqc.crypto.test.XMSSMTSignatureTest" time="0.001"/>
  <system-out><![CDATA[]]></system-out>
  <system-err><![CDATA[]]></system-err>
</testsuite>
