<?xml version="1.0" encoding="UTF-8"?>
<testsuite name="com.distrimind.bouncycastle.pqc.crypto.test.BitStringTest" tests="3" skipped="0" failures="0" errors="0" timestamp="2021-11-01T15:26:06" hostname="basic" time="0.001">
  <properties/>
  <testcase name="testGetTrailing" classname="com.distrimind.bouncycastle.pqc.crypto.test.BitStringTest" time="0.0"/>
  <testcase name="testGetLeadingAsInt" classname="com.distrimind.bouncycastle.pqc.crypto.test.BitStringTest" time="0.0"/>
  <testcase name="testAppendBitsByteArray" classname="com.distrimind.bouncycastle.pqc.crypto.test.BitStringTest" time="0.0"/>
  <system-out><![CDATA[]]></system-out>
  <system-err><![CDATA[]]></system-err>
</testsuite>
