<?xml version="1.0" encoding="UTF-8"?>
<testsuite name="com.distrimind.bouncycastle.math.ec.test.FixedPointTest" tests="1" skipped="0" failures="0" errors="0" timestamp="2020-11-08T08:29:01" hostname="Garage" time="1.304">
  <properties/>
  <testcase name="testFixedPointMultiplier" classname="com.distrimind.bouncycastle.math.ec.test.FixedPointTest" time="1.304"/>
  <system-out><![CDATA[]]></system-out>
  <system-err><![CDATA[]]></system-err>
</testsuite>
