<?xml version="1.0" encoding="UTF-8"?>
<testsuite name="org.bouncycastle.bccrypto.agreement.test.JPAKEPrimeOrderGroupTest" tests="1" skipped="0" failures="0" errors="0" timestamp="2020-02-14T17:19:34" hostname="Garage" time="0.0">
  <properties/>
  <testcase name="testConstruction" classname="org.bouncycastle.bccrypto.agreement.test.JPAKEPrimeOrderGroupTest" time="0.0"/>
  <system-out><![CDATA[]]></system-out>
  <system-err><![CDATA[]]></system-err>
</testsuite>
