<?xml version="1.0" encoding="UTF-8"?>
<testsuite name="com.distrimind.bouncycastle.asn1.test.GetInstanceTest" tests="1" skipped="0" failures="0" errors="0" timestamp="2021-11-01T15:25:34" hostname="basic" time="0.011">
  <properties/>
  <testcase name="GetInstanceNullTest" classname="com.distrimind.bouncycastle.asn1.test.GetInstanceTest" time="0.011"/>
  <system-out><![CDATA[]]></system-out>
  <system-err><![CDATA[]]></system-err>
</testsuite>
