<?xml version="1.0" encoding="UTF-8"?>
<testsuite name="org.bouncycastle.pqc.crypto.test.XMSSTest" tests="13" skipped="0" failures="0" errors="0" timestamp="2020-07-09T13:51:10" hostname="Garage" time="39.848">
  <properties/>
  <testcase name="testGenKeyPairSHA256" classname="org.bouncycastle.pqc.crypto.test.XMSSTest" time="2.592"/>
  <testcase name="testGenKeyPairSHA512" classname="org.bouncycastle.pqc.crypto.test.XMSSTest" time="8.599"/>
  <testcase name="testVerifySignatureSHA256" classname="org.bouncycastle.pqc.crypto.test.XMSSTest" time="0.074"/>
  <testcase name="testVerifySignatureSHA512" classname="org.bouncycastle.pqc.crypto.test.XMSSTest" time="0.232"/>
  <testcase name="testImportKeysSHA512" classname="org.bouncycastle.pqc.crypto.test.XMSSTest" time="0.321"/>
  <testcase name="testBDSImport" classname="org.bouncycastle.pqc.crypto.test.XMSSTest" time="0.057"/>
  <testcase name="testImportStateSHA256" classname="org.bouncycastle.pqc.crypto.test.XMSSTest" time="0.104"/>
  <testcase name="testRandom" classname="org.bouncycastle.pqc.crypto.test.XMSSTest" time="0.277"/>
  <testcase name="testSignSHA256CompleteEvenHeight1" classname="org.bouncycastle.pqc.crypto.test.XMSSTest" time="0.105"/>
  <testcase name="testSignSHA256CompleteEvenHeight2" classname="org.bouncycastle.pqc.crypto.test.XMSSTest" time="14.156"/>
  <testcase name="testSignSHA256" classname="org.bouncycastle.pqc.crypto.test.XMSSTest" time="2.631"/>
  <testcase name="testSignSHA512" classname="org.bouncycastle.pqc.crypto.test.XMSSTest" time="8.121"/>
  <testcase name="testAuthPath" classname="org.bouncycastle.pqc.crypto.test.XMSSTest" time="2.579"/>
  <system-out><![CDATA[]]></system-out>
  <system-err><![CDATA[]]></system-err>
</testsuite>
