<?xml version="1.0" encoding="UTF-8"?>
<testsuite name="org.bouncycastle.bcmath.ec.test.ECPointTest" tests="8" skipped="0" failures="0" errors="0" timestamp="2020-02-14T17:16:55" hostname="Garage" time="8.291">
  <properties/>
  <testcase name="testThreeTimes" classname="org.bouncycastle.bcmath.ec.test.ECPointTest" time="0.001"/>
  <testcase name="testAdd" classname="org.bouncycastle.bcmath.ec.test.ECPointTest" time="0.0"/>
  <testcase name="testAddSubtractMultiplySimple" classname="org.bouncycastle.bcmath.ec.test.ECPointTest" time="0.018"/>
  <testcase name="testTwice" classname="org.bouncycastle.bcmath.ec.test.ECPointTest" time="0.0"/>
  <testcase name="testAllPoints" classname="org.bouncycastle.bcmath.ec.test.ECPointTest" time="0.004"/>
  <testcase name="testAddSubtractMultiplyTwiceEncoding" classname="org.bouncycastle.bcmath.ec.test.ECPointTest" time="5.924"/>
  <testcase name="testExampleFpB0" classname="org.bouncycastle.bcmath.ec.test.ECPointTest" time="2.344"/>
  <testcase name="testPointCreationConsistency" classname="org.bouncycastle.bcmath.ec.test.ECPointTest" time="0.0"/>
  <system-out><![CDATA[]]></system-out>
  <system-err><![CDATA[]]></system-err>
</testsuite>
