<?xml version="1.0" encoding="UTF-8"?>
<testsuite name="com.distrimind.bouncycastle.pqc.crypto.test.NTRUEncryptTest" tests="3" skipped="0" failures="0" errors="0" timestamp="2021-05-27T13:44:05" hostname="Garage" time="0.068">
  <properties/>
  <testcase name="testEncodedKeysFast" classname="com.distrimind.bouncycastle.pqc.crypto.test.NTRUEncryptTest" time="0.003"/>
  <testcase name="testEncodedKeysSlow" classname="com.distrimind.bouncycastle.pqc.crypto.test.NTRUEncryptTest" time="0.018"/>
  <testcase name="testEncryptDecrypt" classname="com.distrimind.bouncycastle.pqc.crypto.test.NTRUEncryptTest" time="0.047"/>
  <system-out><![CDATA[]]></system-out>
  <system-err><![CDATA[]]></system-err>
</testsuite>
