<?xml version="1.0" encoding="UTF-8"?>
<testsuite name="com.distrimind.bouncycastle.pqc.crypto.test.XMSSTest" tests="13" skipped="0" failures="0" errors="0" timestamp="2020-07-14T23:09:30" hostname="Garage" time="40.384">
  <properties/>
  <testcase name="testGenKeyPairSHA256" classname="com.distrimind.bouncycastle.pqc.crypto.test.XMSSTest" time="2.708"/>
  <testcase name="testGenKeyPairSHA512" classname="com.distrimind.bouncycastle.pqc.crypto.test.XMSSTest" time="8.305"/>
  <testcase name="testVerifySignatureSHA256" classname="com.distrimind.bouncycastle.pqc.crypto.test.XMSSTest" time="0.078"/>
  <testcase name="testVerifySignatureSHA512" classname="com.distrimind.bouncycastle.pqc.crypto.test.XMSSTest" time="0.246"/>
  <testcase name="testImportKeysSHA512" classname="com.distrimind.bouncycastle.pqc.crypto.test.XMSSTest" time="0.326"/>
  <testcase name="testBDSImport" classname="com.distrimind.bouncycastle.pqc.crypto.test.XMSSTest" time="0.059"/>
  <testcase name="testImportStateSHA256" classname="com.distrimind.bouncycastle.pqc.crypto.test.XMSSTest" time="0.108"/>
  <testcase name="testRandom" classname="com.distrimind.bouncycastle.pqc.crypto.test.XMSSTest" time="0.283"/>
  <testcase name="testSignSHA256CompleteEvenHeight1" classname="com.distrimind.bouncycastle.pqc.crypto.test.XMSSTest" time="0.112"/>
  <testcase name="testSignSHA256CompleteEvenHeight2" classname="com.distrimind.bouncycastle.pqc.crypto.test.XMSSTest" time="14.607"/>
  <testcase name="testSignSHA256" classname="com.distrimind.bouncycastle.pqc.crypto.test.XMSSTest" time="2.668"/>
  <testcase name="testSignSHA512" classname="com.distrimind.bouncycastle.pqc.crypto.test.XMSSTest" time="8.225"/>
  <testcase name="testAuthPath" classname="com.distrimind.bouncycastle.pqc.crypto.test.XMSSTest" time="2.657"/>
  <system-out><![CDATA[]]></system-out>
  <system-err><![CDATA[]]></system-err>
</testsuite>
