<?xml version="1.0" encoding="UTF-8"?>
<testsuite name="com.distrimind.bouncycastle.math.ec.test.ECPointTest" tests="8" skipped="0" failures="0" errors="0" timestamp="2020-07-14T23:11:41" hostname="Garage" time="8.344">
  <properties/>
  <testcase name="testThreeTimes" classname="com.distrimind.bouncycastle.math.ec.test.ECPointTest" time="0.001"/>
  <testcase name="testAdd" classname="com.distrimind.bouncycastle.math.ec.test.ECPointTest" time="0.0"/>
  <testcase name="testAddSubtractMultiplySimple" classname="com.distrimind.bouncycastle.math.ec.test.ECPointTest" time="0.015"/>
  <testcase name="testTwice" classname="com.distrimind.bouncycastle.math.ec.test.ECPointTest" time="0.0"/>
  <testcase name="testAllPoints" classname="com.distrimind.bouncycastle.math.ec.test.ECPointTest" time="0.003"/>
  <testcase name="testAddSubtractMultiplyTwiceEncoding" classname="com.distrimind.bouncycastle.math.ec.test.ECPointTest" time="6.0"/>
  <testcase name="testExampleFpB0" classname="com.distrimind.bouncycastle.math.ec.test.ECPointTest" time="2.325"/>
  <testcase name="testPointCreationConsistency" classname="com.distrimind.bouncycastle.math.ec.test.ECPointTest" time="0.0"/>
  <system-out><![CDATA[]]></system-out>
  <system-err><![CDATA[]]></system-err>
</testsuite>
