<?xml version="1.0" encoding="UTF-8"?>
<testsuite name="org.bouncycastle.asn1.test.GetInstanceTest" tests="1" skipped="0" failures="0" errors="0" timestamp="2019-05-14T11:38:13" hostname="Garage2" time="0.029">
  <properties/>
  <testcase name="GetInstanceNullTest" classname="org.bouncycastle.asn1.test.GetInstanceTest" time="0.029"/>
  <system-out><![CDATA[]]></system-out>
  <system-err><![CDATA[]]></system-err>
</testsuite>
