<?xml version="1.0" encoding="UTF-8"?>
<testsuite name="org.bouncycastle.bccrypto.ec.test.AllTests" tests="1" skipped="0" failures="0" errors="0" timestamp="2020-06-02T09:04:50" hostname="Garage" time="0.024">
  <properties/>
  <testcase name="testCrypto" classname="org.bouncycastle.bccrypto.ec.test.AllTests" time="0.024"/>
  <system-out><![CDATA[]]></system-out>
  <system-err><![CDATA[]]></system-err>
</testsuite>
