<?xml version="1.0" encoding="UTF-8"?>
<testsuite name="com.distrimind.bouncycastle.pqc.crypto.test.XMSSOidTest" tests="4" skipped="0" failures="0" errors="0" timestamp="2020-11-08T08:31:02" hostname="Garage" time="0.0">
  <properties/>
  <testcase name="testXMSSOidException1" classname="com.distrimind.bouncycastle.pqc.crypto.test.XMSSOidTest" time="0.0"/>
  <testcase name="testXMSSOidException2" classname="com.distrimind.bouncycastle.pqc.crypto.test.XMSSOidTest" time="0.0"/>
  <testcase name="testXMSSOidException3" classname="com.distrimind.bouncycastle.pqc.crypto.test.XMSSOidTest" time="0.0"/>
  <testcase name="testXMSSOid" classname="com.distrimind.bouncycastle.pqc.crypto.test.XMSSOidTest" time="0.0"/>
  <system-out><![CDATA[]]></system-out>
  <system-err><![CDATA[]]></system-err>
</testsuite>
