<?xml version="1.0" encoding="UTF-8"?>
<testsuite name="org.bouncycastle.math.ec.test.ECAlgorithmsTest" tests="4" skipped="0" failures="0" errors="0" timestamp="2019-05-14T11:38:14" hostname="Garage2" time="26.989">
  <properties/>
  <testcase name="testSumOfMultiplies" classname="org.bouncycastle.math.ec.test.ECAlgorithmsTest" time="0.02"/>
  <testcase name="testSumOfTwoMultipliesComplete" classname="org.bouncycastle.math.ec.test.ECAlgorithmsTest" time="17.647"/>
  <testcase name="testSumOfMultipliesComplete" classname="org.bouncycastle.math.ec.test.ECAlgorithmsTest" time="9.318"/>
  <testcase name="testSumOfTwoMultiplies" classname="org.bouncycastle.math.ec.test.ECAlgorithmsTest" time="0.004"/>
  <system-out><![CDATA[]]></system-out>
  <system-err><![CDATA[]]></system-err>
</testsuite>
