<?xml version="1.0" encoding="UTF-8"?>
<testsuite name="com.distrimind.bouncycastle.util.encoders.test.Base64Test" tests="4" skipped="0" failures="0" errors="0" timestamp="2021-11-01T15:25:34" hostname="basic" time="0.037">
  <properties/>
  <testcase name="testWithWhitespace" classname="com.distrimind.bouncycastle.util.encoders.test.Base64Test" time="0.0"/>
  <testcase name="testSamples" classname="com.distrimind.bouncycastle.util.encoders.test.Base64Test" time="0.0"/>
  <testcase name="testInvalidInput" classname="com.distrimind.bouncycastle.util.encoders.test.Base64Test" time="0.001"/>
  <testcase name="testEncode" classname="com.distrimind.bouncycastle.util.encoders.test.Base64Test" time="0.035"/>
  <system-out><![CDATA[]]></system-out>
  <system-err><![CDATA[]]></system-err>
</testsuite>
