<?xml version="1.0" encoding="UTF-8"?>
<testsuite name="com.distrimind.bouncycastle.pqc.crypto.test.XMSSTest" tests="13" skipped="0" failures="0" errors="0" timestamp="2021-05-27T13:44:44" hostname="Garage" time="31.414">
  <properties/>
  <testcase name="testGenKeyPairSHA256" classname="com.distrimind.bouncycastle.pqc.crypto.test.XMSSTest" time="2.13"/>
  <testcase name="testGenKeyPairSHA512" classname="com.distrimind.bouncycastle.pqc.crypto.test.XMSSTest" time="6.256"/>
  <testcase name="testVerifySignatureSHA256" classname="com.distrimind.bouncycastle.pqc.crypto.test.XMSSTest" time="0.06"/>
  <testcase name="testVerifySignatureSHA512" classname="com.distrimind.bouncycastle.pqc.crypto.test.XMSSTest" time="0.173"/>
  <testcase name="testImportKeysSHA512" classname="com.distrimind.bouncycastle.pqc.crypto.test.XMSSTest" time="0.24"/>
  <testcase name="testBDSImport" classname="com.distrimind.bouncycastle.pqc.crypto.test.XMSSTest" time="0.045"/>
  <testcase name="testImportStateSHA256" classname="com.distrimind.bouncycastle.pqc.crypto.test.XMSSTest" time="0.083"/>
  <testcase name="testRandom" classname="com.distrimind.bouncycastle.pqc.crypto.test.XMSSTest" time="0.205"/>
  <testcase name="testSignSHA256CompleteEvenHeight1" classname="com.distrimind.bouncycastle.pqc.crypto.test.XMSSTest" time="0.085"/>
  <testcase name="testSignSHA256CompleteEvenHeight2" classname="com.distrimind.bouncycastle.pqc.crypto.test.XMSSTest" time="11.689"/>
  <testcase name="testSignSHA256" classname="com.distrimind.bouncycastle.pqc.crypto.test.XMSSTest" time="2.176"/>
  <testcase name="testSignSHA512" classname="com.distrimind.bouncycastle.pqc.crypto.test.XMSSTest" time="6.128"/>
  <testcase name="testAuthPath" classname="com.distrimind.bouncycastle.pqc.crypto.test.XMSSTest" time="2.143"/>
  <system-out><![CDATA[]]></system-out>
  <system-err><![CDATA[]]></system-err>
</testsuite>
