<?xml version="1.0" encoding="UTF-8"?>
<testsuite name="org.bouncycastle.bccrypto.tls.test.DTLSProtocolTest" tests="1" skipped="0" failures="0" errors="0" timestamp="2020-02-14T17:19:55" hostname="Garage" time="1.137">
  <properties/>
  <testcase name="testClientServer" classname="org.bouncycastle.bccrypto.tls.test.DTLSProtocolTest" time="1.137"/>
  <system-out><![CDATA[(+5ms) Sending 174 byte datagram:
    16 FE FF 00 00 00 00 00-00 00 00 00 A1 01 00 00
    95 00 00 00 00 00 00 00-95 FE FD 2A DB A6 DF E9
    9C 42 05 5B 10 AD 7F 7C-AC 6F A5 2F E5 8D 94 09
    2B 46 7A 6E 69 71 92 B3-97 FA 73 00 00 00 14 C0
    2B C0 23 C0 09 C0 2F C0-27 C0 13 00 9C 00 3C 00
    2F 00 FF 01 00 00 57 00-04 00 00 00 17 00 00 00
    16 00 00 00 15 00 0C 00-00 00 00 00 00 00 00 00
    00 00 00 00 0A 00 06 00-04 00 17 00 18 00 0D 00
    20 00 1E 02 01 03 01 04-01 05 01 06 01 02 02 03
    02 04 02 05 02 06 02 02-03 03 03 04 03 05 03 06
    03 00 01 00 01 01 00 0B-00 04 03 00 01 02
(+8ms) Received 87 byte datagram:
    16 FE FD 00 00 00 00 00-00 00 00 00 4A 02 00 00
    3E 00 00 00 00 00 00 00-3E FE FD CB BA 36 FC 74
    C0 F1 5D 42 3E E2 12 31-99 E1 26 5D A3 F1 6E B2
    DA 58 60 18 63 68 DC D5-BC C6 05 00 C0 2F 00 00
    16 00 17 00 00 FF 01 00-01 00 00 01 00 01 01 00
    0B 00 04 03 00 01 02
Negotiated DTLS 1.2
(+13ms) Received 525 byte datagram:
    16 FE FD 00 00 00 00 00-00 00 01 02 00 0B 00 07
    12 00 01 00 00 00 00 01-F4 00 07 0F 00 03 9E 30
    82 03 9A 30 82 02 52 A0-03 02 01 02 02 04 52 A2
    9C E0 30 0D 06 09 2A 86-48 86 F7 0D 01 01 0B 05
    00 30 23 31 21 30 1F 06-03 55 04 03 13 18 42 6F
    75 6E 63 79 43 61 73 74-6C 65 20 54 4C 53 20 54
    65 73 74 20 43 41 30 1E-17 0D 31 33 31 32 30 37
    30 33 35 38 32 34 5A 17-0D 33 33 31 32 30 32 30
    33 35 38 32 34 5A 30 23-31 21 30 1F 06 03 55 04
    03 13 18 42 6F 75 6E 63-79 43 61 73 74 6C 65 20
    54 65 73 74 20 53 65 72-76 65 72 30 82 01 52 30
    0D 06 09 2A 86 48 86 F7-0D 01 01 01 05 00 03 82
    01 3F 00 30 82 01 3A 02-82 01 31 00 B3 2F CF 37
    9E 0F ED 99 07 DB 71 47-8E D8 19 BB 3A 72 19 AF
    38 F9 86 4E 33 7B 27 8A-47 A6 EB AD 28 F7 45 AC
    4E AB 8C 32 D5 CD 78 04-0F 18 01 54 A6 ED 90 C6
    8E 35 EA 88 28 96 AA AD-4D 76 09 CF DA AC A7 F7
    83 BF 39 4D 08 93 7B 1C-A6 F9 16 0D BC 1E 20 9C
    74 CC 76 01 1D 37 AA 51-A4 C4 8D D6 B0 23 F1 16
    C5 FC DF 3A F3 F3 06 52-BE B3 BB 8E 34 B5 FD 67
    C9 5B 5B D8 99 EF A4 92-D6 1C 83 DD 3E E6 92 74
    E6 11 00 23 01 54 FE 68-7D 2A 75 51 55 D9 C8 34
    27 02 A9 D9 F0 A4 0D 5F-00 F5 CB C2 A3 58 75 1A
    25 69 CC DA 40 52 35 9A-5F 18 6C E8 02 9D E7 F3
    BB 17 92 B7 DA B3 FF B4-E4 04 84 D5 BC 17 F7 00
    7E 5F 50 6E 94 7B 33 71-99 AF 39 A3 B6 F5 3F 84
    09 36 25 86 03 BB B0 87-B8 80 06 92 11 EF BF 79
    16 4F 1E 6C E4 94 0F D9-59 F6 2A A8 D0 2C D7 04
    30 22 C0 97 B7 BB 34 8B-04 84 E5 17 4C 5B CA F7
    87 F8 82 E3 EE C2 A9 6B-40 A4 57 EE 72 67 50 A6
    07 8D BA 96 5B AE 06 56-31 6E 2D B0 7C 08 0D F1
    AA DF 42 D9 D3 A1 B9 7F-9B E0 A5 AD 02 03 01 00
    01 A3 76 30 74 30 0C 06-03 55 1D 13 01
(+14ms) Received 525 byte datagram:
    16 FE FD 00 00 00 00 00-00 00 02 02 00 0B 00 07
    12 00 01 00 01 F4 00 01-F4 01 FF 04 02 30 00 30
    13 06 03 55 1D 25 04 0C-30 0A 06 08 2B 06 01 05
    05 07 03 01 30 0F 06 03-55 1D 0F 01 01 FF 04 05
    03 03 07 A0 00 30 1D 06-03 55 1D 0E 04 16 04 14
    94 82 C6 06 DF 04 CE 16-2D 94 DA CE 3E B8 5F C2
    2D 2C E9 B9 30 1F 06 03-55 1D 23 04 18 30 16 80
    14 F6 63 AF AF A3 E2 EF-EE 0E E5 B2 B1 46 28 6A
    78 29 32 1E E9 30 0D 06-09 2A 86 48 86 F7 0D 01
    01 0B 05 00 03 82 01 31-00 C4 1D 30 B3 A5 58 A5
    89 C6 1E 88 3F BB 11 95-62 A3 A5 66 72 BB 8D DE
    48 E7 EF 12 95 65 8D 6F-15 69 1C 49 0B C5 1D 86
    91 71 B1 74 BA 32 5E F0-10 C5 02 06 45 4D 1C 63
    31 86 8F C6 24 C5 D4 05-5E CE B1 04 AF D1 EB 75
    A3 8E 5B 9A 43 7E 28 A8-AC 49 54 5E 4A 07 23 E8
    3A E9 FC 14 5C 51 CC 9B-3E D7 09 68 35 B5 B7 18
    7F B2 E1 D6 A6 95 66 B6-42 24 64 81 7F DC 84 76
    A8 57 A4 0D D0 8B A2 5B-A2 10 EB DB 36 7D D8 8D
    49 D0 2E 6E 84 A3 4A 41-C6 0A 5B 5B 93 05 DF FD
    7D 51 C9 0F D6 C2 EB B3-9B C5 93 57 6D 0C 16 7F
    6A 0A 48 F4 8D 29 B2 FF-BA 3A C8 E8 B2 FA DD A6
    32 0F 1E 3C 26 A1 9F A8-62 D2 9C E1 0D F4 BF 32
    C2 56 D1 86 CB 35 D6 05-9F 99 E8 06 E6 66 92 4F
    0D 0B 6E 97 9D B6 5C A1-36 BC 4F 06 03 7F 97 FD
    15 D5 01 90 7C 6B CE 83-5A DC EA 27 53 BA 0F E2
    8E C8 0F 73 C1 ED 42 3B-E5 49 E5 F3 24 8D 23 57
    63 A5 83 CC 45 EA C8 A1-01 3F CB 64 92 F4 81 CA
    23 39 E3 A0 97 B4 D0 DB-13 00 5E 3E D6 10 7F 6D
    B7 9A 92 B9 E9 74 C5 AB-89 00 03 6B 30 82 03 67
    30 82 02 1F A0 03 02 01-02 02 04 52 A2 9C CB 30
    0D 06 09 2A 86 48 86 F7-0D 01 01 0B 05 00 30 23
    31 21 30 1F 06 03 55 04-03 13 18 42 6F 75 6E 63
    79 43 61 73 74 6C 65 20-54 4C 53 20 54
(+15ms) Received 525 byte datagram:
    16 FE FD 00 00 00 00 00-00 00 03 02 00 0B 00 07
    12 00 01 00 03 E8 00 01-F4 65 73 74 20 43 41 30
    1E 17 0D 31 33 31 32 30-37 30 33 35 38 30 33 5A
    17 0D 33 33 31 32 30 32-30 33 35 38 30 33 5A 30
    23 31 21 30 1F 06 03 55-04 03 13 18 42 6F 75 6E
    63 79 43 61 73 74 6C 65-20 54 4C 53 20 54 65 73
    74 20 43 41 30 82 01 52-30 0D 06 09 2A 86 48 86
    F7 0D 01 01 01 05 00 03-82 01 3F 00 30 82 01 3A
    02 82 01 31 00 CC 87 37-9C 1F 91 BB 1E EC 79 23
    C0 78 7E D0 D8 29 07 C1-12 91 81 94 50 76 62 F6
    E7 DC 92 1B B4 4A 67 63-7B AD 26 89 16 19 D6 D3
    63 9A 17 9F C6 A6 49 16-45 3F D6 49 94 10 CF AC
    0C A8 A7 FF D4 7E E2 74-03 59 F6 C0 38 85 1D 47
    0F 31 CD 43 83 AE EE 1F-8E 1F 1A 26 F9 F6 D9 CE
    57 86 B4 C3 8C 45 D7 C1-55 80 F1 FE FB 65 72 FD
    96 3F 56 34 80 21 F3 1D-53 79 F3 9E 1D 69 EF 8E
    1D B0 48 D3 AA 3E 1E B8-98 DC CB D0 82 BE 95 BB
    03 48 B4 66 E5 F3 B6 49-0D 66 F7 15 9E C9 02 AE
    FB 87 2A C8 40 66 83 E8-76 D2 16 D4 6E BA 7A F6
    50 08 64 08 24 72 F2 01-20 22 7D 01 5E D5 CF 15
    94 9F 14 E1 9E 73 41 E2-5E DB A0 E3 31 11 79 22
    B6 09 5A 5E 37 20 56 2B-0D F1 42 E3 1F BD 12 75
    4A 74 4D A0 F7 90 FD 99-39 16 03 05 FC FF 2E 5E
    5B 33 C1 8F BB 9A B8 B7-5C DF A0 8F 7C 97 27 E9
    0D 2C 84 6C 4C 6E 7F 8E-8F 6F E6 AC 5F 1C AB D8
    57 05 ED 1C B9 12 C7 F0-5E E4 EB 01 B1 CD 5C F1
    E3 08 B3 33 2B 02 28 9A-17 61 59 C4 C3 D0 0F DE
    E4 99 A9 73 43 02 03 01-00 01 A3 43 30 41 30 0F
    06 03 55 1D 13 01 01 FF-04 05 30 03 01 01 FF 30
    0F 06 03 55 1D 0F 01 01-FF 04 05 03 03 07 04 00
    30 1D 06 03 55 1D 0E 04-16 04 14 F6 63 AF AF A3
    E2 EF EE 0E E5 B2 B1 46-28 6A 78 29 32 1E E9 30
    0D 06 09 2A 86 48 86 F7-0D 01 01 0B 05
(+16ms) Received 335 byte datagram:
    16 FE FD 00 00 00 00 00-00 00 04 01 42 0B 00 07
    12 00 01 00 05 DC 00 01-36 00 03 82 01 31 00 AC
    8C 88 59 A3 63 1C E3 5E-94 01 0F 97 6F 44 8E F1
    66 7E FD BC 7D E5 A3 5D-D7 44 15 E3 FE C6 CF 5C
    35 D6 22 FD B5 88 B7 EE-B5 79 FF 44 61 AC AB CA
    62 3D 71 C6 E5 46 37 72-96 51 EA 03 AA E9 03 B5
    74 9F 75 2B 45 62 00 90-45 41 D9 21 86 D7 DB 86
    A1 98 E2 3B E3 D2 F1 8E-EB 37 A7 1B F5 AB 8C 7D
    BA 9C 24 FB F1 2E 0B E9-9A 05 E9 8D 04 7D 05 E5
    B8 FE 74 BC 48 AD 4D A6-7A C7 FA EE 9E 0F 61 D8
    94 3C AD 82 A2 45 15 42-03 EB 60 05 62 BF 08 D8
    50 F4 B5 F2 93 71 94 D2-62 8B 8A 4D 00 90 41 52
    D7 B0 B4 35 67 8F 20 F1-2C FC AC 6F F6 24 C4 15
    A7 00 37 DC 15 1E 36 5C-31 89 D8 B5 66 8F 35 7D
    0B 59 5F 2C D9 5D 83 30-9C 6B 9A 00 84 72 85 E0
    27 19 72 12 6B F2 AB 0A-63 07 ED 80 88 84 15 22
    E5 9C C0 FA A0 05 0A 0A-1D 38 53 DB 32 5C 5D 5F
    9B 32 13 2C E9 C1 AF 68-87 6F 3F 1B 6D 76 E4 2C
    3F 7E 3D 19 C9 94 22 55-7A CC 52 6A F8 77 0C 8D
    F6 BC 85 93 48 92 E1 81-A5 4C DD 45 09 EE D7 EB
    D8 4E 4C 33 79 53 8F 10-80 59 2F 38 3D 7B 69
DTLS client received server certificate chain of length 2
    fingerprint:SHA-256 D4:25:89:8B:69:5E:19:B3:E3:81:F0:4E:B7:C6:1C:E5:3B:AB:B8:06:97:A2:E8:BB:35:BF:D1:CC:19:66:55:84 (CN=BouncyCastle Test Server)
    fingerprint:SHA-256 F2:B0:0A:FB:DC:2F:36:FF:60:52:AC:26:C8:E6:1A:89:92:77:9B:F4:1C:9D:A0:4C:25:58:3D:35:A5:C1:DC:C0 (CN=BouncyCastle TLS Test CA)
(+19ms) Received 402 byte datagram:
    16 FE FD 00 00 00 00 00-00 00 05 01 85 0C 00 01
    79 00 02 00 00 00 00 01-79 03 00 17 41 04 38 E6
    C2 76 85 A2 DA E2 5C 45-32 1C B6 C6 FF D7 8E 2E
    9B 50 7F 9E 06 AE 57 F2-48 77 AE 81 15 4B 51 22
    38 7C 07 BE 04 F3 38 52-3C 08 E5 0D DF 91 E4 31
    1A A0 5B A6 1E D7 CD 2D-C9 46 0F A1 1A 44 02 01
    01 30 A0 C1 55 49 B2 A9-A0 B3 D3 4C EB 64 DA E2
    BB 34 89 EF DD F8 3C BA-44 3C 21 22 7B 52 6C 03
    8E 35 0F CA 0D 7A 01 F0-EE 45 D2 96 91 CA C4 17
    3A 54 81 48 F1 80 EB 1C-36 58 5E D7 37 01 D1 80
    02 38 88 1A EB A5 1F F8-B7 4E B6 1B 4C 7A 23 C0
    D0 41 78 DF 30 BF 33 AE-15 0D 97 1A AA B5 1B 58
    D2 DE BF B6 39 75 43 E0-59 92 59 74 C1 47 5C 2E
    62 8A ED 34 AB 92 9A BD-01 60 24 3A A5 FD B1 44
    BF 13 E9 E6 37 9E AF 17-60 25 16 D2 BC 9E 3F F1
    0A 33 B5 BC 44 A7 7D 98-CD F1 1A 14 B8 74 F1 88
    69 40 6F 82 51 72 65 E7-68 8C 53 C6 E2 93 03 68
    B9 72 99 6C AE C6 2E 03-1D 7B D4 88 AD C9 CF FC
    8C 1F 19 4E E3 25 5F A0-68 56 0D 10 9B 74 37 53
    24 DB F0 32 CF B3 3D EE-00 3B 81 06 81 24 7C 55
    79 08 37 14 C5 76 41 A2-F7 3E BB 7D 59 AC 91 3C
    17 A4 25 B7 9F 9E 74 6B-0C 2D E2 D3 F4 EA 4F 7A
    46 0D 22 71 8C 51 5B 26-49 C6 74 03 9E 37 14 DA
    93 15 8A ED 2F B7 67 4A-BA 29 1C B1 2B 6C 44 54
    DB 7C C4 26 D1 91 82 4D-CF D0 B2 06 29 00 61 AF
    AF 21
(+19ms) Received 102 byte datagram:
    16 FE FD 00 00 00 00 00-00 00 06 00 59 0D 00 00
    4D 00 03 00 00 00 00 00-4D 03 01 02 40 00 1E 02
    01 03 01 04 01 05 01 06-01 02 02 03 02 04 02 05
    02 06 02 02 03 03 03 04-03 05 03 06 03 00 27 00
    25 30 23 31 21 30 1F 06-03 55 04 03 13 18 42 6F
    75 6E 63 79 43 61 73 74-6C 65 20 54 4C 53 20 54
    65 73 74 20 43 41
(+20ms) Received 25 byte datagram:
    16 FE FD 00 00 00 00 00-00 00 07 00 0C 0E 00 00
    00 00 04 00 00 00 00 00-00
(+21ms) Sending 525 byte datagram:
    16 FE FD 00 00 00 00 00-00 00 01 02 00 0B 00 07
    12 00 01 00 00 00 00 01-F4 00 07 0F 00 03 9E 30
    82 03 9A 30 82 02 52 A0-03 02 01 02 02 04 52 A2
    9C DA 30 0D 06 09 2A 86-48 86 F7 0D 01 01 0B 05
    00 30 23 31 21 30 1F 06-03 55 04 03 13 18 42 6F
    75 6E 63 79 43 61 73 74-6C 65 20 54 4C 53 20 54
    65 73 74 20 43 41 30 1E-17 0D 31 33 31 32 30 37
    30 33 35 38 31 38 5A 17-0D 33 33 31 32 30 32 30
    33 35 38 31 38 5A 30 23-31 21 30 1F 06 03 55 04
    03 13 18 42 6F 75 6E 63-79 43 61 73 74 6C 65 20
    54 65 73 74 20 43 6C 69-65 6E 74 30 82 01 52 30
    0D 06 09 2A 86 48 86 F7-0D 01 01 01 05 00 03 82
    01 3F 00 30 82 01 3A 02-82 01 31 00 D8 73 2D 76
    93 50 F9 B1 D7 DB A0 56-FE 16 90 2F 8D 97 40 AA
    59 6F BD 4A 44 2B 54 9D-85 59 6D 83 53 AE 24 5C
    B7 D3 48 B3 E2 1F 9B B7-25 50 7F E1 2D 33 44 DF
    16 07 A0 18 46 FE AB 97-97 53 70 25 3E EB AB 8B
    C1 67 69 B6 88 78 55 DC-69 15 F2 68 5F 6C 80 27
    ED 4C 3A E1 E8 70 F9 44-BF 0A FB CD 71 C5 FC 80
    0F 5A 0A 33 6A 45 DA 97-11 C5 86 C0 A4 68 5B 40
    F4 90 4A 12 5F 37 2D 0A-A7 68 E6 1D 26 C1 C3 D1
    F8 35 55 33 04 22 14 35-D2 F8 B9 2A 84 BD DE 17
    65 AC 79 B4 21 B8 58 8C-36 2F 90 4A 13 BA BE 05
    88 7A 51 AF 8F B9 23 98-45 6D B4 43 AC 44 35 31
    1C 05 6D BF B9 0C 8E 6B-22 ED 00 32 7A C2 E6 CB
    21 6D ED 11 7A 04 B6 19-66 F5 5B 8F 2C FE 02 E8
    2B F8 C5 E6 63 69 E8 1F-F1 31 90 A7 EB 85 A2 EF
    76 A9 77 A8 40 35 C4 A3-45 C6 2E CB 2C 9F 01 53
    53 FD 8C 9D 52 A3 B9 D8-5F 83 FC 09 E9 72 EA 8A
    BF 19 E7 B5 6C F7 61 2C-AE B5 2B E4 7F C1 FF 62
    2F BD 24 AE 4C 6E 77 B8-66 22 59 AF 7F 43 1A D1
    D1 C7 DC 73 3A 76 F8 D8-69 9E 7F 27 02 03 01 00
    01 A3 76 30 74 30 0C 06-03 55 1D 13 01
(+21ms) Sending 525 byte datagram:
    16 FE FD 00 00 00 00 00-00 00 02 02 00 0B 00 07
    12 00 01 00 01 F4 00 01-F4 01 FF 04 02 30 00 30
    13 06 03 55 1D 25 04 0C-30 0A 06 08 2B 06 01 05
    05 07 03 02 30 0F 06 03-55 1D 0F 01 01 FF 04 05
    03 03 07 A0 00 30 1D 06-03 55 1D 0E 04 16 04 14
    FA F6 54 11 05 F9 B7 E4-86 09 EE 38 62 0B CC 9A
    23 26 F0 D9 30 1F 06 03-55 1D 23 04 18 30 16 80
    14 F6 63 AF AF A3 E2 EF-EE 0E E5 B2 B1 46 28 6A
    78 29 32 1E E9 30 0D 06-09 2A 86 48 86 F7 0D 01
    01 0B 05 00 03 82 01 31-00 8D 7B B3 BB 5E 56 DD
    21 13 D6 69 E3 4F BE 02-42 B5 93 7F F3 EC 20 85
    B2 0F B2 4B CF B5 56 01-71 E6 65 39 5E 03 59 30
    C8 1A 01 2A 35 3C 27 7D-67 11 45 40 F5 C9 D7 C3
    13 E1 88 C8 EA 45 88 0B-94 59 B2 9B 13 0B 00 AA
    EE 3C A0 F1 BC 37 E8 C1-D3 34 55 13 62 07 E0 31
    B8 56 3E B5 07 46 E3 AA-D2 21 B8 FB 02 55 47 A9
    57 B8 7C FF C9 AA 8C 54-D8 B2 E3 2C 41 7A BA 3B
    FB 36 22 3D 9F 8F 2A 31-1C BD 0C 5F 70 6F 9D 22
    0A 6D 47 AA 65 36 41 5E-66 2A 53 54 2B 12 AE 2B
    7A 8A E4 AD AA 64 7B 26-98 F7 9F 13 E4 47 E8 3C
    68 07 CF 09 E8 82 C6 B4-8B 34 91 41 8F 92 79 00
    64 9F 90 1C E0 8C 5E 48-13 FC FE B4 E8 1C 9A 51
    70 B7 03 80 21 D4 67 FC-55 2B EE 0D 45 15 98 7E
    5B 2E C0 88 1E EA 53 81-1C A1 6D 47 A5 C5 C9 B9
    1B 8A 0E B4 F3 14 7E CB-F3 CC EE 9E BB FC 9F D5
    C9 48 C0 F1 76 73 FA 90-DC 08 BF CF 47 99 82 56
    C6 D4 E8 3B AF 0F B0 04-E2 18 0E 83 89 45 0F 93
    E1 6A 20 7A 8F D2 48 17-5C C4 9C 38 31 46 4A 55
    EA 87 8A 1C BE D0 38 00-F1 00 03 6B 30 82 03 67
    30 82 02 1F A0 03 02 01-02 02 04 52 A2 9C CB 30
    0D 06 09 2A 86 48 86 F7-0D 01 01 0B 05 00 30 23
    31 21 30 1F 06 03 55 04-03 13 18 42 6F 75 6E 63
    79 43 61 73 74 6C 65 20-54 4C 53 20 54
(+22ms) Sending 525 byte datagram:
    16 FE FD 00 00 00 00 00-00 00 03 02 00 0B 00 07
    12 00 01 00 03 E8 00 01-F4 65 73 74 20 43 41 30
    1E 17 0D 31 33 31 32 30-37 30 33 35 38 30 33 5A
    17 0D 33 33 31 32 30 32-30 33 35 38 30 33 5A 30
    23 31 21 30 1F 06 03 55-04 03 13 18 42 6F 75 6E
    63 79 43 61 73 74 6C 65-20 54 4C 53 20 54 65 73
    74 20 43 41 30 82 01 52-30 0D 06 09 2A 86 48 86
    F7 0D 01 01 01 05 00 03-82 01 3F 00 30 82 01 3A
    02 82 01 31 00 CC 87 37-9C 1F 91 BB 1E EC 79 23
    C0 78 7E D0 D8 29 07 C1-12 91 81 94 50 76 62 F6
    E7 DC 92 1B B4 4A 67 63-7B AD 26 89 16 19 D6 D3
    63 9A 17 9F C6 A6 49 16-45 3F D6 49 94 10 CF AC
    0C A8 A7 FF D4 7E E2 74-03 59 F6 C0 38 85 1D 47
    0F 31 CD 43 83 AE EE 1F-8E 1F 1A 26 F9 F6 D9 CE
    57 86 B4 C3 8C 45 D7 C1-55 80 F1 FE FB 65 72 FD
    96 3F 56 34 80 21 F3 1D-53 79 F3 9E 1D 69 EF 8E
    1D B0 48 D3 AA 3E 1E B8-98 DC CB D0 82 BE 95 BB
    03 48 B4 66 E5 F3 B6 49-0D 66 F7 15 9E C9 02 AE
    FB 87 2A C8 40 66 83 E8-76 D2 16 D4 6E BA 7A F6
    50 08 64 08 24 72 F2 01-20 22 7D 01 5E D5 CF 15
    94 9F 14 E1 9E 73 41 E2-5E DB A0 E3 31 11 79 22
    B6 09 5A 5E 37 20 56 2B-0D F1 42 E3 1F BD 12 75
    4A 74 4D A0 F7 90 FD 99-39 16 03 05 FC FF 2E 5E
    5B 33 C1 8F BB 9A B8 B7-5C DF A0 8F 7C 97 27 E9
    0D 2C 84 6C 4C 6E 7F 8E-8F 6F E6 AC 5F 1C AB D8
    57 05 ED 1C B9 12 C7 F0-5E E4 EB 01 B1 CD 5C F1
    E3 08 B3 33 2B 02 28 9A-17 61 59 C4 C3 D0 0F DE
    E4 99 A9 73 43 02 03 01-00 01 A3 43 30 41 30 0F
    06 03 55 1D 13 01 01 FF-04 05 30 03 01 01 FF 30
    0F 06 03 55 1D 0F 01 01-FF 04 05 03 03 07 04 00
    30 1D 06 03 55 1D 0E 04-16 04 14 F6 63 AF AF A3
    E2 EF EE 0E E5 B2 B1 46-28 6A 78 29 32 1E E9 30
    0D 06 09 2A 86 48 86 F7-0D 01 01 0B 05
(+23ms) Sending 335 byte datagram:
    16 FE FD 00 00 00 00 00-00 00 04 01 42 0B 00 07
    12 00 01 00 05 DC 00 01-36 00 03 82 01 31 00 AC
    8C 88 59 A3 63 1C E3 5E-94 01 0F 97 6F 44 8E F1
    66 7E FD BC 7D E5 A3 5D-D7 44 15 E3 FE C6 CF 5C
    35 D6 22 FD B5 88 B7 EE-B5 79 FF 44 61 AC AB CA
    62 3D 71 C6 E5 46 37 72-96 51 EA 03 AA E9 03 B5
    74 9F 75 2B 45 62 00 90-45 41 D9 21 86 D7 DB 86
    A1 98 E2 3B E3 D2 F1 8E-EB 37 A7 1B F5 AB 8C 7D
    BA 9C 24 FB F1 2E 0B E9-9A 05 E9 8D 04 7D 05 E5
    B8 FE 74 BC 48 AD 4D A6-7A C7 FA EE 9E 0F 61 D8
    94 3C AD 82 A2 45 15 42-03 EB 60 05 62 BF 08 D8
    50 F4 B5 F2 93 71 94 D2-62 8B 8A 4D 00 90 41 52
    D7 B0 B4 35 67 8F 20 F1-2C FC AC 6F F6 24 C4 15
    A7 00 37 DC 15 1E 36 5C-31 89 D8 B5 66 8F 35 7D
    0B 59 5F 2C D9 5D 83 30-9C 6B 9A 00 84 72 85 E0
    27 19 72 12 6B F2 AB 0A-63 07 ED 80 88 84 15 22
    E5 9C C0 FA A0 05 0A 0A-1D 38 53 DB 32 5C 5D 5F
    9B 32 13 2C E9 C1 AF 68-87 6F 3F 1B 6D 76 E4 2C
    3F 7E 3D 19 C9 94 22 55-7A CC 52 6A F8 77 0C 8D
    F6 BC 85 93 48 92 E1 81-A5 4C DD 45 09 EE D7 EB
    D8 4E 4C 33 79 53 8F 10-80 59 2F 38 3D 7B 69
DTLS server received client certificate chain of length 2
(+24ms) Sending 91 byte datagram:
    16 FE FD 00 00 00 00 00-00 00 05 00 4E 10 00 00
    42 00 02 00 00 00 00 00-42 41 04 58 7A B1 0E 36
    B6 32 B9 D6 47 B0 B7 34-D9 F8 1B D8 46 E7 3A D7
    5A D0 40 25 C5 6A 19 3A-70 72 5F CE 78 CB 63 3B
    62 4E B1 D4 03 5D 75 2F-89 C3 10 A9 29 68 DF 68
    D4 0F CE 96 E1 84 A8 48-62 9F 87
    fingerprint:SHA-256 F5:DD:37:DF:9B:E7:DA:87:7C:6C:D6:61:5A:61:18:AE:B3:6A:A3:3A:B4:5B:33:53:05:4A:7B:FC:B9:D5:A7:DA (CN=BouncyCastle Test Client)
    fingerprint:SHA-256 F2:B0:0A:FB:DC:2F:36:FF:60:52:AC:26:C8:E6:1A:89:92:77:9B:F4:1C:9D:A0:4C:25:58:3D:35:A5:C1:DC:C0 (CN=BouncyCastle TLS Test CA)
(+29ms) Sending 333 byte datagram:
    16 FE FD 00 00 00 00 00-00 00 06 01 40 0F 00 01
    34 00 03 00 00 00 00 01-34 02 01 01 30 29 A5 BE
    26 25 03 78 82 AF C2 16-E2 39 61 7D 97 74 E3 FE
    04 E3 25 59 02 D5 1E B6-1A AC 7E 4B F2 52 84 9D
    2D B3 D2 F8 3F 5C 55 B7-73 EE D4 56 B6 26 F5 1A
    F1 B1 4F E6 D6 F1 67 1C-E1 95 83 31 9B C0 8B 9F
    AE 32 7C 7B 58 A2 4C D6-B0 2C 66 FC 95 53 ED CF
    28 7E 49 90 30 C4 7E C3-0A 07 24 06 AC 34 DF 8D
    CC 3F CB A0 C8 17 7E C8-B2 21 E8 E2 0C 14 21 09
    42 E3 26 F2 D4 41 55 6D-00 16 A2 2F 46 38 D1 AC
    AE 83 BB 5A C4 05 5E 94-09 C3 CF 1C C1 3F B7 CB
    F7 9F 46 FC D4 B3 3C 76-72 2D 03 37 58 30 2C 0B
    48 4A CF F4 64 A5 4A 7C-DA 42 9C DB DA 3C 94 4B
    0A B1 1A 4C 7D 02 DC 74-79 7A 13 A3 83 C7 B2 05
    2B EC B4 C1 75 B3 FC 85-6E 0F 84 21 84 CB EF DD
    4D 72 6F B1 81 B9 3B F8-BA 16 75 23 BD 32 59 36
    27 B7 63 93 23 C8 B3 5A-E2 42 50 37 C5 BF 6F 86
    B9 CC 1D 98 9B DF D4 2C-BB 09 03 D7 6F 47 08 B0
    8E 69 C6 6B 0E 00 DD C8-3B 8A 80 3D 6B E3 75 26
    54 53 66 07 68 3A 7B 41-E7 8C E0 1B 86 C4 07 20
    7F DF D1 DE 88 B1 99 8D-D5 AF C0 4D 04
(+29ms) Sending 14 byte datagram:
    14 FE FD 00 00 00 00 00-00 00 07 00 01 01
(+29ms) Sending 61 byte datagram:
    16 FE FD 00 01 00 00 00-00 00 00 00 30 00 01 00
    00 00 00 00 00 4A 1A D6-9F 92 93 02 EA B4 E1 0C
    DA EA 07 BF 1F BF 7D 1F-E3 74 D7 8B 45 8C A4 5A
    63 27 B3 27 4A D1 5F 8B-85 D8 9C 92 DC
(+30ms) Received 14 byte datagram:
    14 FE FD 00 00 00 00 00-00 00 08 00 01 01
(+30ms) Received 61 byte datagram:
    16 FE FD 00 01 00 00 00-00 00 00 00 30 00 01 00
    00 00 00 00 00 21 CA 77-BF 52 06 37 2B A7 8E 74
    93 E6 51 93 C6 D6 35 C8-B4 7F 9E E9 80 EB FF F3
    AC F4 28 E3 E5 EF 75 33-0D 10 40 41 07
(+31ms) Sending 38 byte datagram:
    17 FE FD 00 01 00 00 00-00 00 01 00 19 00 01 00
    00 00 00 00 01 83 BD AD-07 56 19 44 82 85 68 B5
    D6 56 F1 F4 02 7C
(+31ms) Sending 39 byte datagram:
    17 FE FD 00 01 00 00 00-00 00 02 00 1A 00 01 00
    00 00 00 00 02 53 AA 40-63 8D 5F 22 AD 92 78 B7
    99 B8 35 29 B5 16 82
(+31ms) Sending 40 byte datagram:
    17 FE FD 00 01 00 00 00-00 00 03 00 1B 00 01 00
    00 00 00 00 03 29 2D CF-B7 18 B6 6F B3 62 54 DE
    87 19 27 DD E6 59 2A D8
(+32ms) Sending 41 byte datagram:
    17 FE FD 00 01 00 00 00-00 00 04 00 1C 00 01 00
    00 00 00 00 04 46 2F 96-A3 2C 8F E5 85 12 5A 42
    66 2C 79 A6 57 98 E4 D6-D6
(+32ms) Sending 42 byte datagram:
    17 FE FD 00 01 00 00 00-00 00 05 00 1D 00 01 00
    00 00 00 00 05 EA 02 84-09 FD 75 DC A7 28 5D C2
    17 E7 0E 46 24 E0 8A 47-54 DE
(+32ms) Sending 43 byte datagram:
    17 FE FD 00 01 00 00 00-00 00 06 00 1E 00 01 00
    00 00 00 00 06 0C B0 2B-A4 C0 1F 3E D4 F1 8F 91
    45 83 6C C6 D4 3F 4E 1F-7D B5 3B
(+32ms) Sending 44 byte datagram:
    17 FE FD 00 01 00 00 00-00 00 07 00 1F 00 01 00
    00 00 00 00 07 B2 1D 4F-62 6C 6E 93 B8 28 CC 78
    6F E8 6E DF 0D 87 D8 A7-DF 32 A9 53
(+32ms) Sending 45 byte datagram:
    17 FE FD 00 01 00 00 00-00 00 08 00 20 00 01 00
    00 00 00 00 08 C4 34 8F-7C 63 96 74 86 10 33 D3
    C9 2B 0C 70 F2 3C 0F 00-8B 80 76 F9 CF
(+33ms) Sending 46 byte datagram:
    17 FE FD 00 01 00 00 00-00 00 09 00 21 00 01 00
    00 00 00 00 09 46 6D 3D-D5 8C AF B3 D8 EA 82 5E
    75 70 50 A6 00 0C F2 CF-C4 AE 70 8B DF 04
(+33ms) Sending 47 byte datagram:
    17 FE FD 00 01 00 00 00-00 00 0A 00 22 00 01 00
    00 00 00 00 0A C7 62 28-11 64 F2 EB A0 E2 FF A8
    6C 44 54 12 C8 0C C1 F9-E8 62 0F EF 56 D0 8C
(+33ms) Received 38 byte datagram:
    17 FE FD 00 01 00 00 00-00 00 01 00 19 00 01 00
    00 00 00 00 01 DD 4F CB-E0 DA 3B 9F 0C 53 B2 A4
    B4 03 40 BA AD EE
(+33ms) Received 39 byte datagram:
    17 FE FD 00 01 00 00 00-00 00 02 00 1A 00 01 00
    00 00 00 00 02 96 5B F4-BA 6B 87 A8 5A EF 42 F7
    A3 44 40 2C E6 3B CE
(+33ms) Received 40 byte datagram:
    17 FE FD 00 01 00 00 00-00 00 03 00 1B 00 01 00
    00 00 00 00 03 07 FF 55-2C E7 AF EA 9A 9E F0 8D
    11 D5 7E EF 9C 74 BB 3C
(+33ms) Received 41 byte datagram:
    17 FE FD 00 01 00 00 00-00 00 04 00 1C 00 01 00
    00 00 00 00 04 26 E8 14-CC 9C 74 A4 65 26 90 4A
    DC 91 11 4E 80 55 58 4D-AC
(+34ms) Received 42 byte datagram:
    17 FE FD 00 01 00 00 00-00 00 05 00 1D 00 01 00
    00 00 00 00 05 49 4C D1-87 23 73 C2 15 D2 49 E7
    4D E4 F2 B4 1C 35 6A 32-A4 DA
(+34ms) Received 43 byte datagram:
    17 FE FD 00 01 00 00 00-00 00 06 00 1E 00 01 00
    00 00 00 00 06 6E 19 E6-00 C9 63 A8 5C 46 6D E7
    A9 07 5C A2 6C CE 0A BF-3C 4F D7
(+34ms) Received 44 byte datagram:
    17 FE FD 00 01 00 00 00-00 00 07 00 1F 00 01 00
    00 00 00 00 07 2D 87 93-68 6E 5B 17 B0 D7 67 6A
    11 18 70 7E 63 E6 36 E7-EB A6 EC 7C
(+34ms) Received 45 byte datagram:
    17 FE FD 00 01 00 00 00-00 00 08 00 20 00 01 00
    00 00 00 00 08 EA 60 77-F0 E6 C4 B8 65 B0 84 18
    E3 B0 AE 51 86 59 90 8C-BD 10 42 E1 70
(+34ms) Received 46 byte datagram:
    17 FE FD 00 01 00 00 00-00 00 09 00 21 00 01 00
    00 00 00 00 09 80 07 45-70 80 C0 09 00 2E BD FD
    C1 0D E1 74 1E B2 31 93-E7 65 B0 AD 92 21
(+34ms) Received 47 byte datagram:
    17 FE FD 00 01 00 00 00-00 00 0A 00 22 00 01 00
    00 00 00 00 0A 91 ED 6B-3E 53 F1 23 87 48 62 50
    D1 87 CF 51 92 0A 70 15-28 AA 64 F7 B7 0D 56
DTLS client raised alert: warning(1), close_notify(0)
(+135ms) Sending 39 byte datagram:
    15 FE FD 00 01 00 00 00-00 00 0B 00 1A 00 01 00
    00 00 00 00 0B 7B C2 1A-5F 37 DD AC A3 50 A4 62
    16 E7 7C DB 85 95 FB
DTLS server received alert: warning(1), close_notify(0)
DTLS server raised alert: warning(1), close_notify(0)
]]></system-out>
  <system-err><![CDATA[]]></system-err>
</testsuite>
