<?xml version="1.0" encoding="UTF-8"?>
<testsuite name="org.bouncycastle.bcmath.test.PrimesTest" tests="5" skipped="0" failures="0" errors="0" timestamp="2020-07-09T13:49:29" hostname="Garage" time="0.392">
  <properties/>
  <testcase name="testMRProbablePrime" classname="org.bouncycastle.bcmath.test.PrimesTest" time="0.148"/>
  <testcase name="testEnhancedMRProbablePrime" classname="org.bouncycastle.bcmath.test.PrimesTest" time="0.072"/>
  <testcase name="testMRProbablePrimeToBase" classname="org.bouncycastle.bcmath.test.PrimesTest" time="0.053"/>
  <testcase name="testHasAnySmallFactors" classname="org.bouncycastle.bcmath.test.PrimesTest" time="0.016"/>
  <testcase name="testSTRandomPrime" classname="org.bouncycastle.bcmath.test.PrimesTest" time="0.103"/>
  <system-out><![CDATA[]]></system-out>
  <system-err><![CDATA[]]></system-err>
</testsuite>
