<?xml version="1.0" encoding="UTF-8"?>
<testsuite name="com.distrimind.bouncycastle.util.utiltest.IPTest" tests="2" skipped="0" failures="0" errors="0" timestamp="2020-11-08T08:33:15" hostname="Garage" time="0.001">
  <properties/>
  <testcase name="IPTest" classname="com.distrimind.bouncycastle.util.utiltest.IPTest" time="0.0"/>
  <testcase name="IPTest" classname="com.distrimind.bouncycastle.util.utiltest.IPTest" time="0.0"/>
  <system-out><![CDATA[]]></system-out>
  <system-err><![CDATA[]]></system-err>
</testsuite>
