<?xml version="1.0" encoding="UTF-8"?>
<testsuite name="com.distrimind.bouncycastle.i18n.filter.test.SQLFilterTest" tests="1" skipped="0" failures="0" errors="0" timestamp="2021-11-01T15:25:35" hostname="basic" time="0.001">
  <properties/>
  <testcase name="testDoFilter" classname="com.distrimind.bouncycastle.i18n.filter.test.SQLFilterTest" time="0.001"/>
  <system-out><![CDATA[]]></system-out>
  <system-err><![CDATA[]]></system-err>
</testsuite>
