<?xml version="1.0" encoding="UTF-8"?>
<testsuite name="org.bouncycastle.pqc.crypto.test.NTRUSignatureKeyTest" tests="1" skipped="0" failures="0" errors="0" timestamp="2020-07-09T13:50:23" hostname="Garage" time="0.39">
  <properties/>
  <testcase name="testEncode" classname="org.bouncycastle.pqc.crypto.test.NTRUSignatureKeyTest" time="0.39"/>
  <system-out><![CDATA[]]></system-out>
  <system-err><![CDATA[]]></system-err>
</testsuite>
