<?xml version="1.0" encoding="UTF-8"?>
<testsuite name="org.bouncycastle.bcutil.encoders.test.HexTest" tests="2" skipped="0" failures="0" errors="0" timestamp="2020-06-02T09:04:51" hostname="Garage" time="0.043">
  <properties/>
  <testcase name="testInvalidInput" classname="org.bouncycastle.bcutil.encoders.test.HexTest" time="0.001"/>
  <testcase name="testEncode" classname="org.bouncycastle.bcutil.encoders.test.HexTest" time="0.042"/>
  <system-out><![CDATA[]]></system-out>
  <system-err><![CDATA[]]></system-err>
</testsuite>
