<?xml version="1.0" encoding="UTF-8"?>
<testsuite name="org.bouncycastle.pqc.crypto.lms.HSSTests" tests="11" skipped="0" failures="0" errors="0" timestamp="2020-07-09T13:50:05" hostname="Garage" time="17.91">
  <properties/>
  <testcase name="testGenerate" classname="org.bouncycastle.pqc.crypto.lms.HSSTests" time="0.094"/>
  <testcase name="testSignUnitExhaustion" classname="org.bouncycastle.pqc.crypto.lms.HSSTests" time="8.18"/>
  <testcase name="testVectorsFromReference" classname="org.bouncycastle.pqc.crypto.lms.HSSTests" time="8.387"/>
  <testcase name="testSharding" classname="org.bouncycastle.pqc.crypto.lms.HSSTests" time="0.045"/>
  <testcase name="testHSSVector_1" classname="org.bouncycastle.pqc.crypto.lms.HSSTests" time="0.005"/>
  <testcase name="testHSSVector_2" classname="org.bouncycastle.pqc.crypto.lms.HSSTests" time="0.005"/>
  <testcase name="testVectorsFromReference_Expanded" classname="org.bouncycastle.pqc.crypto.lms.HSSTests" time="0.622"/>
  <testcase name="testGenPublicKeys_L0" classname="org.bouncycastle.pqc.crypto.lms.HSSTests" time="0.413"/>
  <testcase name="testGenPublicKeys_L1" classname="org.bouncycastle.pqc.crypto.lms.HSSTests" time="0.102"/>
  <testcase name="testHssKeySerialisation" classname="org.bouncycastle.pqc.crypto.lms.HSSTests" time="0.034"/>
  <testcase name="testRemaining" classname="org.bouncycastle.pqc.crypto.lms.HSSTests" time="0.023"/>
  <system-out><![CDATA[
]]></system-out>
  <system-err><![CDATA[]]></system-err>
</testsuite>
