<?xml version="1.0" encoding="UTF-8"?>
<testsuite name="org.bouncycastle.bccrypto.test.SimpleTestTest" tests="1" skipped="0" failures="0" errors="0" timestamp="2020-07-09T13:52:56" hostname="Garage" time="24.025">
  <properties/>
  <testcase name="testCrypto" classname="org.bouncycastle.bccrypto.test.SimpleTestTest" time="24.025"/>
  <system-out><![CDATA[]]></system-out>
  <system-err><![CDATA[]]></system-err>
</testsuite>
