<?xml version="1.0" encoding="UTF-8"?>
<testsuite name="org.bouncycastle.bcasn1.test.ParseTest" tests="3" skipped="0" failures="0" errors="0" timestamp="2020-06-02T09:04:52" hostname="Garage" time="0.001">
  <properties/>
  <testcase name="testLongTag" classname="org.bouncycastle.bcasn1.test.ParseTest" time="0.0"/>
  <testcase name="testClassCast" classname="org.bouncycastle.bcasn1.test.ParseTest" time="0.0"/>
  <testcase name="testDerExp" classname="org.bouncycastle.bcasn1.test.ParseTest" time="0.001"/>
  <system-out><![CDATA[]]></system-out>
  <system-err><![CDATA[]]></system-err>
</testsuite>
