<?xml version="1.0" encoding="UTF-8"?>
<testsuite name="com.distrimind.bouncycastle.asn1.test.ParseTest" tests="3" skipped="0" failures="0" errors="0" timestamp="2020-11-08T08:28:32" hostname="Garage" time="0.0">
  <properties/>
  <testcase name="testLongTag" classname="com.distrimind.bouncycastle.asn1.test.ParseTest" time="0.0"/>
  <testcase name="testClassCast" classname="com.distrimind.bouncycastle.asn1.test.ParseTest" time="0.0"/>
  <testcase name="testDerExp" classname="com.distrimind.bouncycastle.asn1.test.ParseTest" time="0.0"/>
  <system-out><![CDATA[]]></system-out>
  <system-err><![CDATA[]]></system-err>
</testsuite>
