<?xml version="1.0" encoding="UTF-8"?>
<testsuite name="com.distrimind.bouncycastle.math.raw.test.InterleaveTest" tests="4" skipped="0" failures="0" errors="0" timestamp="2020-07-14T23:11:14" hostname="Garage" time="0.005">
  <properties/>
  <testcase name="testExpand64To128" classname="com.distrimind.bouncycastle.math.raw.test.InterleaveTest" time="0.003"/>
  <testcase name="testExpand8To16" classname="com.distrimind.bouncycastle.math.raw.test.InterleaveTest" time="0.001"/>
  <testcase name="testExpand16To32" classname="com.distrimind.bouncycastle.math.raw.test.InterleaveTest" time="0.0"/>
  <testcase name="testExpand32To64" classname="com.distrimind.bouncycastle.math.raw.test.InterleaveTest" time="0.001"/>
  <system-out><![CDATA[]]></system-out>
  <system-err><![CDATA[]]></system-err>
</testsuite>
