<?xml version="1.0" encoding="UTF-8"?>
<testsuite name="com.distrimind.bouncycastle.pqc.crypto.test.EncryptionKeyTest" tests="1" skipped="0" failures="0" errors="0" timestamp="2020-07-14T23:08:41" hostname="Garage" time="0.145">
  <properties/>
  <testcase name="testEncode" classname="com.distrimind.bouncycastle.pqc.crypto.test.EncryptionKeyTest" time="0.145"/>
  <system-out><![CDATA[]]></system-out>
  <system-err><![CDATA[]]></system-err>
</testsuite>
