<?xml version="1.0" encoding="UTF-8"?>
<testsuite name="com.distrimind.bouncycastle.asn1.test.ASN1SequenceParserTest" tests="16" skipped="0" failures="0" errors="0" timestamp="2021-05-27T13:42:40" hostname="Garage" time="0.004">
  <properties/>
  <testcase name="testNestedImplicitTagDERWriting" classname="com.distrimind.bouncycastle.asn1.test.ASN1SequenceParserTest" time="0.001"/>
  <testcase name="testNestedDERReading" classname="com.distrimind.bouncycastle.asn1.test.ASN1SequenceParserTest" time="0.0"/>
  <testcase name="testNestedBERDERReading" classname="com.distrimind.bouncycastle.asn1.test.ASN1SequenceParserTest" time="0.0"/>
  <testcase name="testNestedBERReading" classname="com.distrimind.bouncycastle.asn1.test.ASN1SequenceParserTest" time="0.0"/>
  <testcase name="testNestedDERWriting" classname="com.distrimind.bouncycastle.asn1.test.ASN1SequenceParserTest" time="0.0"/>
  <testcase name="testNestedBERDERWriting" classname="com.distrimind.bouncycastle.asn1.test.ASN1SequenceParserTest" time="0.001"/>
  <testcase name="testNestedBERWriting" classname="com.distrimind.bouncycastle.asn1.test.ASN1SequenceParserTest" time="0.0"/>
  <testcase name="testDERReading" classname="com.distrimind.bouncycastle.asn1.test.ASN1SequenceParserTest" time="0.0"/>
  <testcase name="testBERExplicitTaggedSequenceWriting" classname="com.distrimind.bouncycastle.asn1.test.ASN1SequenceParserTest" time="0.0"/>
  <testcase name="testDERExplicitTaggedSequenceWriting" classname="com.distrimind.bouncycastle.asn1.test.ASN1SequenceParserTest" time="0.0"/>
  <testcase name="testBERReading" classname="com.distrimind.bouncycastle.asn1.test.ASN1SequenceParserTest" time="0.001"/>
  <testcase name="testSequenceWithDERNullReading" classname="com.distrimind.bouncycastle.asn1.test.ASN1SequenceParserTest" time="0.0"/>
  <testcase name="testDERWriting" classname="com.distrimind.bouncycastle.asn1.test.ASN1SequenceParserTest" time="0.0"/>
  <testcase name="testBERWriting" classname="com.distrimind.bouncycastle.asn1.test.ASN1SequenceParserTest" time="0.0"/>
  <testcase name="testNestedExplicitTagDERWriting" classname="com.distrimind.bouncycastle.asn1.test.ASN1SequenceParserTest" time="0.001"/>
  <testcase name="testDERImplicitTaggedSequenceWriting" classname="com.distrimind.bouncycastle.asn1.test.ASN1SequenceParserTest" time="0.0"/>
  <system-out><![CDATA[]]></system-out>
  <system-err><![CDATA[]]></system-err>
</testsuite>
