<?xml version="1.0" encoding="UTF-8"?>
<testsuite name="com.distrimind.bouncycastle.util.encoders.test.Base32Test" tests="5" skipped="0" failures="0" errors="0" timestamp="2021-11-01T15:25:35" hostname="basic" time="0.023">
  <properties/>
  <testcase name="testWithSpecificAlphabet" classname="com.distrimind.bouncycastle.util.encoders.test.Base32Test" time="0.001"/>
  <testcase name="testWithWhitespace" classname="com.distrimind.bouncycastle.util.encoders.test.Base32Test" time="0.0"/>
  <testcase name="testSamples" classname="com.distrimind.bouncycastle.util.encoders.test.Base32Test" time="0.001"/>
  <testcase name="testInvalidInput" classname="com.distrimind.bouncycastle.util.encoders.test.Base32Test" time="0.001"/>
  <testcase name="testEncode" classname="com.distrimind.bouncycastle.util.encoders.test.Base32Test" time="0.02"/>
  <system-out><![CDATA[]]></system-out>
  <system-err><![CDATA[]]></system-err>
</testsuite>
