<?xml version="1.0" encoding="UTF-8"?>
<testsuite name="com.distrimind.bouncycastle.math.test.PrimesTest" tests="5" skipped="0" failures="0" errors="0" timestamp="2020-07-14T23:11:14" hostname="Garage" time="0.319">
  <properties/>
  <testcase name="testMRProbablePrime" classname="com.distrimind.bouncycastle.math.test.PrimesTest" time="0.114"/>
  <testcase name="testEnhancedMRProbablePrime" classname="com.distrimind.bouncycastle.math.test.PrimesTest" time="0.067"/>
  <testcase name="testMRProbablePrimeToBase" classname="com.distrimind.bouncycastle.math.test.PrimesTest" time="0.047"/>
  <testcase name="testHasAnySmallFactors" classname="com.distrimind.bouncycastle.math.test.PrimesTest" time="0.016"/>
  <testcase name="testSTRandomPrime" classname="com.distrimind.bouncycastle.math.test.PrimesTest" time="0.074"/>
  <system-out><![CDATA[]]></system-out>
  <system-err><![CDATA[]]></system-err>
</testsuite>
