<?xml version="1.0" encoding="UTF-8"?>
<testsuite name="com.distrimind.bouncycastle.math.test.PrimesTest" tests="5" skipped="0" failures="0" errors="0" timestamp="2020-11-08T08:28:32" hostname="Garage" time="0.369">
  <properties/>
  <testcase name="testMRProbablePrime" classname="com.distrimind.bouncycastle.math.test.PrimesTest" time="0.097"/>
  <testcase name="testEnhancedMRProbablePrime" classname="com.distrimind.bouncycastle.math.test.PrimesTest" time="0.081"/>
  <testcase name="testMRProbablePrimeToBase" classname="com.distrimind.bouncycastle.math.test.PrimesTest" time="0.049"/>
  <testcase name="testHasAnySmallFactors" classname="com.distrimind.bouncycastle.math.test.PrimesTest" time="0.026"/>
  <testcase name="testSTRandomPrime" classname="com.distrimind.bouncycastle.math.test.PrimesTest" time="0.115"/>
  <system-out><![CDATA[]]></system-out>
  <system-err><![CDATA[]]></system-err>
</testsuite>
