<?xml version="1.0" encoding="UTF-8"?>
<testsuite name="org.bouncycastle.bcmath.ec.test.ECAlgorithmsTest" tests="4" skipped="0" failures="0" errors="0" timestamp="2020-06-02T09:01:01" hostname="Garage" time="26.014">
  <properties/>
  <testcase name="testSumOfMultiplies" classname="org.bouncycastle.bcmath.ec.test.ECAlgorithmsTest" time="0.018"/>
  <testcase name="testSumOfTwoMultipliesComplete" classname="org.bouncycastle.bcmath.ec.test.ECAlgorithmsTest" time="17.274"/>
  <testcase name="testSumOfMultipliesComplete" classname="org.bouncycastle.bcmath.ec.test.ECAlgorithmsTest" time="8.717"/>
  <testcase name="testSumOfTwoMultiplies" classname="org.bouncycastle.bcmath.ec.test.ECAlgorithmsTest" time="0.005"/>
  <system-out><![CDATA[]]></system-out>
  <system-err><![CDATA[]]></system-err>
</testsuite>
