<?xml version="1.0" encoding="UTF-8"?>
<testsuite name="org.bouncycastle.pqc.crypto.test.NTRUSignerTest" tests="1" skipped="0" failures="0" errors="0" timestamp="2020-02-14T17:17:06" hostname="Garage" time="0.0">
  <properties/>
  <testcase name="testStub" classname="org.bouncycastle.pqc.crypto.test.NTRUSignerTest" time="0.0"/>
  <system-out><![CDATA[]]></system-out>
  <system-err><![CDATA[]]></system-err>
</testsuite>
