<?xml version="1.0" encoding="UTF-8"?>
<testsuite name="com.distrimind.bouncycastle.util.encoders.test.HexTest" tests="2" skipped="0" failures="0" errors="0" timestamp="2020-11-08T08:33:15" hostname="Garage" time="0.044">
  <properties/>
  <testcase name="testInvalidInput" classname="com.distrimind.bouncycastle.util.encoders.test.HexTest" time="0.0"/>
  <testcase name="testEncode" classname="com.distrimind.bouncycastle.util.encoders.test.HexTest" time="0.044"/>
  <system-out><![CDATA[]]></system-out>
  <system-err><![CDATA[]]></system-err>
</testsuite>
