<?xml version="1.0" encoding="UTF-8"?>
<testsuite name="org.bouncycastle.pqc.crypto.test.XMSSReducedSignatureTest" tests="3" skipped="0" failures="0" errors="0" timestamp="2020-07-09T13:50:59" hostname="Garage" time="0.239">
  <properties/>
  <testcase name="testSignatureParsingSHA256" classname="org.bouncycastle.pqc.crypto.test.XMSSReducedSignatureTest" time="0.127"/>
  <testcase name="testSignatureParsingSHA512" classname="org.bouncycastle.pqc.crypto.test.XMSSReducedSignatureTest" time="0.112"/>
  <testcase name="testConstructor" classname="org.bouncycastle.pqc.crypto.test.XMSSReducedSignatureTest" time="0.0"/>
  <system-out><![CDATA[]]></system-out>
  <system-err><![CDATA[]]></system-err>
</testsuite>
