<?xml version="1.0" encoding="UTF-8"?>
<testsuite name="com.distrimind.bouncycastle.pqc.crypto.test.XMSSReducedSignatureTest" tests="3" skipped="0" failures="0" errors="0" timestamp="2021-05-27T13:44:35" hostname="Garage" time="0.189">
  <properties/>
  <testcase name="testSignatureParsingSHA256" classname="com.distrimind.bouncycastle.pqc.crypto.test.XMSSReducedSignatureTest" time="0.105"/>
  <testcase name="testSignatureParsingSHA512" classname="com.distrimind.bouncycastle.pqc.crypto.test.XMSSReducedSignatureTest" time="0.084"/>
  <testcase name="testConstructor" classname="com.distrimind.bouncycastle.pqc.crypto.test.XMSSReducedSignatureTest" time="0.0"/>
  <system-out><![CDATA[]]></system-out>
  <system-err><![CDATA[]]></system-err>
</testsuite>
