<?xml version="1.0" encoding="UTF-8"?>
<testsuite name="com.distrimind.bouncycastle.pqc.crypto.test.XMSSSignatureTest" tests="3" skipped="0" failures="0" errors="0" timestamp="2020-11-08T08:31:02" hostname="Garage" time="10.999">
  <properties/>
  <testcase name="testSignatureParsingSHA256" classname="com.distrimind.bouncycastle.pqc.crypto.test.XMSSSignatureTest" time="2.691"/>
  <testcase name="testSignatureParsingSHA512" classname="com.distrimind.bouncycastle.pqc.crypto.test.XMSSSignatureTest" time="8.308"/>
  <testcase name="testConstructor" classname="com.distrimind.bouncycastle.pqc.crypto.test.XMSSSignatureTest" time="0.0"/>
  <system-out><![CDATA[]]></system-out>
  <system-err><![CDATA[]]></system-err>
</testsuite>
