<?xml version="1.0" encoding="UTF-8"?>
<testsuite name="com.distrimind.bouncycastle.math.test.PrimesTest" tests="5" skipped="0" failures="0" errors="0" timestamp="2021-05-27T13:42:40" hostname="Garage" time="0.252">
  <properties/>
  <testcase name="testMRProbablePrime" classname="com.distrimind.bouncycastle.math.test.PrimesTest" time="0.102"/>
  <testcase name="testEnhancedMRProbablePrime" classname="com.distrimind.bouncycastle.math.test.PrimesTest" time="0.055"/>
  <testcase name="testMRProbablePrimeToBase" classname="com.distrimind.bouncycastle.math.test.PrimesTest" time="0.029"/>
  <testcase name="testHasAnySmallFactors" classname="com.distrimind.bouncycastle.math.test.PrimesTest" time="0.014"/>
  <testcase name="testSTRandomPrime" classname="com.distrimind.bouncycastle.math.test.PrimesTest" time="0.052"/>
  <system-out><![CDATA[]]></system-out>
  <system-err><![CDATA[]]></system-err>
</testsuite>
