<?xml version="1.0" encoding="UTF-8"?>
<testsuite name="org.bouncycastle.pqc.crypto.lms.LMSKeyGenTests" tests="1" skipped="0" failures="0" errors="0" timestamp="2020-07-09T13:50:22" hostname="Garage" time="0.105">
  <properties/>
  <testcase name="testGeneratePrivateKey" classname="org.bouncycastle.pqc.crypto.lms.LMSKeyGenTests" time="0.105"/>
  <system-out><![CDATA[]]></system-out>
  <system-err><![CDATA[]]></system-err>
</testsuite>
