<?xml version="1.0" encoding="UTF-8"?>
<testsuite name="org.bouncycastle.bcmath.ec.test.ECAlgorithmsTest" tests="4" skipped="0" failures="0" errors="0" timestamp="2020-02-14T17:16:29" hostname="Garage" time="25.413">
  <properties/>
  <testcase name="testSumOfMultiplies" classname="org.bouncycastle.bcmath.ec.test.ECAlgorithmsTest" time="0.016"/>
  <testcase name="testSumOfTwoMultipliesComplete" classname="org.bouncycastle.bcmath.ec.test.ECAlgorithmsTest" time="16.68"/>
  <testcase name="testSumOfMultipliesComplete" classname="org.bouncycastle.bcmath.ec.test.ECAlgorithmsTest" time="8.713"/>
  <testcase name="testSumOfTwoMultiplies" classname="org.bouncycastle.bcmath.ec.test.ECAlgorithmsTest" time="0.004"/>
  <system-out><![CDATA[]]></system-out>
  <system-err><![CDATA[]]></system-err>
</testsuite>
