<?xml version="1.0" encoding="UTF-8"?>
<testsuite name="com.distrimind.bouncycastle.crypto.test.SimpleTestTest" tests="1" skipped="0" failures="0" errors="0" timestamp="2020-07-14T23:11:51" hostname="Garage" time="24.298">
  <properties/>
  <testcase name="testCrypto" classname="com.distrimind.bouncycastle.crypto.test.SimpleTestTest" time="24.298"/>
  <system-out><![CDATA[]]></system-out>
  <system-err><![CDATA[]]></system-err>
</testsuite>
