<?xml version="1.0" encoding="UTF-8"?>
<testsuite name="org.bouncycastle.pqc.crypto.test.EncryptionKeyTest" tests="1" skipped="0" failures="0" errors="0" timestamp="2020-02-14T17:17:05" hostname="Garage" time="0.199">
  <properties/>
  <testcase name="testEncode" classname="org.bouncycastle.pqc.crypto.test.EncryptionKeyTest" time="0.199"/>
  <system-out><![CDATA[]]></system-out>
  <system-err><![CDATA[]]></system-err>
</testsuite>
