<?xml version="1.0" encoding="UTF-8"?>
<testsuite name="org.bouncycastle.bcasn1.test.AllTests" tests="1" skipped="0" failures="0" errors="0" timestamp="2020-07-09T13:53:20" hostname="Garage" time="0.669">
  <properties/>
  <testcase name="testASN1" classname="org.bouncycastle.bcasn1.test.AllTests" time="0.669"/>
  <system-out><![CDATA[]]></system-out>
  <system-err><![CDATA[]]></system-err>
</testsuite>
