<?xml version="1.0" encoding="UTF-8"?>
<testsuite name="com.distrimind.bouncycastle.crypto.ec.test.AllTests" tests="1" skipped="0" failures="0" errors="0" timestamp="2021-05-27T13:44:04" hostname="Garage" time="0.015">
  <properties/>
  <testcase name="testCrypto" classname="com.distrimind.bouncycastle.crypto.ec.test.AllTests" time="0.015"/>
  <system-out><![CDATA[]]></system-out>
  <system-err><![CDATA[]]></system-err>
</testsuite>
