<?xml version="1.0" encoding="UTF-8"?>
<testsuite name="org.bouncycastle.pqc.crypto.test.XMSSSignatureTest" tests="3" skipped="0" failures="0" errors="0" timestamp="2019-05-14T11:36:14" hostname="Garage2" time="11.074">
  <properties/>
  <testcase name="testSignatureParsingSHA256" classname="org.bouncycastle.pqc.crypto.test.XMSSSignatureTest" time="2.915"/>
  <testcase name="testSignatureParsingSHA512" classname="org.bouncycastle.pqc.crypto.test.XMSSSignatureTest" time="8.159"/>
  <testcase name="testConstructor" classname="org.bouncycastle.pqc.crypto.test.XMSSSignatureTest" time="0.0"/>
  <system-out><![CDATA[]]></system-out>
  <system-err><![CDATA[]]></system-err>
</testsuite>
