<?xml version="1.0" encoding="UTF-8"?>
<testsuite name="org.bouncycastle.bcutil.utiltest.IPTest" tests="2" skipped="0" failures="0" errors="0" timestamp="2020-07-09T13:53:20" hostname="Garage" time="0.001">
  <properties/>
  <testcase name="IPTest" classname="org.bouncycastle.bcutil.utiltest.IPTest" time="0.001"/>
  <testcase name="IPTest" classname="org.bouncycastle.bcutil.utiltest.IPTest" time="0.0"/>
  <system-out><![CDATA[]]></system-out>
  <system-err><![CDATA[]]></system-err>
</testsuite>
