<?xml version="1.0" encoding="UTF-8"?>
<testsuite name="org.bouncycastle.pqc.math.ntru.polynomial.test.BigDecimalPolynomialTest" tests="1" skipped="0" failures="0" errors="0" timestamp="2020-07-09T13:50:04" hostname="Garage" time="0.203">
  <properties/>
  <testcase name="testMult" classname="org.bouncycastle.pqc.math.ntru.polynomial.test.BigDecimalPolynomialTest" time="0.203"/>
  <system-out><![CDATA[]]></system-out>
  <system-err><![CDATA[]]></system-err>
</testsuite>
