<?xml version="1.0" encoding="UTF-8"?>
<testsuite name="org.bouncycastle.bcasn1.test.GetInstanceTest" tests="1" skipped="0" failures="0" errors="0" timestamp="2020-02-14T17:16:29" hostname="Garage" time="0.026">
  <properties/>
  <testcase name="GetInstanceNullTest" classname="org.bouncycastle.bcasn1.test.GetInstanceTest" time="0.026"/>
  <system-out><![CDATA[]]></system-out>
  <system-err><![CDATA[]]></system-err>
</testsuite>
