<?xml version="1.0" encoding="UTF-8"?>
<testsuite name="org.bouncycastle.bcmath.test.PrimesTest" tests="5" skipped="0" failures="0" errors="0" timestamp="2020-06-02T09:01:00" hostname="Garage" time="0.722">
  <properties/>
  <testcase name="testMRProbablePrime" classname="org.bouncycastle.bcmath.test.PrimesTest" time="0.233"/>
  <testcase name="testEnhancedMRProbablePrime" classname="org.bouncycastle.bcmath.test.PrimesTest" time="0.186"/>
  <testcase name="testMRProbablePrimeToBase" classname="org.bouncycastle.bcmath.test.PrimesTest" time="0.082"/>
  <testcase name="testHasAnySmallFactors" classname="org.bouncycastle.bcmath.test.PrimesTest" time="0.024"/>
  <testcase name="testSTRandomPrime" classname="org.bouncycastle.bcmath.test.PrimesTest" time="0.196"/>
  <system-out><![CDATA[]]></system-out>
  <system-err><![CDATA[]]></system-err>
</testsuite>
