<?xml version="1.0" encoding="UTF-8"?>
<testsuite name="org.bouncycastle.bcutil.io.pem.test.AllTests" tests="2" skipped="0" failures="0" errors="0" timestamp="2020-06-02T09:04:51" hostname="Garage" time="0.003">
  <properties/>
  <testcase name="testMalformed" classname="org.bouncycastle.bcutil.io.pem.test.AllTests" time="0.0"/>
  <testcase name="testPemLength" classname="org.bouncycastle.bcutil.io.pem.test.AllTests" time="0.003"/>
  <system-out><![CDATA[]]></system-out>
  <system-err><![CDATA[]]></system-err>
</testsuite>
