<?xml version="1.0" encoding="UTF-8"?>
<testsuite name="com.distrimind.bouncycastle.math.ec.test.ECAlgorithmsTest" tests="4" skipped="0" failures="0" errors="0" timestamp="2021-05-27T13:42:40" hostname="Garage" time="15.157">
  <properties/>
  <testcase name="testSumOfMultiplies" classname="com.distrimind.bouncycastle.math.ec.test.ECAlgorithmsTest" time="0.012"/>
  <testcase name="testSumOfTwoMultipliesComplete" classname="com.distrimind.bouncycastle.math.ec.test.ECAlgorithmsTest" time="9.854"/>
  <testcase name="testSumOfMultipliesComplete" classname="com.distrimind.bouncycastle.math.ec.test.ECAlgorithmsTest" time="5.288"/>
  <testcase name="testSumOfTwoMultiplies" classname="com.distrimind.bouncycastle.math.ec.test.ECAlgorithmsTest" time="0.003"/>
  <system-out><![CDATA[]]></system-out>
  <system-err><![CDATA[]]></system-err>
</testsuite>
