<?xml version="1.0" encoding="UTF-8"?>
<testsuite name="org.bouncycastle.bcutil.encoders.test.HexTest" tests="2" skipped="0" failures="0" errors="0" timestamp="2020-02-14T17:19:57" hostname="Garage" time="0.035">
  <properties/>
  <testcase name="testInvalidInput" classname="org.bouncycastle.bcutil.encoders.test.HexTest" time="0.0"/>
  <testcase name="testEncode" classname="org.bouncycastle.bcutil.encoders.test.HexTest" time="0.035"/>
  <system-out><![CDATA[]]></system-out>
  <system-err><![CDATA[]]></system-err>
</testsuite>
