<?xml version="1.0" encoding="UTF-8"?>
<testsuite name="com.distrimind.bouncycastle.crypto.agreement.test.JPAKEParticipantTest" tests="6" skipped="0" failures="0" errors="0" timestamp="2021-11-01T15:25:33" hostname="basic" time="0.206">
  <properties/>
  <testcase name="testStateValidation" classname="com.distrimind.bouncycastle.crypto.agreement.test.JPAKEParticipantTest" time="0.055"/>
  <testcase name="testConstruction" classname="com.distrimind.bouncycastle.crypto.agreement.test.JPAKEParticipantTest" time="0.0"/>
  <testcase name="testValidateRound2PayloadReceived" classname="com.distrimind.bouncycastle.crypto.agreement.test.JPAKEParticipantTest" time="0.101"/>
  <testcase name="testValidateRound1PayloadReceived" classname="com.distrimind.bouncycastle.crypto.agreement.test.JPAKEParticipantTest" time="0.017"/>
  <testcase name="testSuccessfulExchange" classname="com.distrimind.bouncycastle.crypto.agreement.test.JPAKEParticipantTest" time="0.017"/>
  <testcase name="testIncorrectPassword" classname="com.distrimind.bouncycastle.crypto.agreement.test.JPAKEParticipantTest" time="0.014"/>
  <system-out><![CDATA[]]></system-out>
  <system-err><![CDATA[]]></system-err>
</testsuite>
