<?xml version="1.0" encoding="UTF-8"?>
<testsuite name="org.bouncycastle.pqc.crypto.test.NTRUEncryptionParametersTest" tests="3" skipped="0" failures="0" errors="0" timestamp="2020-07-09T13:50:23" hostname="Garage" time="0.001">
  <properties/>
  <testcase name="testLoadSave" classname="org.bouncycastle.pqc.crypto.test.NTRUEncryptionParametersTest" time="0.001"/>
  <testcase name="testClone" classname="org.bouncycastle.pqc.crypto.test.NTRUEncryptionParametersTest" time="0.0"/>
  <testcase name="testEqualsHashCode" classname="org.bouncycastle.pqc.crypto.test.NTRUEncryptionParametersTest" time="0.0"/>
  <system-out><![CDATA[]]></system-out>
  <system-err><![CDATA[]]></system-err>
</testsuite>
