<?xml version="1.0" encoding="UTF-8"?>
<testsuite name="org.bouncycastle.math.ec.test.FixedPointTest" tests="1" skipped="0" failures="0" errors="0" timestamp="2019-05-14T11:38:50" hostname="Garage2" time="1.45">
  <properties/>
  <testcase name="testFixedPointMultiplier" classname="org.bouncycastle.math.ec.test.FixedPointTest" time="1.45"/>
  <system-out><![CDATA[]]></system-out>
  <system-err><![CDATA[]]></system-err>
</testsuite>
