<?xml version="1.0" encoding="UTF-8"?>
<testsuite name="org.bouncycastle.crypto.ec.test.AllTests" tests="1" skipped="0" failures="0" errors="0" timestamp="2019-05-14T11:39:21" hostname="Garage2" time="0.026">
  <properties/>
  <testcase name="testCrypto" classname="org.bouncycastle.crypto.ec.test.AllTests" time="0.026"/>
  <system-out><![CDATA[]]></system-out>
  <system-err><![CDATA[]]></system-err>
</testsuite>
