<?xml version="1.0" encoding="UTF-8"?>
<testsuite name="org.bouncycastle.pqc.crypto.test.XMSSMTTest" tests="16" skipped="0" failures="0" errors="0" timestamp="2019-05-14T11:35:52" hostname="Garage2" time="21.678">
  <properties/>
  <testcase name="testGenKeyPairSHA256" classname="org.bouncycastle.pqc.crypto.test.XMSSMTTest" time="0.013"/>
  <testcase name="testGenKeyPairSHA512" classname="org.bouncycastle.pqc.crypto.test.XMSSMTTest" time="0.063"/>
  <testcase name="testVerifySignerSHA256" classname="org.bouncycastle.pqc.crypto.test.XMSSMTTest" time="0.312"/>
  <testcase name="testVerifySignerSHA512" classname="org.bouncycastle.pqc.crypto.test.XMSSMTTest" time="0.765"/>
  <testcase name="testVerifySignatureSHA256" classname="org.bouncycastle.pqc.crypto.test.XMSSMTTest" time="0.339"/>
  <testcase name="testVerifySignatureSHA512" classname="org.bouncycastle.pqc.crypto.test.XMSSMTTest" time="0.957"/>
  <testcase name="testImportKeysSHA256" classname="org.bouncycastle.pqc.crypto.test.XMSSMTTest" time="0.288"/>
  <testcase name="testImportKeysSHA512" classname="org.bouncycastle.pqc.crypto.test.XMSSMTTest" time="0.791"/>
  <testcase name="testBDSImport" classname="org.bouncycastle.pqc.crypto.test.XMSSMTTest" time="0.112"/>
  <testcase name="testSignSHA256Complete1" classname="org.bouncycastle.pqc.crypto.test.XMSSMTTest" time="0.662"/>
  <testcase name="testSignSHA256Complete2" classname="org.bouncycastle.pqc.crypto.test.XMSSMTTest" time="0.177"/>
  <testcase name="testSignSHA256Complete3" classname="org.bouncycastle.pqc.crypto.test.XMSSMTTest" time="15.426"/>
  <testcase name="testPublicSeed" classname="org.bouncycastle.pqc.crypto.test.XMSSMTTest" time="0.427"/>
  <testcase name="testRandom" classname="org.bouncycastle.pqc.crypto.test.XMSSMTTest" time="0.999"/>
  <testcase name="testSignSHA256" classname="org.bouncycastle.pqc.crypto.test.XMSSMTTest" time="0.171"/>
  <testcase name="testSignSHA512" classname="org.bouncycastle.pqc.crypto.test.XMSSMTTest" time="0.176"/>
  <system-out><![CDATA[]]></system-out>
  <system-err><![CDATA[]]></system-err>
</testsuite>
