<?xml version="1.0" encoding="UTF-8"?>
<testsuite name="org.bouncycastle.bcmath.ec.test.ECAlgorithmsTest" tests="4" skipped="0" failures="0" errors="0" timestamp="2020-07-09T13:49:30" hostname="Garage" time="24.441">
  <properties/>
  <testcase name="testSumOfMultiplies" classname="org.bouncycastle.bcmath.ec.test.ECAlgorithmsTest" time="0.019"/>
  <testcase name="testSumOfTwoMultipliesComplete" classname="org.bouncycastle.bcmath.ec.test.ECAlgorithmsTest" time="16.008"/>
  <testcase name="testSumOfMultipliesComplete" classname="org.bouncycastle.bcmath.ec.test.ECAlgorithmsTest" time="8.41"/>
  <testcase name="testSumOfTwoMultiplies" classname="org.bouncycastle.bcmath.ec.test.ECAlgorithmsTest" time="0.004"/>
  <system-out><![CDATA[]]></system-out>
  <system-err><![CDATA[]]></system-err>
</testsuite>
