<?xml version="1.0" encoding="UTF-8"?>
<testsuite name="com.distrimind.bouncycastle.crypto.agreement.test.JPAKEParticipantTest" tests="6" skipped="0" failures="0" errors="0" timestamp="2020-07-14T23:11:51" hostname="Garage" time="0.039">
  <properties/>
  <testcase name="testStateValidation" classname="com.distrimind.bouncycastle.crypto.agreement.test.JPAKEParticipantTest" time="0.008"/>
  <testcase name="testConstruction" classname="com.distrimind.bouncycastle.crypto.agreement.test.JPAKEParticipantTest" time="0.0"/>
  <testcase name="testValidateRound2PayloadReceived" classname="com.distrimind.bouncycastle.crypto.agreement.test.JPAKEParticipantTest" time="0.013"/>
  <testcase name="testValidateRound1PayloadReceived" classname="com.distrimind.bouncycastle.crypto.agreement.test.JPAKEParticipantTest" time="0.006"/>
  <testcase name="testSuccessfulExchange" classname="com.distrimind.bouncycastle.crypto.agreement.test.JPAKEParticipantTest" time="0.005"/>
  <testcase name="testIncorrectPassword" classname="com.distrimind.bouncycastle.crypto.agreement.test.JPAKEParticipantTest" time="0.006"/>
  <system-out><![CDATA[]]></system-out>
  <system-err><![CDATA[]]></system-err>
</testsuite>
