<?xml version="1.0" encoding="UTF-8"?>
<testsuite name="org.bouncycastle.util.utiltest.IPTest" tests="2" skipped="0" failures="0" errors="0" timestamp="2019-05-14T11:35:47" hostname="Garage2" time="0.001">
  <properties/>
  <testcase name="IPTest" classname="org.bouncycastle.util.utiltest.IPTest" time="0.001"/>
  <testcase name="IPTest" classname="org.bouncycastle.util.utiltest.IPTest" time="0.0"/>
  <system-out><![CDATA[]]></system-out>
  <system-err><![CDATA[]]></system-err>
</testsuite>
