<?xml version="1.0" encoding="UTF-8"?>
<testsuite name="org.bouncycastle.pqc.crypto.lms.LMSTests" tests="3" skipped="0" failures="0" errors="0" timestamp="2020-06-02T09:01:55" hostname="Garage" time="0.109">
  <properties/>
  <testcase name="testLMS" classname="org.bouncycastle.pqc.crypto.lms.LMSTests" time="0.107"/>
  <testcase name="testPrivateKeyRound" classname="org.bouncycastle.pqc.crypto.lms.LMSTests" time="0.002"/>
  <testcase name="testCoefFunc" classname="org.bouncycastle.pqc.crypto.lms.LMSTests" time="0.0"/>
  <system-out><![CDATA[]]></system-out>
  <system-err><![CDATA[]]></system-err>
</testsuite>
