<?xml version="1.0" encoding="UTF-8"?>
<testsuite name="org.bouncycastle.bcutil.utiltest.BigIntegersTest" tests="2" skipped="0" failures="0" errors="0" timestamp="2020-06-02T09:04:51" hostname="Garage" time="0.0">
  <properties/>
  <testcase name="BigIntegers" classname="org.bouncycastle.bcutil.utiltest.BigIntegersTest" time="0.0"/>
  <testcase name="BigIntegers" classname="org.bouncycastle.bcutil.utiltest.BigIntegersTest" time="0.0"/>
  <system-out><![CDATA[]]></system-out>
  <system-err><![CDATA[]]></system-err>
</testsuite>
