<?xml version="1.0" encoding="UTF-8"?>
<testsuite name="org.bouncycastle.pqc.crypto.test.XMSSMTPublicKeyTest" tests="2" skipped="0" failures="0" errors="0" timestamp="2020-06-02T09:02:11" hostname="Garage" time="0.011">
  <properties/>
  <testcase name="testPublicKeyParsingSHA256" classname="org.bouncycastle.pqc.crypto.test.XMSSMTPublicKeyTest" time="0.011"/>
  <testcase name="testConstructor" classname="org.bouncycastle.pqc.crypto.test.XMSSMTPublicKeyTest" time="0.0"/>
  <system-out><![CDATA[]]></system-out>
  <system-err><![CDATA[]]></system-err>
</testsuite>
