<?xml version="1.0" encoding="UTF-8"?>
<testsuite name="org.bouncycastle.crypto.agreement.test.JPAKEParticipantTest" tests="6" skipped="0" failures="0" errors="0" timestamp="2019-05-14T11:38:51" hostname="Garage2" time="0.038">
  <properties/>
  <testcase name="testStateValidation" classname="org.bouncycastle.crypto.agreement.test.JPAKEParticipantTest" time="0.01"/>
  <testcase name="testConstruction" classname="org.bouncycastle.crypto.agreement.test.JPAKEParticipantTest" time="0.0"/>
  <testcase name="testValidateRound2PayloadReceived" classname="org.bouncycastle.crypto.agreement.test.JPAKEParticipantTest" time="0.013"/>
  <testcase name="testValidateRound1PayloadReceived" classname="org.bouncycastle.crypto.agreement.test.JPAKEParticipantTest" time="0.004"/>
  <testcase name="testSuccessfulExchange" classname="org.bouncycastle.crypto.agreement.test.JPAKEParticipantTest" time="0.004"/>
  <testcase name="testIncorrectPassword" classname="org.bouncycastle.crypto.agreement.test.JPAKEParticipantTest" time="0.005"/>
  <system-out><![CDATA[]]></system-out>
  <system-err><![CDATA[]]></system-err>
</testsuite>
