<?xml version="1.0" encoding="UTF-8"?>
<testsuite name="org.bouncycastle.pqc.math.ntru.util.test.ArrayEncoderTest" tests="3" skipped="0" failures="0" errors="0" timestamp="2019-05-14T11:35:47" hostname="Garage2" time="0.016">
  <properties/>
  <testcase name="testEncodeDecodeMod3Tight" classname="org.bouncycastle.pqc.math.ntru.util.test.ArrayEncoderTest" time="0.013"/>
  <testcase name="testEncodeDecodeModQ" classname="org.bouncycastle.pqc.math.ntru.util.test.ArrayEncoderTest" time="0.002"/>
  <testcase name="testEncodeDecodeMod3Sves" classname="org.bouncycastle.pqc.math.ntru.util.test.ArrayEncoderTest" time="0.001"/>
  <system-out><![CDATA[]]></system-out>
  <system-err><![CDATA[]]></system-err>
</testsuite>
