<?xml version="1.0" encoding="UTF-8"?>
<testsuite name="org.bouncycastle.pqc.math.ntru.polynomial.test.SparseTernaryPolynomialTest" tests="2" skipped="0" failures="0" errors="0" timestamp="2020-06-02T09:01:37" hostname="Garage" time="0.041">
  <properties/>
  <testcase name="testMult" classname="org.bouncycastle.pqc.math.ntru.polynomial.test.SparseTernaryPolynomialTest" time="0.04"/>
  <testcase name="testFromToBinary" classname="org.bouncycastle.pqc.math.ntru.polynomial.test.SparseTernaryPolynomialTest" time="0.001"/>
  <system-out><![CDATA[]]></system-out>
  <system-err><![CDATA[]]></system-err>
</testsuite>
