<?xml version="1.0" encoding="UTF-8"?>
<testsuite name="com.distrimind.bouncycastle.pqc.crypto.test.QTESLATest" tests="3" skipped="0" failures="0" errors="0" timestamp="2020-11-08T08:30:24" hostname="Garage" time="13.599">
  <properties/>
  <testcase name="testKATVectors" classname="com.distrimind.bouncycastle.pqc.crypto.test.QTESLATest" time="13.494"/>
  <testcase name="testSignQ1p" classname="com.distrimind.bouncycastle.pqc.crypto.test.QTESLATest" time="0.016"/>
  <testcase name="testSignQ3p" classname="com.distrimind.bouncycastle.pqc.crypto.test.QTESLATest" time="0.089"/>
  <system-out><![CDATA[]]></system-out>
  <system-err><![CDATA[]]></system-err>
</testsuite>
