<?xml version="1.0" encoding="UTF-8"?>
<testsuite name="org.bouncycastle.i18n.filter.test.SQLFilterTest" tests="1" skipped="0" failures="0" errors="0" timestamp="2020-07-09T13:50:04" hostname="Garage" time="0.0">
  <properties/>
  <testcase name="testDoFilter" classname="org.bouncycastle.i18n.filter.test.SQLFilterTest" time="0.0"/>
  <system-out><![CDATA[]]></system-out>
  <system-err><![CDATA[]]></system-err>
</testsuite>
