<?xml version="1.0" encoding="UTF-8"?>
<testsuite name="org.bouncycastle.pqc.math.ntru.polynomial.test.LongPolynomial5Test" tests="2" skipped="0" failures="0" errors="0" timestamp="2019-05-14T11:35:48" hostname="Garage2" time="0.022">
  <properties/>
  <testcase name="testMult" classname="org.bouncycastle.pqc.math.ntru.polynomial.test.LongPolynomial5Test" time="0.022"/>
  <testcase name="testToIntegerPolynomial" classname="org.bouncycastle.pqc.math.ntru.polynomial.test.LongPolynomial5Test" time="0.0"/>
  <system-out><![CDATA[]]></system-out>
  <system-err><![CDATA[]]></system-err>
</testsuite>
