<?xml version="1.0" encoding="UTF-8"?>
<testsuite name="org.bouncycastle.pqc.crypto.test.XMSSMTTest" tests="16" skipped="0" failures="0" errors="0" timestamp="2020-07-09T13:50:38" hostname="Garage" time="20.99">
  <properties/>
  <testcase name="testGenKeyPairSHA256" classname="org.bouncycastle.pqc.crypto.test.XMSSMTTest" time="0.082"/>
  <testcase name="testGenKeyPairSHA512" classname="org.bouncycastle.pqc.crypto.test.XMSSMTTest" time="0.371"/>
  <testcase name="testVerifySignerSHA256" classname="org.bouncycastle.pqc.crypto.test.XMSSMTTest" time="0.246"/>
  <testcase name="testVerifySignerSHA512" classname="org.bouncycastle.pqc.crypto.test.XMSSMTTest" time="0.757"/>
  <testcase name="testVerifySignatureSHA256" classname="org.bouncycastle.pqc.crypto.test.XMSSMTTest" time="0.301"/>
  <testcase name="testVerifySignatureSHA512" classname="org.bouncycastle.pqc.crypto.test.XMSSMTTest" time="0.933"/>
  <testcase name="testImportKeysSHA256" classname="org.bouncycastle.pqc.crypto.test.XMSSMTTest" time="0.264"/>
  <testcase name="testImportKeysSHA512" classname="org.bouncycastle.pqc.crypto.test.XMSSMTTest" time="0.823"/>
  <testcase name="testBDSImport" classname="org.bouncycastle.pqc.crypto.test.XMSSMTTest" time="0.106"/>
  <testcase name="testSignSHA256Complete1" classname="org.bouncycastle.pqc.crypto.test.XMSSMTTest" time="0.598"/>
  <testcase name="testSignSHA256Complete2" classname="org.bouncycastle.pqc.crypto.test.XMSSMTTest" time="0.164"/>
  <testcase name="testSignSHA256Complete3" classname="org.bouncycastle.pqc.crypto.test.XMSSMTTest" time="14.636"/>
  <testcase name="testPublicSeed" classname="org.bouncycastle.pqc.crypto.test.XMSSMTTest" time="0.385"/>
  <testcase name="testRandom" classname="org.bouncycastle.pqc.crypto.test.XMSSMTTest" time="0.995"/>
  <testcase name="testSignSHA256" classname="org.bouncycastle.pqc.crypto.test.XMSSMTTest" time="0.153"/>
  <testcase name="testSignSHA512" classname="org.bouncycastle.pqc.crypto.test.XMSSMTTest" time="0.176"/>
  <system-out><![CDATA[]]></system-out>
  <system-err><![CDATA[]]></system-err>
</testsuite>
