<?xml version="1.0" encoding="UTF-8"?>
<testsuite name="org.bouncycastle.crypto.tls.test.BasicTlsTest" tests="2" skipped="0" failures="0" errors="0" timestamp="2019-05-14T11:39:20" hostname="Garage2" time="0.003">
  <properties/>
  <testcase name="testConnection" classname="org.bouncycastle.crypto.tls.test.BasicTlsTest" time="0.0"/>
  <testcase name="testRSAConnectionClient" classname="org.bouncycastle.crypto.tls.test.BasicTlsTest" time="0.003"/>
  <system-out><![CDATA[]]></system-out>
  <system-err><![CDATA[]]></system-err>
</testsuite>
