<?xml version="1.0" encoding="UTF-8"?>
<testsuite name="com.distrimind.bouncycastle.pqc.crypto.test.XMSSMTPublicKeyTest" tests="2" skipped="0" failures="0" errors="0" timestamp="2021-11-01T15:26:23" hostname="basic" time="0.011">
  <properties/>
  <testcase name="testPublicKeyParsingSHA256" classname="com.distrimind.bouncycastle.pqc.crypto.test.XMSSMTPublicKeyTest" time="0.011"/>
  <testcase name="testConstructor" classname="com.distrimind.bouncycastle.pqc.crypto.test.XMSSMTPublicKeyTest" time="0.0"/>
  <system-out><![CDATA[]]></system-out>
  <system-err><![CDATA[]]></system-err>
</testsuite>
