<?xml version="1.0" encoding="UTF-8"?>
<testsuite name="org.bouncycastle.i18n.test.LocalizedMessageTest" tests="2" skipped="0" failures="0" errors="0" timestamp="2019-05-14T11:35:47" hostname="Garage2" time="0.056">
  <properties/>
  <testcase name="testLocalizedArgs" classname="org.bouncycastle.i18n.test.LocalizedMessageTest" time="0.014"/>
  <testcase name="testGetEntry" classname="org.bouncycastle.i18n.test.LocalizedMessageTest" time="0.042"/>
  <system-out><![CDATA[]]></system-out>
  <system-err><![CDATA[]]></system-err>
</testsuite>
