<?xml version="1.0" encoding="UTF-8"?>
<testsuite name="com.distrimind.bouncycastle.math.ec.test.FixedPointTest" tests="1" skipped="0" failures="0" errors="0" timestamp="2021-05-27T13:43:00" hostname="Garage" time="0.932">
  <properties/>
  <testcase name="testFixedPointMultiplier" classname="com.distrimind.bouncycastle.math.ec.test.FixedPointTest" time="0.932"/>
  <system-out><![CDATA[]]></system-out>
  <system-err><![CDATA[]]></system-err>
</testsuite>
