<?xml version="1.0" encoding="UTF-8"?>
<testsuite name="org.bouncycastle.crypto.agreement.test.JPAKEUtilTest" tests="7" skipped="0" failures="0" errors="0" timestamp="2019-05-14T11:38:51" hostname="Garage2" time="0.009">
  <properties/>
  <testcase name="testValidateNotNull" classname="org.bouncycastle.crypto.agreement.test.JPAKEUtilTest" time="0.0"/>
  <testcase name="testValidateGx4" classname="org.bouncycastle.crypto.agreement.test.JPAKEUtilTest" time="0.0"/>
  <testcase name="testValidateMacTag" classname="org.bouncycastle.crypto.agreement.test.JPAKEUtilTest" time="0.001"/>
  <testcase name="testValidateGa" classname="org.bouncycastle.crypto.agreement.test.JPAKEUtilTest" time="0.0"/>
  <testcase name="testValidateZeroKnowledgeProof" classname="org.bouncycastle.crypto.agreement.test.JPAKEUtilTest" time="0.008"/>
  <testcase name="testValidateParticipantIdsDiffer" classname="org.bouncycastle.crypto.agreement.test.JPAKEUtilTest" time="0.0"/>
  <testcase name="testValidateParticipantIdsEqual" classname="org.bouncycastle.crypto.agreement.test.JPAKEUtilTest" time="0.0"/>
  <system-out><![CDATA[]]></system-out>
  <system-err><![CDATA[]]></system-err>
</testsuite>
