<?xml version="1.0" encoding="UTF-8"?>
<testsuite name="org.bouncycastle.asn1.test.ASN1SequenceParserTest" tests="16" skipped="0" failures="0" errors="0" timestamp="2019-05-14T11:38:13" hostname="Garage2" time="0.003">
  <properties/>
  <testcase name="testNestedImplicitTagDERWriting" classname="org.bouncycastle.asn1.test.ASN1SequenceParserTest" time="0.0"/>
  <testcase name="testNestedDERReading" classname="org.bouncycastle.asn1.test.ASN1SequenceParserTest" time="0.0"/>
  <testcase name="testNestedBERDERReading" classname="org.bouncycastle.asn1.test.ASN1SequenceParserTest" time="0.001"/>
  <testcase name="testNestedBERReading" classname="org.bouncycastle.asn1.test.ASN1SequenceParserTest" time="0.0"/>
  <testcase name="testNestedDERWriting" classname="org.bouncycastle.asn1.test.ASN1SequenceParserTest" time="0.0"/>
  <testcase name="testNestedBERDERWriting" classname="org.bouncycastle.asn1.test.ASN1SequenceParserTest" time="0.001"/>
  <testcase name="testNestedBERWriting" classname="org.bouncycastle.asn1.test.ASN1SequenceParserTest" time="0.0"/>
  <testcase name="testDERReading" classname="org.bouncycastle.asn1.test.ASN1SequenceParserTest" time="0.0"/>
  <testcase name="testBERExplicitTaggedSequenceWriting" classname="org.bouncycastle.asn1.test.ASN1SequenceParserTest" time="0.0"/>
  <testcase name="testDERExplicitTaggedSequenceWriting" classname="org.bouncycastle.asn1.test.ASN1SequenceParserTest" time="0.001"/>
  <testcase name="testBERReading" classname="org.bouncycastle.asn1.test.ASN1SequenceParserTest" time="0.0"/>
  <testcase name="testSequenceWithDERNullReading" classname="org.bouncycastle.asn1.test.ASN1SequenceParserTest" time="0.0"/>
  <testcase name="testDERWriting" classname="org.bouncycastle.asn1.test.ASN1SequenceParserTest" time="0.0"/>
  <testcase name="testBERWriting" classname="org.bouncycastle.asn1.test.ASN1SequenceParserTest" time="0.0"/>
  <testcase name="testNestedExplicitTagDERWriting" classname="org.bouncycastle.asn1.test.ASN1SequenceParserTest" time="0.0"/>
  <testcase name="testDERImplicitTaggedSequenceWriting" classname="org.bouncycastle.asn1.test.ASN1SequenceParserTest" time="0.0"/>
  <system-out><![CDATA[]]></system-out>
  <system-err><![CDATA[]]></system-err>
</testsuite>
