<?xml version="1.0" encoding="UTF-8"?>
<testsuite name="com.distrimind.bouncycastle.math.test.PrimesTest" tests="5" skipped="0" failures="0" errors="0" timestamp="2021-11-01T15:25:35" hostname="basic" time="0.585">
  <properties/>
  <testcase name="testMRProbablePrime" classname="com.distrimind.bouncycastle.math.test.PrimesTest" time="0.143"/>
  <testcase name="testEnhancedMRProbablePrime" classname="com.distrimind.bouncycastle.math.test.PrimesTest" time="0.19"/>
  <testcase name="testMRProbablePrimeToBase" classname="com.distrimind.bouncycastle.math.test.PrimesTest" time="0.075"/>
  <testcase name="testHasAnySmallFactors" classname="com.distrimind.bouncycastle.math.test.PrimesTest" time="0.029"/>
  <testcase name="testSTRandomPrime" classname="com.distrimind.bouncycastle.math.test.PrimesTest" time="0.148"/>
  <system-out><![CDATA[]]></system-out>
  <system-err><![CDATA[]]></system-err>
</testsuite>
