<?xml version="1.0" encoding="UTF-8"?>
<testsuite name="org.bouncycastle.util.io.pem.test.AllTests" tests="1" skipped="0" failures="0" errors="0" timestamp="2019-05-14T11:35:47" hostname="Garage2" time="0.005">
  <properties/>
  <testcase name="testPemLength" classname="org.bouncycastle.util.io.pem.test.AllTests" time="0.005"/>
  <system-out><![CDATA[]]></system-out>
  <system-err><![CDATA[]]></system-err>
</testsuite>
