<?xml version="1.0" encoding="UTF-8"?>
<testsuite name="org.bouncycastle.crypto.agreement.test.JPAKEPrimeOrderGroupTest" tests="1" skipped="0" failures="0" errors="0" timestamp="2019-05-14T11:38:51" hostname="Garage2" time="0.0">
  <properties/>
  <testcase name="testConstruction" classname="org.bouncycastle.crypto.agreement.test.JPAKEPrimeOrderGroupTest" time="0.0"/>
  <system-out><![CDATA[]]></system-out>
  <system-err><![CDATA[]]></system-err>
</testsuite>
