<?xml version="1.0" encoding="UTF-8"?>
<testsuite name="com.distrimind.bouncycastle.util.utiltest.BigIntegersTest" tests="2" skipped="0" failures="0" errors="0" timestamp="2020-07-14T23:08:21" hostname="Garage" time="0.003">
  <properties/>
  <testcase name="BigIntegers" classname="com.distrimind.bouncycastle.util.utiltest.BigIntegersTest" time="0.002"/>
  <testcase name="BigIntegers" classname="com.distrimind.bouncycastle.util.utiltest.BigIntegersTest" time="0.0"/>
  <system-out><![CDATA[]]></system-out>
  <system-err><![CDATA[]]></system-err>
</testsuite>
