<?xml version="1.0" encoding="UTF-8"?>
<testsuite name="com.distrimind.bouncycastle.asn1.test.GetInstanceTest" tests="1" skipped="0" failures="0" errors="0" timestamp="2020-11-08T08:28:32" hostname="Garage" time="0.026">
  <properties/>
  <testcase name="GetInstanceNullTest" classname="com.distrimind.bouncycastle.asn1.test.GetInstanceTest" time="0.026"/>
  <system-out><![CDATA[]]></system-out>
  <system-err><![CDATA[]]></system-err>
</testsuite>
