<?xml version="1.0" encoding="UTF-8"?>
<testsuite name="com.distrimind.bouncycastle.crypto.ec.test.AllTests" tests="1" skipped="0" failures="0" errors="0" timestamp="2020-07-14T23:12:15" hostname="Garage" time="0.022">
  <properties/>
  <testcase name="testCrypto" classname="com.distrimind.bouncycastle.crypto.ec.test.AllTests" time="0.022"/>
  <system-out><![CDATA[]]></system-out>
  <system-err><![CDATA[]]></system-err>
</testsuite>
