<?xml version="1.0" encoding="UTF-8"?>
<testsuite name="org.bouncycastle.pqc.crypto.test.XMSSOidTest" tests="4" skipped="0" failures="0" errors="0" timestamp="2020-02-14T17:17:41" hostname="Garage" time="0.001">
  <properties/>
  <testcase name="testXMSSOidException1" classname="org.bouncycastle.pqc.crypto.test.XMSSOidTest" time="0.0"/>
  <testcase name="testXMSSOidException2" classname="org.bouncycastle.pqc.crypto.test.XMSSOidTest" time="0.001"/>
  <testcase name="testXMSSOidException3" classname="org.bouncycastle.pqc.crypto.test.XMSSOidTest" time="0.0"/>
  <testcase name="testXMSSOid" classname="org.bouncycastle.pqc.crypto.test.XMSSOidTest" time="0.0"/>
  <system-out><![CDATA[]]></system-out>
  <system-err><![CDATA[]]></system-err>
</testsuite>
