<?xml version="1.0" encoding="UTF-8"?>
<testsuite name="com.distrimind.bouncycastle.pqc.crypto.lms.HSSTests" tests="11" skipped="0" failures="0" errors="0" timestamp="2020-07-14T23:08:22" hostname="Garage" time="18.764">
  <properties/>
  <testcase name="testGenerate" classname="com.distrimind.bouncycastle.pqc.crypto.lms.HSSTests" time="0.118"/>
  <testcase name="testSignUnitExhaustion" classname="com.distrimind.bouncycastle.pqc.crypto.lms.HSSTests" time="8.649"/>
  <testcase name="testVectorsFromReference" classname="com.distrimind.bouncycastle.pqc.crypto.lms.HSSTests" time="8.738"/>
  <testcase name="testSharding" classname="com.distrimind.bouncycastle.pqc.crypto.lms.HSSTests" time="0.046"/>
  <testcase name="testHSSVector_1" classname="com.distrimind.bouncycastle.pqc.crypto.lms.HSSTests" time="0.005"/>
  <testcase name="testHSSVector_2" classname="com.distrimind.bouncycastle.pqc.crypto.lms.HSSTests" time="0.005"/>
  <testcase name="testVectorsFromReference_Expanded" classname="com.distrimind.bouncycastle.pqc.crypto.lms.HSSTests" time="0.617"/>
  <testcase name="testGenPublicKeys_L0" classname="com.distrimind.bouncycastle.pqc.crypto.lms.HSSTests" time="0.425"/>
  <testcase name="testGenPublicKeys_L1" classname="com.distrimind.bouncycastle.pqc.crypto.lms.HSSTests" time="0.103"/>
  <testcase name="testHssKeySerialisation" classname="com.distrimind.bouncycastle.pqc.crypto.lms.HSSTests" time="0.035"/>
  <testcase name="testRemaining" classname="com.distrimind.bouncycastle.pqc.crypto.lms.HSSTests" time="0.023"/>
  <system-out><![CDATA[
]]></system-out>
  <system-err><![CDATA[]]></system-err>
</testsuite>
