<?xml version="1.0" encoding="UTF-8"?>
<testsuite name="org.bouncycastle.pqc.crypto.test.XMSSPublicKeyTest" tests="3" skipped="0" failures="0" errors="0" timestamp="2020-06-02T09:02:32" hostname="Garage" time="0.0">
  <properties/>
  <testcase name="testPublicKeyParsingSHA256" classname="org.bouncycastle.pqc.crypto.test.XMSSPublicKeyTest" time="0.0"/>
  <testcase name="testPublicKeyParsingSHA512" classname="org.bouncycastle.pqc.crypto.test.XMSSPublicKeyTest" time="0.0"/>
  <testcase name="testConstructor" classname="org.bouncycastle.pqc.crypto.test.XMSSPublicKeyTest" time="0.0"/>
  <system-out><![CDATA[]]></system-out>
  <system-err><![CDATA[]]></system-err>
</testsuite>
