<?xml version="1.0" encoding="UTF-8"?>
<testsuite name="com.distrimind.bouncycastle.i18n.test.LocalizedMessageTest" tests="2" skipped="0" failures="0" errors="0" timestamp="2020-07-14T23:08:21" hostname="Garage" time="0.038">
  <properties/>
  <testcase name="testLocalizedArgs" classname="com.distrimind.bouncycastle.i18n.test.LocalizedMessageTest" time="0.016"/>
  <testcase name="testGetEntry" classname="com.distrimind.bouncycastle.i18n.test.LocalizedMessageTest" time="0.022"/>
  <system-out><![CDATA[]]></system-out>
  <system-err><![CDATA[]]></system-err>
</testsuite>
