<?xml version="1.0" encoding="UTF-8"?>
<testsuite name="com.distrimind.bouncycastle.pqc.crypto.test.XMSSMTTest" tests="16" skipped="0" failures="0" errors="0" timestamp="2021-11-01T15:26:23" hostname="basic" time="19.344">
  <properties/>
  <testcase name="testGenKeyPairSHA256" classname="com.distrimind.bouncycastle.pqc.crypto.test.XMSSMTTest" time="0.081"/>
  <testcase name="testGenKeyPairSHA512" classname="com.distrimind.bouncycastle.pqc.crypto.test.XMSSMTTest" time="0.26"/>
  <testcase name="testVerifySignerSHA256" classname="com.distrimind.bouncycastle.pqc.crypto.test.XMSSMTTest" time="0.245"/>
  <testcase name="testVerifySignerSHA512" classname="com.distrimind.bouncycastle.pqc.crypto.test.XMSSMTTest" time="0.68"/>
  <testcase name="testVerifySignatureSHA256" classname="com.distrimind.bouncycastle.pqc.crypto.test.XMSSMTTest" time="0.283"/>
  <testcase name="testVerifySignatureSHA512" classname="com.distrimind.bouncycastle.pqc.crypto.test.XMSSMTTest" time="0.818"/>
  <testcase name="testImportKeysSHA256" classname="com.distrimind.bouncycastle.pqc.crypto.test.XMSSMTTest" time="0.242"/>
  <testcase name="testImportKeysSHA512" classname="com.distrimind.bouncycastle.pqc.crypto.test.XMSSMTTest" time="0.678"/>
  <testcase name="testBDSImport" classname="com.distrimind.bouncycastle.pqc.crypto.test.XMSSMTTest" time="0.095"/>
  <testcase name="testSignSHA256Complete1" classname="com.distrimind.bouncycastle.pqc.crypto.test.XMSSMTTest" time="0.555"/>
  <testcase name="testSignSHA256Complete2" classname="com.distrimind.bouncycastle.pqc.crypto.test.XMSSMTTest" time="0.15"/>
  <testcase name="testSignSHA256Complete3" classname="com.distrimind.bouncycastle.pqc.crypto.test.XMSSMTTest" time="13.743"/>
  <testcase name="testPublicSeed" classname="com.distrimind.bouncycastle.pqc.crypto.test.XMSSMTTest" time="0.361"/>
  <testcase name="testRandom" classname="com.distrimind.bouncycastle.pqc.crypto.test.XMSSMTTest" time="0.858"/>
  <testcase name="testSignSHA256" classname="com.distrimind.bouncycastle.pqc.crypto.test.XMSSMTTest" time="0.143"/>
  <testcase name="testSignSHA512" classname="com.distrimind.bouncycastle.pqc.crypto.test.XMSSMTTest" time="0.151"/>
  <system-out><![CDATA[]]></system-out>
  <system-err><![CDATA[]]></system-err>
</testsuite>
