<?xml version="1.0" encoding="UTF-8"?>
<testsuite name="com.distrimind.bouncycastle.pqc.math.ntru.polynomial.test.LongPolynomial5Test" tests="2" skipped="0" failures="0" errors="0" timestamp="2020-11-08T08:30:24" hostname="Garage" time="0.032">
  <properties/>
  <testcase name="testMult" classname="com.distrimind.bouncycastle.pqc.math.ntru.polynomial.test.LongPolynomial5Test" time="0.031"/>
  <testcase name="testToIntegerPolynomial" classname="com.distrimind.bouncycastle.pqc.math.ntru.polynomial.test.LongPolynomial5Test" time="0.0"/>
  <system-out><![CDATA[]]></system-out>
  <system-err><![CDATA[]]></system-err>
</testsuite>
