<?xml version="1.0" encoding="UTF-8"?>
<testsuite name="org.bouncycastle.bcutil.encoders.test.UrlBase64Test" tests="3" skipped="0" failures="0" errors="0" timestamp="2020-02-14T17:19:57" hostname="Garage" time="0.039">
  <properties/>
  <testcase name="testSamples" classname="org.bouncycastle.bcutil.encoders.test.UrlBase64Test" time="0.001"/>
  <testcase name="testInvalidInput" classname="org.bouncycastle.bcutil.encoders.test.UrlBase64Test" time="0.001"/>
  <testcase name="testEncode" classname="org.bouncycastle.bcutil.encoders.test.UrlBase64Test" time="0.037"/>
  <system-out><![CDATA[]]></system-out>
  <system-err><![CDATA[]]></system-err>
</testsuite>
