<?xml version="1.0" encoding="UTF-8"?>
<testsuite name="com.distrimind.bouncycastle.util.io.pem.test.AllTests" tests="2" skipped="0" failures="0" errors="0" timestamp="2021-05-27T13:46:22" hostname="Garage" time="0.002">
  <properties/>
  <testcase name="testMalformed" classname="com.distrimind.bouncycastle.util.io.pem.test.AllTests" time="0.0"/>
  <testcase name="testPemLength" classname="com.distrimind.bouncycastle.util.io.pem.test.AllTests" time="0.002"/>
  <system-out><![CDATA[]]></system-out>
  <system-err><![CDATA[]]></system-err>
</testsuite>
