<?xml version="1.0" encoding="UTF-8"?>
<testsuite name="com.distrimind.bouncycastle.asn1.test.AllTests" tests="1" skipped="0" failures="0" errors="0" timestamp="2020-07-14T23:11:13" hostname="Garage" time="0.859">
  <properties/>
  <testcase name="testASN1" classname="com.distrimind.bouncycastle.asn1.test.AllTests" time="0.859"/>
  <system-out><![CDATA[]]></system-out>
  <system-err><![CDATA[]]></system-err>
</testsuite>
