<?xml version="1.0" encoding="UTF-8"?>
<testsuite name="com.distrimind.bouncycastle.math.ec.test.FixedPointTest" tests="1" skipped="0" failures="0" errors="0" timestamp="2021-11-01T15:26:05" hostname="basic" time="1.356">
  <properties/>
  <testcase name="testFixedPointMultiplier" classname="com.distrimind.bouncycastle.math.ec.test.FixedPointTest" time="1.356"/>
  <system-out><![CDATA[]]></system-out>
  <system-err><![CDATA[]]></system-err>
</testsuite>
