<?xml version="1.0" encoding="UTF-8"?>
<testsuite name="com.distrimind.bouncycastle.math.ec.test.ECAlgorithmsTest" tests="4" skipped="0" failures="0" errors="0" timestamp="2021-11-01T15:25:35" hostname="basic" time="22.931">
  <properties/>
  <testcase name="testSumOfMultiplies" classname="com.distrimind.bouncycastle.math.ec.test.ECAlgorithmsTest" time="0.039"/>
  <testcase name="testSumOfTwoMultipliesComplete" classname="com.distrimind.bouncycastle.math.ec.test.ECAlgorithmsTest" time="15.259"/>
  <testcase name="testSumOfMultipliesComplete" classname="com.distrimind.bouncycastle.math.ec.test.ECAlgorithmsTest" time="7.629"/>
  <testcase name="testSumOfTwoMultiplies" classname="com.distrimind.bouncycastle.math.ec.test.ECAlgorithmsTest" time="0.004"/>
  <system-out><![CDATA[]]></system-out>
  <system-err><![CDATA[]]></system-err>
</testsuite>
