<?xml version="1.0" encoding="UTF-8"?>
<testsuite name="org.bouncycastle.pqc.crypto.test.NTRUEncryptTest" tests="3" skipped="0" failures="0" errors="0" timestamp="2019-05-14T11:35:48" hostname="Garage2" time="0.113">
  <properties/>
  <testcase name="testEncodedKeysFast" classname="org.bouncycastle.pqc.crypto.test.NTRUEncryptTest" time="0.007"/>
  <testcase name="testEncodedKeysSlow" classname="org.bouncycastle.pqc.crypto.test.NTRUEncryptTest" time="0.027"/>
  <testcase name="testEncryptDecrypt" classname="org.bouncycastle.pqc.crypto.test.NTRUEncryptTest" time="0.078"/>
  <system-out><![CDATA[]]></system-out>
  <system-err><![CDATA[]]></system-err>
</testsuite>
