<?xml version="1.0" encoding="UTF-8"?>
<testsuite name="com.distrimind.bouncycastle.pqc.crypto.test.EncryptionKeyTest" tests="1" skipped="0" failures="0" errors="0" timestamp="2021-11-01T15:26:06" hostname="basic" time="0.419">
  <properties/>
  <testcase name="testEncode" classname="com.distrimind.bouncycastle.pqc.crypto.test.EncryptionKeyTest" time="0.419"/>
  <system-out><![CDATA[]]></system-out>
  <system-err><![CDATA[]]></system-err>
</testsuite>
