<?xml version="1.0" encoding="UTF-8"?>
<testsuite name="com.distrimind.bouncycastle.pqc.math.ntru.polynomial.test.SparseTernaryPolynomialTest" tests="2" skipped="0" failures="0" errors="0" timestamp="2020-07-14T23:08:22" hostname="Garage" time="0.04">
  <properties/>
  <testcase name="testMult" classname="com.distrimind.bouncycastle.pqc.math.ntru.polynomial.test.SparseTernaryPolynomialTest" time="0.039"/>
  <testcase name="testFromToBinary" classname="com.distrimind.bouncycastle.pqc.math.ntru.polynomial.test.SparseTernaryPolynomialTest" time="0.001"/>
  <system-out><![CDATA[]]></system-out>
  <system-err><![CDATA[]]></system-err>
</testsuite>
