<?xml version="1.0" encoding="UTF-8"?>
<testsuite name="org.bouncycastle.pqc.crypto.test.NTRUEncryptTest" tests="3" skipped="0" failures="0" errors="0" timestamp="2020-02-14T17:17:05" hostname="Garage" time="0.121">
  <properties/>
  <testcase name="testEncodedKeysFast" classname="org.bouncycastle.pqc.crypto.test.NTRUEncryptTest" time="0.009"/>
  <testcase name="testEncodedKeysSlow" classname="org.bouncycastle.pqc.crypto.test.NTRUEncryptTest" time="0.03"/>
  <testcase name="testEncryptDecrypt" classname="org.bouncycastle.pqc.crypto.test.NTRUEncryptTest" time="0.082"/>
  <system-out><![CDATA[]]></system-out>
  <system-err><![CDATA[]]></system-err>
</testsuite>
