<?xml version="1.0" encoding="UTF-8"?>
<testsuite name="com.distrimind.bouncycastle.pqc.math.ntru.polynomial.test.IntegerPolynomialTest" tests="8" skipped="0" failures="0" errors="0" timestamp="2021-11-01T15:29:42" hostname="basic" time="0.321">
  <properties/>
  <testcase name="testResultant" classname="com.distrimind.bouncycastle.pqc.math.ntru.polynomial.test.IntegerPolynomialTest" time="0.019"/>
  <testcase name="testMult" classname="com.distrimind.bouncycastle.pqc.math.ntru.polynomial.test.IntegerPolynomialTest" time="0.0"/>
  <testcase name="testFromToBinary3Sves" classname="com.distrimind.bouncycastle.pqc.math.ntru.polynomial.test.IntegerPolynomialTest" time="0.001"/>
  <testcase name="testFromToBinary" classname="com.distrimind.bouncycastle.pqc.math.ntru.polynomial.test.IntegerPolynomialTest" time="0.0"/>
  <testcase name="testFromToBinary3Tight" classname="com.distrimind.bouncycastle.pqc.math.ntru.polynomial.test.IntegerPolynomialTest" time="0.012"/>
  <testcase name="testInvertF3" classname="com.distrimind.bouncycastle.pqc.math.ntru.polynomial.test.IntegerPolynomialTest" time="0.0"/>
  <testcase name="testInvertFq" classname="com.distrimind.bouncycastle.pqc.math.ntru.polynomial.test.IntegerPolynomialTest" time="0.052"/>
  <testcase name="testResultantMod" classname="com.distrimind.bouncycastle.pqc.math.ntru.polynomial.test.IntegerPolynomialTest" time="0.237"/>
  <system-out><![CDATA[]]></system-out>
  <system-err><![CDATA[]]></system-err>
</testsuite>
