<?xml version="1.0" encoding="UTF-8"?>
<testsuite name="org.bouncycastle.pqc.crypto.lms.HSSTests" tests="11" skipped="0" failures="0" errors="0" timestamp="2020-06-02T09:01:37" hostname="Garage" time="17.709">
  <properties/>
  <testcase name="testGenerate" classname="org.bouncycastle.pqc.crypto.lms.HSSTests" time="0.132"/>
  <testcase name="testSignUnitExhaustion" classname="org.bouncycastle.pqc.crypto.lms.HSSTests" time="8.144"/>
  <testcase name="testVectorsFromReference" classname="org.bouncycastle.pqc.crypto.lms.HSSTests" time="8.213"/>
  <testcase name="testSharding" classname="org.bouncycastle.pqc.crypto.lms.HSSTests" time="0.044"/>
  <testcase name="testHSSVector_1" classname="org.bouncycastle.pqc.crypto.lms.HSSTests" time="0.005"/>
  <testcase name="testHSSVector_2" classname="org.bouncycastle.pqc.crypto.lms.HSSTests" time="0.005"/>
  <testcase name="testVectorsFromReference_Expanded" classname="org.bouncycastle.pqc.crypto.lms.HSSTests" time="0.612"/>
  <testcase name="testGenPublicKeys_L0" classname="org.bouncycastle.pqc.crypto.lms.HSSTests" time="0.4"/>
  <testcase name="testGenPublicKeys_L1" classname="org.bouncycastle.pqc.crypto.lms.HSSTests" time="0.098"/>
  <testcase name="testHssKeySerialisation" classname="org.bouncycastle.pqc.crypto.lms.HSSTests" time="0.033"/>
  <testcase name="testRemaining" classname="org.bouncycastle.pqc.crypto.lms.HSSTests" time="0.022"/>
  <system-out><![CDATA[
]]></system-out>
  <system-err><![CDATA[]]></system-err>
</testsuite>
