<?xml version="1.0" encoding="UTF-8"?>
<testsuite name="org.bouncycastle.math.test.PrimesTest" tests="5" skipped="0" failures="0" errors="0" timestamp="2019-05-14T11:38:13" hostname="Garage2" time="0.429">
  <properties/>
  <testcase name="testMRProbablePrime" classname="org.bouncycastle.math.test.PrimesTest" time="0.204"/>
  <testcase name="testEnhancedMRProbablePrime" classname="org.bouncycastle.math.test.PrimesTest" time="0.077"/>
  <testcase name="testMRProbablePrimeToBase" classname="org.bouncycastle.math.test.PrimesTest" time="0.059"/>
  <testcase name="testHasAnySmallFactors" classname="org.bouncycastle.math.test.PrimesTest" time="0.021"/>
  <testcase name="testSTRandomPrime" classname="org.bouncycastle.math.test.PrimesTest" time="0.068"/>
  <system-out><![CDATA[]]></system-out>
  <system-err><![CDATA[]]></system-err>
</testsuite>
