<?xml version="1.0" encoding="UTF-8"?>
<testsuite name="org.bouncycastle.bccrypto.agreement.test.JPAKEParticipantTest" tests="6" skipped="0" failures="0" errors="0" timestamp="2020-02-14T17:19:34" hostname="Garage" time="0.033">
  <properties/>
  <testcase name="testStateValidation" classname="org.bouncycastle.bccrypto.agreement.test.JPAKEParticipantTest" time="0.008"/>
  <testcase name="testConstruction" classname="org.bouncycastle.bccrypto.agreement.test.JPAKEParticipantTest" time="0.0"/>
  <testcase name="testValidateRound2PayloadReceived" classname="org.bouncycastle.bccrypto.agreement.test.JPAKEParticipantTest" time="0.013"/>
  <testcase name="testValidateRound1PayloadReceived" classname="org.bouncycastle.bccrypto.agreement.test.JPAKEParticipantTest" time="0.004"/>
  <testcase name="testSuccessfulExchange" classname="org.bouncycastle.bccrypto.agreement.test.JPAKEParticipantTest" time="0.004"/>
  <testcase name="testIncorrectPassword" classname="org.bouncycastle.bccrypto.agreement.test.JPAKEParticipantTest" time="0.004"/>
  <system-out><![CDATA[]]></system-out>
  <system-err><![CDATA[]]></system-err>
</testsuite>
