<?xml version="1.0" encoding="UTF-8"?>
<testsuite name="org.bouncycastle.pqc.crypto.test.EncryptionKeyTest" tests="1" skipped="0" failures="0" errors="0" timestamp="2019-05-14T11:35:48" hostname="Garage2" time="0.241">
  <properties/>
  <testcase name="testEncode" classname="org.bouncycastle.pqc.crypto.test.EncryptionKeyTest" time="0.241"/>
  <system-out><![CDATA[]]></system-out>
  <system-err><![CDATA[]]></system-err>
</testsuite>
