<?xml version="1.0" encoding="UTF-8"?>
<testsuite name="org.bouncycastle.pqc.crypto.lms.LMSTests" tests="4" skipped="0" failures="0" errors="0" timestamp="2020-07-09T13:50:23" hostname="Garage" time="0.113">
  <properties/>
  <testcase name="testLMS" classname="org.bouncycastle.pqc.crypto.lms.LMSTests" time="0.11"/>
  <testcase name="testContextSingleUse" classname="org.bouncycastle.pqc.crypto.lms.LMSTests" time="0.001"/>
  <testcase name="testPrivateKeyRound" classname="org.bouncycastle.pqc.crypto.lms.LMSTests" time="0.001"/>
  <testcase name="testCoefFunc" classname="org.bouncycastle.pqc.crypto.lms.LMSTests" time="0.0"/>
  <system-out><![CDATA[]]></system-out>
  <system-err><![CDATA[]]></system-err>
</testsuite>
