<?xml version="1.0" encoding="UTF-8"?>
<testsuite name="org.bouncycastle.pqc.crypto.test.XMSSMTPrivateKeyTest" tests="2" skipped="0" failures="0" errors="0" timestamp="2019-05-14T11:35:49" hostname="Garage2" time="3.111">
  <properties/>
  <testcase name="testPrivateKeySerialisation" classname="org.bouncycastle.pqc.crypto.test.XMSSMTPrivateKeyTest" time="3.09"/>
  <testcase name="testPrivateKeyParsingSHA256" classname="org.bouncycastle.pqc.crypto.test.XMSSMTPrivateKeyTest" time="0.021"/>
  <system-out><![CDATA[]]></system-out>
  <system-err><![CDATA[]]></system-err>
</testsuite>
