<?xml version="1.0" encoding="UTF-8"?>
<testsuite name="org.bouncycastle.crypto.test.GCMReorderTest" tests="5" skipped="0" failures="0" errors="0" timestamp="2019-05-14T11:39:20" hostname="Garage2" time="0.005">
  <properties/>
  <testcase name="testExp" classname="org.bouncycastle.crypto.test.GCMReorderTest" time="0.001"/>
  <testcase name="testConcatCrypt" classname="org.bouncycastle.crypto.test.GCMReorderTest" time="0.001"/>
  <testcase name="testCombine" classname="org.bouncycastle.crypto.test.GCMReorderTest" time="0.001"/>
  <testcase name="testMultiply" classname="org.bouncycastle.crypto.test.GCMReorderTest" time="0.001"/>
  <testcase name="testConcatAuth" classname="org.bouncycastle.crypto.test.GCMReorderTest" time="0.001"/>
  <system-out><![CDATA[]]></system-out>
  <system-err><![CDATA[]]></system-err>
</testsuite>
