<?xml version="1.0" encoding="UTF-8"?>
<testsuite name="com.distrimind.bouncycastle.pqc.crypto.test.NTRUEncryptTest" tests="3" skipped="0" failures="0" errors="0" timestamp="2020-07-14T23:08:41" hostname="Garage" time="0.136">
  <properties/>
  <testcase name="testEncodedKeysFast" classname="com.distrimind.bouncycastle.pqc.crypto.test.NTRUEncryptTest" time="0.008"/>
  <testcase name="testEncodedKeysSlow" classname="com.distrimind.bouncycastle.pqc.crypto.test.NTRUEncryptTest" time="0.036"/>
  <testcase name="testEncryptDecrypt" classname="com.distrimind.bouncycastle.pqc.crypto.test.NTRUEncryptTest" time="0.092"/>
  <system-out><![CDATA[]]></system-out>
  <system-err><![CDATA[]]></system-err>
</testsuite>
