<?xml version="1.0" encoding="UTF-8"?>
<testsuite name="org.bouncycastle.bcasn1.test.GetInstanceTest" tests="1" skipped="0" failures="0" errors="0" timestamp="2020-06-02T09:04:52" hostname="Garage" time="0.02">
  <properties/>
  <testcase name="GetInstanceNullTest" classname="org.bouncycastle.bcasn1.test.GetInstanceTest" time="0.02"/>
  <system-out><![CDATA[]]></system-out>
  <system-err><![CDATA[]]></system-err>
</testsuite>
