<?xml version="1.0" encoding="UTF-8"?>
<testsuite name="org.bouncycastle.pqc.math.ntru.polynomial.test.LongPolynomial5Test" tests="2" skipped="0" failures="0" errors="0" timestamp="2020-02-14T17:17:05" hostname="Garage" time="0.011">
  <properties/>
  <testcase name="testMult" classname="org.bouncycastle.pqc.math.ntru.polynomial.test.LongPolynomial5Test" time="0.011"/>
  <testcase name="testToIntegerPolynomial" classname="org.bouncycastle.pqc.math.ntru.polynomial.test.LongPolynomial5Test" time="0.0"/>
  <system-out><![CDATA[]]></system-out>
  <system-err><![CDATA[]]></system-err>
</testsuite>
