<?xml version="1.0" encoding="UTF-8"?>
<testsuite name="org.bouncycastle.math.raw.test.InterleaveTest" tests="4" skipped="0" failures="0" errors="0" timestamp="2019-05-14T11:38:13" hostname="Garage2" time="0.006">
  <properties/>
  <testcase name="testExpand64To128" classname="org.bouncycastle.math.raw.test.InterleaveTest" time="0.004"/>
  <testcase name="testExpand8To16" classname="org.bouncycastle.math.raw.test.InterleaveTest" time="0.0"/>
  <testcase name="testExpand16To32" classname="org.bouncycastle.math.raw.test.InterleaveTest" time="0.001"/>
  <testcase name="testExpand32To64" classname="org.bouncycastle.math.raw.test.InterleaveTest" time="0.0"/>
  <system-out><![CDATA[]]></system-out>
  <system-err><![CDATA[]]></system-err>
</testsuite>
