<?xml version="1.0" encoding="UTF-8"?>
<testsuite name="com.distrimind.bouncycastle.pqc.crypto.lms.LMSKeyGenTests" tests="1" skipped="0" failures="0" errors="0" timestamp="2021-11-01T15:29:42" hostname="basic" time="0.093">
  <properties/>
  <testcase name="testGeneratePrivateKey" classname="com.distrimind.bouncycastle.pqc.crypto.lms.LMSKeyGenTests" time="0.093"/>
  <system-out><![CDATA[]]></system-out>
  <system-err><![CDATA[]]></system-err>
</testsuite>
