<?xml version="1.0" encoding="UTF-8"?>
<testsuite name="com.distrimind.bouncycastle.pqc.crypto.lms.TypeTests" tests="1" skipped="0" failures="0" errors="0" timestamp="2021-11-01T15:29:42" hostname="basic" time="0.001">
  <properties/>
  <testcase name="testTypeForType" classname="com.distrimind.bouncycastle.pqc.crypto.lms.TypeTests" time="0.001"/>
  <system-out><![CDATA[]]></system-out>
  <system-err><![CDATA[]]></system-err>
</testsuite>
