<?xml version="1.0" encoding="UTF-8"?>
<testsuite name="com.distrimind.bouncycastle.util.io.pem.test.AllTests" tests="2" skipped="0" failures="0" errors="0" timestamp="2021-11-01T15:25:34" hostname="basic" time="0.005">
  <properties/>
  <testcase name="testMalformed" classname="com.distrimind.bouncycastle.util.io.pem.test.AllTests" time="0.001"/>
  <testcase name="testPemLength" classname="com.distrimind.bouncycastle.util.io.pem.test.AllTests" time="0.004"/>
  <system-out><![CDATA[]]></system-out>
  <system-err><![CDATA[]]></system-err>
</testsuite>
