<?xml version="1.0" encoding="UTF-8"?>
<testsuite name="org.bouncycastle.bccrypto.tls.test.BasicTlsTest" tests="2" skipped="0" failures="0" errors="0" timestamp="2020-02-14T17:19:55" hostname="Garage" time="0.003">
  <properties/>
  <testcase name="testConnection" classname="org.bouncycastle.bccrypto.tls.test.BasicTlsTest" time="0.0"/>
  <testcase name="testRSAConnectionClient" classname="org.bouncycastle.bccrypto.tls.test.BasicTlsTest" time="0.002"/>
  <system-out><![CDATA[]]></system-out>
  <system-err><![CDATA[]]></system-err>
</testsuite>
