<?xml version="1.0" encoding="UTF-8"?>
<testsuite name="com.distrimind.bouncycastle.math.ec.test.ECAlgorithmsTest" tests="4" skipped="0" failures="0" errors="0" timestamp="2020-11-08T08:28:32" hostname="Garage" time="22.022">
  <properties/>
  <testcase name="testSumOfMultiplies" classname="com.distrimind.bouncycastle.math.ec.test.ECAlgorithmsTest" time="0.02"/>
  <testcase name="testSumOfTwoMultipliesComplete" classname="com.distrimind.bouncycastle.math.ec.test.ECAlgorithmsTest" time="14.504"/>
  <testcase name="testSumOfMultipliesComplete" classname="com.distrimind.bouncycastle.math.ec.test.ECAlgorithmsTest" time="7.494"/>
  <testcase name="testSumOfTwoMultiplies" classname="com.distrimind.bouncycastle.math.ec.test.ECAlgorithmsTest" time="0.004"/>
  <system-out><![CDATA[]]></system-out>
  <system-err><![CDATA[]]></system-err>
</testsuite>
