<?xml version="1.0" encoding="UTF-8"?>
<testsuite name="com.distrimind.bouncycastle.jsse.provider.test.CipherSuitesEngineTestCase" tests="130" skipped="0" failures="0" errors="0" timestamp="2021-11-01T15:51:11" hostname="basic" time="2.103">
  <properties/>
  <testcase name="TLSv1.2 : TLS_DHE_DSS_WITH_AES_128_CBC_SHA" classname="com.distrimind.bouncycastle.jsse.provider.test.CipherSuitesEngineTestCase" time="0.023"/>
  <testcase name="TLSv1.2 : TLS_DHE_DSS_WITH_AES_128_CBC_SHA256" classname="com.distrimind.bouncycastle.jsse.provider.test.CipherSuitesEngineTestCase" time="0.016"/>
  <testcase name="TLSv1.2 : TLS_DHE_DSS_WITH_AES_128_GCM_SHA256" classname="com.distrimind.bouncycastle.jsse.provider.test.CipherSuitesEngineTestCase" time="0.017"/>
  <testcase name="TLSv1.2 : TLS_DHE_DSS_WITH_AES_256_CBC_SHA" classname="com.distrimind.bouncycastle.jsse.provider.test.CipherSuitesEngineTestCase" time="0.017"/>
  <testcase name="TLSv1.2 : TLS_DHE_DSS_WITH_AES_256_CBC_SHA256" classname="com.distrimind.bouncycastle.jsse.provider.test.CipherSuitesEngineTestCase" time="0.023"/>
  <testcase name="TLSv1.2 : TLS_DHE_DSS_WITH_AES_256_GCM_SHA384" classname="com.distrimind.bouncycastle.jsse.provider.test.CipherSuitesEngineTestCase" time="0.023"/>
  <testcase name="TLSv1.2 : TLS_DHE_DSS_WITH_ARIA_128_CBC_SHA256" classname="com.distrimind.bouncycastle.jsse.provider.test.CipherSuitesEngineTestCase" time="0.018"/>
  <testcase name="TLSv1.2 : TLS_DHE_DSS_WITH_ARIA_128_GCM_SHA256" classname="com.distrimind.bouncycastle.jsse.provider.test.CipherSuitesEngineTestCase" time="0.018"/>
  <testcase name="TLSv1.2 : TLS_DHE_DSS_WITH_ARIA_256_CBC_SHA384" classname="com.distrimind.bouncycastle.jsse.provider.test.CipherSuitesEngineTestCase" time="0.016"/>
  <testcase name="TLSv1.2 : TLS_DHE_DSS_WITH_ARIA_256_GCM_SHA384" classname="com.distrimind.bouncycastle.jsse.provider.test.CipherSuitesEngineTestCase" time="0.02"/>
  <testcase name="TLSv1.2 : TLS_DHE_DSS_WITH_CAMELLIA_128_CBC_SHA" classname="com.distrimind.bouncycastle.jsse.provider.test.CipherSuitesEngineTestCase" time="0.016"/>
  <testcase name="TLSv1.2 : TLS_DHE_DSS_WITH_CAMELLIA_128_CBC_SHA256" classname="com.distrimind.bouncycastle.jsse.provider.test.CipherSuitesEngineTestCase" time="0.018"/>
  <testcase name="TLSv1.2 : TLS_DHE_DSS_WITH_CAMELLIA_128_GCM_SHA256" classname="com.distrimind.bouncycastle.jsse.provider.test.CipherSuitesEngineTestCase" time="0.017"/>
  <testcase name="TLSv1.2 : TLS_DHE_DSS_WITH_CAMELLIA_256_CBC_SHA" classname="com.distrimind.bouncycastle.jsse.provider.test.CipherSuitesEngineTestCase" time="0.016"/>
  <testcase name="TLSv1.2 : TLS_DHE_DSS_WITH_CAMELLIA_256_CBC_SHA256" classname="com.distrimind.bouncycastle.jsse.provider.test.CipherSuitesEngineTestCase" time="0.016"/>
  <testcase name="TLSv1.2 : TLS_DHE_DSS_WITH_CAMELLIA_256_GCM_SHA384" classname="com.distrimind.bouncycastle.jsse.provider.test.CipherSuitesEngineTestCase" time="0.016"/>
  <testcase name="TLSv1.2 : TLS_DHE_RSA_WITH_AES_128_CBC_SHA" classname="com.distrimind.bouncycastle.jsse.provider.test.CipherSuitesEngineTestCase" time="0.015"/>
  <testcase name="TLSv1.2 : TLS_DHE_RSA_WITH_AES_128_CBC_SHA256" classname="com.distrimind.bouncycastle.jsse.provider.test.CipherSuitesEngineTestCase" time="0.015"/>
  <testcase name="TLSv1.2 : TLS_DHE_RSA_WITH_AES_128_CCM" classname="com.distrimind.bouncycastle.jsse.provider.test.CipherSuitesEngineTestCase" time="0.016"/>
  <testcase name="TLSv1.2 : TLS_DHE_RSA_WITH_AES_128_CCM_8" classname="com.distrimind.bouncycastle.jsse.provider.test.CipherSuitesEngineTestCase" time="0.016"/>
  <testcase name="TLSv1.2 : TLS_DHE_RSA_WITH_AES_128_GCM_SHA256" classname="com.distrimind.bouncycastle.jsse.provider.test.CipherSuitesEngineTestCase" time="0.016"/>
  <testcase name="TLSv1.2 : TLS_DHE_RSA_WITH_AES_256_CBC_SHA" classname="com.distrimind.bouncycastle.jsse.provider.test.CipherSuitesEngineTestCase" time="0.022"/>
  <testcase name="TLSv1.2 : TLS_DHE_RSA_WITH_AES_256_CBC_SHA256" classname="com.distrimind.bouncycastle.jsse.provider.test.CipherSuitesEngineTestCase" time="0.016"/>
  <testcase name="TLSv1.2 : TLS_DHE_RSA_WITH_AES_256_CCM" classname="com.distrimind.bouncycastle.jsse.provider.test.CipherSuitesEngineTestCase" time="0.014"/>
  <testcase name="TLSv1.2 : TLS_DHE_RSA_WITH_AES_256_CCM_8" classname="com.distrimind.bouncycastle.jsse.provider.test.CipherSuitesEngineTestCase" time="0.016"/>
  <testcase name="TLSv1.2 : TLS_DHE_RSA_WITH_AES_256_GCM_SHA384" classname="com.distrimind.bouncycastle.jsse.provider.test.CipherSuitesEngineTestCase" time="0.015"/>
  <testcase name="TLSv1.2 : TLS_DHE_RSA_WITH_ARIA_128_CBC_SHA256" classname="com.distrimind.bouncycastle.jsse.provider.test.CipherSuitesEngineTestCase" time="0.015"/>
  <testcase name="TLSv1.2 : TLS_DHE_RSA_WITH_ARIA_128_GCM_SHA256" classname="com.distrimind.bouncycastle.jsse.provider.test.CipherSuitesEngineTestCase" time="0.015"/>
  <testcase name="TLSv1.2 : TLS_DHE_RSA_WITH_ARIA_256_CBC_SHA384" classname="com.distrimind.bouncycastle.jsse.provider.test.CipherSuitesEngineTestCase" time="0.015"/>
  <testcase name="TLSv1.2 : TLS_DHE_RSA_WITH_ARIA_256_GCM_SHA384" classname="com.distrimind.bouncycastle.jsse.provider.test.CipherSuitesEngineTestCase" time="0.015"/>
  <testcase name="TLSv1.2 : TLS_DHE_RSA_WITH_CAMELLIA_128_CBC_SHA" classname="com.distrimind.bouncycastle.jsse.provider.test.CipherSuitesEngineTestCase" time="0.016"/>
  <testcase name="TLSv1.2 : TLS_DHE_RSA_WITH_CAMELLIA_128_CBC_SHA256" classname="com.distrimind.bouncycastle.jsse.provider.test.CipherSuitesEngineTestCase" time="0.021"/>
  <testcase name="TLSv1.2 : TLS_DHE_RSA_WITH_CAMELLIA_128_GCM_SHA256" classname="com.distrimind.bouncycastle.jsse.provider.test.CipherSuitesEngineTestCase" time="0.016"/>
  <testcase name="TLSv1.2 : TLS_DHE_RSA_WITH_CAMELLIA_256_CBC_SHA" classname="com.distrimind.bouncycastle.jsse.provider.test.CipherSuitesEngineTestCase" time="0.015"/>
  <testcase name="TLSv1.2 : TLS_DHE_RSA_WITH_CAMELLIA_256_CBC_SHA256" classname="com.distrimind.bouncycastle.jsse.provider.test.CipherSuitesEngineTestCase" time="0.015"/>
  <testcase name="TLSv1.2 : TLS_DHE_RSA_WITH_CAMELLIA_256_GCM_SHA384" classname="com.distrimind.bouncycastle.jsse.provider.test.CipherSuitesEngineTestCase" time="0.018"/>
  <testcase name="TLSv1.2 : TLS_DHE_RSA_WITH_CHACHA20_POLY1305_SHA256" classname="com.distrimind.bouncycastle.jsse.provider.test.CipherSuitesEngineTestCase" time="0.015"/>
  <testcase name="TLSv1.2 : TLS_ECDHE_ECDSA_WITH_AES_128_CBC_SHA" classname="com.distrimind.bouncycastle.jsse.provider.test.CipherSuitesEngineTestCase" time="0.017"/>
  <testcase name="TLSv1.2 : TLS_ECDHE_ECDSA_WITH_AES_128_CBC_SHA256" classname="com.distrimind.bouncycastle.jsse.provider.test.CipherSuitesEngineTestCase" time="0.013"/>
  <testcase name="TLSv1.2 : TLS_ECDHE_ECDSA_WITH_AES_128_CCM" classname="com.distrimind.bouncycastle.jsse.provider.test.CipherSuitesEngineTestCase" time="0.012"/>
  <testcase name="TLSv1.2 : TLS_ECDHE_ECDSA_WITH_AES_128_CCM_8" classname="com.distrimind.bouncycastle.jsse.provider.test.CipherSuitesEngineTestCase" time="0.013"/>
  <testcase name="TLSv1.2 : TLS_ECDHE_ECDSA_WITH_AES_128_GCM_SHA256" classname="com.distrimind.bouncycastle.jsse.provider.test.CipherSuitesEngineTestCase" time="0.015"/>
  <testcase name="TLSv1.2 : TLS_ECDHE_ECDSA_WITH_AES_256_CBC_SHA" classname="com.distrimind.bouncycastle.jsse.provider.test.CipherSuitesEngineTestCase" time="0.014"/>
  <testcase name="TLSv1.2 : TLS_ECDHE_ECDSA_WITH_AES_256_CBC_SHA384" classname="com.distrimind.bouncycastle.jsse.provider.test.CipherSuitesEngineTestCase" time="0.013"/>
  <testcase name="TLSv1.2 : TLS_ECDHE_ECDSA_WITH_AES_256_CCM" classname="com.distrimind.bouncycastle.jsse.provider.test.CipherSuitesEngineTestCase" time="0.014"/>
  <testcase name="TLSv1.2 : TLS_ECDHE_ECDSA_WITH_AES_256_CCM_8" classname="com.distrimind.bouncycastle.jsse.provider.test.CipherSuitesEngineTestCase" time="0.011"/>
  <testcase name="TLSv1.2 : TLS_ECDHE_ECDSA_WITH_AES_256_GCM_SHA384" classname="com.distrimind.bouncycastle.jsse.provider.test.CipherSuitesEngineTestCase" time="0.014"/>
  <testcase name="TLSv1.2 : TLS_ECDHE_ECDSA_WITH_ARIA_128_CBC_SHA256" classname="com.distrimind.bouncycastle.jsse.provider.test.CipherSuitesEngineTestCase" time="0.013"/>
  <testcase name="TLSv1.2 : TLS_ECDHE_ECDSA_WITH_ARIA_128_GCM_SHA256" classname="com.distrimind.bouncycastle.jsse.provider.test.CipherSuitesEngineTestCase" time="0.013"/>
  <testcase name="TLSv1.2 : TLS_ECDHE_ECDSA_WITH_ARIA_256_CBC_SHA384" classname="com.distrimind.bouncycastle.jsse.provider.test.CipherSuitesEngineTestCase" time="0.013"/>
  <testcase name="TLSv1.2 : TLS_ECDHE_ECDSA_WITH_ARIA_256_GCM_SHA384" classname="com.distrimind.bouncycastle.jsse.provider.test.CipherSuitesEngineTestCase" time="0.013"/>
  <testcase name="TLSv1.2 : TLS_ECDHE_ECDSA_WITH_CAMELLIA_128_CBC_SHA256" classname="com.distrimind.bouncycastle.jsse.provider.test.CipherSuitesEngineTestCase" time="0.013"/>
  <testcase name="TLSv1.2 : TLS_ECDHE_ECDSA_WITH_CAMELLIA_128_GCM_SHA256" classname="com.distrimind.bouncycastle.jsse.provider.test.CipherSuitesEngineTestCase" time="0.013"/>
  <testcase name="TLSv1.2 : TLS_ECDHE_ECDSA_WITH_CAMELLIA_256_CBC_SHA384" classname="com.distrimind.bouncycastle.jsse.provider.test.CipherSuitesEngineTestCase" time="0.012"/>
  <testcase name="TLSv1.2 : TLS_ECDHE_ECDSA_WITH_CAMELLIA_256_GCM_SHA384" classname="com.distrimind.bouncycastle.jsse.provider.test.CipherSuitesEngineTestCase" time="0.013"/>
  <testcase name="TLSv1.2 : TLS_ECDHE_ECDSA_WITH_CHACHA20_POLY1305_SHA256" classname="com.distrimind.bouncycastle.jsse.provider.test.CipherSuitesEngineTestCase" time="0.015"/>
  <testcase name="TLSv1.2 : TLS_ECDHE_RSA_WITH_AES_128_CBC_SHA" classname="com.distrimind.bouncycastle.jsse.provider.test.CipherSuitesEngineTestCase" time="0.014"/>
  <testcase name="TLSv1.2 : TLS_ECDHE_RSA_WITH_AES_128_CBC_SHA256" classname="com.distrimind.bouncycastle.jsse.provider.test.CipherSuitesEngineTestCase" time="0.013"/>
  <testcase name="TLSv1.2 : TLS_ECDHE_RSA_WITH_AES_128_GCM_SHA256" classname="com.distrimind.bouncycastle.jsse.provider.test.CipherSuitesEngineTestCase" time="0.012"/>
  <testcase name="TLSv1.2 : TLS_ECDHE_RSA_WITH_AES_256_CBC_SHA" classname="com.distrimind.bouncycastle.jsse.provider.test.CipherSuitesEngineTestCase" time="0.011"/>
  <testcase name="TLSv1.2 : TLS_ECDHE_RSA_WITH_AES_256_CBC_SHA384" classname="com.distrimind.bouncycastle.jsse.provider.test.CipherSuitesEngineTestCase" time="0.012"/>
  <testcase name="TLSv1.2 : TLS_ECDHE_RSA_WITH_AES_256_GCM_SHA384" classname="com.distrimind.bouncycastle.jsse.provider.test.CipherSuitesEngineTestCase" time="0.011"/>
  <testcase name="TLSv1.2 : TLS_ECDHE_RSA_WITH_ARIA_128_CBC_SHA256" classname="com.distrimind.bouncycastle.jsse.provider.test.CipherSuitesEngineTestCase" time="0.011"/>
  <testcase name="TLSv1.2 : TLS_ECDHE_RSA_WITH_ARIA_128_GCM_SHA256" classname="com.distrimind.bouncycastle.jsse.provider.test.CipherSuitesEngineTestCase" time="0.012"/>
  <testcase name="TLSv1.2 : TLS_ECDHE_RSA_WITH_ARIA_256_CBC_SHA384" classname="com.distrimind.bouncycastle.jsse.provider.test.CipherSuitesEngineTestCase" time="0.011"/>
  <testcase name="TLSv1.2 : TLS_ECDHE_RSA_WITH_ARIA_256_GCM_SHA384" classname="com.distrimind.bouncycastle.jsse.provider.test.CipherSuitesEngineTestCase" time="0.011"/>
  <testcase name="TLSv1.2 : TLS_ECDHE_RSA_WITH_CAMELLIA_128_CBC_SHA256" classname="com.distrimind.bouncycastle.jsse.provider.test.CipherSuitesEngineTestCase" time="0.011"/>
  <testcase name="TLSv1.2 : TLS_ECDHE_RSA_WITH_CAMELLIA_128_GCM_SHA256" classname="com.distrimind.bouncycastle.jsse.provider.test.CipherSuitesEngineTestCase" time="0.011"/>
  <testcase name="TLSv1.2 : TLS_ECDHE_RSA_WITH_CAMELLIA_256_CBC_SHA384" classname="com.distrimind.bouncycastle.jsse.provider.test.CipherSuitesEngineTestCase" time="0.01"/>
  <testcase name="TLSv1.2 : TLS_ECDHE_RSA_WITH_CAMELLIA_256_GCM_SHA384" classname="com.distrimind.bouncycastle.jsse.provider.test.CipherSuitesEngineTestCase" time="0.011"/>
  <testcase name="TLSv1.2 : TLS_ECDHE_RSA_WITH_CHACHA20_POLY1305_SHA256" classname="com.distrimind.bouncycastle.jsse.provider.test.CipherSuitesEngineTestCase" time="0.014"/>
  <testcase name="TLSv1.2 : TLS_RSA_WITH_AES_128_CBC_SHA" classname="com.distrimind.bouncycastle.jsse.provider.test.CipherSuitesEngineTestCase" time="0.012"/>
  <testcase name="TLSv1.2 : TLS_RSA_WITH_AES_128_CBC_SHA256" classname="com.distrimind.bouncycastle.jsse.provider.test.CipherSuitesEngineTestCase" time="0.01"/>
  <testcase name="TLSv1.2 : TLS_RSA_WITH_AES_128_CCM" classname="com.distrimind.bouncycastle.jsse.provider.test.CipherSuitesEngineTestCase" time="0.009"/>
  <testcase name="TLSv1.2 : TLS_RSA_WITH_AES_128_CCM_8" classname="com.distrimind.bouncycastle.jsse.provider.test.CipherSuitesEngineTestCase" time="0.01"/>
  <testcase name="TLSv1.2 : TLS_RSA_WITH_AES_128_GCM_SHA256" classname="com.distrimind.bouncycastle.jsse.provider.test.CipherSuitesEngineTestCase" time="0.011"/>
  <testcase name="TLSv1.2 : TLS_RSA_WITH_AES_256_CBC_SHA" classname="com.distrimind.bouncycastle.jsse.provider.test.CipherSuitesEngineTestCase" time="0.01"/>
  <testcase name="TLSv1.2 : TLS_RSA_WITH_AES_256_CBC_SHA256" classname="com.distrimind.bouncycastle.jsse.provider.test.CipherSuitesEngineTestCase" time="0.009"/>
  <testcase name="TLSv1.2 : TLS_RSA_WITH_AES_256_CCM" classname="com.distrimind.bouncycastle.jsse.provider.test.CipherSuitesEngineTestCase" time="0.011"/>
  <testcase name="TLSv1.2 : TLS_RSA_WITH_AES_256_CCM_8" classname="com.distrimind.bouncycastle.jsse.provider.test.CipherSuitesEngineTestCase" time="0.01"/>
  <testcase name="TLSv1.2 : TLS_RSA_WITH_AES_256_GCM_SHA384" classname="com.distrimind.bouncycastle.jsse.provider.test.CipherSuitesEngineTestCase" time="0.009"/>
  <testcase name="TLSv1.2 : TLS_RSA_WITH_ARIA_128_CBC_SHA256" classname="com.distrimind.bouncycastle.jsse.provider.test.CipherSuitesEngineTestCase" time="0.01"/>
  <testcase name="TLSv1.2 : TLS_RSA_WITH_ARIA_128_GCM_SHA256" classname="com.distrimind.bouncycastle.jsse.provider.test.CipherSuitesEngineTestCase" time="0.009"/>
  <testcase name="TLSv1.2 : TLS_RSA_WITH_ARIA_256_CBC_SHA384" classname="com.distrimind.bouncycastle.jsse.provider.test.CipherSuitesEngineTestCase" time="0.01"/>
  <testcase name="TLSv1.2 : TLS_RSA_WITH_ARIA_256_GCM_SHA384" classname="com.distrimind.bouncycastle.jsse.provider.test.CipherSuitesEngineTestCase" time="0.01"/>
  <testcase name="TLSv1.2 : TLS_RSA_WITH_CAMELLIA_128_CBC_SHA" classname="com.distrimind.bouncycastle.jsse.provider.test.CipherSuitesEngineTestCase" time="0.009"/>
  <testcase name="TLSv1.2 : TLS_RSA_WITH_CAMELLIA_128_CBC_SHA256" classname="com.distrimind.bouncycastle.jsse.provider.test.CipherSuitesEngineTestCase" time="0.011"/>
  <testcase name="TLSv1.2 : TLS_RSA_WITH_CAMELLIA_128_GCM_SHA256" classname="com.distrimind.bouncycastle.jsse.provider.test.CipherSuitesEngineTestCase" time="0.01"/>
  <testcase name="TLSv1.2 : TLS_RSA_WITH_CAMELLIA_256_CBC_SHA" classname="com.distrimind.bouncycastle.jsse.provider.test.CipherSuitesEngineTestCase" time="0.009"/>
  <testcase name="TLSv1.2 : TLS_RSA_WITH_CAMELLIA_256_CBC_SHA256" classname="com.distrimind.bouncycastle.jsse.provider.test.CipherSuitesEngineTestCase" time="0.009"/>
  <testcase name="TLSv1.2 : TLS_RSA_WITH_CAMELLIA_256_GCM_SHA384" classname="com.distrimind.bouncycastle.jsse.provider.test.CipherSuitesEngineTestCase" time="0.009"/>
  <testcase name="TLSv1.3 : TLS_AES_128_CCM_8_SHA256" classname="com.distrimind.bouncycastle.jsse.provider.test.CipherSuitesEngineTestCase" time="0.012"/>
  <testcase name="TLSv1.3 : TLS_AES_128_CCM_SHA256" classname="com.distrimind.bouncycastle.jsse.provider.test.CipherSuitesEngineTestCase" time="0.015"/>
  <testcase name="TLSv1.3 : TLS_AES_128_GCM_SHA256" classname="com.distrimind.bouncycastle.jsse.provider.test.CipherSuitesEngineTestCase" time="0.015"/>
  <testcase name="TLSv1.3 : TLS_AES_256_GCM_SHA384" classname="com.distrimind.bouncycastle.jsse.provider.test.CipherSuitesEngineTestCase" time="0.012"/>
  <testcase name="TLSv1.3 : TLS_CHACHA20_POLY1305_SHA256" classname="com.distrimind.bouncycastle.jsse.provider.test.CipherSuitesEngineTestCase" time="0.011"/>
  <testcase name="FIPS TLSv1.2 : TLS_DHE_DSS_WITH_AES_128_CBC_SHA" classname="com.distrimind.bouncycastle.jsse.provider.test.CipherSuitesEngineTestCase" time="0.013"/>
  <testcase name="FIPS TLSv1.2 : TLS_DHE_DSS_WITH_AES_128_CBC_SHA256" classname="com.distrimind.bouncycastle.jsse.provider.test.CipherSuitesEngineTestCase" time="0.014"/>
  <testcase name="FIPS TLSv1.2 : TLS_DHE_DSS_WITH_AES_256_CBC_SHA" classname="com.distrimind.bouncycastle.jsse.provider.test.CipherSuitesEngineTestCase" time="0.012"/>
  <testcase name="FIPS TLSv1.2 : TLS_DHE_DSS_WITH_AES_256_CBC_SHA256" classname="com.distrimind.bouncycastle.jsse.provider.test.CipherSuitesEngineTestCase" time="0.013"/>
  <testcase name="FIPS TLSv1.2 : TLS_DHE_RSA_WITH_AES_128_CBC_SHA" classname="com.distrimind.bouncycastle.jsse.provider.test.CipherSuitesEngineTestCase" time="0.015"/>
  <testcase name="FIPS TLSv1.2 : TLS_DHE_RSA_WITH_AES_128_CBC_SHA256" classname="com.distrimind.bouncycastle.jsse.provider.test.CipherSuitesEngineTestCase" time="0.013"/>
  <testcase name="FIPS TLSv1.2 : TLS_DHE_RSA_WITH_AES_128_CCM" classname="com.distrimind.bouncycastle.jsse.provider.test.CipherSuitesEngineTestCase" time="0.013"/>
  <testcase name="FIPS TLSv1.2 : TLS_DHE_RSA_WITH_AES_128_CCM_8" classname="com.distrimind.bouncycastle.jsse.provider.test.CipherSuitesEngineTestCase" time="0.012"/>
  <testcase name="FIPS TLSv1.2 : TLS_DHE_RSA_WITH_AES_256_CBC_SHA" classname="com.distrimind.bouncycastle.jsse.provider.test.CipherSuitesEngineTestCase" time="0.013"/>
  <testcase name="FIPS TLSv1.2 : TLS_DHE_RSA_WITH_AES_256_CBC_SHA256" classname="com.distrimind.bouncycastle.jsse.provider.test.CipherSuitesEngineTestCase" time="0.012"/>
  <testcase name="FIPS TLSv1.2 : TLS_DHE_RSA_WITH_AES_256_CCM" classname="com.distrimind.bouncycastle.jsse.provider.test.CipherSuitesEngineTestCase" time="0.012"/>
  <testcase name="FIPS TLSv1.2 : TLS_DHE_RSA_WITH_AES_256_CCM_8" classname="com.distrimind.bouncycastle.jsse.provider.test.CipherSuitesEngineTestCase" time="0.014"/>
  <testcase name="FIPS TLSv1.2 : TLS_ECDHE_ECDSA_WITH_AES_128_CBC_SHA" classname="com.distrimind.bouncycastle.jsse.provider.test.CipherSuitesEngineTestCase" time="0.012"/>
  <testcase name="FIPS TLSv1.2 : TLS_ECDHE_ECDSA_WITH_AES_128_CBC_SHA256" classname="com.distrimind.bouncycastle.jsse.provider.test.CipherSuitesEngineTestCase" time="0.014"/>
  <testcase name="FIPS TLSv1.2 : TLS_ECDHE_ECDSA_WITH_AES_128_CCM" classname="com.distrimind.bouncycastle.jsse.provider.test.CipherSuitesEngineTestCase" time="0.011"/>
  <testcase name="FIPS TLSv1.2 : TLS_ECDHE_ECDSA_WITH_AES_128_CCM_8" classname="com.distrimind.bouncycastle.jsse.provider.test.CipherSuitesEngineTestCase" time="0.011"/>
  <testcase name="FIPS TLSv1.2 : TLS_ECDHE_ECDSA_WITH_AES_256_CBC_SHA" classname="com.distrimind.bouncycastle.jsse.provider.test.CipherSuitesEngineTestCase" time="0.013"/>
  <testcase name="FIPS TLSv1.2 : TLS_ECDHE_ECDSA_WITH_AES_256_CBC_SHA384" classname="com.distrimind.bouncycastle.jsse.provider.test.CipherSuitesEngineTestCase" time="0.012"/>
  <testcase name="FIPS TLSv1.2 : TLS_ECDHE_ECDSA_WITH_AES_256_CCM" classname="com.distrimind.bouncycastle.jsse.provider.test.CipherSuitesEngineTestCase" time="0.012"/>
  <testcase name="FIPS TLSv1.2 : TLS_ECDHE_ECDSA_WITH_AES_256_CCM_8" classname="com.distrimind.bouncycastle.jsse.provider.test.CipherSuitesEngineTestCase" time="0.011"/>
  <testcase name="FIPS TLSv1.2 : TLS_ECDHE_RSA_WITH_AES_128_CBC_SHA" classname="com.distrimind.bouncycastle.jsse.provider.test.CipherSuitesEngineTestCase" time="0.011"/>
  <testcase name="FIPS TLSv1.2 : TLS_ECDHE_RSA_WITH_AES_128_CBC_SHA256" classname="com.distrimind.bouncycastle.jsse.provider.test.CipherSuitesEngineTestCase" time="0.012"/>
  <testcase name="FIPS TLSv1.2 : TLS_ECDHE_RSA_WITH_AES_256_CBC_SHA" classname="com.distrimind.bouncycastle.jsse.provider.test.CipherSuitesEngineTestCase" time="0.011"/>
  <testcase name="FIPS TLSv1.2 : TLS_ECDHE_RSA_WITH_AES_256_CBC_SHA384" classname="com.distrimind.bouncycastle.jsse.provider.test.CipherSuitesEngineTestCase" time="0.011"/>
  <testcase name="FIPS TLSv1.2 : TLS_RSA_WITH_AES_128_CBC_SHA" classname="com.distrimind.bouncycastle.jsse.provider.test.CipherSuitesEngineTestCase" time="0.009"/>
  <testcase name="FIPS TLSv1.2 : TLS_RSA_WITH_AES_128_CBC_SHA256" classname="com.distrimind.bouncycastle.jsse.provider.test.CipherSuitesEngineTestCase" time="0.009"/>
  <testcase name="FIPS TLSv1.2 : TLS_RSA_WITH_AES_128_CCM" classname="com.distrimind.bouncycastle.jsse.provider.test.CipherSuitesEngineTestCase" time="0.008"/>
  <testcase name="FIPS TLSv1.2 : TLS_RSA_WITH_AES_128_CCM_8" classname="com.distrimind.bouncycastle.jsse.provider.test.CipherSuitesEngineTestCase" time="0.01"/>
  <testcase name="FIPS TLSv1.2 : TLS_RSA_WITH_AES_256_CBC_SHA" classname="com.distrimind.bouncycastle.jsse.provider.test.CipherSuitesEngineTestCase" time="0.009"/>
  <testcase name="FIPS TLSv1.2 : TLS_RSA_WITH_AES_256_CBC_SHA256" classname="com.distrimind.bouncycastle.jsse.provider.test.CipherSuitesEngineTestCase" time="0.009"/>
  <testcase name="FIPS TLSv1.2 : TLS_RSA_WITH_AES_256_CCM" classname="com.distrimind.bouncycastle.jsse.provider.test.CipherSuitesEngineTestCase" time="0.009"/>
  <testcase name="FIPS TLSv1.2 : TLS_RSA_WITH_AES_256_CCM_8" classname="com.distrimind.bouncycastle.jsse.provider.test.CipherSuitesEngineTestCase" time="0.009"/>
  <testcase name="FIPS TLSv1.3 : TLS_AES_128_CCM_8_SHA256" classname="com.distrimind.bouncycastle.jsse.provider.test.CipherSuitesEngineTestCase" time="0.011"/>
  <testcase name="FIPS TLSv1.3 : TLS_AES_128_CCM_SHA256" classname="com.distrimind.bouncycastle.jsse.provider.test.CipherSuitesEngineTestCase" time="0.013"/>
  <system-out><![CDATA[]]></system-out>
  <system-err><![CDATA[nov. 01, 2021 4:51:11 PM com.distrimind.bouncycastle.jsse.provider.PropertyUtils getStringSystemProperty
INFO: Found string system property [java.home]: /home/jason/.jdks/openjdk-16.0.2
nov. 01, 2021 4:51:11 PM com.distrimind.bouncycastle.jsse.provider.ProvTrustManagerFactorySpi getDefaultTrustStore
INFO: Initializing with trust store at path: /home/jason/.jdks/openjdk-16.0.2/lib/security/cacerts
nov. 01, 2021 4:51:11 PM com.distrimind.bouncycastle.jsse.provider.PropertyUtils getStringSystemProperty
INFO: Found string system property [java.home]: /home/jason/.jdks/openjdk-16.0.2
nov. 01, 2021 4:51:11 PM com.distrimind.bouncycastle.jsse.provider.ProvTrustManagerFactorySpi getDefaultTrustStore
INFO: Initializing with trust store at path: /home/jason/.jdks/openjdk-16.0.2/lib/security/cacerts
nov. 01, 2021 4:51:11 PM com.distrimind.bouncycastle.jsse.provider.PropertyUtils getStringSystemProperty
INFO: Found string system property [java.home]: /home/jason/.jdks/openjdk-16.0.2
nov. 01, 2021 4:51:11 PM com.distrimind.bouncycastle.jsse.provider.ProvTrustManagerFactorySpi getDefaultTrustStore
INFO: Initializing with trust store at path: /home/jason/.jdks/openjdk-16.0.2/lib/security/cacerts
nov. 01, 2021 4:51:11 PM com.distrimind.bouncycastle.jsse.provider.PropertyUtils getStringSystemProperty
INFO: Found string system property [java.home]: /home/jason/.jdks/openjdk-16.0.2
nov. 01, 2021 4:51:11 PM com.distrimind.bouncycastle.jsse.provider.ProvTrustManagerFactorySpi getDefaultTrustStore
INFO: Initializing with trust store at path: /home/jason/.jdks/openjdk-16.0.2/lib/security/cacerts
nov. 01, 2021 4:51:11 PM com.distrimind.bouncycastle.jsse.provider.PropertyUtils getStringSystemProperty
INFO: Found string system property [java.home]: /home/jason/.jdks/openjdk-16.0.2
nov. 01, 2021 4:51:11 PM com.distrimind.bouncycastle.jsse.provider.ProvTrustManagerFactorySpi getDefaultTrustStore
INFO: Initializing with trust store at path: /home/jason/.jdks/openjdk-16.0.2/lib/security/cacerts
nov. 01, 2021 4:51:11 PM com.distrimind.bouncycastle.jsse.provider.PropertyUtils getStringSystemProperty
INFO: Found string system property [java.home]: /home/jason/.jdks/openjdk-16.0.2
nov. 01, 2021 4:51:11 PM com.distrimind.bouncycastle.jsse.provider.ProvTrustManagerFactorySpi getDefaultTrustStore
INFO: Initializing with trust store at path: /home/jason/.jdks/openjdk-16.0.2/lib/security/cacerts
nov. 01, 2021 4:51:11 PM com.distrimind.bouncycastle.jsse.provider.PropertyUtils getStringSystemProperty
INFO: Found string system property [java.home]: /home/jason/.jdks/openjdk-16.0.2
nov. 01, 2021 4:51:11 PM com.distrimind.bouncycastle.jsse.provider.ProvTrustManagerFactorySpi getDefaultTrustStore
INFO: Initializing with trust store at path: /home/jason/.jdks/openjdk-16.0.2/lib/security/cacerts
nov. 01, 2021 4:51:11 PM com.distrimind.bouncycastle.jsse.provider.PropertyUtils getStringSystemProperty
INFO: Found string system property [java.home]: /home/jason/.jdks/openjdk-16.0.2
nov. 01, 2021 4:51:11 PM com.distrimind.bouncycastle.jsse.provider.ProvTrustManagerFactorySpi getDefaultTrustStore
INFO: Initializing with trust store at path: /home/jason/.jdks/openjdk-16.0.2/lib/security/cacerts
nov. 01, 2021 4:51:11 PM com.distrimind.bouncycastle.jsse.provider.PropertyUtils getStringSystemProperty
INFO: Found string system property [java.home]: /home/jason/.jdks/openjdk-16.0.2
nov. 01, 2021 4:51:11 PM com.distrimind.bouncycastle.jsse.provider.ProvTrustManagerFactorySpi getDefaultTrustStore
INFO: Initializing with trust store at path: /home/jason/.jdks/openjdk-16.0.2/lib/security/cacerts
nov. 01, 2021 4:51:11 PM com.distrimind.bouncycastle.jsse.provider.PropertyUtils getStringSystemProperty
INFO: Found string system property [java.home]: /home/jason/.jdks/openjdk-16.0.2
nov. 01, 2021 4:51:11 PM com.distrimind.bouncycastle.jsse.provider.ProvTrustManagerFactorySpi getDefaultTrustStore
INFO: Initializing with trust store at path: /home/jason/.jdks/openjdk-16.0.2/lib/security/cacerts
nov. 01, 2021 4:51:11 PM com.distrimind.bouncycastle.jsse.provider.PropertyUtils getStringSystemProperty
INFO: Found string system property [java.home]: /home/jason/.jdks/openjdk-16.0.2
nov. 01, 2021 4:51:11 PM com.distrimind.bouncycastle.jsse.provider.ProvTrustManagerFactorySpi getDefaultTrustStore
INFO: Initializing with trust store at path: /home/jason/.jdks/openjdk-16.0.2/lib/security/cacerts
nov. 01, 2021 4:51:11 PM com.distrimind.bouncycastle.jsse.provider.PropertyUtils getStringSystemProperty
INFO: Found string system property [java.home]: /home/jason/.jdks/openjdk-16.0.2
nov. 01, 2021 4:51:11 PM com.distrimind.bouncycastle.jsse.provider.ProvTrustManagerFactorySpi getDefaultTrustStore
INFO: Initializing with trust store at path: /home/jason/.jdks/openjdk-16.0.2/lib/security/cacerts
nov. 01, 2021 4:51:11 PM com.distrimind.bouncycastle.jsse.provider.PropertyUtils getStringSystemProperty
INFO: Found string system property [java.home]: /home/jason/.jdks/openjdk-16.0.2
nov. 01, 2021 4:51:11 PM com.distrimind.bouncycastle.jsse.provider.ProvTrustManagerFactorySpi getDefaultTrustStore
INFO: Initializing with trust store at path: /home/jason/.jdks/openjdk-16.0.2/lib/security/cacerts
nov. 01, 2021 4:51:11 PM com.distrimind.bouncycastle.jsse.provider.PropertyUtils getStringSystemProperty
INFO: Found string system property [java.home]: /home/jason/.jdks/openjdk-16.0.2
nov. 01, 2021 4:51:11 PM com.distrimind.bouncycastle.jsse.provider.ProvTrustManagerFactorySpi getDefaultTrustStore
INFO: Initializing with trust store at path: /home/jason/.jdks/openjdk-16.0.2/lib/security/cacerts
nov. 01, 2021 4:51:11 PM com.distrimind.bouncycastle.jsse.provider.PropertyUtils getStringSystemProperty
INFO: Found string system property [java.home]: /home/jason/.jdks/openjdk-16.0.2
nov. 01, 2021 4:51:11 PM com.distrimind.bouncycastle.jsse.provider.ProvTrustManagerFactorySpi getDefaultTrustStore
INFO: Initializing with trust store at path: /home/jason/.jdks/openjdk-16.0.2/lib/security/cacerts
nov. 01, 2021 4:51:11 PM com.distrimind.bouncycastle.jsse.provider.PropertyUtils getStringSystemProperty
INFO: Found string system property [java.home]: /home/jason/.jdks/openjdk-16.0.2
nov. 01, 2021 4:51:11 PM com.distrimind.bouncycastle.jsse.provider.ProvTrustManagerFactorySpi getDefaultTrustStore
INFO: Initializing with trust store at path: /home/jason/.jdks/openjdk-16.0.2/lib/security/cacerts
nov. 01, 2021 4:51:11 PM com.distrimind.bouncycastle.jsse.provider.PropertyUtils getStringSystemProperty
INFO: Found string system property [java.home]: /home/jason/.jdks/openjdk-16.0.2
nov. 01, 2021 4:51:11 PM com.distrimind.bouncycastle.jsse.provider.ProvTrustManagerFactorySpi getDefaultTrustStore
INFO: Initializing with trust store at path: /home/jason/.jdks/openjdk-16.0.2/lib/security/cacerts
nov. 01, 2021 4:51:11 PM com.distrimind.bouncycastle.jsse.provider.PropertyUtils getStringSystemProperty
INFO: Found string system property [java.home]: /home/jason/.jdks/openjdk-16.0.2
nov. 01, 2021 4:51:11 PM com.distrimind.bouncycastle.jsse.provider.ProvTrustManagerFactorySpi getDefaultTrustStore
INFO: Initializing with trust store at path: /home/jason/.jdks/openjdk-16.0.2/lib/security/cacerts
nov. 01, 2021 4:51:11 PM com.distrimind.bouncycastle.jsse.provider.PropertyUtils getStringSystemProperty
INFO: Found string system property [java.home]: /home/jason/.jdks/openjdk-16.0.2
nov. 01, 2021 4:51:11 PM com.distrimind.bouncycastle.jsse.provider.ProvTrustManagerFactorySpi getDefaultTrustStore
INFO: Initializing with trust store at path: /home/jason/.jdks/openjdk-16.0.2/lib/security/cacerts
nov. 01, 2021 4:51:11 PM com.distrimind.bouncycastle.jsse.provider.PropertyUtils getStringSystemProperty
INFO: Found string system property [java.home]: /home/jason/.jdks/openjdk-16.0.2
nov. 01, 2021 4:51:11 PM com.distrimind.bouncycastle.jsse.provider.ProvTrustManagerFactorySpi getDefaultTrustStore
INFO: Initializing with trust store at path: /home/jason/.jdks/openjdk-16.0.2/lib/security/cacerts
nov. 01, 2021 4:51:11 PM com.distrimind.bouncycastle.jsse.provider.PropertyUtils getStringSystemProperty
INFO: Found string system property [java.home]: /home/jason/.jdks/openjdk-16.0.2
nov. 01, 2021 4:51:11 PM com.distrimind.bouncycastle.jsse.provider.ProvTrustManagerFactorySpi getDefaultTrustStore
INFO: Initializing with trust store at path: /home/jason/.jdks/openjdk-16.0.2/lib/security/cacerts
nov. 01, 2021 4:51:11 PM com.distrimind.bouncycastle.jsse.provider.PropertyUtils getStringSystemProperty
INFO: Found string system property [java.home]: /home/jason/.jdks/openjdk-16.0.2
nov. 01, 2021 4:51:11 PM com.distrimind.bouncycastle.jsse.provider.ProvTrustManagerFactorySpi getDefaultTrustStore
INFO: Initializing with trust store at path: /home/jason/.jdks/openjdk-16.0.2/lib/security/cacerts
nov. 01, 2021 4:51:11 PM com.distrimind.bouncycastle.jsse.provider.PropertyUtils getStringSystemProperty
INFO: Found string system property [java.home]: /home/jason/.jdks/openjdk-16.0.2
nov. 01, 2021 4:51:11 PM com.distrimind.bouncycastle.jsse.provider.ProvTrustManagerFactorySpi getDefaultTrustStore
INFO: Initializing with trust store at path: /home/jason/.jdks/openjdk-16.0.2/lib/security/cacerts
nov. 01, 2021 4:51:11 PM com.distrimind.bouncycastle.jsse.provider.PropertyUtils getStringSystemProperty
INFO: Found string system property [java.home]: /home/jason/.jdks/openjdk-16.0.2
nov. 01, 2021 4:51:11 PM com.distrimind.bouncycastle.jsse.provider.ProvTrustManagerFactorySpi getDefaultTrustStore
INFO: Initializing with trust store at path: /home/jason/.jdks/openjdk-16.0.2/lib/security/cacerts
nov. 01, 2021 4:51:11 PM com.distrimind.bouncycastle.jsse.provider.PropertyUtils getStringSystemProperty
INFO: Found string system property [java.home]: /home/jason/.jdks/openjdk-16.0.2
nov. 01, 2021 4:51:11 PM com.distrimind.bouncycastle.jsse.provider.ProvTrustManagerFactorySpi getDefaultTrustStore
INFO: Initializing with trust store at path: /home/jason/.jdks/openjdk-16.0.2/lib/security/cacerts
nov. 01, 2021 4:51:11 PM com.distrimind.bouncycastle.jsse.provider.PropertyUtils getStringSystemProperty
INFO: Found string system property [java.home]: /home/jason/.jdks/openjdk-16.0.2
nov. 01, 2021 4:51:11 PM com.distrimind.bouncycastle.jsse.provider.ProvTrustManagerFactorySpi getDefaultTrustStore
INFO: Initializing with trust store at path: /home/jason/.jdks/openjdk-16.0.2/lib/security/cacerts
nov. 01, 2021 4:51:11 PM com.distrimind.bouncycastle.jsse.provider.PropertyUtils getStringSystemProperty
INFO: Found string system property [java.home]: /home/jason/.jdks/openjdk-16.0.2
nov. 01, 2021 4:51:11 PM com.distrimind.bouncycastle.jsse.provider.ProvTrustManagerFactorySpi getDefaultTrustStore
INFO: Initializing with trust store at path: /home/jason/.jdks/openjdk-16.0.2/lib/security/cacerts
nov. 01, 2021 4:51:11 PM com.distrimind.bouncycastle.jsse.provider.PropertyUtils getStringSystemProperty
INFO: Found string system property [java.home]: /home/jason/.jdks/openjdk-16.0.2
nov. 01, 2021 4:51:11 PM com.distrimind.bouncycastle.jsse.provider.ProvTrustManagerFactorySpi getDefaultTrustStore
INFO: Initializing with trust store at path: /home/jason/.jdks/openjdk-16.0.2/lib/security/cacerts
nov. 01, 2021 4:51:11 PM com.distrimind.bouncycastle.jsse.provider.PropertyUtils getStringSystemProperty
INFO: Found string system property [java.home]: /home/jason/.jdks/openjdk-16.0.2
nov. 01, 2021 4:51:11 PM com.distrimind.bouncycastle.jsse.provider.ProvTrustManagerFactorySpi getDefaultTrustStore
INFO: Initializing with trust store at path: /home/jason/.jdks/openjdk-16.0.2/lib/security/cacerts
nov. 01, 2021 4:51:11 PM com.distrimind.bouncycastle.jsse.provider.PropertyUtils getStringSystemProperty
INFO: Found string system property [java.home]: /home/jason/.jdks/openjdk-16.0.2
nov. 01, 2021 4:51:11 PM com.distrimind.bouncycastle.jsse.provider.ProvTrustManagerFactorySpi getDefaultTrustStore
INFO: Initializing with trust store at path: /home/jason/.jdks/openjdk-16.0.2/lib/security/cacerts
nov. 01, 2021 4:51:11 PM com.distrimind.bouncycastle.jsse.provider.PropertyUtils getStringSystemProperty
INFO: Found string system property [java.home]: /home/jason/.jdks/openjdk-16.0.2
nov. 01, 2021 4:51:11 PM com.distrimind.bouncycastle.jsse.provider.ProvTrustManagerFactorySpi getDefaultTrustStore
INFO: Initializing with trust store at path: /home/jason/.jdks/openjdk-16.0.2/lib/security/cacerts
nov. 01, 2021 4:51:11 PM com.distrimind.bouncycastle.jsse.provider.PropertyUtils getStringSystemProperty
INFO: Found string system property [java.home]: /home/jason/.jdks/openjdk-16.0.2
nov. 01, 2021 4:51:11 PM com.distrimind.bouncycastle.jsse.provider.ProvTrustManagerFactorySpi getDefaultTrustStore
INFO: Initializing with trust store at path: /home/jason/.jdks/openjdk-16.0.2/lib/security/cacerts
nov. 01, 2021 4:51:11 PM com.distrimind.bouncycastle.jsse.provider.PropertyUtils getStringSystemProperty
INFO: Found string system property [java.home]: /home/jason/.jdks/openjdk-16.0.2
nov. 01, 2021 4:51:11 PM com.distrimind.bouncycastle.jsse.provider.ProvTrustManagerFactorySpi getDefaultTrustStore
INFO: Initializing with trust store at path: /home/jason/.jdks/openjdk-16.0.2/lib/security/cacerts
nov. 01, 2021 4:51:11 PM com.distrimind.bouncycastle.jsse.provider.PropertyUtils getStringSystemProperty
INFO: Found string system property [java.home]: /home/jason/.jdks/openjdk-16.0.2
nov. 01, 2021 4:51:11 PM com.distrimind.bouncycastle.jsse.provider.ProvTrustManagerFactorySpi getDefaultTrustStore
INFO: Initializing with trust store at path: /home/jason/.jdks/openjdk-16.0.2/lib/security/cacerts
nov. 01, 2021 4:51:11 PM com.distrimind.bouncycastle.jsse.provider.PropertyUtils getStringSystemProperty
INFO: Found string system property [java.home]: /home/jason/.jdks/openjdk-16.0.2
nov. 01, 2021 4:51:11 PM com.distrimind.bouncycastle.jsse.provider.ProvTrustManagerFactorySpi getDefaultTrustStore
INFO: Initializing with trust store at path: /home/jason/.jdks/openjdk-16.0.2/lib/security/cacerts
nov. 01, 2021 4:51:11 PM com.distrimind.bouncycastle.jsse.provider.PropertyUtils getStringSystemProperty
INFO: Found string system property [java.home]: /home/jason/.jdks/openjdk-16.0.2
nov. 01, 2021 4:51:11 PM com.distrimind.bouncycastle.jsse.provider.ProvTrustManagerFactorySpi getDefaultTrustStore
INFO: Initializing with trust store at path: /home/jason/.jdks/openjdk-16.0.2/lib/security/cacerts
nov. 01, 2021 4:51:11 PM com.distrimind.bouncycastle.jsse.provider.PropertyUtils getStringSystemProperty
INFO: Found string system property [java.home]: /home/jason/.jdks/openjdk-16.0.2
nov. 01, 2021 4:51:11 PM com.distrimind.bouncycastle.jsse.provider.ProvTrustManagerFactorySpi getDefaultTrustStore
INFO: Initializing with trust store at path: /home/jason/.jdks/openjdk-16.0.2/lib/security/cacerts
nov. 01, 2021 4:51:11 PM com.distrimind.bouncycastle.jsse.provider.PropertyUtils getStringSystemProperty
INFO: Found string system property [java.home]: /home/jason/.jdks/openjdk-16.0.2
nov. 01, 2021 4:51:11 PM com.distrimind.bouncycastle.jsse.provider.ProvTrustManagerFactorySpi getDefaultTrustStore
INFO: Initializing with trust store at path: /home/jason/.jdks/openjdk-16.0.2/lib/security/cacerts
nov. 01, 2021 4:51:11 PM com.distrimind.bouncycastle.jsse.provider.PropertyUtils getStringSystemProperty
INFO: Found string system property [java.home]: /home/jason/.jdks/openjdk-16.0.2
nov. 01, 2021 4:51:11 PM com.distrimind.bouncycastle.jsse.provider.ProvTrustManagerFactorySpi getDefaultTrustStore
INFO: Initializing with trust store at path: /home/jason/.jdks/openjdk-16.0.2/lib/security/cacerts
nov. 01, 2021 4:51:11 PM com.distrimind.bouncycastle.jsse.provider.PropertyUtils getStringSystemProperty
INFO: Found string system property [java.home]: /home/jason/.jdks/openjdk-16.0.2
nov. 01, 2021 4:51:11 PM com.distrimind.bouncycastle.jsse.provider.ProvTrustManagerFactorySpi getDefaultTrustStore
INFO: Initializing with trust store at path: /home/jason/.jdks/openjdk-16.0.2/lib/security/cacerts
nov. 01, 2021 4:51:11 PM com.distrimind.bouncycastle.jsse.provider.PropertyUtils getStringSystemProperty
INFO: Found string system property [java.home]: /home/jason/.jdks/openjdk-16.0.2
nov. 01, 2021 4:51:11 PM com.distrimind.bouncycastle.jsse.provider.ProvTrustManagerFactorySpi getDefaultTrustStore
INFO: Initializing with trust store at path: /home/jason/.jdks/openjdk-16.0.2/lib/security/cacerts
nov. 01, 2021 4:51:11 PM com.distrimind.bouncycastle.jsse.provider.PropertyUtils getStringSystemProperty
INFO: Found string system property [java.home]: /home/jason/.jdks/openjdk-16.0.2
nov. 01, 2021 4:51:11 PM com.distrimind.bouncycastle.jsse.provider.ProvTrustManagerFactorySpi getDefaultTrustStore
INFO: Initializing with trust store at path: /home/jason/.jdks/openjdk-16.0.2/lib/security/cacerts
nov. 01, 2021 4:51:11 PM com.distrimind.bouncycastle.jsse.provider.PropertyUtils getStringSystemProperty
INFO: Found string system property [java.home]: /home/jason/.jdks/openjdk-16.0.2
nov. 01, 2021 4:51:11 PM com.distrimind.bouncycastle.jsse.provider.ProvTrustManagerFactorySpi getDefaultTrustStore
INFO: Initializing with trust store at path: /home/jason/.jdks/openjdk-16.0.2/lib/security/cacerts
nov. 01, 2021 4:51:11 PM com.distrimind.bouncycastle.jsse.provider.PropertyUtils getStringSystemProperty
INFO: Found string system property [java.home]: /home/jason/.jdks/openjdk-16.0.2
nov. 01, 2021 4:51:11 PM com.distrimind.bouncycastle.jsse.provider.ProvTrustManagerFactorySpi getDefaultTrustStore
INFO: Initializing with trust store at path: /home/jason/.jdks/openjdk-16.0.2/lib/security/cacerts
nov. 01, 2021 4:51:11 PM com.distrimind.bouncycastle.jsse.provider.PropertyUtils getStringSystemProperty
INFO: Found string system property [java.home]: /home/jason/.jdks/openjdk-16.0.2
nov. 01, 2021 4:51:11 PM com.distrimind.bouncycastle.jsse.provider.ProvTrustManagerFactorySpi getDefaultTrustStore
INFO: Initializing with trust store at path: /home/jason/.jdks/openjdk-16.0.2/lib/security/cacerts
nov. 01, 2021 4:51:11 PM com.distrimind.bouncycastle.jsse.provider.PropertyUtils getStringSystemProperty
INFO: Found string system property [java.home]: /home/jason/.jdks/openjdk-16.0.2
nov. 01, 2021 4:51:11 PM com.distrimind.bouncycastle.jsse.provider.ProvTrustManagerFactorySpi getDefaultTrustStore
INFO: Initializing with trust store at path: /home/jason/.jdks/openjdk-16.0.2/lib/security/cacerts
nov. 01, 2021 4:51:11 PM com.distrimind.bouncycastle.jsse.provider.PropertyUtils getStringSystemProperty
INFO: Found string system property [java.home]: /home/jason/.jdks/openjdk-16.0.2
nov. 01, 2021 4:51:11 PM com.distrimind.bouncycastle.jsse.provider.ProvTrustManagerFactorySpi getDefaultTrustStore
INFO: Initializing with trust store at path: /home/jason/.jdks/openjdk-16.0.2/lib/security/cacerts
nov. 01, 2021 4:51:11 PM com.distrimind.bouncycastle.jsse.provider.PropertyUtils getStringSystemProperty
INFO: Found string system property [java.home]: /home/jason/.jdks/openjdk-16.0.2
nov. 01, 2021 4:51:11 PM com.distrimind.bouncycastle.jsse.provider.ProvTrustManagerFactorySpi getDefaultTrustStore
INFO: Initializing with trust store at path: /home/jason/.jdks/openjdk-16.0.2/lib/security/cacerts
nov. 01, 2021 4:51:11 PM com.distrimind.bouncycastle.jsse.provider.PropertyUtils getStringSystemProperty
INFO: Found string system property [java.home]: /home/jason/.jdks/openjdk-16.0.2
nov. 01, 2021 4:51:11 PM com.distrimind.bouncycastle.jsse.provider.ProvTrustManagerFactorySpi getDefaultTrustStore
INFO: Initializing with trust store at path: /home/jason/.jdks/openjdk-16.0.2/lib/security/cacerts
nov. 01, 2021 4:51:11 PM com.distrimind.bouncycastle.jsse.provider.PropertyUtils getStringSystemProperty
INFO: Found string system property [java.home]: /home/jason/.jdks/openjdk-16.0.2
nov. 01, 2021 4:51:11 PM com.distrimind.bouncycastle.jsse.provider.ProvTrustManagerFactorySpi getDefaultTrustStore
INFO: Initializing with trust store at path: /home/jason/.jdks/openjdk-16.0.2/lib/security/cacerts
nov. 01, 2021 4:51:11 PM com.distrimind.bouncycastle.jsse.provider.PropertyUtils getStringSystemProperty
INFO: Found string system property [java.home]: /home/jason/.jdks/openjdk-16.0.2
nov. 01, 2021 4:51:11 PM com.distrimind.bouncycastle.jsse.provider.ProvTrustManagerFactorySpi getDefaultTrustStore
INFO: Initializing with trust store at path: /home/jason/.jdks/openjdk-16.0.2/lib/security/cacerts
nov. 01, 2021 4:51:11 PM com.distrimind.bouncycastle.jsse.provider.PropertyUtils getStringSystemProperty
INFO: Found string system property [java.home]: /home/jason/.jdks/openjdk-16.0.2
nov. 01, 2021 4:51:11 PM com.distrimind.bouncycastle.jsse.provider.ProvTrustManagerFactorySpi getDefaultTrustStore
INFO: Initializing with trust store at path: /home/jason/.jdks/openjdk-16.0.2/lib/security/cacerts
nov. 01, 2021 4:51:11 PM com.distrimind.bouncycastle.jsse.provider.PropertyUtils getStringSystemProperty
INFO: Found string system property [java.home]: /home/jason/.jdks/openjdk-16.0.2
nov. 01, 2021 4:51:11 PM com.distrimind.bouncycastle.jsse.provider.ProvTrustManagerFactorySpi getDefaultTrustStore
INFO: Initializing with trust store at path: /home/jason/.jdks/openjdk-16.0.2/lib/security/cacerts
nov. 01, 2021 4:51:11 PM com.distrimind.bouncycastle.jsse.provider.PropertyUtils getStringSystemProperty
INFO: Found string system property [java.home]: /home/jason/.jdks/openjdk-16.0.2
nov. 01, 2021 4:51:11 PM com.distrimind.bouncycastle.jsse.provider.ProvTrustManagerFactorySpi getDefaultTrustStore
INFO: Initializing with trust store at path: /home/jason/.jdks/openjdk-16.0.2/lib/security/cacerts
nov. 01, 2021 4:51:11 PM com.distrimind.bouncycastle.jsse.provider.PropertyUtils getStringSystemProperty
INFO: Found string system property [java.home]: /home/jason/.jdks/openjdk-16.0.2
nov. 01, 2021 4:51:11 PM com.distrimind.bouncycastle.jsse.provider.ProvTrustManagerFactorySpi getDefaultTrustStore
INFO: Initializing with trust store at path: /home/jason/.jdks/openjdk-16.0.2/lib/security/cacerts
nov. 01, 2021 4:51:11 PM com.distrimind.bouncycastle.jsse.provider.PropertyUtils getStringSystemProperty
INFO: Found string system property [java.home]: /home/jason/.jdks/openjdk-16.0.2
nov. 01, 2021 4:51:11 PM com.distrimind.bouncycastle.jsse.provider.ProvTrustManagerFactorySpi getDefaultTrustStore
INFO: Initializing with trust store at path: /home/jason/.jdks/openjdk-16.0.2/lib/security/cacerts
nov. 01, 2021 4:51:11 PM com.distrimind.bouncycastle.jsse.provider.PropertyUtils getStringSystemProperty
INFO: Found string system property [java.home]: /home/jason/.jdks/openjdk-16.0.2
nov. 01, 2021 4:51:11 PM com.distrimind.bouncycastle.jsse.provider.ProvTrustManagerFactorySpi getDefaultTrustStore
INFO: Initializing with trust store at path: /home/jason/.jdks/openjdk-16.0.2/lib/security/cacerts
nov. 01, 2021 4:51:11 PM com.distrimind.bouncycastle.jsse.provider.PropertyUtils getStringSystemProperty
INFO: Found string system property [java.home]: /home/jason/.jdks/openjdk-16.0.2
nov. 01, 2021 4:51:11 PM com.distrimind.bouncycastle.jsse.provider.ProvTrustManagerFactorySpi getDefaultTrustStore
INFO: Initializing with trust store at path: /home/jason/.jdks/openjdk-16.0.2/lib/security/cacerts
nov. 01, 2021 4:51:11 PM com.distrimind.bouncycastle.jsse.provider.PropertyUtils getStringSystemProperty
INFO: Found string system property [java.home]: /home/jason/.jdks/openjdk-16.0.2
nov. 01, 2021 4:51:11 PM com.distrimind.bouncycastle.jsse.provider.ProvTrustManagerFactorySpi getDefaultTrustStore
INFO: Initializing with trust store at path: /home/jason/.jdks/openjdk-16.0.2/lib/security/cacerts
nov. 01, 2021 4:51:11 PM com.distrimind.bouncycastle.jsse.provider.PropertyUtils getStringSystemProperty
INFO: Found string system property [java.home]: /home/jason/.jdks/openjdk-16.0.2
nov. 01, 2021 4:51:11 PM com.distrimind.bouncycastle.jsse.provider.ProvTrustManagerFactorySpi getDefaultTrustStore
INFO: Initializing with trust store at path: /home/jason/.jdks/openjdk-16.0.2/lib/security/cacerts
nov. 01, 2021 4:51:11 PM com.distrimind.bouncycastle.jsse.provider.PropertyUtils getStringSystemProperty
INFO: Found string system property [java.home]: /home/jason/.jdks/openjdk-16.0.2
nov. 01, 2021 4:51:11 PM com.distrimind.bouncycastle.jsse.provider.ProvTrustManagerFactorySpi getDefaultTrustStore
INFO: Initializing with trust store at path: /home/jason/.jdks/openjdk-16.0.2/lib/security/cacerts
nov. 01, 2021 4:51:11 PM com.distrimind.bouncycastle.jsse.provider.PropertyUtils getStringSystemProperty
INFO: Found string system property [java.home]: /home/jason/.jdks/openjdk-16.0.2
nov. 01, 2021 4:51:11 PM com.distrimind.bouncycastle.jsse.provider.ProvTrustManagerFactorySpi getDefaultTrustStore
INFO: Initializing with trust store at path: /home/jason/.jdks/openjdk-16.0.2/lib/security/cacerts
nov. 01, 2021 4:51:11 PM com.distrimind.bouncycastle.jsse.provider.PropertyUtils getStringSystemProperty
INFO: Found string system property [java.home]: /home/jason/.jdks/openjdk-16.0.2
nov. 01, 2021 4:51:11 PM com.distrimind.bouncycastle.jsse.provider.ProvTrustManagerFactorySpi getDefaultTrustStore
INFO: Initializing with trust store at path: /home/jason/.jdks/openjdk-16.0.2/lib/security/cacerts
nov. 01, 2021 4:51:11 PM com.distrimind.bouncycastle.jsse.provider.PropertyUtils getStringSystemProperty
INFO: Found string system property [java.home]: /home/jason/.jdks/openjdk-16.0.2
nov. 01, 2021 4:51:11 PM com.distrimind.bouncycastle.jsse.provider.ProvTrustManagerFactorySpi getDefaultTrustStore
INFO: Initializing with trust store at path: /home/jason/.jdks/openjdk-16.0.2/lib/security/cacerts
nov. 01, 2021 4:51:11 PM com.distrimind.bouncycastle.jsse.provider.PropertyUtils getStringSystemProperty
INFO: Found string system property [java.home]: /home/jason/.jdks/openjdk-16.0.2
nov. 01, 2021 4:51:11 PM com.distrimind.bouncycastle.jsse.provider.ProvTrustManagerFactorySpi getDefaultTrustStore
INFO: Initializing with trust store at path: /home/jason/.jdks/openjdk-16.0.2/lib/security/cacerts
nov. 01, 2021 4:51:11 PM com.distrimind.bouncycastle.jsse.provider.PropertyUtils getStringSystemProperty
INFO: Found string system property [java.home]: /home/jason/.jdks/openjdk-16.0.2
nov. 01, 2021 4:51:11 PM com.distrimind.bouncycastle.jsse.provider.ProvTrustManagerFactorySpi getDefaultTrustStore
INFO: Initializing with trust store at path: /home/jason/.jdks/openjdk-16.0.2/lib/security/cacerts
nov. 01, 2021 4:51:11 PM com.distrimind.bouncycastle.jsse.provider.PropertyUtils getStringSystemProperty
INFO: Found string system property [java.home]: /home/jason/.jdks/openjdk-16.0.2
nov. 01, 2021 4:51:11 PM com.distrimind.bouncycastle.jsse.provider.ProvTrustManagerFactorySpi getDefaultTrustStore
INFO: Initializing with trust store at path: /home/jason/.jdks/openjdk-16.0.2/lib/security/cacerts
nov. 01, 2021 4:51:11 PM com.distrimind.bouncycastle.jsse.provider.PropertyUtils getStringSystemProperty
INFO: Found string system property [java.home]: /home/jason/.jdks/openjdk-16.0.2
nov. 01, 2021 4:51:11 PM com.distrimind.bouncycastle.jsse.provider.ProvTrustManagerFactorySpi getDefaultTrustStore
INFO: Initializing with trust store at path: /home/jason/.jdks/openjdk-16.0.2/lib/security/cacerts
nov. 01, 2021 4:51:11 PM com.distrimind.bouncycastle.jsse.provider.PropertyUtils getStringSystemProperty
INFO: Found string system property [java.home]: /home/jason/.jdks/openjdk-16.0.2
nov. 01, 2021 4:51:11 PM com.distrimind.bouncycastle.jsse.provider.ProvTrustManagerFactorySpi getDefaultTrustStore
INFO: Initializing with trust store at path: /home/jason/.jdks/openjdk-16.0.2/lib/security/cacerts
nov. 01, 2021 4:51:11 PM com.distrimind.bouncycastle.jsse.provider.PropertyUtils getStringSystemProperty
INFO: Found string system property [java.home]: /home/jason/.jdks/openjdk-16.0.2
nov. 01, 2021 4:51:11 PM com.distrimind.bouncycastle.jsse.provider.ProvTrustManagerFactorySpi getDefaultTrustStore
INFO: Initializing with trust store at path: /home/jason/.jdks/openjdk-16.0.2/lib/security/cacerts
nov. 01, 2021 4:51:11 PM com.distrimind.bouncycastle.jsse.provider.PropertyUtils getStringSystemProperty
INFO: Found string system property [java.home]: /home/jason/.jdks/openjdk-16.0.2
nov. 01, 2021 4:51:11 PM com.distrimind.bouncycastle.jsse.provider.ProvTrustManagerFactorySpi getDefaultTrustStore
INFO: Initializing with trust store at path: /home/jason/.jdks/openjdk-16.0.2/lib/security/cacerts
nov. 01, 2021 4:51:11 PM com.distrimind.bouncycastle.jsse.provider.PropertyUtils getStringSystemProperty
INFO: Found string system property [java.home]: /home/jason/.jdks/openjdk-16.0.2
nov. 01, 2021 4:51:11 PM com.distrimind.bouncycastle.jsse.provider.ProvTrustManagerFactorySpi getDefaultTrustStore
INFO: Initializing with trust store at path: /home/jason/.jdks/openjdk-16.0.2/lib/security/cacerts
nov. 01, 2021 4:51:11 PM com.distrimind.bouncycastle.jsse.provider.PropertyUtils getStringSystemProperty
INFO: Found string system property [java.home]: /home/jason/.jdks/openjdk-16.0.2
nov. 01, 2021 4:51:11 PM com.distrimind.bouncycastle.jsse.provider.ProvTrustManagerFactorySpi getDefaultTrustStore
INFO: Initializing with trust store at path: /home/jason/.jdks/openjdk-16.0.2/lib/security/cacerts
nov. 01, 2021 4:51:11 PM com.distrimind.bouncycastle.jsse.provider.PropertyUtils getStringSystemProperty
INFO: Found string system property [java.home]: /home/jason/.jdks/openjdk-16.0.2
nov. 01, 2021 4:51:11 PM com.distrimind.bouncycastle.jsse.provider.ProvTrustManagerFactorySpi getDefaultTrustStore
INFO: Initializing with trust store at path: /home/jason/.jdks/openjdk-16.0.2/lib/security/cacerts
nov. 01, 2021 4:51:11 PM com.distrimind.bouncycastle.jsse.provider.PropertyUtils getStringSystemProperty
INFO: Found string system property [java.home]: /home/jason/.jdks/openjdk-16.0.2
nov. 01, 2021 4:51:11 PM com.distrimind.bouncycastle.jsse.provider.ProvTrustManagerFactorySpi getDefaultTrustStore
INFO: Initializing with trust store at path: /home/jason/.jdks/openjdk-16.0.2/lib/security/cacerts
nov. 01, 2021 4:51:11 PM com.distrimind.bouncycastle.jsse.provider.PropertyUtils getStringSystemProperty
INFO: Found string system property [java.home]: /home/jason/.jdks/openjdk-16.0.2
nov. 01, 2021 4:51:11 PM com.distrimind.bouncycastle.jsse.provider.ProvTrustManagerFactorySpi getDefaultTrustStore
INFO: Initializing with trust store at path: /home/jason/.jdks/openjdk-16.0.2/lib/security/cacerts
nov. 01, 2021 4:51:11 PM com.distrimind.bouncycastle.jsse.provider.PropertyUtils getStringSystemProperty
INFO: Found string system property [java.home]: /home/jason/.jdks/openjdk-16.0.2
nov. 01, 2021 4:51:11 PM com.distrimind.bouncycastle.jsse.provider.ProvTrustManagerFactorySpi getDefaultTrustStore
INFO: Initializing with trust store at path: /home/jason/.jdks/openjdk-16.0.2/lib/security/cacerts
nov. 01, 2021 4:51:11 PM com.distrimind.bouncycastle.jsse.provider.PropertyUtils getStringSystemProperty
INFO: Found string system property [java.home]: /home/jason/.jdks/openjdk-16.0.2
nov. 01, 2021 4:51:11 PM com.distrimind.bouncycastle.jsse.provider.ProvTrustManagerFactorySpi getDefaultTrustStore
INFO: Initializing with trust store at path: /home/jason/.jdks/openjdk-16.0.2/lib/security/cacerts
nov. 01, 2021 4:51:11 PM com.distrimind.bouncycastle.jsse.provider.PropertyUtils getStringSystemProperty
INFO: Found string system property [java.home]: /home/jason/.jdks/openjdk-16.0.2
nov. 01, 2021 4:51:11 PM com.distrimind.bouncycastle.jsse.provider.ProvTrustManagerFactorySpi getDefaultTrustStore
INFO: Initializing with trust store at path: /home/jason/.jdks/openjdk-16.0.2/lib/security/cacerts
nov. 01, 2021 4:51:11 PM com.distrimind.bouncycastle.jsse.provider.PropertyUtils getStringSystemProperty
INFO: Found string system property [java.home]: /home/jason/.jdks/openjdk-16.0.2
nov. 01, 2021 4:51:11 PM com.distrimind.bouncycastle.jsse.provider.ProvTrustManagerFactorySpi getDefaultTrustStore
INFO: Initializing with trust store at path: /home/jason/.jdks/openjdk-16.0.2/lib/security/cacerts
nov. 01, 2021 4:51:11 PM com.distrimind.bouncycastle.jsse.provider.PropertyUtils getStringSystemProperty
INFO: Found string system property [java.home]: /home/jason/.jdks/openjdk-16.0.2
nov. 01, 2021 4:51:11 PM com.distrimind.bouncycastle.jsse.provider.ProvTrustManagerFactorySpi getDefaultTrustStore
INFO: Initializing with trust store at path: /home/jason/.jdks/openjdk-16.0.2/lib/security/cacerts
nov. 01, 2021 4:51:11 PM com.distrimind.bouncycastle.jsse.provider.PropertyUtils getStringSystemProperty
INFO: Found string system property [java.home]: /home/jason/.jdks/openjdk-16.0.2
nov. 01, 2021 4:51:11 PM com.distrimind.bouncycastle.jsse.provider.ProvTrustManagerFactorySpi getDefaultTrustStore
INFO: Initializing with trust store at path: /home/jason/.jdks/openjdk-16.0.2/lib/security/cacerts
nov. 01, 2021 4:51:11 PM com.distrimind.bouncycastle.jsse.provider.PropertyUtils getStringSystemProperty
INFO: Found string system property [java.home]: /home/jason/.jdks/openjdk-16.0.2
nov. 01, 2021 4:51:11 PM com.distrimind.bouncycastle.jsse.provider.ProvTrustManagerFactorySpi getDefaultTrustStore
INFO: Initializing with trust store at path: /home/jason/.jdks/openjdk-16.0.2/lib/security/cacerts
nov. 01, 2021 4:51:11 PM com.distrimind.bouncycastle.jsse.provider.PropertyUtils getStringSystemProperty
INFO: Found string system property [java.home]: /home/jason/.jdks/openjdk-16.0.2
nov. 01, 2021 4:51:11 PM com.distrimind.bouncycastle.jsse.provider.ProvTrustManagerFactorySpi getDefaultTrustStore
INFO: Initializing with trust store at path: /home/jason/.jdks/openjdk-16.0.2/lib/security/cacerts
nov. 01, 2021 4:51:11 PM com.distrimind.bouncycastle.jsse.provider.PropertyUtils getStringSystemProperty
INFO: Found string system property [java.home]: /home/jason/.jdks/openjdk-16.0.2
nov. 01, 2021 4:51:11 PM com.distrimind.bouncycastle.jsse.provider.ProvTrustManagerFactorySpi getDefaultTrustStore
INFO: Initializing with trust store at path: /home/jason/.jdks/openjdk-16.0.2/lib/security/cacerts
nov. 01, 2021 4:51:11 PM com.distrimind.bouncycastle.jsse.provider.PropertyUtils getStringSystemProperty
INFO: Found string system property [java.home]: /home/jason/.jdks/openjdk-16.0.2
nov. 01, 2021 4:51:11 PM com.distrimind.bouncycastle.jsse.provider.ProvTrustManagerFactorySpi getDefaultTrustStore
INFO: Initializing with trust store at path: /home/jason/.jdks/openjdk-16.0.2/lib/security/cacerts
nov. 01, 2021 4:51:11 PM com.distrimind.bouncycastle.jsse.provider.PropertyUtils getStringSystemProperty
INFO: Found string system property [java.home]: /home/jason/.jdks/openjdk-16.0.2
nov. 01, 2021 4:51:11 PM com.distrimind.bouncycastle.jsse.provider.ProvTrustManagerFactorySpi getDefaultTrustStore
INFO: Initializing with trust store at path: /home/jason/.jdks/openjdk-16.0.2/lib/security/cacerts
nov. 01, 2021 4:51:11 PM com.distrimind.bouncycastle.jsse.provider.PropertyUtils getStringSystemProperty
INFO: Found string system property [java.home]: /home/jason/.jdks/openjdk-16.0.2
nov. 01, 2021 4:51:11 PM com.distrimind.bouncycastle.jsse.provider.ProvTrustManagerFactorySpi getDefaultTrustStore
INFO: Initializing with trust store at path: /home/jason/.jdks/openjdk-16.0.2/lib/security/cacerts
nov. 01, 2021 4:51:11 PM com.distrimind.bouncycastle.jsse.provider.PropertyUtils getStringSystemProperty
INFO: Found string system property [java.home]: /home/jason/.jdks/openjdk-16.0.2
nov. 01, 2021 4:51:11 PM com.distrimind.bouncycastle.jsse.provider.ProvTrustManagerFactorySpi getDefaultTrustStore
INFO: Initializing with trust store at path: /home/jason/.jdks/openjdk-16.0.2/lib/security/cacerts
nov. 01, 2021 4:51:11 PM com.distrimind.bouncycastle.jsse.provider.PropertyUtils getStringSystemProperty
INFO: Found string system property [java.home]: /home/jason/.jdks/openjdk-16.0.2
nov. 01, 2021 4:51:11 PM com.distrimind.bouncycastle.jsse.provider.ProvTrustManagerFactorySpi getDefaultTrustStore
INFO: Initializing with trust store at path: /home/jason/.jdks/openjdk-16.0.2/lib/security/cacerts
nov. 01, 2021 4:51:11 PM com.distrimind.bouncycastle.jsse.provider.PropertyUtils getStringSystemProperty
INFO: Found string system property [java.home]: /home/jason/.jdks/openjdk-16.0.2
nov. 01, 2021 4:51:11 PM com.distrimind.bouncycastle.jsse.provider.ProvTrustManagerFactorySpi getDefaultTrustStore
INFO: Initializing with trust store at path: /home/jason/.jdks/openjdk-16.0.2/lib/security/cacerts
nov. 01, 2021 4:51:11 PM com.distrimind.bouncycastle.jsse.provider.PropertyUtils getStringSystemProperty
INFO: Found string system property [java.home]: /home/jason/.jdks/openjdk-16.0.2
nov. 01, 2021 4:51:11 PM com.distrimind.bouncycastle.jsse.provider.ProvTrustManagerFactorySpi getDefaultTrustStore
INFO: Initializing with trust store at path: /home/jason/.jdks/openjdk-16.0.2/lib/security/cacerts
nov. 01, 2021 4:51:11 PM com.distrimind.bouncycastle.jsse.provider.PropertyUtils getStringSystemProperty
INFO: Found string system property [java.home]: /home/jason/.jdks/openjdk-16.0.2
nov. 01, 2021 4:51:11 PM com.distrimind.bouncycastle.jsse.provider.ProvTrustManagerFactorySpi getDefaultTrustStore
INFO: Initializing with trust store at path: /home/jason/.jdks/openjdk-16.0.2/lib/security/cacerts
nov. 01, 2021 4:51:11 PM com.distrimind.bouncycastle.jsse.provider.PropertyUtils getStringSystemProperty
INFO: Found string system property [java.home]: /home/jason/.jdks/openjdk-16.0.2
nov. 01, 2021 4:51:11 PM com.distrimind.bouncycastle.jsse.provider.ProvTrustManagerFactorySpi getDefaultTrustStore
INFO: Initializing with trust store at path: /home/jason/.jdks/openjdk-16.0.2/lib/security/cacerts
nov. 01, 2021 4:51:11 PM com.distrimind.bouncycastle.jsse.provider.PropertyUtils getStringSystemProperty
INFO: Found string system property [java.home]: /home/jason/.jdks/openjdk-16.0.2
nov. 01, 2021 4:51:11 PM com.distrimind.bouncycastle.jsse.provider.ProvTrustManagerFactorySpi getDefaultTrustStore
INFO: Initializing with trust store at path: /home/jason/.jdks/openjdk-16.0.2/lib/security/cacerts
nov. 01, 2021 4:51:11 PM com.distrimind.bouncycastle.jsse.provider.PropertyUtils getStringSystemProperty
INFO: Found string system property [java.home]: /home/jason/.jdks/openjdk-16.0.2
nov. 01, 2021 4:51:11 PM com.distrimind.bouncycastle.jsse.provider.ProvTrustManagerFactorySpi getDefaultTrustStore
INFO: Initializing with trust store at path: /home/jason/.jdks/openjdk-16.0.2/lib/security/cacerts
nov. 01, 2021 4:51:11 PM com.distrimind.bouncycastle.jsse.provider.PropertyUtils getStringSystemProperty
INFO: Found string system property [java.home]: /home/jason/.jdks/openjdk-16.0.2
nov. 01, 2021 4:51:11 PM com.distrimind.bouncycastle.jsse.provider.ProvTrustManagerFactorySpi getDefaultTrustStore
INFO: Initializing with trust store at path: /home/jason/.jdks/openjdk-16.0.2/lib/security/cacerts
nov. 01, 2021 4:51:11 PM com.distrimind.bouncycastle.jsse.provider.PropertyUtils getStringSystemProperty
INFO: Found string system property [java.home]: /home/jason/.jdks/openjdk-16.0.2
nov. 01, 2021 4:51:11 PM com.distrimind.bouncycastle.jsse.provider.ProvTrustManagerFactorySpi getDefaultTrustStore
INFO: Initializing with trust store at path: /home/jason/.jdks/openjdk-16.0.2/lib/security/cacerts
nov. 01, 2021 4:51:11 PM com.distrimind.bouncycastle.jsse.provider.PropertyUtils getStringSystemProperty
INFO: Found string system property [java.home]: /home/jason/.jdks/openjdk-16.0.2
nov. 01, 2021 4:51:11 PM com.distrimind.bouncycastle.jsse.provider.ProvTrustManagerFactorySpi getDefaultTrustStore
INFO: Initializing with trust store at path: /home/jason/.jdks/openjdk-16.0.2/lib/security/cacerts
nov. 01, 2021 4:51:11 PM com.distrimind.bouncycastle.jsse.provider.PropertyUtils getStringSystemProperty
INFO: Found string system property [java.home]: /home/jason/.jdks/openjdk-16.0.2
nov. 01, 2021 4:51:11 PM com.distrimind.bouncycastle.jsse.provider.ProvTrustManagerFactorySpi getDefaultTrustStore
INFO: Initializing with trust store at path: /home/jason/.jdks/openjdk-16.0.2/lib/security/cacerts
nov. 01, 2021 4:51:11 PM com.distrimind.bouncycastle.jsse.provider.PropertyUtils getStringSystemProperty
INFO: Found string system property [java.home]: /home/jason/.jdks/openjdk-16.0.2
nov. 01, 2021 4:51:11 PM com.distrimind.bouncycastle.jsse.provider.ProvTrustManagerFactorySpi getDefaultTrustStore
INFO: Initializing with trust store at path: /home/jason/.jdks/openjdk-16.0.2/lib/security/cacerts
nov. 01, 2021 4:51:11 PM com.distrimind.bouncycastle.jsse.provider.PropertyUtils getStringSystemProperty
INFO: Found string system property [java.home]: /home/jason/.jdks/openjdk-16.0.2
nov. 01, 2021 4:51:11 PM com.distrimind.bouncycastle.jsse.provider.ProvTrustManagerFactorySpi getDefaultTrustStore
INFO: Initializing with trust store at path: /home/jason/.jdks/openjdk-16.0.2/lib/security/cacerts
nov. 01, 2021 4:51:12 PM com.distrimind.bouncycastle.jsse.provider.PropertyUtils getStringSystemProperty
INFO: Found string system property [java.home]: /home/jason/.jdks/openjdk-16.0.2
nov. 01, 2021 4:51:12 PM com.distrimind.bouncycastle.jsse.provider.ProvTrustManagerFactorySpi getDefaultTrustStore
INFO: Initializing with trust store at path: /home/jason/.jdks/openjdk-16.0.2/lib/security/cacerts
nov. 01, 2021 4:51:12 PM com.distrimind.bouncycastle.jsse.provider.PropertyUtils getStringSystemProperty
INFO: Found string system property [java.home]: /home/jason/.jdks/openjdk-16.0.2
nov. 01, 2021 4:51:12 PM com.distrimind.bouncycastle.jsse.provider.ProvTrustManagerFactorySpi getDefaultTrustStore
INFO: Initializing with trust store at path: /home/jason/.jdks/openjdk-16.0.2/lib/security/cacerts
nov. 01, 2021 4:51:12 PM com.distrimind.bouncycastle.jsse.provider.PropertyUtils getStringSystemProperty
INFO: Found string system property [java.home]: /home/jason/.jdks/openjdk-16.0.2
nov. 01, 2021 4:51:12 PM com.distrimind.bouncycastle.jsse.provider.ProvTrustManagerFactorySpi getDefaultTrustStore
INFO: Initializing with trust store at path: /home/jason/.jdks/openjdk-16.0.2/lib/security/cacerts
nov. 01, 2021 4:51:12 PM com.distrimind.bouncycastle.jsse.provider.PropertyUtils getStringSystemProperty
INFO: Found string system property [java.home]: /home/jason/.jdks/openjdk-16.0.2
nov. 01, 2021 4:51:12 PM com.distrimind.bouncycastle.jsse.provider.ProvTrustManagerFactorySpi getDefaultTrustStore
INFO: Initializing with trust store at path: /home/jason/.jdks/openjdk-16.0.2/lib/security/cacerts
nov. 01, 2021 4:51:12 PM com.distrimind.bouncycastle.jsse.provider.PropertyUtils getStringSystemProperty
INFO: Found string system property [java.home]: /home/jason/.jdks/openjdk-16.0.2
nov. 01, 2021 4:51:12 PM com.distrimind.bouncycastle.jsse.provider.ProvTrustManagerFactorySpi getDefaultTrustStore
INFO: Initializing with trust store at path: /home/jason/.jdks/openjdk-16.0.2/lib/security/cacerts
nov. 01, 2021 4:51:12 PM com.distrimind.bouncycastle.jsse.provider.PropertyUtils getStringSystemProperty
INFO: Found string system property [java.home]: /home/jason/.jdks/openjdk-16.0.2
nov. 01, 2021 4:51:12 PM com.distrimind.bouncycastle.jsse.provider.ProvTrustManagerFactorySpi getDefaultTrustStore
INFO: Initializing with trust store at path: /home/jason/.jdks/openjdk-16.0.2/lib/security/cacerts
nov. 01, 2021 4:51:12 PM com.distrimind.bouncycastle.jsse.provider.PropertyUtils getStringSystemProperty
INFO: Found string system property [java.home]: /home/jason/.jdks/openjdk-16.0.2
nov. 01, 2021 4:51:12 PM com.distrimind.bouncycastle.jsse.provider.ProvTrustManagerFactorySpi getDefaultTrustStore
INFO: Initializing with trust store at path: /home/jason/.jdks/openjdk-16.0.2/lib/security/cacerts
nov. 01, 2021 4:51:12 PM com.distrimind.bouncycastle.jsse.provider.PropertyUtils getStringSystemProperty
INFO: Found string system property [java.home]: /home/jason/.jdks/openjdk-16.0.2
nov. 01, 2021 4:51:12 PM com.distrimind.bouncycastle.jsse.provider.ProvTrustManagerFactorySpi getDefaultTrustStore
INFO: Initializing with trust store at path: /home/jason/.jdks/openjdk-16.0.2/lib/security/cacerts
nov. 01, 2021 4:51:12 PM com.distrimind.bouncycastle.jsse.provider.PropertyUtils getStringSystemProperty
INFO: Found string system property [java.home]: /home/jason/.jdks/openjdk-16.0.2
nov. 01, 2021 4:51:12 PM com.distrimind.bouncycastle.jsse.provider.ProvTrustManagerFactorySpi getDefaultTrustStore
INFO: Initializing with trust store at path: /home/jason/.jdks/openjdk-16.0.2/lib/security/cacerts
nov. 01, 2021 4:51:12 PM com.distrimind.bouncycastle.jsse.provider.PropertyUtils getStringSystemProperty
INFO: Found string system property [java.home]: /home/jason/.jdks/openjdk-16.0.2
nov. 01, 2021 4:51:12 PM com.distrimind.bouncycastle.jsse.provider.ProvTrustManagerFactorySpi getDefaultTrustStore
INFO: Initializing with trust store at path: /home/jason/.jdks/openjdk-16.0.2/lib/security/cacerts
nov. 01, 2021 4:51:12 PM com.distrimind.bouncycastle.jsse.provider.PropertyUtils getStringSystemProperty
INFO: Found string system property [java.home]: /home/jason/.jdks/openjdk-16.0.2
nov. 01, 2021 4:51:12 PM com.distrimind.bouncycastle.jsse.provider.ProvTrustManagerFactorySpi getDefaultTrustStore
INFO: Initializing with trust store at path: /home/jason/.jdks/openjdk-16.0.2/lib/security/cacerts
nov. 01, 2021 4:51:12 PM com.distrimind.bouncycastle.jsse.provider.PropertyUtils getStringSystemProperty
INFO: Found string system property [java.home]: /home/jason/.jdks/openjdk-16.0.2
nov. 01, 2021 4:51:12 PM com.distrimind.bouncycastle.jsse.provider.ProvTrustManagerFactorySpi getDefaultTrustStore
INFO: Initializing with trust store at path: /home/jason/.jdks/openjdk-16.0.2/lib/security/cacerts
nov. 01, 2021 4:51:12 PM com.distrimind.bouncycastle.jsse.provider.PropertyUtils getStringSystemProperty
INFO: Found string system property [java.home]: /home/jason/.jdks/openjdk-16.0.2
nov. 01, 2021 4:51:12 PM com.distrimind.bouncycastle.jsse.provider.ProvTrustManagerFactorySpi getDefaultTrustStore
INFO: Initializing with trust store at path: /home/jason/.jdks/openjdk-16.0.2/lib/security/cacerts
nov. 01, 2021 4:51:12 PM com.distrimind.bouncycastle.jsse.provider.PropertyUtils getStringSystemProperty
INFO: Found string system property [java.home]: /home/jason/.jdks/openjdk-16.0.2
nov. 01, 2021 4:51:12 PM com.distrimind.bouncycastle.jsse.provider.ProvTrustManagerFactorySpi getDefaultTrustStore
INFO: Initializing with trust store at path: /home/jason/.jdks/openjdk-16.0.2/lib/security/cacerts
nov. 01, 2021 4:51:12 PM com.distrimind.bouncycastle.jsse.provider.PropertyUtils getStringSystemProperty
INFO: Found string system property [java.home]: /home/jason/.jdks/openjdk-16.0.2
nov. 01, 2021 4:51:12 PM com.distrimind.bouncycastle.jsse.provider.ProvTrustManagerFactorySpi getDefaultTrustStore
INFO: Initializing with trust store at path: /home/jason/.jdks/openjdk-16.0.2/lib/security/cacerts
nov. 01, 2021 4:51:12 PM com.distrimind.bouncycastle.jsse.provider.PropertyUtils getStringSystemProperty
INFO: Found string system property [java.home]: /home/jason/.jdks/openjdk-16.0.2
nov. 01, 2021 4:51:12 PM com.distrimind.bouncycastle.jsse.provider.ProvTrustManagerFactorySpi getDefaultTrustStore
INFO: Initializing with trust store at path: /home/jason/.jdks/openjdk-16.0.2/lib/security/cacerts
nov. 01, 2021 4:51:12 PM com.distrimind.bouncycastle.jsse.provider.PropertyUtils getStringSystemProperty
INFO: Found string system property [java.home]: /home/jason/.jdks/openjdk-16.0.2
nov. 01, 2021 4:51:12 PM com.distrimind.bouncycastle.jsse.provider.ProvTrustManagerFactorySpi getDefaultTrustStore
INFO: Initializing with trust store at path: /home/jason/.jdks/openjdk-16.0.2/lib/security/cacerts
nov. 01, 2021 4:51:12 PM com.distrimind.bouncycastle.jsse.provider.PropertyUtils getStringSystemProperty
INFO: Found string system property [java.home]: /home/jason/.jdks/openjdk-16.0.2
nov. 01, 2021 4:51:12 PM com.distrimind.bouncycastle.jsse.provider.ProvTrustManagerFactorySpi getDefaultTrustStore
INFO: Initializing with trust store at path: /home/jason/.jdks/openjdk-16.0.2/lib/security/cacerts
nov. 01, 2021 4:51:12 PM com.distrimind.bouncycastle.jsse.provider.PropertyUtils getStringSystemProperty
INFO: Found string system property [java.home]: /home/jason/.jdks/openjdk-16.0.2
nov. 01, 2021 4:51:12 PM com.distrimind.bouncycastle.jsse.provider.ProvTrustManagerFactorySpi getDefaultTrustStore
INFO: Initializing with trust store at path: /home/jason/.jdks/openjdk-16.0.2/lib/security/cacerts
nov. 01, 2021 4:51:12 PM com.distrimind.bouncycastle.jsse.provider.PropertyUtils getStringSystemProperty
INFO: Found string system property [java.home]: /home/jason/.jdks/openjdk-16.0.2
nov. 01, 2021 4:51:12 PM com.distrimind.bouncycastle.jsse.provider.ProvTrustManagerFactorySpi getDefaultTrustStore
INFO: Initializing with trust store at path: /home/jason/.jdks/openjdk-16.0.2/lib/security/cacerts
nov. 01, 2021 4:51:12 PM com.distrimind.bouncycastle.jsse.provider.PropertyUtils getStringSystemProperty
INFO: Found string system property [java.home]: /home/jason/.jdks/openjdk-16.0.2
nov. 01, 2021 4:51:12 PM com.distrimind.bouncycastle.jsse.provider.ProvTrustManagerFactorySpi getDefaultTrustStore
INFO: Initializing with trust store at path: /home/jason/.jdks/openjdk-16.0.2/lib/security/cacerts
nov. 01, 2021 4:51:12 PM com.distrimind.bouncycastle.jsse.provider.PropertyUtils getStringSystemProperty
INFO: Found string system property [java.home]: /home/jason/.jdks/openjdk-16.0.2
nov. 01, 2021 4:51:12 PM com.distrimind.bouncycastle.jsse.provider.ProvTrustManagerFactorySpi getDefaultTrustStore
INFO: Initializing with trust store at path: /home/jason/.jdks/openjdk-16.0.2/lib/security/cacerts
nov. 01, 2021 4:51:12 PM com.distrimind.bouncycastle.jsse.provider.PropertyUtils getStringSystemProperty
INFO: Found string system property [java.home]: /home/jason/.jdks/openjdk-16.0.2
nov. 01, 2021 4:51:12 PM com.distrimind.bouncycastle.jsse.provider.ProvTrustManagerFactorySpi getDefaultTrustStore
INFO: Initializing with trust store at path: /home/jason/.jdks/openjdk-16.0.2/lib/security/cacerts
nov. 01, 2021 4:51:12 PM com.distrimind.bouncycastle.jsse.provider.PropertyUtils getStringSystemProperty
INFO: Found string system property [java.home]: /home/jason/.jdks/openjdk-16.0.2
nov. 01, 2021 4:51:12 PM com.distrimind.bouncycastle.jsse.provider.ProvTrustManagerFactorySpi getDefaultTrustStore
INFO: Initializing with trust store at path: /home/jason/.jdks/openjdk-16.0.2/lib/security/cacerts
nov. 01, 2021 4:51:12 PM com.distrimind.bouncycastle.jsse.provider.PropertyUtils getStringSystemProperty
INFO: Found string system property [java.home]: /home/jason/.jdks/openjdk-16.0.2
nov. 01, 2021 4:51:12 PM com.distrimind.bouncycastle.jsse.provider.ProvTrustManagerFactorySpi getDefaultTrustStore
INFO: Initializing with trust store at path: /home/jason/.jdks/openjdk-16.0.2/lib/security/cacerts
nov. 01, 2021 4:51:12 PM com.distrimind.bouncycastle.jsse.provider.PropertyUtils getStringSystemProperty
INFO: Found string system property [java.home]: /home/jason/.jdks/openjdk-16.0.2
nov. 01, 2021 4:51:12 PM com.distrimind.bouncycastle.jsse.provider.ProvTrustManagerFactorySpi getDefaultTrustStore
INFO: Initializing with trust store at path: /home/jason/.jdks/openjdk-16.0.2/lib/security/cacerts
nov. 01, 2021 4:51:12 PM com.distrimind.bouncycastle.jsse.provider.PropertyUtils getStringSystemProperty
INFO: Found string system property [java.home]: /home/jason/.jdks/openjdk-16.0.2
nov. 01, 2021 4:51:12 PM com.distrimind.bouncycastle.jsse.provider.ProvTrustManagerFactorySpi getDefaultTrustStore
INFO: Initializing with trust store at path: /home/jason/.jdks/openjdk-16.0.2/lib/security/cacerts
nov. 01, 2021 4:51:12 PM com.distrimind.bouncycastle.jsse.provider.PropertyUtils getStringSystemProperty
INFO: Found string system property [java.home]: /home/jason/.jdks/openjdk-16.0.2
nov. 01, 2021 4:51:12 PM com.distrimind.bouncycastle.jsse.provider.ProvTrustManagerFactorySpi getDefaultTrustStore
INFO: Initializing with trust store at path: /home/jason/.jdks/openjdk-16.0.2/lib/security/cacerts
nov. 01, 2021 4:51:12 PM com.distrimind.bouncycastle.jsse.provider.PropertyUtils getStringSystemProperty
INFO: Found string system property [java.home]: /home/jason/.jdks/openjdk-16.0.2
nov. 01, 2021 4:51:12 PM com.distrimind.bouncycastle.jsse.provider.ProvTrustManagerFactorySpi getDefaultTrustStore
INFO: Initializing with trust store at path: /home/jason/.jdks/openjdk-16.0.2/lib/security/cacerts
nov. 01, 2021 4:51:12 PM com.distrimind.bouncycastle.jsse.provider.PropertyUtils getStringSystemProperty
INFO: Found string system property [java.home]: /home/jason/.jdks/openjdk-16.0.2
nov. 01, 2021 4:51:12 PM com.distrimind.bouncycastle.jsse.provider.ProvTrustManagerFactorySpi getDefaultTrustStore
INFO: Initializing with trust store at path: /home/jason/.jdks/openjdk-16.0.2/lib/security/cacerts
nov. 01, 2021 4:51:12 PM com.distrimind.bouncycastle.jsse.provider.PropertyUtils getStringSystemProperty
INFO: Found string system property [java.home]: /home/jason/.jdks/openjdk-16.0.2
nov. 01, 2021 4:51:12 PM com.distrimind.bouncycastle.jsse.provider.ProvTrustManagerFactorySpi getDefaultTrustStore
INFO: Initializing with trust store at path: /home/jason/.jdks/openjdk-16.0.2/lib/security/cacerts
nov. 01, 2021 4:51:12 PM com.distrimind.bouncycastle.jsse.provider.PropertyUtils getStringSystemProperty
INFO: Found string system property [java.home]: /home/jason/.jdks/openjdk-16.0.2
nov. 01, 2021 4:51:12 PM com.distrimind.bouncycastle.jsse.provider.ProvTrustManagerFactorySpi getDefaultTrustStore
INFO: Initializing with trust store at path: /home/jason/.jdks/openjdk-16.0.2/lib/security/cacerts
nov. 01, 2021 4:51:12 PM com.distrimind.bouncycastle.jsse.provider.PropertyUtils getStringSystemProperty
INFO: Found string system property [java.home]: /home/jason/.jdks/openjdk-16.0.2
nov. 01, 2021 4:51:12 PM com.distrimind.bouncycastle.jsse.provider.ProvTrustManagerFactorySpi getDefaultTrustStore
INFO: Initializing with trust store at path: /home/jason/.jdks/openjdk-16.0.2/lib/security/cacerts
nov. 01, 2021 4:51:12 PM com.distrimind.bouncycastle.jsse.provider.PropertyUtils getStringSystemProperty
INFO: Found string system property [java.home]: /home/jason/.jdks/openjdk-16.0.2
nov. 01, 2021 4:51:12 PM com.distrimind.bouncycastle.jsse.provider.ProvTrustManagerFactorySpi getDefaultTrustStore
INFO: Initializing with trust store at path: /home/jason/.jdks/openjdk-16.0.2/lib/security/cacerts
nov. 01, 2021 4:51:12 PM com.distrimind.bouncycastle.jsse.provider.PropertyUtils getStringSystemProperty
INFO: Found string system property [java.home]: /home/jason/.jdks/openjdk-16.0.2
nov. 01, 2021 4:51:12 PM com.distrimind.bouncycastle.jsse.provider.ProvTrustManagerFactorySpi getDefaultTrustStore
INFO: Initializing with trust store at path: /home/jason/.jdks/openjdk-16.0.2/lib/security/cacerts
nov. 01, 2021 4:51:12 PM com.distrimind.bouncycastle.jsse.provider.PropertyUtils getStringSystemProperty
INFO: Found string system property [java.home]: /home/jason/.jdks/openjdk-16.0.2
nov. 01, 2021 4:51:12 PM com.distrimind.bouncycastle.jsse.provider.ProvTrustManagerFactorySpi getDefaultTrustStore
INFO: Initializing with trust store at path: /home/jason/.jdks/openjdk-16.0.2/lib/security/cacerts
nov. 01, 2021 4:51:12 PM com.distrimind.bouncycastle.jsse.provider.PropertyUtils getStringSystemProperty
INFO: Found string system property [java.home]: /home/jason/.jdks/openjdk-16.0.2
nov. 01, 2021 4:51:12 PM com.distrimind.bouncycastle.jsse.provider.ProvTrustManagerFactorySpi getDefaultTrustStore
INFO: Initializing with trust store at path: /home/jason/.jdks/openjdk-16.0.2/lib/security/cacerts
nov. 01, 2021 4:51:12 PM com.distrimind.bouncycastle.jsse.provider.PropertyUtils getStringSystemProperty
INFO: Found string system property [java.home]: /home/jason/.jdks/openjdk-16.0.2
nov. 01, 2021 4:51:12 PM com.distrimind.bouncycastle.jsse.provider.ProvTrustManagerFactorySpi getDefaultTrustStore
INFO: Initializing with trust store at path: /home/jason/.jdks/openjdk-16.0.2/lib/security/cacerts
nov. 01, 2021 4:51:12 PM com.distrimind.bouncycastle.jsse.provider.PropertyUtils getStringSystemProperty
INFO: Found string system property [java.home]: /home/jason/.jdks/openjdk-16.0.2
nov. 01, 2021 4:51:12 PM com.distrimind.bouncycastle.jsse.provider.ProvTrustManagerFactorySpi getDefaultTrustStore
INFO: Initializing with trust store at path: /home/jason/.jdks/openjdk-16.0.2/lib/security/cacerts
nov. 01, 2021 4:51:12 PM com.distrimind.bouncycastle.jsse.provider.PropertyUtils getStringSystemProperty
INFO: Found string system property [java.home]: /home/jason/.jdks/openjdk-16.0.2
nov. 01, 2021 4:51:12 PM com.distrimind.bouncycastle.jsse.provider.ProvTrustManagerFactorySpi getDefaultTrustStore
INFO: Initializing with trust store at path: /home/jason/.jdks/openjdk-16.0.2/lib/security/cacerts
nov. 01, 2021 4:51:12 PM com.distrimind.bouncycastle.jsse.provider.PropertyUtils getStringSystemProperty
INFO: Found string system property [java.home]: /home/jason/.jdks/openjdk-16.0.2
nov. 01, 2021 4:51:12 PM com.distrimind.bouncycastle.jsse.provider.ProvTrustManagerFactorySpi getDefaultTrustStore
INFO: Initializing with trust store at path: /home/jason/.jdks/openjdk-16.0.2/lib/security/cacerts
nov. 01, 2021 4:51:12 PM com.distrimind.bouncycastle.jsse.provider.PropertyUtils getStringSystemProperty
INFO: Found string system property [java.home]: /home/jason/.jdks/openjdk-16.0.2
nov. 01, 2021 4:51:12 PM com.distrimind.bouncycastle.jsse.provider.ProvTrustManagerFactorySpi getDefaultTrustStore
INFO: Initializing with trust store at path: /home/jason/.jdks/openjdk-16.0.2/lib/security/cacerts
nov. 01, 2021 4:51:12 PM com.distrimind.bouncycastle.jsse.provider.PropertyUtils getStringSystemProperty
INFO: Found string system property [java.home]: /home/jason/.jdks/openjdk-16.0.2
nov. 01, 2021 4:51:12 PM com.distrimind.bouncycastle.jsse.provider.ProvTrustManagerFactorySpi getDefaultTrustStore
INFO: Initializing with trust store at path: /home/jason/.jdks/openjdk-16.0.2/lib/security/cacerts
nov. 01, 2021 4:51:12 PM com.distrimind.bouncycastle.jsse.provider.PropertyUtils getStringSystemProperty
INFO: Found string system property [java.home]: /home/jason/.jdks/openjdk-16.0.2
nov. 01, 2021 4:51:12 PM com.distrimind.bouncycastle.jsse.provider.ProvTrustManagerFactorySpi getDefaultTrustStore
INFO: Initializing with trust store at path: /home/jason/.jdks/openjdk-16.0.2/lib/security/cacerts
nov. 01, 2021 4:51:12 PM com.distrimind.bouncycastle.jsse.provider.PropertyUtils getStringSystemProperty
INFO: Found string system property [java.home]: /home/jason/.jdks/openjdk-16.0.2
nov. 01, 2021 4:51:12 PM com.distrimind.bouncycastle.jsse.provider.ProvTrustManagerFactorySpi getDefaultTrustStore
INFO: Initializing with trust store at path: /home/jason/.jdks/openjdk-16.0.2/lib/security/cacerts
nov. 01, 2021 4:51:12 PM com.distrimind.bouncycastle.jsse.provider.PropertyUtils getStringSystemProperty
INFO: Found string system property [java.home]: /home/jason/.jdks/openjdk-16.0.2
nov. 01, 2021 4:51:12 PM com.distrimind.bouncycastle.jsse.provider.ProvTrustManagerFactorySpi getDefaultTrustStore
INFO: Initializing with trust store at path: /home/jason/.jdks/openjdk-16.0.2/lib/security/cacerts
nov. 01, 2021 4:51:12 PM com.distrimind.bouncycastle.jsse.provider.PropertyUtils getStringSystemProperty
INFO: Found string system property [java.home]: /home/jason/.jdks/openjdk-16.0.2
nov. 01, 2021 4:51:12 PM com.distrimind.bouncycastle.jsse.provider.ProvTrustManagerFactorySpi getDefaultTrustStore
INFO: Initializing with trust store at path: /home/jason/.jdks/openjdk-16.0.2/lib/security/cacerts
nov. 01, 2021 4:51:12 PM com.distrimind.bouncycastle.jsse.provider.PropertyUtils getStringSystemProperty
INFO: Found string system property [java.home]: /home/jason/.jdks/openjdk-16.0.2
nov. 01, 2021 4:51:12 PM com.distrimind.bouncycastle.jsse.provider.ProvTrustManagerFactorySpi getDefaultTrustStore
INFO: Initializing with trust store at path: /home/jason/.jdks/openjdk-16.0.2/lib/security/cacerts
nov. 01, 2021 4:51:12 PM com.distrimind.bouncycastle.jsse.provider.PropertyUtils getStringSystemProperty
INFO: Found string system property [java.home]: /home/jason/.jdks/openjdk-16.0.2
nov. 01, 2021 4:51:12 PM com.distrimind.bouncycastle.jsse.provider.ProvTrustManagerFactorySpi getDefaultTrustStore
INFO: Initializing with trust store at path: /home/jason/.jdks/openjdk-16.0.2/lib/security/cacerts
nov. 01, 2021 4:51:12 PM com.distrimind.bouncycastle.jsse.provider.PropertyUtils getStringSystemProperty
INFO: Found string system property [java.home]: /home/jason/.jdks/openjdk-16.0.2
nov. 01, 2021 4:51:12 PM com.distrimind.bouncycastle.jsse.provider.ProvTrustManagerFactorySpi getDefaultTrustStore
INFO: Initializing with trust store at path: /home/jason/.jdks/openjdk-16.0.2/lib/security/cacerts
nov. 01, 2021 4:51:12 PM com.distrimind.bouncycastle.jsse.provider.PropertyUtils getStringSystemProperty
INFO: Found string system property [java.home]: /home/jason/.jdks/openjdk-16.0.2
nov. 01, 2021 4:51:12 PM com.distrimind.bouncycastle.jsse.provider.ProvTrustManagerFactorySpi getDefaultTrustStore
INFO: Initializing with trust store at path: /home/jason/.jdks/openjdk-16.0.2/lib/security/cacerts
nov. 01, 2021 4:51:12 PM com.distrimind.bouncycastle.jsse.provider.PropertyUtils getStringSystemProperty
INFO: Found string system property [java.home]: /home/jason/.jdks/openjdk-16.0.2
nov. 01, 2021 4:51:12 PM com.distrimind.bouncycastle.jsse.provider.ProvTrustManagerFactorySpi getDefaultTrustStore
INFO: Initializing with trust store at path: /home/jason/.jdks/openjdk-16.0.2/lib/security/cacerts
nov. 01, 2021 4:51:12 PM com.distrimind.bouncycastle.jsse.provider.PropertyUtils getStringSystemProperty
INFO: Found string system property [java.home]: /home/jason/.jdks/openjdk-16.0.2
nov. 01, 2021 4:51:12 PM com.distrimind.bouncycastle.jsse.provider.ProvTrustManagerFactorySpi getDefaultTrustStore
INFO: Initializing with trust store at path: /home/jason/.jdks/openjdk-16.0.2/lib/security/cacerts
nov. 01, 2021 4:51:12 PM com.distrimind.bouncycastle.jsse.provider.PropertyUtils getStringSystemProperty
INFO: Found string system property [java.home]: /home/jason/.jdks/openjdk-16.0.2
nov. 01, 2021 4:51:12 PM com.distrimind.bouncycastle.jsse.provider.ProvTrustManagerFactorySpi getDefaultTrustStore
INFO: Initializing with trust store at path: /home/jason/.jdks/openjdk-16.0.2/lib/security/cacerts
nov. 01, 2021 4:51:12 PM com.distrimind.bouncycastle.jsse.provider.PropertyUtils getStringSystemProperty
INFO: Found string system property [java.home]: /home/jason/.jdks/openjdk-16.0.2
nov. 01, 2021 4:51:12 PM com.distrimind.bouncycastle.jsse.provider.ProvTrustManagerFactorySpi getDefaultTrustStore
INFO: Initializing with trust store at path: /home/jason/.jdks/openjdk-16.0.2/lib/security/cacerts
nov. 01, 2021 4:51:12 PM com.distrimind.bouncycastle.jsse.provider.PropertyUtils getStringSystemProperty
INFO: Found string system property [java.home]: /home/jason/.jdks/openjdk-16.0.2
nov. 01, 2021 4:51:12 PM com.distrimind.bouncycastle.jsse.provider.ProvTrustManagerFactorySpi getDefaultTrustStore
INFO: Initializing with trust store at path: /home/jason/.jdks/openjdk-16.0.2/lib/security/cacerts
nov. 01, 2021 4:51:12 PM com.distrimind.bouncycastle.jsse.provider.PropertyUtils getStringSystemProperty
INFO: Found string system property [java.home]: /home/jason/.jdks/openjdk-16.0.2
nov. 01, 2021 4:51:12 PM com.distrimind.bouncycastle.jsse.provider.ProvTrustManagerFactorySpi getDefaultTrustStore
INFO: Initializing with trust store at path: /home/jason/.jdks/openjdk-16.0.2/lib/security/cacerts
nov. 01, 2021 4:51:12 PM com.distrimind.bouncycastle.jsse.provider.PropertyUtils getStringSystemProperty
INFO: Found string system property [java.home]: /home/jason/.jdks/openjdk-16.0.2
nov. 01, 2021 4:51:12 PM com.distrimind.bouncycastle.jsse.provider.ProvTrustManagerFactorySpi getDefaultTrustStore
INFO: Initializing with trust store at path: /home/jason/.jdks/openjdk-16.0.2/lib/security/cacerts
nov. 01, 2021 4:51:12 PM com.distrimind.bouncycastle.jsse.provider.PropertyUtils getStringSystemProperty
INFO: Found string system property [java.home]: /home/jason/.jdks/openjdk-16.0.2
nov. 01, 2021 4:51:12 PM com.distrimind.bouncycastle.jsse.provider.ProvTrustManagerFactorySpi getDefaultTrustStore
INFO: Initializing with trust store at path: /home/jason/.jdks/openjdk-16.0.2/lib/security/cacerts
nov. 01, 2021 4:51:12 PM com.distrimind.bouncycastle.jsse.provider.PropertyUtils getStringSystemProperty
INFO: Found string system property [java.home]: /home/jason/.jdks/openjdk-16.0.2
nov. 01, 2021 4:51:12 PM com.distrimind.bouncycastle.jsse.provider.ProvTrustManagerFactorySpi getDefaultTrustStore
INFO: Initializing with trust store at path: /home/jason/.jdks/openjdk-16.0.2/lib/security/cacerts
nov. 01, 2021 4:51:12 PM com.distrimind.bouncycastle.jsse.provider.PropertyUtils getStringSystemProperty
INFO: Found string system property [java.home]: /home/jason/.jdks/openjdk-16.0.2
nov. 01, 2021 4:51:12 PM com.distrimind.bouncycastle.jsse.provider.ProvTrustManagerFactorySpi getDefaultTrustStore
INFO: Initializing with trust store at path: /home/jason/.jdks/openjdk-16.0.2/lib/security/cacerts
nov. 01, 2021 4:51:12 PM com.distrimind.bouncycastle.jsse.provider.PropertyUtils getStringSystemProperty
INFO: Found string system property [java.home]: /home/jason/.jdks/openjdk-16.0.2
nov. 01, 2021 4:51:12 PM com.distrimind.bouncycastle.jsse.provider.ProvTrustManagerFactorySpi getDefaultTrustStore
INFO: Initializing with trust store at path: /home/jason/.jdks/openjdk-16.0.2/lib/security/cacerts
nov. 01, 2021 4:51:12 PM com.distrimind.bouncycastle.jsse.provider.PropertyUtils getStringSystemProperty
INFO: Found string system property [java.home]: /home/jason/.jdks/openjdk-16.0.2
nov. 01, 2021 4:51:12 PM com.distrimind.bouncycastle.jsse.provider.ProvTrustManagerFactorySpi getDefaultTrustStore
INFO: Initializing with trust store at path: /home/jason/.jdks/openjdk-16.0.2/lib/security/cacerts
nov. 01, 2021 4:51:12 PM com.distrimind.bouncycastle.jsse.provider.PropertyUtils getStringSystemProperty
INFO: Found string system property [java.home]: /home/jason/.jdks/openjdk-16.0.2
nov. 01, 2021 4:51:12 PM com.distrimind.bouncycastle.jsse.provider.ProvTrustManagerFactorySpi getDefaultTrustStore
INFO: Initializing with trust store at path: /home/jason/.jdks/openjdk-16.0.2/lib/security/cacerts
nov. 01, 2021 4:51:12 PM com.distrimind.bouncycastle.jsse.provider.PropertyUtils getStringSystemProperty
INFO: Found string system property [java.home]: /home/jason/.jdks/openjdk-16.0.2
nov. 01, 2021 4:51:12 PM com.distrimind.bouncycastle.jsse.provider.ProvTrustManagerFactorySpi getDefaultTrustStore
INFO: Initializing with trust store at path: /home/jason/.jdks/openjdk-16.0.2/lib/security/cacerts
nov. 01, 2021 4:51:12 PM com.distrimind.bouncycastle.jsse.provider.PropertyUtils getStringSystemProperty
INFO: Found string system property [java.home]: /home/jason/.jdks/openjdk-16.0.2
nov. 01, 2021 4:51:12 PM com.distrimind.bouncycastle.jsse.provider.ProvTrustManagerFactorySpi getDefaultTrustStore
INFO: Initializing with trust store at path: /home/jason/.jdks/openjdk-16.0.2/lib/security/cacerts
nov. 01, 2021 4:51:12 PM com.distrimind.bouncycastle.jsse.provider.PropertyUtils getStringSystemProperty
INFO: Found string system property [java.home]: /home/jason/.jdks/openjdk-16.0.2
nov. 01, 2021 4:51:12 PM com.distrimind.bouncycastle.jsse.provider.ProvTrustManagerFactorySpi getDefaultTrustStore
INFO: Initializing with trust store at path: /home/jason/.jdks/openjdk-16.0.2/lib/security/cacerts
nov. 01, 2021 4:51:12 PM com.distrimind.bouncycastle.jsse.provider.PropertyUtils getStringSystemProperty
INFO: Found string system property [java.home]: /home/jason/.jdks/openjdk-16.0.2
nov. 01, 2021 4:51:12 PM com.distrimind.bouncycastle.jsse.provider.ProvTrustManagerFactorySpi getDefaultTrustStore
INFO: Initializing with trust store at path: /home/jason/.jdks/openjdk-16.0.2/lib/security/cacerts
nov. 01, 2021 4:51:12 PM com.distrimind.bouncycastle.jsse.provider.PropertyUtils getStringSystemProperty
INFO: Found string system property [java.home]: /home/jason/.jdks/openjdk-16.0.2
nov. 01, 2021 4:51:12 PM com.distrimind.bouncycastle.jsse.provider.ProvTrustManagerFactorySpi getDefaultTrustStore
INFO: Initializing with trust store at path: /home/jason/.jdks/openjdk-16.0.2/lib/security/cacerts
nov. 01, 2021 4:51:12 PM com.distrimind.bouncycastle.jsse.provider.PropertyUtils getStringSystemProperty
INFO: Found string system property [java.home]: /home/jason/.jdks/openjdk-16.0.2
nov. 01, 2021 4:51:12 PM com.distrimind.bouncycastle.jsse.provider.ProvTrustManagerFactorySpi getDefaultTrustStore
INFO: Initializing with trust store at path: /home/jason/.jdks/openjdk-16.0.2/lib/security/cacerts
nov. 01, 2021 4:51:12 PM com.distrimind.bouncycastle.jsse.provider.PropertyUtils getStringSystemProperty
INFO: Found string system property [java.home]: /home/jason/.jdks/openjdk-16.0.2
nov. 01, 2021 4:51:12 PM com.distrimind.bouncycastle.jsse.provider.ProvTrustManagerFactorySpi getDefaultTrustStore
INFO: Initializing with trust store at path: /home/jason/.jdks/openjdk-16.0.2/lib/security/cacerts
nov. 01, 2021 4:51:12 PM com.distrimind.bouncycastle.jsse.provider.PropertyUtils getStringSystemProperty
INFO: Found string system property [java.home]: /home/jason/.jdks/openjdk-16.0.2
nov. 01, 2021 4:51:12 PM com.distrimind.bouncycastle.jsse.provider.ProvTrustManagerFactorySpi getDefaultTrustStore
INFO: Initializing with trust store at path: /home/jason/.jdks/openjdk-16.0.2/lib/security/cacerts
nov. 01, 2021 4:51:12 PM com.distrimind.bouncycastle.jsse.provider.PropertyUtils getStringSystemProperty
INFO: Found string system property [java.home]: /home/jason/.jdks/openjdk-16.0.2
nov. 01, 2021 4:51:12 PM com.distrimind.bouncycastle.jsse.provider.ProvTrustManagerFactorySpi getDefaultTrustStore
INFO: Initializing with trust store at path: /home/jason/.jdks/openjdk-16.0.2/lib/security/cacerts
nov. 01, 2021 4:51:12 PM com.distrimind.bouncycastle.jsse.provider.PropertyUtils getStringSystemProperty
INFO: Found string system property [java.home]: /home/jason/.jdks/openjdk-16.0.2
nov. 01, 2021 4:51:12 PM com.distrimind.bouncycastle.jsse.provider.ProvTrustManagerFactorySpi getDefaultTrustStore
INFO: Initializing with trust store at path: /home/jason/.jdks/openjdk-16.0.2/lib/security/cacerts
nov. 01, 2021 4:51:12 PM com.distrimind.bouncycastle.jsse.provider.PropertyUtils getStringSystemProperty
INFO: Found string system property [java.home]: /home/jason/.jdks/openjdk-16.0.2
nov. 01, 2021 4:51:12 PM com.distrimind.bouncycastle.jsse.provider.ProvTrustManagerFactorySpi getDefaultTrustStore
INFO: Initializing with trust store at path: /home/jason/.jdks/openjdk-16.0.2/lib/security/cacerts
nov. 01, 2021 4:51:12 PM com.distrimind.bouncycastle.jsse.provider.PropertyUtils getStringSystemProperty
INFO: Found string system property [java.home]: /home/jason/.jdks/openjdk-16.0.2
nov. 01, 2021 4:51:12 PM com.distrimind.bouncycastle.jsse.provider.ProvTrustManagerFactorySpi getDefaultTrustStore
INFO: Initializing with trust store at path: /home/jason/.jdks/openjdk-16.0.2/lib/security/cacerts
nov. 01, 2021 4:51:12 PM com.distrimind.bouncycastle.jsse.provider.PropertyUtils getStringSystemProperty
INFO: Found string system property [java.home]: /home/jason/.jdks/openjdk-16.0.2
nov. 01, 2021 4:51:12 PM com.distrimind.bouncycastle.jsse.provider.ProvTrustManagerFactorySpi getDefaultTrustStore
INFO: Initializing with trust store at path: /home/jason/.jdks/openjdk-16.0.2/lib/security/cacerts
nov. 01, 2021 4:51:12 PM com.distrimind.bouncycastle.jsse.provider.PropertyUtils getStringSystemProperty
INFO: Found string system property [java.home]: /home/jason/.jdks/openjdk-16.0.2
nov. 01, 2021 4:51:12 PM com.distrimind.bouncycastle.jsse.provider.ProvTrustManagerFactorySpi getDefaultTrustStore
INFO: Initializing with trust store at path: /home/jason/.jdks/openjdk-16.0.2/lib/security/cacerts
nov. 01, 2021 4:51:12 PM com.distrimind.bouncycastle.jsse.provider.PropertyUtils getStringSystemProperty
INFO: Found string system property [java.home]: /home/jason/.jdks/openjdk-16.0.2
nov. 01, 2021 4:51:12 PM com.distrimind.bouncycastle.jsse.provider.ProvTrustManagerFactorySpi getDefaultTrustStore
INFO: Initializing with trust store at path: /home/jason/.jdks/openjdk-16.0.2/lib/security/cacerts
nov. 01, 2021 4:51:12 PM com.distrimind.bouncycastle.jsse.provider.PropertyUtils getStringSystemProperty
INFO: Found string system property [java.home]: /home/jason/.jdks/openjdk-16.0.2
nov. 01, 2021 4:51:12 PM com.distrimind.bouncycastle.jsse.provider.ProvTrustManagerFactorySpi getDefaultTrustStore
INFO: Initializing with trust store at path: /home/jason/.jdks/openjdk-16.0.2/lib/security/cacerts
nov. 01, 2021 4:51:12 PM com.distrimind.bouncycastle.jsse.provider.PropertyUtils getStringSystemProperty
INFO: Found string system property [java.home]: /home/jason/.jdks/openjdk-16.0.2
nov. 01, 2021 4:51:12 PM com.distrimind.bouncycastle.jsse.provider.ProvTrustManagerFactorySpi getDefaultTrustStore
INFO: Initializing with trust store at path: /home/jason/.jdks/openjdk-16.0.2/lib/security/cacerts
nov. 01, 2021 4:51:12 PM com.distrimind.bouncycastle.jsse.provider.PropertyUtils getStringSystemProperty
INFO: Found string system property [java.home]: /home/jason/.jdks/openjdk-16.0.2
nov. 01, 2021 4:51:12 PM com.distrimind.bouncycastle.jsse.provider.ProvTrustManagerFactorySpi getDefaultTrustStore
INFO: Initializing with trust store at path: /home/jason/.jdks/openjdk-16.0.2/lib/security/cacerts
nov. 01, 2021 4:51:12 PM com.distrimind.bouncycastle.jsse.provider.PropertyUtils getStringSystemProperty
INFO: Found string system property [java.home]: /home/jason/.jdks/openjdk-16.0.2
nov. 01, 2021 4:51:12 PM com.distrimind.bouncycastle.jsse.provider.ProvTrustManagerFactorySpi getDefaultTrustStore
INFO: Initializing with trust store at path: /home/jason/.jdks/openjdk-16.0.2/lib/security/cacerts
nov. 01, 2021 4:51:12 PM com.distrimind.bouncycastle.jsse.provider.PropertyUtils getStringSystemProperty
INFO: Found string system property [java.home]: /home/jason/.jdks/openjdk-16.0.2
nov. 01, 2021 4:51:12 PM com.distrimind.bouncycastle.jsse.provider.ProvTrustManagerFactorySpi getDefaultTrustStore
INFO: Initializing with trust store at path: /home/jason/.jdks/openjdk-16.0.2/lib/security/cacerts
nov. 01, 2021 4:51:12 PM com.distrimind.bouncycastle.jsse.provider.PropertyUtils getStringSystemProperty
INFO: Found string system property [java.home]: /home/jason/.jdks/openjdk-16.0.2
nov. 01, 2021 4:51:12 PM com.distrimind.bouncycastle.jsse.provider.ProvTrustManagerFactorySpi getDefaultTrustStore
INFO: Initializing with trust store at path: /home/jason/.jdks/openjdk-16.0.2/lib/security/cacerts
nov. 01, 2021 4:51:12 PM com.distrimind.bouncycastle.jsse.provider.PropertyUtils getStringSystemProperty
INFO: Found string system property [java.home]: /home/jason/.jdks/openjdk-16.0.2
nov. 01, 2021 4:51:12 PM com.distrimind.bouncycastle.jsse.provider.ProvTrustManagerFactorySpi getDefaultTrustStore
INFO: Initializing with trust store at path: /home/jason/.jdks/openjdk-16.0.2/lib/security/cacerts
nov. 01, 2021 4:51:12 PM com.distrimind.bouncycastle.jsse.provider.PropertyUtils getStringSystemProperty
INFO: Found string system property [java.home]: /home/jason/.jdks/openjdk-16.0.2
nov. 01, 2021 4:51:12 PM com.distrimind.bouncycastle.jsse.provider.ProvTrustManagerFactorySpi getDefaultTrustStore
INFO: Initializing with trust store at path: /home/jason/.jdks/openjdk-16.0.2/lib/security/cacerts
nov. 01, 2021 4:51:12 PM com.distrimind.bouncycastle.jsse.provider.PropertyUtils getStringSystemProperty
INFO: Found string system property [java.home]: /home/jason/.jdks/openjdk-16.0.2
nov. 01, 2021 4:51:12 PM com.distrimind.bouncycastle.jsse.provider.ProvTrustManagerFactorySpi getDefaultTrustStore
INFO: Initializing with trust store at path: /home/jason/.jdks/openjdk-16.0.2/lib/security/cacerts
nov. 01, 2021 4:51:12 PM com.distrimind.bouncycastle.jsse.provider.PropertyUtils getStringSystemProperty
INFO: Found string system property [java.home]: /home/jason/.jdks/openjdk-16.0.2
nov. 01, 2021 4:51:12 PM com.distrimind.bouncycastle.jsse.provider.ProvTrustManagerFactorySpi getDefaultTrustStore
INFO: Initializing with trust store at path: /home/jason/.jdks/openjdk-16.0.2/lib/security/cacerts
nov. 01, 2021 4:51:12 PM com.distrimind.bouncycastle.jsse.provider.PropertyUtils getStringSystemProperty
INFO: Found string system property [java.home]: /home/jason/.jdks/openjdk-16.0.2
nov. 01, 2021 4:51:12 PM com.distrimind.bouncycastle.jsse.provider.ProvTrustManagerFactorySpi getDefaultTrustStore
INFO: Initializing with trust store at path: /home/jason/.jdks/openjdk-16.0.2/lib/security/cacerts
nov. 01, 2021 4:51:12 PM com.distrimind.bouncycastle.jsse.provider.PropertyUtils getStringSystemProperty
INFO: Found string system property [java.home]: /home/jason/.jdks/openjdk-16.0.2
nov. 01, 2021 4:51:12 PM com.distrimind.bouncycastle.jsse.provider.ProvTrustManagerFactorySpi getDefaultTrustStore
INFO: Initializing with trust store at path: /home/jason/.jdks/openjdk-16.0.2/lib/security/cacerts
nov. 01, 2021 4:51:12 PM com.distrimind.bouncycastle.jsse.provider.PropertyUtils getStringSystemProperty
INFO: Found string system property [java.home]: /home/jason/.jdks/openjdk-16.0.2
nov. 01, 2021 4:51:12 PM com.distrimind.bouncycastle.jsse.provider.ProvTrustManagerFactorySpi getDefaultTrustStore
INFO: Initializing with trust store at path: /home/jason/.jdks/openjdk-16.0.2/lib/security/cacerts
nov. 01, 2021 4:51:12 PM com.distrimind.bouncycastle.jsse.provider.PropertyUtils getStringSystemProperty
INFO: Found string system property [java.home]: /home/jason/.jdks/openjdk-16.0.2
nov. 01, 2021 4:51:12 PM com.distrimind.bouncycastle.jsse.provider.ProvTrustManagerFactorySpi getDefaultTrustStore
INFO: Initializing with trust store at path: /home/jason/.jdks/openjdk-16.0.2/lib/security/cacerts
nov. 01, 2021 4:51:12 PM com.distrimind.bouncycastle.jsse.provider.PropertyUtils getStringSystemProperty
INFO: Found string system property [java.home]: /home/jason/.jdks/openjdk-16.0.2
nov. 01, 2021 4:51:12 PM com.distrimind.bouncycastle.jsse.provider.ProvTrustManagerFactorySpi getDefaultTrustStore
INFO: Initializing with trust store at path: /home/jason/.jdks/openjdk-16.0.2/lib/security/cacerts
nov. 01, 2021 4:51:12 PM com.distrimind.bouncycastle.jsse.provider.PropertyUtils getStringSystemProperty
INFO: Found string system property [java.home]: /home/jason/.jdks/openjdk-16.0.2
nov. 01, 2021 4:51:12 PM com.distrimind.bouncycastle.jsse.provider.ProvTrustManagerFactorySpi getDefaultTrustStore
INFO: Initializing with trust store at path: /home/jason/.jdks/openjdk-16.0.2/lib/security/cacerts
nov. 01, 2021 4:51:12 PM com.distrimind.bouncycastle.jsse.provider.PropertyUtils getStringSystemProperty
INFO: Found string system property [java.home]: /home/jason/.jdks/openjdk-16.0.2
nov. 01, 2021 4:51:12 PM com.distrimind.bouncycastle.jsse.provider.ProvTrustManagerFactorySpi getDefaultTrustStore
INFO: Initializing with trust store at path: /home/jason/.jdks/openjdk-16.0.2/lib/security/cacerts
nov. 01, 2021 4:51:12 PM com.distrimind.bouncycastle.jsse.provider.PropertyUtils getStringSystemProperty
INFO: Found string system property [java.home]: /home/jason/.jdks/openjdk-16.0.2
nov. 01, 2021 4:51:12 PM com.distrimind.bouncycastle.jsse.provider.ProvTrustManagerFactorySpi getDefaultTrustStore
INFO: Initializing with trust store at path: /home/jason/.jdks/openjdk-16.0.2/lib/security/cacerts
nov. 01, 2021 4:51:12 PM com.distrimind.bouncycastle.jsse.provider.PropertyUtils getStringSystemProperty
INFO: Found string system property [java.home]: /home/jason/.jdks/openjdk-16.0.2
nov. 01, 2021 4:51:12 PM com.distrimind.bouncycastle.jsse.provider.ProvTrustManagerFactorySpi getDefaultTrustStore
INFO: Initializing with trust store at path: /home/jason/.jdks/openjdk-16.0.2/lib/security/cacerts
nov. 01, 2021 4:51:12 PM com.distrimind.bouncycastle.jsse.provider.PropertyUtils getStringSystemProperty
INFO: Found string system property [java.home]: /home/jason/.jdks/openjdk-16.0.2
nov. 01, 2021 4:51:12 PM com.distrimind.bouncycastle.jsse.provider.ProvTrustManagerFactorySpi getDefaultTrustStore
INFO: Initializing with trust store at path: /home/jason/.jdks/openjdk-16.0.2/lib/security/cacerts
nov. 01, 2021 4:51:12 PM com.distrimind.bouncycastle.jsse.provider.PropertyUtils getStringSystemProperty
INFO: Found string system property [java.home]: /home/jason/.jdks/openjdk-16.0.2
nov. 01, 2021 4:51:12 PM com.distrimind.bouncycastle.jsse.provider.ProvTrustManagerFactorySpi getDefaultTrustStore
INFO: Initializing with trust store at path: /home/jason/.jdks/openjdk-16.0.2/lib/security/cacerts
nov. 01, 2021 4:51:12 PM com.distrimind.bouncycastle.jsse.provider.PropertyUtils getStringSystemProperty
INFO: Found string system property [java.home]: /home/jason/.jdks/openjdk-16.0.2
nov. 01, 2021 4:51:12 PM com.distrimind.bouncycastle.jsse.provider.ProvTrustManagerFactorySpi getDefaultTrustStore
INFO: Initializing with trust store at path: /home/jason/.jdks/openjdk-16.0.2/lib/security/cacerts
nov. 01, 2021 4:51:12 PM com.distrimind.bouncycastle.jsse.provider.PropertyUtils getStringSystemProperty
INFO: Found string system property [java.home]: /home/jason/.jdks/openjdk-16.0.2
nov. 01, 2021 4:51:12 PM com.distrimind.bouncycastle.jsse.provider.ProvTrustManagerFactorySpi getDefaultTrustStore
INFO: Initializing with trust store at path: /home/jason/.jdks/openjdk-16.0.2/lib/security/cacerts
nov. 01, 2021 4:51:12 PM com.distrimind.bouncycastle.jsse.provider.PropertyUtils getStringSystemProperty
INFO: Found string system property [java.home]: /home/jason/.jdks/openjdk-16.0.2
nov. 01, 2021 4:51:12 PM com.distrimind.bouncycastle.jsse.provider.ProvTrustManagerFactorySpi getDefaultTrustStore
INFO: Initializing with trust store at path: /home/jason/.jdks/openjdk-16.0.2/lib/security/cacerts
nov. 01, 2021 4:51:12 PM com.distrimind.bouncycastle.jsse.provider.PropertyUtils getStringSystemProperty
INFO: Found string system property [java.home]: /home/jason/.jdks/openjdk-16.0.2
nov. 01, 2021 4:51:12 PM com.distrimind.bouncycastle.jsse.provider.ProvTrustManagerFactorySpi getDefaultTrustStore
INFO: Initializing with trust store at path: /home/jason/.jdks/openjdk-16.0.2/lib/security/cacerts
nov. 01, 2021 4:51:12 PM com.distrimind.bouncycastle.jsse.provider.PropertyUtils getStringSystemProperty
INFO: Found string system property [java.home]: /home/jason/.jdks/openjdk-16.0.2
nov. 01, 2021 4:51:12 PM com.distrimind.bouncycastle.jsse.provider.ProvTrustManagerFactorySpi getDefaultTrustStore
INFO: Initializing with trust store at path: /home/jason/.jdks/openjdk-16.0.2/lib/security/cacerts
nov. 01, 2021 4:51:12 PM com.distrimind.bouncycastle.jsse.provider.PropertyUtils getStringSystemProperty
INFO: Found string system property [java.home]: /home/jason/.jdks/openjdk-16.0.2
nov. 01, 2021 4:51:12 PM com.distrimind.bouncycastle.jsse.provider.ProvTrustManagerFactorySpi getDefaultTrustStore
INFO: Initializing with trust store at path: /home/jason/.jdks/openjdk-16.0.2/lib/security/cacerts
nov. 01, 2021 4:51:12 PM com.distrimind.bouncycastle.jsse.provider.PropertyUtils getStringSystemProperty
INFO: Found string system property [java.home]: /home/jason/.jdks/openjdk-16.0.2
nov. 01, 2021 4:51:12 PM com.distrimind.bouncycastle.jsse.provider.ProvTrustManagerFactorySpi getDefaultTrustStore
INFO: Initializing with trust store at path: /home/jason/.jdks/openjdk-16.0.2/lib/security/cacerts
nov. 01, 2021 4:51:13 PM com.distrimind.bouncycastle.jsse.provider.PropertyUtils getStringSystemProperty
INFO: Found string system property [java.home]: /home/jason/.jdks/openjdk-16.0.2
nov. 01, 2021 4:51:13 PM com.distrimind.bouncycastle.jsse.provider.ProvTrustManagerFactorySpi getDefaultTrustStore
INFO: Initializing with trust store at path: /home/jason/.jdks/openjdk-16.0.2/lib/security/cacerts
nov. 01, 2021 4:51:13 PM com.distrimind.bouncycastle.jsse.provider.PropertyUtils getStringSystemProperty
INFO: Found string system property [java.home]: /home/jason/.jdks/openjdk-16.0.2
nov. 01, 2021 4:51:13 PM com.distrimind.bouncycastle.jsse.provider.ProvTrustManagerFactorySpi getDefaultTrustStore
INFO: Initializing with trust store at path: /home/jason/.jdks/openjdk-16.0.2/lib/security/cacerts
nov. 01, 2021 4:51:13 PM com.distrimind.bouncycastle.jsse.provider.PropertyUtils getStringSystemProperty
INFO: Found string system property [java.home]: /home/jason/.jdks/openjdk-16.0.2
nov. 01, 2021 4:51:13 PM com.distrimind.bouncycastle.jsse.provider.ProvTrustManagerFactorySpi getDefaultTrustStore
INFO: Initializing with trust store at path: /home/jason/.jdks/openjdk-16.0.2/lib/security/cacerts
nov. 01, 2021 4:51:13 PM com.distrimind.bouncycastle.jsse.provider.PropertyUtils getStringSystemProperty
INFO: Found string system property [java.home]: /home/jason/.jdks/openjdk-16.0.2
nov. 01, 2021 4:51:13 PM com.distrimind.bouncycastle.jsse.provider.ProvTrustManagerFactorySpi getDefaultTrustStore
INFO: Initializing with trust store at path: /home/jason/.jdks/openjdk-16.0.2/lib/security/cacerts
nov. 01, 2021 4:51:13 PM com.distrimind.bouncycastle.jsse.provider.PropertyUtils getStringSystemProperty
INFO: Found string system property [java.home]: /home/jason/.jdks/openjdk-16.0.2
nov. 01, 2021 4:51:13 PM com.distrimind.bouncycastle.jsse.provider.ProvTrustManagerFactorySpi getDefaultTrustStore
INFO: Initializing with trust store at path: /home/jason/.jdks/openjdk-16.0.2/lib/security/cacerts
nov. 01, 2021 4:51:13 PM com.distrimind.bouncycastle.jsse.provider.PropertyUtils getStringSystemProperty
INFO: Found string system property [java.home]: /home/jason/.jdks/openjdk-16.0.2
nov. 01, 2021 4:51:13 PM com.distrimind.bouncycastle.jsse.provider.ProvTrustManagerFactorySpi getDefaultTrustStore
INFO: Initializing with trust store at path: /home/jason/.jdks/openjdk-16.0.2/lib/security/cacerts
nov. 01, 2021 4:51:13 PM com.distrimind.bouncycastle.jsse.provider.PropertyUtils getStringSystemProperty
INFO: Found string system property [java.home]: /home/jason/.jdks/openjdk-16.0.2
nov. 01, 2021 4:51:13 PM com.distrimind.bouncycastle.jsse.provider.ProvTrustManagerFactorySpi getDefaultTrustStore
INFO: Initializing with trust store at path: /home/jason/.jdks/openjdk-16.0.2/lib/security/cacerts
nov. 01, 2021 4:51:13 PM com.distrimind.bouncycastle.jsse.provider.PropertyUtils getStringSystemProperty
INFO: Found string system property [java.home]: /home/jason/.jdks/openjdk-16.0.2
nov. 01, 2021 4:51:13 PM com.distrimind.bouncycastle.jsse.provider.ProvTrustManagerFactorySpi getDefaultTrustStore
INFO: Initializing with trust store at path: /home/jason/.jdks/openjdk-16.0.2/lib/security/cacerts
nov. 01, 2021 4:51:13 PM com.distrimind.bouncycastle.jsse.provider.PropertyUtils getStringSystemProperty
INFO: Found string system property [java.home]: /home/jason/.jdks/openjdk-16.0.2
nov. 01, 2021 4:51:13 PM com.distrimind.bouncycastle.jsse.provider.ProvTrustManagerFactorySpi getDefaultTrustStore
INFO: Initializing with trust store at path: /home/jason/.jdks/openjdk-16.0.2/lib/security/cacerts
nov. 01, 2021 4:51:13 PM com.distrimind.bouncycastle.jsse.provider.PropertyUtils getStringSystemProperty
INFO: Found string system property [java.home]: /home/jason/.jdks/openjdk-16.0.2
nov. 01, 2021 4:51:13 PM com.distrimind.bouncycastle.jsse.provider.ProvTrustManagerFactorySpi getDefaultTrustStore
INFO: Initializing with trust store at path: /home/jason/.jdks/openjdk-16.0.2/lib/security/cacerts
nov. 01, 2021 4:51:13 PM com.distrimind.bouncycastle.jsse.provider.PropertyUtils getStringSystemProperty
INFO: Found string system property [java.home]: /home/jason/.jdks/openjdk-16.0.2
nov. 01, 2021 4:51:13 PM com.distrimind.bouncycastle.jsse.provider.ProvTrustManagerFactorySpi getDefaultTrustStore
INFO: Initializing with trust store at path: /home/jason/.jdks/openjdk-16.0.2/lib/security/cacerts
nov. 01, 2021 4:51:13 PM com.distrimind.bouncycastle.jsse.provider.PropertyUtils getStringSystemProperty
INFO: Found string system property [java.home]: /home/jason/.jdks/openjdk-16.0.2
nov. 01, 2021 4:51:13 PM com.distrimind.bouncycastle.jsse.provider.ProvTrustManagerFactorySpi getDefaultTrustStore
INFO: Initializing with trust store at path: /home/jason/.jdks/openjdk-16.0.2/lib/security/cacerts
nov. 01, 2021 4:51:13 PM com.distrimind.bouncycastle.jsse.provider.PropertyUtils getStringSystemProperty
INFO: Found string system property [java.home]: /home/jason/.jdks/openjdk-16.0.2
nov. 01, 2021 4:51:13 PM com.distrimind.bouncycastle.jsse.provider.ProvTrustManagerFactorySpi getDefaultTrustStore
INFO: Initializing with trust store at path: /home/jason/.jdks/openjdk-16.0.2/lib/security/cacerts
nov. 01, 2021 4:51:13 PM com.distrimind.bouncycastle.jsse.provider.PropertyUtils getStringSystemProperty
INFO: Found string system property [java.home]: /home/jason/.jdks/openjdk-16.0.2
nov. 01, 2021 4:51:13 PM com.distrimind.bouncycastle.jsse.provider.ProvTrustManagerFactorySpi getDefaultTrustStore
INFO: Initializing with trust store at path: /home/jason/.jdks/openjdk-16.0.2/lib/security/cacerts
nov. 01, 2021 4:51:13 PM com.distrimind.bouncycastle.jsse.provider.PropertyUtils getStringSystemProperty
INFO: Found string system property [java.home]: /home/jason/.jdks/openjdk-16.0.2
nov. 01, 2021 4:51:13 PM com.distrimind.bouncycastle.jsse.provider.ProvTrustManagerFactorySpi getDefaultTrustStore
INFO: Initializing with trust store at path: /home/jason/.jdks/openjdk-16.0.2/lib/security/cacerts
nov. 01, 2021 4:51:13 PM com.distrimind.bouncycastle.jsse.provider.PropertyUtils getStringSystemProperty
INFO: Found string system property [java.home]: /home/jason/.jdks/openjdk-16.0.2
nov. 01, 2021 4:51:13 PM com.distrimind.bouncycastle.jsse.provider.ProvTrustManagerFactorySpi getDefaultTrustStore
INFO: Initializing with trust store at path: /home/jason/.jdks/openjdk-16.0.2/lib/security/cacerts
nov. 01, 2021 4:51:13 PM com.distrimind.bouncycastle.jsse.provider.PropertyUtils getStringSystemProperty
INFO: Found string system property [java.home]: /home/jason/.jdks/openjdk-16.0.2
nov. 01, 2021 4:51:13 PM com.distrimind.bouncycastle.jsse.provider.ProvTrustManagerFactorySpi getDefaultTrustStore
INFO: Initializing with trust store at path: /home/jason/.jdks/openjdk-16.0.2/lib/security/cacerts
nov. 01, 2021 4:51:13 PM com.distrimind.bouncycastle.jsse.provider.PropertyUtils getStringSystemProperty
INFO: Found string system property [java.home]: /home/jason/.jdks/openjdk-16.0.2
nov. 01, 2021 4:51:13 PM com.distrimind.bouncycastle.jsse.provider.ProvTrustManagerFactorySpi getDefaultTrustStore
INFO: Initializing with trust store at path: /home/jason/.jdks/openjdk-16.0.2/lib/security/cacerts
nov. 01, 2021 4:51:13 PM com.distrimind.bouncycastle.jsse.provider.PropertyUtils getStringSystemProperty
INFO: Found string system property [java.home]: /home/jason/.jdks/openjdk-16.0.2
nov. 01, 2021 4:51:13 PM com.distrimind.bouncycastle.jsse.provider.ProvTrustManagerFactorySpi getDefaultTrustStore
INFO: Initializing with trust store at path: /home/jason/.jdks/openjdk-16.0.2/lib/security/cacerts
nov. 01, 2021 4:51:13 PM com.distrimind.bouncycastle.jsse.provider.PropertyUtils getStringSystemProperty
INFO: Found string system property [java.home]: /home/jason/.jdks/openjdk-16.0.2
nov. 01, 2021 4:51:13 PM com.distrimind.bouncycastle.jsse.provider.ProvTrustManagerFactorySpi getDefaultTrustStore
INFO: Initializing with trust store at path: /home/jason/.jdks/openjdk-16.0.2/lib/security/cacerts
nov. 01, 2021 4:51:13 PM com.distrimind.bouncycastle.jsse.provider.PropertyUtils getStringSystemProperty
INFO: Found string system property [java.home]: /home/jason/.jdks/openjdk-16.0.2
nov. 01, 2021 4:51:13 PM com.distrimind.bouncycastle.jsse.provider.ProvTrustManagerFactorySpi getDefaultTrustStore
INFO: Initializing with trust store at path: /home/jason/.jdks/openjdk-16.0.2/lib/security/cacerts
nov. 01, 2021 4:51:13 PM com.distrimind.bouncycastle.jsse.provider.PropertyUtils getStringSystemProperty
INFO: Found string system property [java.home]: /home/jason/.jdks/openjdk-16.0.2
nov. 01, 2021 4:51:13 PM com.distrimind.bouncycastle.jsse.provider.ProvTrustManagerFactorySpi getDefaultTrustStore
INFO: Initializing with trust store at path: /home/jason/.jdks/openjdk-16.0.2/lib/security/cacerts
nov. 01, 2021 4:51:13 PM com.distrimind.bouncycastle.jsse.provider.PropertyUtils getStringSystemProperty
INFO: Found string system property [java.home]: /home/jason/.jdks/openjdk-16.0.2
nov. 01, 2021 4:51:13 PM com.distrimind.bouncycastle.jsse.provider.ProvTrustManagerFactorySpi getDefaultTrustStore
INFO: Initializing with trust store at path: /home/jason/.jdks/openjdk-16.0.2/lib/security/cacerts
nov. 01, 2021 4:51:13 PM com.distrimind.bouncycastle.jsse.provider.PropertyUtils getStringSystemProperty
INFO: Found string system property [java.home]: /home/jason/.jdks/openjdk-16.0.2
nov. 01, 2021 4:51:13 PM com.distrimind.bouncycastle.jsse.provider.ProvTrustManagerFactorySpi getDefaultTrustStore
INFO: Initializing with trust store at path: /home/jason/.jdks/openjdk-16.0.2/lib/security/cacerts
nov. 01, 2021 4:51:13 PM com.distrimind.bouncycastle.jsse.provider.PropertyUtils getStringSystemProperty
INFO: Found string system property [java.home]: /home/jason/.jdks/openjdk-16.0.2
nov. 01, 2021 4:51:13 PM com.distrimind.bouncycastle.jsse.provider.ProvTrustManagerFactorySpi getDefaultTrustStore
INFO: Initializing with trust store at path: /home/jason/.jdks/openjdk-16.0.2/lib/security/cacerts
nov. 01, 2021 4:51:13 PM com.distrimind.bouncycastle.jsse.provider.PropertyUtils getStringSystemProperty
INFO: Found string system property [java.home]: /home/jason/.jdks/openjdk-16.0.2
nov. 01, 2021 4:51:13 PM com.distrimind.bouncycastle.jsse.provider.ProvTrustManagerFactorySpi getDefaultTrustStore
INFO: Initializing with trust store at path: /home/jason/.jdks/openjdk-16.0.2/lib/security/cacerts
nov. 01, 2021 4:51:13 PM com.distrimind.bouncycastle.jsse.provider.PropertyUtils getStringSystemProperty
INFO: Found string system property [java.home]: /home/jason/.jdks/openjdk-16.0.2
nov. 01, 2021 4:51:13 PM com.distrimind.bouncycastle.jsse.provider.ProvTrustManagerFactorySpi getDefaultTrustStore
INFO: Initializing with trust store at path: /home/jason/.jdks/openjdk-16.0.2/lib/security/cacerts
nov. 01, 2021 4:51:13 PM com.distrimind.bouncycastle.jsse.provider.PropertyUtils getStringSystemProperty
INFO: Found string system property [java.home]: /home/jason/.jdks/openjdk-16.0.2
nov. 01, 2021 4:51:13 PM com.distrimind.bouncycastle.jsse.provider.ProvTrustManagerFactorySpi getDefaultTrustStore
INFO: Initializing with trust store at path: /home/jason/.jdks/openjdk-16.0.2/lib/security/cacerts
nov. 01, 2021 4:51:13 PM com.distrimind.bouncycastle.jsse.provider.PropertyUtils getStringSystemProperty
INFO: Found string system property [java.home]: /home/jason/.jdks/openjdk-16.0.2
nov. 01, 2021 4:51:13 PM com.distrimind.bouncycastle.jsse.provider.ProvTrustManagerFactorySpi getDefaultTrustStore
INFO: Initializing with trust store at path: /home/jason/.jdks/openjdk-16.0.2/lib/security/cacerts
nov. 01, 2021 4:51:13 PM com.distrimind.bouncycastle.jsse.provider.PropertyUtils getStringSystemProperty
INFO: Found string system property [java.home]: /home/jason/.jdks/openjdk-16.0.2
nov. 01, 2021 4:51:13 PM com.distrimind.bouncycastle.jsse.provider.ProvTrustManagerFactorySpi getDefaultTrustStore
INFO: Initializing with trust store at path: /home/jason/.jdks/openjdk-16.0.2/lib/security/cacerts
nov. 01, 2021 4:51:13 PM com.distrimind.bouncycastle.jsse.provider.PropertyUtils getStringSystemProperty
INFO: Found string system property [java.home]: /home/jason/.jdks/openjdk-16.0.2
nov. 01, 2021 4:51:13 PM com.distrimind.bouncycastle.jsse.provider.ProvTrustManagerFactorySpi getDefaultTrustStore
INFO: Initializing with trust store at path: /home/jason/.jdks/openjdk-16.0.2/lib/security/cacerts
nov. 01, 2021 4:51:13 PM com.distrimind.bouncycastle.jsse.provider.PropertyUtils getStringSystemProperty
INFO: Found string system property [java.home]: /home/jason/.jdks/openjdk-16.0.2
nov. 01, 2021 4:51:13 PM com.distrimind.bouncycastle.jsse.provider.ProvTrustManagerFactorySpi getDefaultTrustStore
INFO: Initializing with trust store at path: /home/jason/.jdks/openjdk-16.0.2/lib/security/cacerts
nov. 01, 2021 4:51:13 PM com.distrimind.bouncycastle.jsse.provider.PropertyUtils getStringSystemProperty
INFO: Found string system property [java.home]: /home/jason/.jdks/openjdk-16.0.2
nov. 01, 2021 4:51:13 PM com.distrimind.bouncycastle.jsse.provider.ProvTrustManagerFactorySpi getDefaultTrustStore
INFO: Initializing with trust store at path: /home/jason/.jdks/openjdk-16.0.2/lib/security/cacerts
nov. 01, 2021 4:51:13 PM com.distrimind.bouncycastle.jsse.provider.PropertyUtils getStringSystemProperty
INFO: Found string system property [java.home]: /home/jason/.jdks/openjdk-16.0.2
nov. 01, 2021 4:51:13 PM com.distrimind.bouncycastle.jsse.provider.ProvTrustManagerFactorySpi getDefaultTrustStore
INFO: Initializing with trust store at path: /home/jason/.jdks/openjdk-16.0.2/lib/security/cacerts
nov. 01, 2021 4:51:13 PM com.distrimind.bouncycastle.jsse.provider.PropertyUtils getStringSystemProperty
INFO: Found string system property [java.home]: /home/jason/.jdks/openjdk-16.0.2
nov. 01, 2021 4:51:13 PM com.distrimind.bouncycastle.jsse.provider.ProvTrustManagerFactorySpi getDefaultTrustStore
INFO: Initializing with trust store at path: /home/jason/.jdks/openjdk-16.0.2/lib/security/cacerts
nov. 01, 2021 4:51:13 PM com.distrimind.bouncycastle.jsse.provider.PropertyUtils getStringSystemProperty
INFO: Found string system property [java.home]: /home/jason/.jdks/openjdk-16.0.2
nov. 01, 2021 4:51:13 PM com.distrimind.bouncycastle.jsse.provider.ProvTrustManagerFactorySpi getDefaultTrustStore
INFO: Initializing with trust store at path: /home/jason/.jdks/openjdk-16.0.2/lib/security/cacerts
nov. 01, 2021 4:51:13 PM com.distrimind.bouncycastle.jsse.provider.PropertyUtils getStringSystemProperty
INFO: Found string system property [java.home]: /home/jason/.jdks/openjdk-16.0.2
nov. 01, 2021 4:51:13 PM com.distrimind.bouncycastle.jsse.provider.ProvTrustManagerFactorySpi getDefaultTrustStore
INFO: Initializing with trust store at path: /home/jason/.jdks/openjdk-16.0.2/lib/security/cacerts
nov. 01, 2021 4:51:13 PM com.distrimind.bouncycastle.jsse.provider.PropertyUtils getStringSystemProperty
INFO: Found string system property [java.home]: /home/jason/.jdks/openjdk-16.0.2
nov. 01, 2021 4:51:13 PM com.distrimind.bouncycastle.jsse.provider.ProvTrustManagerFactorySpi getDefaultTrustStore
INFO: Initializing with trust store at path: /home/jason/.jdks/openjdk-16.0.2/lib/security/cacerts
nov. 01, 2021 4:51:13 PM com.distrimind.bouncycastle.jsse.provider.PropertyUtils getStringSystemProperty
INFO: Found string system property [java.home]: /home/jason/.jdks/openjdk-16.0.2
nov. 01, 2021 4:51:13 PM com.distrimind.bouncycastle.jsse.provider.ProvTrustManagerFactorySpi getDefaultTrustStore
INFO: Initializing with trust store at path: /home/jason/.jdks/openjdk-16.0.2/lib/security/cacerts
nov. 01, 2021 4:51:13 PM com.distrimind.bouncycastle.jsse.provider.PropertyUtils getStringSystemProperty
INFO: Found string system property [java.home]: /home/jason/.jdks/openjdk-16.0.2
nov. 01, 2021 4:51:13 PM com.distrimind.bouncycastle.jsse.provider.ProvTrustManagerFactorySpi getDefaultTrustStore
INFO: Initializing with trust store at path: /home/jason/.jdks/openjdk-16.0.2/lib/security/cacerts
nov. 01, 2021 4:51:13 PM com.distrimind.bouncycastle.jsse.provider.PropertyUtils getStringSystemProperty
INFO: Found string system property [java.home]: /home/jason/.jdks/openjdk-16.0.2
nov. 01, 2021 4:51:13 PM com.distrimind.bouncycastle.jsse.provider.ProvTrustManagerFactorySpi getDefaultTrustStore
INFO: Initializing with trust store at path: /home/jason/.jdks/openjdk-16.0.2/lib/security/cacerts
nov. 01, 2021 4:51:13 PM com.distrimind.bouncycastle.jsse.provider.PropertyUtils getStringSystemProperty
INFO: Found string system property [java.home]: /home/jason/.jdks/openjdk-16.0.2
nov. 01, 2021 4:51:13 PM com.distrimind.bouncycastle.jsse.provider.ProvTrustManagerFactorySpi getDefaultTrustStore
INFO: Initializing with trust store at path: /home/jason/.jdks/openjdk-16.0.2/lib/security/cacerts
nov. 01, 2021 4:51:13 PM com.distrimind.bouncycastle.jsse.provider.PropertyUtils getStringSystemProperty
INFO: Found string system property [java.home]: /home/jason/.jdks/openjdk-16.0.2
nov. 01, 2021 4:51:13 PM com.distrimind.bouncycastle.jsse.provider.ProvTrustManagerFactorySpi getDefaultTrustStore
INFO: Initializing with trust store at path: /home/jason/.jdks/openjdk-16.0.2/lib/security/cacerts
nov. 01, 2021 4:51:13 PM com.distrimind.bouncycastle.jsse.provider.PropertyUtils getStringSystemProperty
INFO: Found string system property [java.home]: /home/jason/.jdks/openjdk-16.0.2
nov. 01, 2021 4:51:13 PM com.distrimind.bouncycastle.jsse.provider.ProvTrustManagerFactorySpi getDefaultTrustStore
INFO: Initializing with trust store at path: /home/jason/.jdks/openjdk-16.0.2/lib/security/cacerts
nov. 01, 2021 4:51:13 PM com.distrimind.bouncycastle.jsse.provider.PropertyUtils getStringSystemProperty
INFO: Found string system property [java.home]: /home/jason/.jdks/openjdk-16.0.2
nov. 01, 2021 4:51:13 PM com.distrimind.bouncycastle.jsse.provider.ProvTrustManagerFactorySpi getDefaultTrustStore
INFO: Initializing with trust store at path: /home/jason/.jdks/openjdk-16.0.2/lib/security/cacerts
nov. 01, 2021 4:51:13 PM com.distrimind.bouncycastle.jsse.provider.PropertyUtils getStringSystemProperty
INFO: Found string system property [java.home]: /home/jason/.jdks/openjdk-16.0.2
nov. 01, 2021 4:51:13 PM com.distrimind.bouncycastle.jsse.provider.ProvTrustManagerFactorySpi getDefaultTrustStore
INFO: Initializing with trust store at path: /home/jason/.jdks/openjdk-16.0.2/lib/security/cacerts
nov. 01, 2021 4:51:13 PM com.distrimind.bouncycastle.jsse.provider.PropertyUtils getStringSystemProperty
INFO: Found string system property [java.home]: /home/jason/.jdks/openjdk-16.0.2
nov. 01, 2021 4:51:13 PM com.distrimind.bouncycastle.jsse.provider.ProvTrustManagerFactorySpi getDefaultTrustStore
INFO: Initializing with trust store at path: /home/jason/.jdks/openjdk-16.0.2/lib/security/cacerts
nov. 01, 2021 4:51:13 PM com.distrimind.bouncycastle.jsse.provider.PropertyUtils getStringSystemProperty
INFO: Found string system property [java.home]: /home/jason/.jdks/openjdk-16.0.2
nov. 01, 2021 4:51:13 PM com.distrimind.bouncycastle.jsse.provider.ProvTrustManagerFactorySpi getDefaultTrustStore
INFO: Initializing with trust store at path: /home/jason/.jdks/openjdk-16.0.2/lib/security/cacerts
nov. 01, 2021 4:51:13 PM com.distrimind.bouncycastle.jsse.provider.PropertyUtils getStringSystemProperty
INFO: Found string system property [java.home]: /home/jason/.jdks/openjdk-16.0.2
nov. 01, 2021 4:51:13 PM com.distrimind.bouncycastle.jsse.provider.ProvTrustManagerFactorySpi getDefaultTrustStore
INFO: Initializing with trust store at path: /home/jason/.jdks/openjdk-16.0.2/lib/security/cacerts
nov. 01, 2021 4:51:13 PM com.distrimind.bouncycastle.jsse.provider.PropertyUtils getStringSystemProperty
INFO: Found string system property [java.home]: /home/jason/.jdks/openjdk-16.0.2
nov. 01, 2021 4:51:13 PM com.distrimind.bouncycastle.jsse.provider.ProvTrustManagerFactorySpi getDefaultTrustStore
INFO: Initializing with trust store at path: /home/jason/.jdks/openjdk-16.0.2/lib/security/cacerts
nov. 01, 2021 4:51:13 PM com.distrimind.bouncycastle.jsse.provider.PropertyUtils getStringSystemProperty
INFO: Found string system property [java.home]: /home/jason/.jdks/openjdk-16.0.2
nov. 01, 2021 4:51:13 PM com.distrimind.bouncycastle.jsse.provider.ProvTrustManagerFactorySpi getDefaultTrustStore
INFO: Initializing with trust store at path: /home/jason/.jdks/openjdk-16.0.2/lib/security/cacerts
]]></system-err>
</testsuite>
