<?xml version="1.0" encoding="UTF-8"?>
<testsuite name="com.distrimind.bouncycastle.jsse.provider.test.SSLSocketTest" tests="4" skipped="0" failures="0" errors="0" timestamp="2021-11-01T15:51:09" hostname="basic" time="0.017">
  <properties/>
  <testcase name="test_setOOBInline" classname="com.distrimind.bouncycastle.jsse.provider.test.SSLSocketTest" time="0.003"/>
  <testcase name="test_getChannel" classname="com.distrimind.bouncycastle.jsse.provider.test.SSLSocketTest" time="0.001"/>
  <testcase name="test_sendUrgentData" classname="com.distrimind.bouncycastle.jsse.provider.test.SSLSocketTest" time="0.011"/>
  <testcase name="test_getOOBInline" classname="com.distrimind.bouncycastle.jsse.provider.test.SSLSocketTest" time="0.001"/>
  <system-out><![CDATA[]]></system-out>
  <system-err><![CDATA[]]></system-err>
</testsuite>
