<?xml version="1.0" encoding="UTF-8"?>
<testsuite name="com.distrimind.bouncycastle.jsse.provider.test.BasicTlsTest" tests="3" skipped="0" failures="0" errors="0" timestamp="2021-11-01T15:51:08" hostname="basic" time="0.123">
  <properties/>
  <testcase name="testBasicTlsConnection" classname="com.distrimind.bouncycastle.jsse.provider.test.BasicTlsTest" time="0.084"/>
  <testcase name="testNullRandomJsseInit" classname="com.distrimind.bouncycastle.jsse.provider.test.BasicTlsTest" time="0.006"/>
  <testcase name="testBasicTlsConnectionLayered" classname="com.distrimind.bouncycastle.jsse.provider.test.BasicTlsTest" time="0.031"/>
  <system-out><![CDATA[]]></system-out>
  <system-err><![CDATA[]]></system-err>
</testsuite>
