<?xml version="1.0" encoding="UTF-8"?>
<testsuite name="com.distrimind.bouncycastle.jsse.provider.test.ECDSACredentialsTest" tests="12" skipped="0" failures="0" errors="0" timestamp="2021-11-01T15:51:08" hostname="basic" time="0.546">
  <properties/>
  <testcase name="test13_secp256r1" classname="com.distrimind.bouncycastle.jsse.provider.test.ECDSACredentialsTest" time="0.032"/>
  <testcase name="test13_secp384r1" classname="com.distrimind.bouncycastle.jsse.provider.test.ECDSACredentialsTest" time="0.048"/>
  <testcase name="test13_secp521r1" classname="com.distrimind.bouncycastle.jsse.provider.test.ECDSACredentialsTest" time="0.065"/>
  <testcase name="test12_brainpoolP256r1" classname="com.distrimind.bouncycastle.jsse.provider.test.ECDSACredentialsTest" time="0.04"/>
  <testcase name="test12_brainpoolP384r1" classname="com.distrimind.bouncycastle.jsse.provider.test.ECDSACredentialsTest" time="0.058"/>
  <testcase name="test12_brainpoolP512r1" classname="com.distrimind.bouncycastle.jsse.provider.test.ECDSACredentialsTest" time="0.079"/>
  <testcase name="test12_secp256r1" classname="com.distrimind.bouncycastle.jsse.provider.test.ECDSACredentialsTest" time="0.023"/>
  <testcase name="test12_secp384r1" classname="com.distrimind.bouncycastle.jsse.provider.test.ECDSACredentialsTest" time="0.032"/>
  <testcase name="test12_secp521r1" classname="com.distrimind.bouncycastle.jsse.provider.test.ECDSACredentialsTest" time="0.032"/>
  <testcase name="test13_brainpoolP384r1tls13" classname="com.distrimind.bouncycastle.jsse.provider.test.ECDSACredentialsTest" time="0.047"/>
  <testcase name="test13_brainpoolP512r1tls13" classname="com.distrimind.bouncycastle.jsse.provider.test.ECDSACredentialsTest" time="0.055"/>
  <testcase name="test13_brainpoolP256r1tls13" classname="com.distrimind.bouncycastle.jsse.provider.test.ECDSACredentialsTest" time="0.034"/>
  <system-out><![CDATA[]]></system-out>
  <system-err><![CDATA[nov. 01, 2021 4:51:08 PM com.distrimind.bouncycastle.jsse.provider.PropertyUtils getStringSystemProperty
INFO: Found string system property [jdk.tls.namedGroups]: secp256r1,secp384r1,secp521r1,brainpoolP256r1tls13,brainpoolP384r1tls13,brainpoolP512r1tls13,brainpoolP256r1,brainpoolP384r1,brainpoolP512r1
nov. 01, 2021 4:51:08 PM com.distrimind.bouncycastle.jsse.provider.PropertyUtils getStringSystemProperty
INFO: Found string system property [jdk.tls.namedGroups]: secp256r1,secp384r1,secp521r1,brainpoolP256r1tls13,brainpoolP384r1tls13,brainpoolP512r1tls13,brainpoolP256r1,brainpoolP384r1,brainpoolP512r1
nov. 01, 2021 4:51:08 PM com.distrimind.bouncycastle.jsse.provider.PropertyUtils getStringSystemProperty
INFO: Found string system property [jdk.tls.namedGroups]: secp256r1,secp384r1,secp521r1,brainpoolP256r1tls13,brainpoolP384r1tls13,brainpoolP512r1tls13,brainpoolP256r1,brainpoolP384r1,brainpoolP512r1
nov. 01, 2021 4:51:08 PM com.distrimind.bouncycastle.jsse.provider.PropertyUtils getStringSystemProperty
INFO: Found string system property [jdk.tls.namedGroups]: secp256r1,secp384r1,secp521r1,brainpoolP256r1tls13,brainpoolP384r1tls13,brainpoolP512r1tls13,brainpoolP256r1,brainpoolP384r1,brainpoolP512r1
nov. 01, 2021 4:51:08 PM com.distrimind.bouncycastle.jsse.provider.PropertyUtils getStringSystemProperty
INFO: Found string system property [jdk.tls.namedGroups]: secp256r1,secp384r1,secp521r1,brainpoolP256r1tls13,brainpoolP384r1tls13,brainpoolP512r1tls13,brainpoolP256r1,brainpoolP384r1,brainpoolP512r1
nov. 01, 2021 4:51:08 PM com.distrimind.bouncycastle.jsse.provider.PropertyUtils getStringSystemProperty
INFO: Found string system property [jdk.tls.namedGroups]: secp256r1,secp384r1,secp521r1,brainpoolP256r1tls13,brainpoolP384r1tls13,brainpoolP512r1tls13,brainpoolP256r1,brainpoolP384r1,brainpoolP512r1
nov. 01, 2021 4:51:08 PM com.distrimind.bouncycastle.jsse.provider.PropertyUtils getStringSystemProperty
INFO: Found string system property [jdk.tls.namedGroups]: secp256r1,secp384r1,secp521r1,brainpoolP256r1tls13,brainpoolP384r1tls13,brainpoolP512r1tls13,brainpoolP256r1,brainpoolP384r1,brainpoolP512r1
nov. 01, 2021 4:51:08 PM com.distrimind.bouncycastle.jsse.provider.PropertyUtils getStringSystemProperty
INFO: Found string system property [jdk.tls.namedGroups]: secp256r1,secp384r1,secp521r1,brainpoolP256r1tls13,brainpoolP384r1tls13,brainpoolP512r1tls13,brainpoolP256r1,brainpoolP384r1,brainpoolP512r1
nov. 01, 2021 4:51:08 PM com.distrimind.bouncycastle.jsse.provider.PropertyUtils getStringSystemProperty
INFO: Found string system property [jdk.tls.namedGroups]: secp256r1,secp384r1,secp521r1,brainpoolP256r1tls13,brainpoolP384r1tls13,brainpoolP512r1tls13,brainpoolP256r1,brainpoolP384r1,brainpoolP512r1
nov. 01, 2021 4:51:08 PM com.distrimind.bouncycastle.jsse.provider.PropertyUtils getStringSystemProperty
INFO: Found string system property [jdk.tls.namedGroups]: secp256r1,secp384r1,secp521r1,brainpoolP256r1tls13,brainpoolP384r1tls13,brainpoolP512r1tls13,brainpoolP256r1,brainpoolP384r1,brainpoolP512r1
nov. 01, 2021 4:51:08 PM com.distrimind.bouncycastle.jsse.provider.PropertyUtils getStringSystemProperty
INFO: Found string system property [jdk.tls.namedGroups]: secp256r1,secp384r1,secp521r1,brainpoolP256r1tls13,brainpoolP384r1tls13,brainpoolP512r1tls13,brainpoolP256r1,brainpoolP384r1,brainpoolP512r1
nov. 01, 2021 4:51:08 PM com.distrimind.bouncycastle.jsse.provider.PropertyUtils getStringSystemProperty
INFO: Found string system property [jdk.tls.namedGroups]: secp256r1,secp384r1,secp521r1,brainpoolP256r1tls13,brainpoolP384r1tls13,brainpoolP512r1tls13,brainpoolP256r1,brainpoolP384r1,brainpoolP512r1
nov. 01, 2021 4:51:08 PM com.distrimind.bouncycastle.jsse.provider.PropertyUtils getStringSystemProperty
INFO: Found string system property [jdk.tls.namedGroups]: secp256r1,secp384r1,secp521r1,brainpoolP256r1tls13,brainpoolP384r1tls13,brainpoolP512r1tls13,brainpoolP256r1,brainpoolP384r1,brainpoolP512r1
nov. 01, 2021 4:51:08 PM com.distrimind.bouncycastle.jsse.provider.PropertyUtils getStringSystemProperty
INFO: Found string system property [jdk.tls.namedGroups]: secp256r1,secp384r1,secp521r1,brainpoolP256r1tls13,brainpoolP384r1tls13,brainpoolP512r1tls13,brainpoolP256r1,brainpoolP384r1,brainpoolP512r1
nov. 01, 2021 4:51:08 PM com.distrimind.bouncycastle.jsse.provider.PropertyUtils getStringSystemProperty
INFO: Found string system property [jdk.tls.namedGroups]: secp256r1,secp384r1,secp521r1,brainpoolP256r1tls13,brainpoolP384r1tls13,brainpoolP512r1tls13,brainpoolP256r1,brainpoolP384r1,brainpoolP512r1
nov. 01, 2021 4:51:08 PM com.distrimind.bouncycastle.jsse.provider.PropertyUtils getStringSystemProperty
INFO: Found string system property [jdk.tls.namedGroups]: secp256r1,secp384r1,secp521r1,brainpoolP256r1tls13,brainpoolP384r1tls13,brainpoolP512r1tls13,brainpoolP256r1,brainpoolP384r1,brainpoolP512r1
nov. 01, 2021 4:51:08 PM com.distrimind.bouncycastle.jsse.provider.PropertyUtils getStringSystemProperty
INFO: Found string system property [jdk.tls.namedGroups]: secp256r1,secp384r1,secp521r1,brainpoolP256r1tls13,brainpoolP384r1tls13,brainpoolP512r1tls13,brainpoolP256r1,brainpoolP384r1,brainpoolP512r1
nov. 01, 2021 4:51:08 PM com.distrimind.bouncycastle.jsse.provider.PropertyUtils getStringSystemProperty
INFO: Found string system property [jdk.tls.namedGroups]: secp256r1,secp384r1,secp521r1,brainpoolP256r1tls13,brainpoolP384r1tls13,brainpoolP512r1tls13,brainpoolP256r1,brainpoolP384r1,brainpoolP512r1
nov. 01, 2021 4:51:08 PM com.distrimind.bouncycastle.jsse.provider.PropertyUtils getStringSystemProperty
INFO: Found string system property [jdk.tls.namedGroups]: secp256r1,secp384r1,secp521r1,brainpoolP256r1tls13,brainpoolP384r1tls13,brainpoolP512r1tls13,brainpoolP256r1,brainpoolP384r1,brainpoolP512r1
nov. 01, 2021 4:51:08 PM com.distrimind.bouncycastle.jsse.provider.PropertyUtils getStringSystemProperty
INFO: Found string system property [jdk.tls.namedGroups]: secp256r1,secp384r1,secp521r1,brainpoolP256r1tls13,brainpoolP384r1tls13,brainpoolP512r1tls13,brainpoolP256r1,brainpoolP384r1,brainpoolP512r1
nov. 01, 2021 4:51:09 PM com.distrimind.bouncycastle.jsse.provider.PropertyUtils getStringSystemProperty
INFO: Found string system property [jdk.tls.namedGroups]: secp256r1,secp384r1,secp521r1,brainpoolP256r1tls13,brainpoolP384r1tls13,brainpoolP512r1tls13,brainpoolP256r1,brainpoolP384r1,brainpoolP512r1
nov. 01, 2021 4:51:09 PM com.distrimind.bouncycastle.jsse.provider.PropertyUtils getStringSystemProperty
INFO: Found string system property [jdk.tls.namedGroups]: secp256r1,secp384r1,secp521r1,brainpoolP256r1tls13,brainpoolP384r1tls13,brainpoolP512r1tls13,brainpoolP256r1,brainpoolP384r1,brainpoolP512r1
nov. 01, 2021 4:51:09 PM com.distrimind.bouncycastle.jsse.provider.PropertyUtils getStringSystemProperty
INFO: Found string system property [jdk.tls.namedGroups]: secp256r1,secp384r1,secp521r1,brainpoolP256r1tls13,brainpoolP384r1tls13,brainpoolP512r1tls13,brainpoolP256r1,brainpoolP384r1,brainpoolP512r1
nov. 01, 2021 4:51:09 PM com.distrimind.bouncycastle.jsse.provider.PropertyUtils getStringSystemProperty
INFO: Found string system property [jdk.tls.namedGroups]: secp256r1,secp384r1,secp521r1,brainpoolP256r1tls13,brainpoolP384r1tls13,brainpoolP512r1tls13,brainpoolP256r1,brainpoolP384r1,brainpoolP512r1
]]></system-err>
</testsuite>
