<?xml version="1.0" encoding="UTF-8"?>
<testsuite name="com.distrimind.bouncycastle.jsse.provider.test.KeyManagerFactoryTest" tests="5" skipped="0" failures="0" errors="0" timestamp="2021-11-01T15:51:09" hostname="basic" time="0.388">
  <properties/>
  <testcase name="testBasicRSA" classname="com.distrimind.bouncycastle.jsse.provider.test.KeyManagerFactoryTest" time="0.054"/>
  <testcase name="testBasicEC" classname="com.distrimind.bouncycastle.jsse.provider.test.KeyManagerFactoryTest" time="0.006"/>
  <testcase name="testRSAServerTrustEE" classname="com.distrimind.bouncycastle.jsse.provider.test.KeyManagerFactoryTest" time="0.101"/>
  <testcase name="testRSAServer" classname="com.distrimind.bouncycastle.jsse.provider.test.KeyManagerFactoryTest" time="0.07"/>
  <testcase name="testRSAServerWithClientAuth" classname="com.distrimind.bouncycastle.jsse.provider.test.KeyManagerFactoryTest" time="0.157"/>
  <system-out><![CDATA[]]></system-out>
  <system-err><![CDATA[]]></system-err>
</testsuite>
