<?xml version="1.0" encoding="UTF-8"?>
<testsuite name="com.distrimind.bouncycastle.jsse.provider.test.SSLServerSocketTest" tests="1" skipped="0" failures="0" errors="0" timestamp="2021-11-01T15:51:09" hostname="basic" time="0.002">
  <properties/>
  <testcase name="test_getChannel" classname="com.distrimind.bouncycastle.jsse.provider.test.SSLServerSocketTest" time="0.002"/>
  <system-out><![CDATA[]]></system-out>
  <system-err><![CDATA[]]></system-err>
</testsuite>
