<?xml version="1.0" encoding="UTF-8"?>
<testsuite name="com.distrimind.bouncycastle.jsse.provider.test.CipherSuitesTestCase" tests="130" skipped="0" failures="1" errors="0" timestamp="2021-11-01T15:51:09" hostname="basic" time="3.194">
  <properties/>
  <testcase name="TLSv1.2 : TLS_DHE_DSS_WITH_AES_128_CBC_SHA" classname="com.distrimind.bouncycastle.jsse.provider.test.CipherSuitesTestCase" time="0.028"/>
  <testcase name="TLSv1.2 : TLS_DHE_DSS_WITH_AES_128_CBC_SHA256" classname="com.distrimind.bouncycastle.jsse.provider.test.CipherSuitesTestCase" time="0.019"/>
  <testcase name="TLSv1.2 : TLS_DHE_DSS_WITH_AES_128_GCM_SHA256" classname="com.distrimind.bouncycastle.jsse.provider.test.CipherSuitesTestCase" time="0.017"/>
  <testcase name="TLSv1.2 : TLS_DHE_DSS_WITH_AES_256_CBC_SHA" classname="com.distrimind.bouncycastle.jsse.provider.test.CipherSuitesTestCase" time="0.017"/>
  <testcase name="TLSv1.2 : TLS_DHE_DSS_WITH_AES_256_CBC_SHA256" classname="com.distrimind.bouncycastle.jsse.provider.test.CipherSuitesTestCase" time="0.016"/>
  <testcase name="TLSv1.2 : TLS_DHE_DSS_WITH_AES_256_GCM_SHA384" classname="com.distrimind.bouncycastle.jsse.provider.test.CipherSuitesTestCase" time="0.021"/>
  <testcase name="TLSv1.2 : TLS_DHE_DSS_WITH_ARIA_128_CBC_SHA256" classname="com.distrimind.bouncycastle.jsse.provider.test.CipherSuitesTestCase" time="0.023">
    <failure message="junit.framework.AssertionFailedError: Expected: &lt;null&gt; but was: java.net.BindException: Adresse déjà utilisée" type="junit.framework.AssertionFailedError">junit.framework.AssertionFailedError: Expected: &lt;null&gt; but was: java.net.BindException: Adresse déjà utilisée
	at junit.framework.Assert.fail(Assert.java:57)
	at junit.framework.Assert.assertTrue(Assert.java:22)
	at junit.framework.Assert.assertNull(Assert.java:277)
	at junit.framework.Assert.assertNull(Assert.java:268)
	at junit.framework.TestCase.assertNull(TestCase.java:410)
	at com.distrimind.bouncycastle.jsse.provider.test.TestProtocolUtil.runClientAndServer(TestProtocolUtil.java:68)
	at com.distrimind.bouncycastle.jsse.provider.test.CipherSuitesTestCase.runTestConnection(CipherSuitesTestCase.java:85)
	at com.distrimind.bouncycastle.jsse.provider.test.CipherSuitesTestCase.runTest(CipherSuitesTestCase.java:76)
	at junit.framework.TestCase.runBare(TestCase.java:142)
	at junit.framework.TestResult$1.protect(TestResult.java:122)
	at junit.framework.TestResult.runProtected(TestResult.java:142)
	at junit.framework.TestResult.run(TestResult.java:125)
	at junit.framework.TestCase.run(TestCase.java:130)
	at junit.framework.TestSuite.runTest(TestSuite.java:241)
	at junit.framework.TestSuite.run(TestSuite.java:236)
	at junit.framework.TestSuite.runTest(TestSuite.java:241)
	at junit.framework.TestSuite.run(TestSuite.java:236)
	at junit.extensions.TestDecorator.basicRun(TestDecorator.java:24)
	at junit.extensions.TestSetup$1.protect(TestSetup.java:23)
	at junit.framework.TestResult.runProtected(TestResult.java:142)
	at junit.extensions.TestSetup.run(TestSetup.java:27)
	at org.junit.internal.runners.JUnit38ClassRunner.run(JUnit38ClassRunner.java:90)
	at org.gradle.api.internal.tasks.testing.junit.JUnitTestClassExecutor.runTestClass(JUnitTestClassExecutor.java:110)
	at org.gradle.api.internal.tasks.testing.junit.JUnitTestClassExecutor.execute(JUnitTestClassExecutor.java:58)
	at org.gradle.api.internal.tasks.testing.junit.JUnitTestClassExecutor.execute(JUnitTestClassExecutor.java:38)
	at org.gradle.api.internal.tasks.testing.junit.AbstractJUnitTestClassProcessor.processTestClass(AbstractJUnitTestClassProcessor.java:62)
	at org.gradle.api.internal.tasks.testing.SuiteTestClassProcessor.processTestClass(SuiteTestClassProcessor.java:51)
	at java.base/jdk.internal.reflect.NativeMethodAccessorImpl.invoke0(Native Method)
	at java.base/jdk.internal.reflect.NativeMethodAccessorImpl.invoke(NativeMethodAccessorImpl.java:78)
	at java.base/jdk.internal.reflect.DelegatingMethodAccessorImpl.invoke(DelegatingMethodAccessorImpl.java:43)
	at java.base/java.lang.reflect.Method.invoke(Method.java:567)
	at org.gradle.internal.dispatch.ReflectionDispatch.dispatch(ReflectionDispatch.java:36)
	at org.gradle.internal.dispatch.ReflectionDispatch.dispatch(ReflectionDispatch.java:24)
	at org.gradle.internal.dispatch.ContextClassLoaderDispatch.dispatch(ContextClassLoaderDispatch.java:33)
	at org.gradle.internal.dispatch.ProxyDispatchAdapter$DispatchingInvocationHandler.invoke(ProxyDispatchAdapter.java:94)
	at jdk.proxy1/jdk.proxy1.$Proxy2.processTestClass(Unknown Source)
	at org.gradle.api.internal.tasks.testing.worker.TestWorker$2.run(TestWorker.java:176)
	at org.gradle.api.internal.tasks.testing.worker.TestWorker.executeAndMaintainThreadName(TestWorker.java:129)
	at org.gradle.api.internal.tasks.testing.worker.TestWorker.execute(TestWorker.java:100)
	at org.gradle.api.internal.tasks.testing.worker.TestWorker.execute(TestWorker.java:60)
	at org.gradle.process.internal.worker.child.ActionExecutionWorker.execute(ActionExecutionWorker.java:56)
	at org.gradle.process.internal.worker.child.SystemApplicationClassLoaderWorker.call(SystemApplicationClassLoaderWorker.java:133)
	at org.gradle.process.internal.worker.child.SystemApplicationClassLoaderWorker.call(SystemApplicationClassLoaderWorker.java:71)
	at worker.org.gradle.process.internal.worker.GradleWorkerMain.run(GradleWorkerMain.java:69)
	at worker.org.gradle.process.internal.worker.GradleWorkerMain.main(GradleWorkerMain.java:74)
</failure>
  </testcase>
  <testcase name="TLSv1.2 : TLS_DHE_DSS_WITH_ARIA_128_GCM_SHA256" classname="com.distrimind.bouncycastle.jsse.provider.test.CipherSuitesTestCase" time="0.023"/>
  <testcase name="TLSv1.2 : TLS_DHE_DSS_WITH_ARIA_256_CBC_SHA384" classname="com.distrimind.bouncycastle.jsse.provider.test.CipherSuitesTestCase" time="0.022"/>
  <testcase name="TLSv1.2 : TLS_DHE_DSS_WITH_ARIA_256_GCM_SHA384" classname="com.distrimind.bouncycastle.jsse.provider.test.CipherSuitesTestCase" time="0.022"/>
  <testcase name="TLSv1.2 : TLS_DHE_DSS_WITH_CAMELLIA_128_CBC_SHA" classname="com.distrimind.bouncycastle.jsse.provider.test.CipherSuitesTestCase" time="0.02"/>
  <testcase name="TLSv1.2 : TLS_DHE_DSS_WITH_CAMELLIA_128_CBC_SHA256" classname="com.distrimind.bouncycastle.jsse.provider.test.CipherSuitesTestCase" time="0.02"/>
  <testcase name="TLSv1.2 : TLS_DHE_DSS_WITH_CAMELLIA_128_GCM_SHA256" classname="com.distrimind.bouncycastle.jsse.provider.test.CipherSuitesTestCase" time="0.018"/>
  <testcase name="TLSv1.2 : TLS_DHE_DSS_WITH_CAMELLIA_256_CBC_SHA" classname="com.distrimind.bouncycastle.jsse.provider.test.CipherSuitesTestCase" time="0.017"/>
  <testcase name="TLSv1.2 : TLS_DHE_DSS_WITH_CAMELLIA_256_CBC_SHA256" classname="com.distrimind.bouncycastle.jsse.provider.test.CipherSuitesTestCase" time="0.015"/>
  <testcase name="TLSv1.2 : TLS_DHE_DSS_WITH_CAMELLIA_256_GCM_SHA384" classname="com.distrimind.bouncycastle.jsse.provider.test.CipherSuitesTestCase" time="0.018"/>
  <testcase name="TLSv1.2 : TLS_DHE_RSA_WITH_AES_128_CBC_SHA" classname="com.distrimind.bouncycastle.jsse.provider.test.CipherSuitesTestCase" time="0.014"/>
  <testcase name="TLSv1.2 : TLS_DHE_RSA_WITH_AES_128_CBC_SHA256" classname="com.distrimind.bouncycastle.jsse.provider.test.CipherSuitesTestCase" time="0.018"/>
  <testcase name="TLSv1.2 : TLS_DHE_RSA_WITH_AES_128_CCM" classname="com.distrimind.bouncycastle.jsse.provider.test.CipherSuitesTestCase" time="0.019"/>
  <testcase name="TLSv1.2 : TLS_DHE_RSA_WITH_AES_128_CCM_8" classname="com.distrimind.bouncycastle.jsse.provider.test.CipherSuitesTestCase" time="0.017"/>
  <testcase name="TLSv1.2 : TLS_DHE_RSA_WITH_AES_128_GCM_SHA256" classname="com.distrimind.bouncycastle.jsse.provider.test.CipherSuitesTestCase" time="0.016"/>
  <testcase name="TLSv1.2 : TLS_DHE_RSA_WITH_AES_256_CBC_SHA" classname="com.distrimind.bouncycastle.jsse.provider.test.CipherSuitesTestCase" time="0.016"/>
  <testcase name="TLSv1.2 : TLS_DHE_RSA_WITH_AES_256_CBC_SHA256" classname="com.distrimind.bouncycastle.jsse.provider.test.CipherSuitesTestCase" time="0.021"/>
  <testcase name="TLSv1.2 : TLS_DHE_RSA_WITH_AES_256_CCM" classname="com.distrimind.bouncycastle.jsse.provider.test.CipherSuitesTestCase" time="0.021"/>
  <testcase name="TLSv1.2 : TLS_DHE_RSA_WITH_AES_256_CCM_8" classname="com.distrimind.bouncycastle.jsse.provider.test.CipherSuitesTestCase" time="0.016"/>
  <testcase name="TLSv1.2 : TLS_DHE_RSA_WITH_AES_256_GCM_SHA384" classname="com.distrimind.bouncycastle.jsse.provider.test.CipherSuitesTestCase" time="0.016"/>
  <testcase name="TLSv1.2 : TLS_DHE_RSA_WITH_ARIA_128_CBC_SHA256" classname="com.distrimind.bouncycastle.jsse.provider.test.CipherSuitesTestCase" time="0.018"/>
  <testcase name="TLSv1.2 : TLS_DHE_RSA_WITH_ARIA_128_GCM_SHA256" classname="com.distrimind.bouncycastle.jsse.provider.test.CipherSuitesTestCase" time="0.017"/>
  <testcase name="TLSv1.2 : TLS_DHE_RSA_WITH_ARIA_256_CBC_SHA384" classname="com.distrimind.bouncycastle.jsse.provider.test.CipherSuitesTestCase" time="0.015"/>
  <testcase name="TLSv1.2 : TLS_DHE_RSA_WITH_ARIA_256_GCM_SHA384" classname="com.distrimind.bouncycastle.jsse.provider.test.CipherSuitesTestCase" time="0.014"/>
  <testcase name="TLSv1.2 : TLS_DHE_RSA_WITH_CAMELLIA_128_CBC_SHA" classname="com.distrimind.bouncycastle.jsse.provider.test.CipherSuitesTestCase" time="0.014"/>
  <testcase name="TLSv1.2 : TLS_DHE_RSA_WITH_CAMELLIA_128_CBC_SHA256" classname="com.distrimind.bouncycastle.jsse.provider.test.CipherSuitesTestCase" time="0.016"/>
  <testcase name="TLSv1.2 : TLS_DHE_RSA_WITH_CAMELLIA_128_GCM_SHA256" classname="com.distrimind.bouncycastle.jsse.provider.test.CipherSuitesTestCase" time="0.013"/>
  <testcase name="TLSv1.2 : TLS_DHE_RSA_WITH_CAMELLIA_256_CBC_SHA" classname="com.distrimind.bouncycastle.jsse.provider.test.CipherSuitesTestCase" time="0.013"/>
  <testcase name="TLSv1.2 : TLS_DHE_RSA_WITH_CAMELLIA_256_CBC_SHA256" classname="com.distrimind.bouncycastle.jsse.provider.test.CipherSuitesTestCase" time="0.016"/>
  <testcase name="TLSv1.2 : TLS_DHE_RSA_WITH_CAMELLIA_256_GCM_SHA384" classname="com.distrimind.bouncycastle.jsse.provider.test.CipherSuitesTestCase" time="0.015"/>
  <testcase name="TLSv1.2 : TLS_DHE_RSA_WITH_CHACHA20_POLY1305_SHA256" classname="com.distrimind.bouncycastle.jsse.provider.test.CipherSuitesTestCase" time="0.012"/>
  <testcase name="TLSv1.2 : TLS_ECDHE_ECDSA_WITH_AES_128_CBC_SHA" classname="com.distrimind.bouncycastle.jsse.provider.test.CipherSuitesTestCase" time="0.017"/>
  <testcase name="TLSv1.2 : TLS_ECDHE_ECDSA_WITH_AES_128_CBC_SHA256" classname="com.distrimind.bouncycastle.jsse.provider.test.CipherSuitesTestCase" time="0.016"/>
  <testcase name="TLSv1.2 : TLS_ECDHE_ECDSA_WITH_AES_128_CCM" classname="com.distrimind.bouncycastle.jsse.provider.test.CipherSuitesTestCase" time="0.018"/>
  <testcase name="TLSv1.2 : TLS_ECDHE_ECDSA_WITH_AES_128_CCM_8" classname="com.distrimind.bouncycastle.jsse.provider.test.CipherSuitesTestCase" time="0.017"/>
  <testcase name="TLSv1.2 : TLS_ECDHE_ECDSA_WITH_AES_128_GCM_SHA256" classname="com.distrimind.bouncycastle.jsse.provider.test.CipherSuitesTestCase" time="0.013"/>
  <testcase name="TLSv1.2 : TLS_ECDHE_ECDSA_WITH_AES_256_CBC_SHA" classname="com.distrimind.bouncycastle.jsse.provider.test.CipherSuitesTestCase" time="0.015"/>
  <testcase name="TLSv1.2 : TLS_ECDHE_ECDSA_WITH_AES_256_CBC_SHA384" classname="com.distrimind.bouncycastle.jsse.provider.test.CipherSuitesTestCase" time="0.013"/>
  <testcase name="TLSv1.2 : TLS_ECDHE_ECDSA_WITH_AES_256_CCM" classname="com.distrimind.bouncycastle.jsse.provider.test.CipherSuitesTestCase" time="0.012"/>
  <testcase name="TLSv1.2 : TLS_ECDHE_ECDSA_WITH_AES_256_CCM_8" classname="com.distrimind.bouncycastle.jsse.provider.test.CipherSuitesTestCase" time="0.013"/>
  <testcase name="TLSv1.2 : TLS_ECDHE_ECDSA_WITH_AES_256_GCM_SHA384" classname="com.distrimind.bouncycastle.jsse.provider.test.CipherSuitesTestCase" time="0.017"/>
  <testcase name="TLSv1.2 : TLS_ECDHE_ECDSA_WITH_ARIA_128_CBC_SHA256" classname="com.distrimind.bouncycastle.jsse.provider.test.CipherSuitesTestCase" time="0.01"/>
  <testcase name="TLSv1.2 : TLS_ECDHE_ECDSA_WITH_ARIA_128_GCM_SHA256" classname="com.distrimind.bouncycastle.jsse.provider.test.CipherSuitesTestCase" time="0.014"/>
  <testcase name="TLSv1.2 : TLS_ECDHE_ECDSA_WITH_ARIA_256_CBC_SHA384" classname="com.distrimind.bouncycastle.jsse.provider.test.CipherSuitesTestCase" time="0.017"/>
  <testcase name="TLSv1.2 : TLS_ECDHE_ECDSA_WITH_ARIA_256_GCM_SHA384" classname="com.distrimind.bouncycastle.jsse.provider.test.CipherSuitesTestCase" time="0.015"/>
  <testcase name="TLSv1.2 : TLS_ECDHE_ECDSA_WITH_CAMELLIA_128_CBC_SHA256" classname="com.distrimind.bouncycastle.jsse.provider.test.CipherSuitesTestCase" time="0.016"/>
  <testcase name="TLSv1.2 : TLS_ECDHE_ECDSA_WITH_CAMELLIA_128_GCM_SHA256" classname="com.distrimind.bouncycastle.jsse.provider.test.CipherSuitesTestCase" time="0.016"/>
  <testcase name="TLSv1.2 : TLS_ECDHE_ECDSA_WITH_CAMELLIA_256_CBC_SHA384" classname="com.distrimind.bouncycastle.jsse.provider.test.CipherSuitesTestCase" time="0.018"/>
  <testcase name="TLSv1.2 : TLS_ECDHE_ECDSA_WITH_CAMELLIA_256_GCM_SHA384" classname="com.distrimind.bouncycastle.jsse.provider.test.CipherSuitesTestCase" time="0.018"/>
  <testcase name="TLSv1.2 : TLS_ECDHE_ECDSA_WITH_CHACHA20_POLY1305_SHA256" classname="com.distrimind.bouncycastle.jsse.provider.test.CipherSuitesTestCase" time="0.012"/>
  <testcase name="TLSv1.2 : TLS_ECDHE_RSA_WITH_AES_128_CBC_SHA" classname="com.distrimind.bouncycastle.jsse.provider.test.CipherSuitesTestCase" time="0.014"/>
  <testcase name="TLSv1.2 : TLS_ECDHE_RSA_WITH_AES_128_CBC_SHA256" classname="com.distrimind.bouncycastle.jsse.provider.test.CipherSuitesTestCase" time="0.014"/>
  <testcase name="TLSv1.2 : TLS_ECDHE_RSA_WITH_AES_128_GCM_SHA256" classname="com.distrimind.bouncycastle.jsse.provider.test.CipherSuitesTestCase" time="0.014"/>
  <testcase name="TLSv1.2 : TLS_ECDHE_RSA_WITH_AES_256_CBC_SHA" classname="com.distrimind.bouncycastle.jsse.provider.test.CipherSuitesTestCase" time="0.012"/>
  <testcase name="TLSv1.2 : TLS_ECDHE_RSA_WITH_AES_256_CBC_SHA384" classname="com.distrimind.bouncycastle.jsse.provider.test.CipherSuitesTestCase" time="0.013"/>
  <testcase name="TLSv1.2 : TLS_ECDHE_RSA_WITH_AES_256_GCM_SHA384" classname="com.distrimind.bouncycastle.jsse.provider.test.CipherSuitesTestCase" time="0.013"/>
  <testcase name="TLSv1.2 : TLS_ECDHE_RSA_WITH_ARIA_128_CBC_SHA256" classname="com.distrimind.bouncycastle.jsse.provider.test.CipherSuitesTestCase" time="0.011"/>
  <testcase name="TLSv1.2 : TLS_ECDHE_RSA_WITH_ARIA_128_GCM_SHA256" classname="com.distrimind.bouncycastle.jsse.provider.test.CipherSuitesTestCase" time="0.016"/>
  <testcase name="TLSv1.2 : TLS_ECDHE_RSA_WITH_ARIA_256_CBC_SHA384" classname="com.distrimind.bouncycastle.jsse.provider.test.CipherSuitesTestCase" time="0.012"/>
  <testcase name="TLSv1.2 : TLS_ECDHE_RSA_WITH_ARIA_256_GCM_SHA384" classname="com.distrimind.bouncycastle.jsse.provider.test.CipherSuitesTestCase" time="0.011"/>
  <testcase name="TLSv1.2 : TLS_ECDHE_RSA_WITH_CAMELLIA_128_CBC_SHA256" classname="com.distrimind.bouncycastle.jsse.provider.test.CipherSuitesTestCase" time="0.012"/>
  <testcase name="TLSv1.2 : TLS_ECDHE_RSA_WITH_CAMELLIA_128_GCM_SHA256" classname="com.distrimind.bouncycastle.jsse.provider.test.CipherSuitesTestCase" time="0.014"/>
  <testcase name="TLSv1.2 : TLS_ECDHE_RSA_WITH_CAMELLIA_256_CBC_SHA384" classname="com.distrimind.bouncycastle.jsse.provider.test.CipherSuitesTestCase" time="0.013"/>
  <testcase name="TLSv1.2 : TLS_ECDHE_RSA_WITH_CAMELLIA_256_GCM_SHA384" classname="com.distrimind.bouncycastle.jsse.provider.test.CipherSuitesTestCase" time="0.013"/>
  <testcase name="TLSv1.2 : TLS_ECDHE_RSA_WITH_CHACHA20_POLY1305_SHA256" classname="com.distrimind.bouncycastle.jsse.provider.test.CipherSuitesTestCase" time="0.013"/>
  <testcase name="TLSv1.2 : TLS_RSA_WITH_AES_128_CBC_SHA" classname="com.distrimind.bouncycastle.jsse.provider.test.CipherSuitesTestCase" time="0.013"/>
  <testcase name="TLSv1.2 : TLS_RSA_WITH_AES_128_CBC_SHA256" classname="com.distrimind.bouncycastle.jsse.provider.test.CipherSuitesTestCase" time="0.015"/>
  <testcase name="TLSv1.2 : TLS_RSA_WITH_AES_128_CCM" classname="com.distrimind.bouncycastle.jsse.provider.test.CipherSuitesTestCase" time="0.012"/>
  <testcase name="TLSv1.2 : TLS_RSA_WITH_AES_128_CCM_8" classname="com.distrimind.bouncycastle.jsse.provider.test.CipherSuitesTestCase" time="0.012"/>
  <testcase name="TLSv1.2 : TLS_RSA_WITH_AES_128_GCM_SHA256" classname="com.distrimind.bouncycastle.jsse.provider.test.CipherSuitesTestCase" time="0.012"/>
  <testcase name="TLSv1.2 : TLS_RSA_WITH_AES_256_CBC_SHA" classname="com.distrimind.bouncycastle.jsse.provider.test.CipherSuitesTestCase" time="0.012"/>
  <testcase name="TLSv1.2 : TLS_RSA_WITH_AES_256_CBC_SHA256" classname="com.distrimind.bouncycastle.jsse.provider.test.CipherSuitesTestCase" time="0.013"/>
  <testcase name="TLSv1.2 : TLS_RSA_WITH_AES_256_CCM" classname="com.distrimind.bouncycastle.jsse.provider.test.CipherSuitesTestCase" time="0.014"/>
  <testcase name="TLSv1.2 : TLS_RSA_WITH_AES_256_CCM_8" classname="com.distrimind.bouncycastle.jsse.provider.test.CipherSuitesTestCase" time="0.01"/>
  <testcase name="TLSv1.2 : TLS_RSA_WITH_AES_256_GCM_SHA384" classname="com.distrimind.bouncycastle.jsse.provider.test.CipherSuitesTestCase" time="0.016"/>
  <testcase name="TLSv1.2 : TLS_RSA_WITH_ARIA_128_CBC_SHA256" classname="com.distrimind.bouncycastle.jsse.provider.test.CipherSuitesTestCase" time="0.01"/>
  <testcase name="TLSv1.2 : TLS_RSA_WITH_ARIA_128_GCM_SHA256" classname="com.distrimind.bouncycastle.jsse.provider.test.CipherSuitesTestCase" time="0.01"/>
  <testcase name="TLSv1.2 : TLS_RSA_WITH_ARIA_256_CBC_SHA384" classname="com.distrimind.bouncycastle.jsse.provider.test.CipherSuitesTestCase" time="0.014"/>
  <testcase name="TLSv1.2 : TLS_RSA_WITH_ARIA_256_GCM_SHA384" classname="com.distrimind.bouncycastle.jsse.provider.test.CipherSuitesTestCase" time="0.009"/>
  <testcase name="TLSv1.2 : TLS_RSA_WITH_CAMELLIA_128_CBC_SHA" classname="com.distrimind.bouncycastle.jsse.provider.test.CipherSuitesTestCase" time="0.012"/>
  <testcase name="TLSv1.2 : TLS_RSA_WITH_CAMELLIA_128_CBC_SHA256" classname="com.distrimind.bouncycastle.jsse.provider.test.CipherSuitesTestCase" time="0.011"/>
  <testcase name="TLSv1.2 : TLS_RSA_WITH_CAMELLIA_128_GCM_SHA256" classname="com.distrimind.bouncycastle.jsse.provider.test.CipherSuitesTestCase" time="0.014"/>
  <testcase name="TLSv1.2 : TLS_RSA_WITH_CAMELLIA_256_CBC_SHA" classname="com.distrimind.bouncycastle.jsse.provider.test.CipherSuitesTestCase" time="0.013"/>
  <testcase name="TLSv1.2 : TLS_RSA_WITH_CAMELLIA_256_CBC_SHA256" classname="com.distrimind.bouncycastle.jsse.provider.test.CipherSuitesTestCase" time="0.01"/>
  <testcase name="TLSv1.2 : TLS_RSA_WITH_CAMELLIA_256_GCM_SHA384" classname="com.distrimind.bouncycastle.jsse.provider.test.CipherSuitesTestCase" time="0.015"/>
  <testcase name="TLSv1.3 : TLS_AES_128_CCM_8_SHA256" classname="com.distrimind.bouncycastle.jsse.provider.test.CipherSuitesTestCase" time="0.015"/>
  <testcase name="TLSv1.3 : TLS_AES_128_CCM_SHA256" classname="com.distrimind.bouncycastle.jsse.provider.test.CipherSuitesTestCase" time="0.023"/>
  <testcase name="TLSv1.3 : TLS_AES_128_GCM_SHA256" classname="com.distrimind.bouncycastle.jsse.provider.test.CipherSuitesTestCase" time="0.018"/>
  <testcase name="TLSv1.3 : TLS_AES_256_GCM_SHA384" classname="com.distrimind.bouncycastle.jsse.provider.test.CipherSuitesTestCase" time="0.017"/>
  <testcase name="TLSv1.3 : TLS_CHACHA20_POLY1305_SHA256" classname="com.distrimind.bouncycastle.jsse.provider.test.CipherSuitesTestCase" time="0.014"/>
  <testcase name="FIPS TLSv1.2 : TLS_DHE_DSS_WITH_AES_128_CBC_SHA" classname="com.distrimind.bouncycastle.jsse.provider.test.CipherSuitesTestCase" time="0.016"/>
  <testcase name="FIPS TLSv1.2 : TLS_DHE_DSS_WITH_AES_128_CBC_SHA256" classname="com.distrimind.bouncycastle.jsse.provider.test.CipherSuitesTestCase" time="0.011"/>
  <testcase name="FIPS TLSv1.2 : TLS_DHE_DSS_WITH_AES_256_CBC_SHA" classname="com.distrimind.bouncycastle.jsse.provider.test.CipherSuitesTestCase" time="0.011"/>
  <testcase name="FIPS TLSv1.2 : TLS_DHE_DSS_WITH_AES_256_CBC_SHA256" classname="com.distrimind.bouncycastle.jsse.provider.test.CipherSuitesTestCase" time="0.011"/>
  <testcase name="FIPS TLSv1.2 : TLS_DHE_RSA_WITH_AES_128_CBC_SHA" classname="com.distrimind.bouncycastle.jsse.provider.test.CipherSuitesTestCase" time="0.013"/>
  <testcase name="FIPS TLSv1.2 : TLS_DHE_RSA_WITH_AES_128_CBC_SHA256" classname="com.distrimind.bouncycastle.jsse.provider.test.CipherSuitesTestCase" time="0.016"/>
  <testcase name="FIPS TLSv1.2 : TLS_DHE_RSA_WITH_AES_128_CCM" classname="com.distrimind.bouncycastle.jsse.provider.test.CipherSuitesTestCase" time="0.011"/>
  <testcase name="FIPS TLSv1.2 : TLS_DHE_RSA_WITH_AES_128_CCM_8" classname="com.distrimind.bouncycastle.jsse.provider.test.CipherSuitesTestCase" time="0.012"/>
  <testcase name="FIPS TLSv1.2 : TLS_DHE_RSA_WITH_AES_256_CBC_SHA" classname="com.distrimind.bouncycastle.jsse.provider.test.CipherSuitesTestCase" time="0.011"/>
  <testcase name="FIPS TLSv1.2 : TLS_DHE_RSA_WITH_AES_256_CBC_SHA256" classname="com.distrimind.bouncycastle.jsse.provider.test.CipherSuitesTestCase" time="0.009"/>
  <testcase name="FIPS TLSv1.2 : TLS_DHE_RSA_WITH_AES_256_CCM" classname="com.distrimind.bouncycastle.jsse.provider.test.CipherSuitesTestCase" time="0.012"/>
  <testcase name="FIPS TLSv1.2 : TLS_DHE_RSA_WITH_AES_256_CCM_8" classname="com.distrimind.bouncycastle.jsse.provider.test.CipherSuitesTestCase" time="0.01"/>
  <testcase name="FIPS TLSv1.2 : TLS_ECDHE_ECDSA_WITH_AES_128_CBC_SHA" classname="com.distrimind.bouncycastle.jsse.provider.test.CipherSuitesTestCase" time="0.011"/>
  <testcase name="FIPS TLSv1.2 : TLS_ECDHE_ECDSA_WITH_AES_128_CBC_SHA256" classname="com.distrimind.bouncycastle.jsse.provider.test.CipherSuitesTestCase" time="0.01"/>
  <testcase name="FIPS TLSv1.2 : TLS_ECDHE_ECDSA_WITH_AES_128_CCM" classname="com.distrimind.bouncycastle.jsse.provider.test.CipherSuitesTestCase" time="0.01"/>
  <testcase name="FIPS TLSv1.2 : TLS_ECDHE_ECDSA_WITH_AES_128_CCM_8" classname="com.distrimind.bouncycastle.jsse.provider.test.CipherSuitesTestCase" time="0.009"/>
  <testcase name="FIPS TLSv1.2 : TLS_ECDHE_ECDSA_WITH_AES_256_CBC_SHA" classname="com.distrimind.bouncycastle.jsse.provider.test.CipherSuitesTestCase" time="0.015"/>
  <testcase name="FIPS TLSv1.2 : TLS_ECDHE_ECDSA_WITH_AES_256_CBC_SHA384" classname="com.distrimind.bouncycastle.jsse.provider.test.CipherSuitesTestCase" time="0.009"/>
  <testcase name="FIPS TLSv1.2 : TLS_ECDHE_ECDSA_WITH_AES_256_CCM" classname="com.distrimind.bouncycastle.jsse.provider.test.CipherSuitesTestCase" time="0.012"/>
  <testcase name="FIPS TLSv1.2 : TLS_ECDHE_ECDSA_WITH_AES_256_CCM_8" classname="com.distrimind.bouncycastle.jsse.provider.test.CipherSuitesTestCase" time="0.011"/>
  <testcase name="FIPS TLSv1.2 : TLS_ECDHE_RSA_WITH_AES_128_CBC_SHA" classname="com.distrimind.bouncycastle.jsse.provider.test.CipherSuitesTestCase" time="0.012"/>
  <testcase name="FIPS TLSv1.2 : TLS_ECDHE_RSA_WITH_AES_128_CBC_SHA256" classname="com.distrimind.bouncycastle.jsse.provider.test.CipherSuitesTestCase" time="0.011"/>
  <testcase name="FIPS TLSv1.2 : TLS_ECDHE_RSA_WITH_AES_256_CBC_SHA" classname="com.distrimind.bouncycastle.jsse.provider.test.CipherSuitesTestCase" time="0.012"/>
  <testcase name="FIPS TLSv1.2 : TLS_ECDHE_RSA_WITH_AES_256_CBC_SHA384" classname="com.distrimind.bouncycastle.jsse.provider.test.CipherSuitesTestCase" time="0.01"/>
  <testcase name="FIPS TLSv1.2 : TLS_RSA_WITH_AES_128_CBC_SHA" classname="com.distrimind.bouncycastle.jsse.provider.test.CipherSuitesTestCase" time="0.012"/>
  <testcase name="FIPS TLSv1.2 : TLS_RSA_WITH_AES_128_CBC_SHA256" classname="com.distrimind.bouncycastle.jsse.provider.test.CipherSuitesTestCase" time="0.008"/>
  <testcase name="FIPS TLSv1.2 : TLS_RSA_WITH_AES_128_CCM" classname="com.distrimind.bouncycastle.jsse.provider.test.CipherSuitesTestCase" time="0.009"/>
  <testcase name="FIPS TLSv1.2 : TLS_RSA_WITH_AES_128_CCM_8" classname="com.distrimind.bouncycastle.jsse.provider.test.CipherSuitesTestCase" time="0.009"/>
  <testcase name="FIPS TLSv1.2 : TLS_RSA_WITH_AES_256_CBC_SHA" classname="com.distrimind.bouncycastle.jsse.provider.test.CipherSuitesTestCase" time="0.007"/>
  <testcase name="FIPS TLSv1.2 : TLS_RSA_WITH_AES_256_CBC_SHA256" classname="com.distrimind.bouncycastle.jsse.provider.test.CipherSuitesTestCase" time="0.007"/>
  <testcase name="FIPS TLSv1.2 : TLS_RSA_WITH_AES_256_CCM" classname="com.distrimind.bouncycastle.jsse.provider.test.CipherSuitesTestCase" time="0.007"/>
  <testcase name="FIPS TLSv1.2 : TLS_RSA_WITH_AES_256_CCM_8" classname="com.distrimind.bouncycastle.jsse.provider.test.CipherSuitesTestCase" time="0.01"/>
  <testcase name="FIPS TLSv1.3 : TLS_AES_128_CCM_8_SHA256" classname="com.distrimind.bouncycastle.jsse.provider.test.CipherSuitesTestCase" time="0.016"/>
  <testcase name="FIPS TLSv1.3 : TLS_AES_128_CCM_SHA256" classname="com.distrimind.bouncycastle.jsse.provider.test.CipherSuitesTestCase" time="0.019"/>
  <system-out><![CDATA[Server ALPN: 'h2'
Client ALPN: 'h2'
Client ALPN: 'h2'
Server ALPN: 'h2'
Server ALPN: 'h2'
Client ALPN: 'h2'
Client ALPN: 'h2'
Server ALPN: 'h2'
Server ALPN: 'h2'
Client ALPN: 'h2'
Client ALPN: 'h2'
Server ALPN: 'h2'
Client ALPN: 'h2'
Server ALPN: 'h2'
Client ALPN: 'h2'
Server ALPN: 'h2'
Client ALPN: 'h2'
Server ALPN: 'h2'
Client ALPN: 'h2'
Server ALPN: 'h2'
Server ALPN: 'h2'
Client ALPN: 'h2'
Client ALPN: 'h2'
Server ALPN: 'h2'
Server ALPN: 'h2'
Client ALPN: 'h2'
Client ALPN: 'h2'
Server ALPN: 'h2'
Server ALPN: 'h2'
Client ALPN: 'h2'
Client ALPN: 'h2'
Server ALPN: 'h2'
Server ALPN: 'h2'
Client ALPN: 'h2'
Client ALPN: 'h2'
Server ALPN: 'h2'
Server ALPN: 'h2'
Client ALPN: 'h2'
Client ALPN: 'h2'
Server ALPN: 'h2'
Server ALPN: 'h2'
Client ALPN: 'h2'
Client ALPN: 'h2'
Server ALPN: 'h2'
Server ALPN: 'h2'
Client ALPN: 'h2'
Client ALPN: 'h2'
Server ALPN: 'h2'
Client ALPN: 'h2'
Server ALPN: 'h2'
Server ALPN: 'h2'
Client ALPN: 'h2'
Client ALPN: 'h2'
Server ALPN: 'h2'
Client ALPN: 'h2'
Server ALPN: 'h2'
Server ALPN: 'h2'
Client ALPN: 'h2'
Server ALPN: 'h2'
Client ALPN: 'h2'
Client ALPN: 'h2'
Server ALPN: 'h2'
Client ALPN: 'h2'
Server ALPN: 'h2'
Server ALPN: 'h2'
Client ALPN: 'h2'
Client ALPN: 'h2'
Server ALPN: 'h2'
Server ALPN: 'h2'
Client ALPN: 'h2'
Client ALPN: 'h2'
Server ALPN: 'h2'
Client ALPN: 'h2'
Server ALPN: 'h2'
Client ALPN: 'h2'
Server ALPN: 'h2'
Client ALPN: 'h2'
Server ALPN: 'h2'
Client ALPN: 'h2'
Server ALPN: 'h2'
Client ALPN: 'h2'
Server ALPN: 'h2'
Client ALPN: 'h2'
Server ALPN: 'h2'
Server ALPN: 'h2'
Client ALPN: 'h2'
Client ALPN: 'h2'
Server ALPN: 'h2'
Server ALPN: 'h2'
Client ALPN: 'h2'
Client ALPN: 'h2'
Server ALPN: 'h2'
Client ALPN: 'h2'
Server ALPN: 'h2'
Client ALPN: 'h2'
Server ALPN: 'h2'
Server ALPN: 'h2'
Client ALPN: 'h2'
Client ALPN: 'h2'
Server ALPN: 'h2'
Server ALPN: 'h2'
Client ALPN: 'h2'
Client ALPN: 'h2'
Server ALPN: 'h2'
Server ALPN: 'h2'
Client ALPN: 'h2'
Client ALPN: 'h2'
Server ALPN: 'h2'
Server ALPN: 'h2'
Client ALPN: 'h2'
Client ALPN: 'h2'
Server ALPN: 'h2'
Client ALPN: 'h2'
Server ALPN: 'h2'
Client ALPN: 'h2'
Server ALPN: 'h2'
Server ALPN: 'h2'
Client ALPN: 'h2'
Client ALPN: 'h2'
Server ALPN: 'h2'
Server ALPN: 'h2'
Client ALPN: 'h2'
Server ALPN: 'h2'
Client ALPN: 'h2'
Server ALPN: 'h2'
Client ALPN: 'h2'
Client ALPN: 'h2'
Server ALPN: 'h2'
Client ALPN: 'h2'
Server ALPN: 'h2'
Client ALPN: 'h2'
Server ALPN: 'h2'
Client ALPN: 'h2'
Server ALPN: 'h2'
Client ALPN: 'h2'
Server ALPN: 'h2'
Server ALPN: 'h2'
Client ALPN: 'h2'
Client ALPN: 'h2'
Server ALPN: 'h2'
Server ALPN: 'h2'
Client ALPN: 'h2'
Server ALPN: 'h2'
Client ALPN: 'h2'
Server ALPN: 'h2'
Client ALPN: 'h2'
Client ALPN: 'h2'
Server ALPN: 'h2'
Server ALPN: 'h2'
Client ALPN: 'h2'
Client ALPN: 'h2'
Server ALPN: 'h2'
Server ALPN: 'h2'
Client ALPN: 'h2'
Client ALPN: 'h2'
Server ALPN: 'h2'
Server ALPN: 'h2'
Client ALPN: 'h2'
Client ALPN: 'h2'
Server ALPN: 'h2'
Client ALPN: 'h2'
Server ALPN: 'h2'
Client ALPN: 'h2'
Server ALPN: 'h2'
Server ALPN: 'h2'
Client ALPN: 'h2'
Client ALPN: 'h2'
Server ALPN: 'h2'
Server ALPN: 'h2'
Client ALPN: 'h2'
Client ALPN: 'h2'
Server ALPN: 'h2'
Server ALPN: 'h2'
Client ALPN: 'h2'
Client ALPN: 'h2'
Server ALPN: 'h2'
Server ALPN: 'h2'
Client ALPN: 'h2'
Client ALPN: 'h2'
Server ALPN: 'h2'
Server ALPN: 'h2'
Client ALPN: 'h2'
Client ALPN: 'h2'
Server ALPN: 'h2'
Server ALPN: 'h2'
Client ALPN: 'h2'
Client ALPN: 'h2'
Server ALPN: 'h2'
Server ALPN: 'h2'
Client ALPN: 'h2'
Client ALPN: 'h2'
Server ALPN: 'h2'
Server ALPN: 'h2'
Client ALPN: 'h2'
Client ALPN: 'h2'
Server ALPN: 'h2'
Server ALPN: 'h2'
Client ALPN: 'h2'
Client ALPN: 'h2'
Server ALPN: 'h2'
Server ALPN: 'h2'
Client ALPN: 'h2'
Client ALPN: 'h2'
Server ALPN: 'h2'
Server ALPN: 'h2'
Client ALPN: 'h2'
Client ALPN: 'h2'
Server ALPN: 'h2'
Server ALPN: 'h2'
Client ALPN: 'h2'
Server ALPN: 'h2'
Client ALPN: 'h2'
Client ALPN: 'h2'
Server ALPN: 'h2'
Server ALPN: 'h2'
Client ALPN: 'h2'
Server ALPN: 'h2'
Client ALPN: 'h2'
Server ALPN: 'h2'
Client ALPN: 'h2'
Client ALPN: 'h2'
Server ALPN: 'h2'
Client ALPN: 'h2'
Server ALPN: 'h2'
Server ALPN: 'h2'
Client ALPN: 'h2'
Client ALPN: 'h2'
Server ALPN: 'h2'
Server ALPN: 'h2'
Client ALPN: 'h2'
Client ALPN: 'h2'
Server ALPN: 'h2'
Server ALPN: 'h2'
Client ALPN: 'h2'
Client ALPN: 'h2'
Server ALPN: 'h2'
Server ALPN: 'h2'
Client ALPN: 'h2'
Client ALPN: 'h2'
Server ALPN: 'h2'
Server ALPN: 'h2'
Client ALPN: 'h2'
Client ALPN: 'h2'
Server ALPN: 'h2'
Client ALPN: 'h2'
Server ALPN: 'h2'
Client ALPN: 'h2'
Server ALPN: 'h2'
Server ALPN: 'h2'
Client ALPN: 'h2'
Client ALPN: 'h2'
Server ALPN: 'h2'
Client ALPN: 'h2'
Server ALPN: 'h2'
Client ALPN: 'h2'
Server ALPN: 'h2'
Server ALPN: 'h2'
Client ALPN: 'h2'
Client ALPN: 'h2'
Server ALPN: 'h2'
Server ALPN: 'h2'
Client ALPN: 'h2'
Client ALPN: 'h2'
Server ALPN: 'h2'
Client ALPN: 'h2'
Server ALPN: 'h2'
Client ALPN: 'h2'
Server ALPN: 'h2'
Server ALPN: 'h2'
Client ALPN: 'h2'
Client ALPN: 'h2'
Server ALPN: 'h2'
Server ALPN: 'h2'
Client ALPN: 'h2'
Client ALPN: 'h2'
Server ALPN: 'h2'
Server ALPN: 'h2'
Client ALPN: 'h2'
Client ALPN: 'h2'
Server ALPN: 'h2'
Server ALPN: 'h2'
Client ALPN: 'h2'
Client ALPN: 'h2'
Server ALPN: 'h2'
Server ALPN: 'h2'
Client ALPN: 'h2'
Client ALPN: 'h2'
Server ALPN: 'h2'
Server ALPN: 'h2'
Client ALPN: 'h2'
Client ALPN: 'h2'
Server ALPN: 'h2'
Server ALPN: 'h2'
Client ALPN: 'h2'
Client ALPN: 'h2'
Server ALPN: 'h2'
Server ALPN: 'h2'
Client ALPN: 'h2'
Client ALPN: 'h2'
Server ALPN: 'h2'
Server ALPN: 'h2'
Client ALPN: 'h2'
Client ALPN: 'h2'
Server ALPN: 'h2'
Server ALPN: 'h2'
Client ALPN: 'h2'
Client ALPN: 'h2'
Server ALPN: 'h2'
Server ALPN: 'h2'
Client ALPN: 'h2'
Client ALPN: 'h2'
Server ALPN: 'h2'
Server ALPN: 'h2'
Client ALPN: 'h2'
Client ALPN: 'h2'
Server ALPN: 'h2'
Server ALPN: 'h2'
Client ALPN: 'h2'
Client ALPN: 'h2'
Server ALPN: 'h2'
Client ALPN: 'h2'
Server ALPN: 'h2'
Client ALPN: 'h2'
Server ALPN: 'h2'
Server ALPN: 'h2'
Client ALPN: 'h2'
Client ALPN: 'h2'
Server ALPN: 'h2'
Server ALPN: 'h2'
Client ALPN: 'h2'
Client ALPN: 'h2'
Server ALPN: 'h2'
Server ALPN: 'h2'
Client ALPN: 'h2'
Client ALPN: 'h2'
Server ALPN: 'h2'
Client ALPN: 'h2'
Server ALPN: 'h2'
Client ALPN: 'h2'
Server ALPN: 'h2'
Server ALPN: 'h2'
Client ALPN: 'h2'
Client ALPN: 'h2'
Server ALPN: 'h2'
Server ALPN: 'h2'
Client ALPN: 'h2'
Client ALPN: 'h2'
Server ALPN: 'h2'
Server ALPN: 'h2'
Client ALPN: 'h2'
Client ALPN: 'h2'
Server ALPN: 'h2'
Server ALPN: 'h2'
Client ALPN: 'h2'
Client ALPN: 'h2'
Server ALPN: 'h2'
Client ALPN: 'h2'
Server ALPN: 'h2'
Client ALPN: 'h2'
Server ALPN: 'h2'
Client ALPN: 'h2'
Server ALPN: 'h2'
Client ALPN: 'h2'
Server ALPN: 'h2'
Server ALPN: 'h2'
Client ALPN: 'h2'
Client ALPN: 'h2'
Server ALPN: 'h2'
Server ALPN: 'h2'
Client ALPN: 'h2'
Client ALPN: 'h2'
Server ALPN: 'h2'
Client ALPN: 'h2'
Server ALPN: 'h2'
Server ALPN: 'h2'
Client ALPN: 'h2'
Server ALPN: 'h2'
Client ALPN: 'h2'
Client ALPN: 'h2'
Server ALPN: 'h2'
Server ALPN: 'h2'
Client ALPN: 'h2'
Client ALPN: 'h2'
Server ALPN: 'h2'
Server ALPN: 'h2'
Client ALPN: 'h2'
Client ALPN: 'h2'
Server ALPN: 'h2'
Server ALPN: 'h2'
Client ALPN: 'h2'
Client ALPN: 'h2'
Server ALPN: 'h2'
Server ALPN: 'h2'
Client ALPN: 'h2'
Client ALPN: 'h2'
Server ALPN: 'h2'
Server ALPN: 'h2'
Client ALPN: 'h2'
Client ALPN: 'h2'
Server ALPN: 'h2'
Server ALPN: 'h2'
Client ALPN: 'h2'
Client ALPN: 'h2'
Server ALPN: 'h2'
Server ALPN: 'h2'
Client ALPN: 'h2'
Client ALPN: 'h2'
Server ALPN: 'h2'
Server ALPN: 'h2'
Client ALPN: 'h2'
Client ALPN: 'h2'
Server ALPN: 'h2'
Server ALPN: 'h2'
Client ALPN: 'h2'
Client ALPN: 'h2'
Server ALPN: 'h2'
Server ALPN: 'h2'
Client ALPN: 'h2'
Client ALPN: 'h2'
Server ALPN: 'h2'
Server ALPN: 'h2'
Client ALPN: 'h2'
Client ALPN: 'h2'
Server ALPN: 'h2'
Server ALPN: 'h2'
Client ALPN: 'h2'
Client ALPN: 'h2'
Server ALPN: 'h2'
Server ALPN: 'h2'
Client ALPN: 'h2'
Client ALPN: 'h2'
Server ALPN: 'h2'
Server ALPN: 'h2'
Client ALPN: 'h2'
Client ALPN: 'h2'
Server ALPN: 'h2'
Server ALPN: 'h2'
Client ALPN: 'h2'
Client ALPN: 'h2'
Server ALPN: 'h2'
Server ALPN: 'h2'
Client ALPN: 'h2'
Client ALPN: 'h2'
Server ALPN: 'h2'
Server ALPN: 'h2'
Client ALPN: 'h2'
Client ALPN: 'h2'
Server ALPN: 'h2'
Server ALPN: 'h2'
Client ALPN: 'h2'
Client ALPN: 'h2'
Server ALPN: 'h2'
Server ALPN: 'h2'
Client ALPN: 'h2'
Client ALPN: 'h2'
Server ALPN: 'h2'
Server ALPN: 'h2'
Client ALPN: 'h2'
Client ALPN: 'h2'
Server ALPN: 'h2'
Server ALPN: 'h2'
Client ALPN: 'h2'
Client ALPN: 'h2'
Server ALPN: 'h2'
Server ALPN: 'h2'
Client ALPN: 'h2'
Client ALPN: 'h2'
Server ALPN: 'h2'
Server ALPN: 'h2'
Client ALPN: 'h2'
Client ALPN: 'h2'
Server ALPN: 'h2'
Server ALPN: 'h2'
Client ALPN: 'h2'
Client ALPN: 'h2'
Server ALPN: 'h2'
Server ALPN: 'h2'
Client ALPN: 'h2'
Client ALPN: 'h2'
Server ALPN: 'h2'
Server ALPN: 'h2'
Client ALPN: 'h2'
Client ALPN: 'h2'
Server ALPN: 'h2'
Server ALPN: 'h2'
Client ALPN: 'h2'
Client ALPN: 'h2'
Server ALPN: 'h2'
Server ALPN: 'h2'
Client ALPN: 'h2'
Client ALPN: 'h2'
Server ALPN: 'h2'
Server ALPN: 'h2'
Client ALPN: 'h2'
Client ALPN: 'h2'
Server ALPN: 'h2'
Server ALPN: 'h2'
Client ALPN: 'h2'
Client ALPN: 'h2'
Server ALPN: 'h2'
Client ALPN: 'h2'
Server ALPN: 'h2'
Client ALPN: 'h2'
Server ALPN: 'h2'
Server ALPN: 'h2'
Client ALPN: 'h2'
Client ALPN: 'h2'
Server ALPN: 'h2'
Server ALPN: 'h2'
Client ALPN: 'h2'
Client ALPN: 'h2'
Server ALPN: 'h2'
Server ALPN: 'h2'
Client ALPN: 'h2'
Server ALPN: 'h2'
Client ALPN: 'h2'
]]></system-out>
  <system-err><![CDATA[nov. 01, 2021 4:51:09 PM com.distrimind.bouncycastle.jsse.provider.PropertyUtils getStringSystemProperty
INFO: Found string system property [java.home]: /home/jason/.jdks/openjdk-16.0.2
nov. 01, 2021 4:51:09 PM com.distrimind.bouncycastle.jsse.provider.ProvTrustManagerFactorySpi getDefaultTrustStore
INFO: Initializing with trust store at path: /home/jason/.jdks/openjdk-16.0.2/lib/security/cacerts
nov. 01, 2021 4:51:09 PM com.distrimind.bouncycastle.jsse.provider.PropertyUtils getStringSystemProperty
INFO: Found string system property [java.home]: /home/jason/.jdks/openjdk-16.0.2
nov. 01, 2021 4:51:09 PM com.distrimind.bouncycastle.jsse.provider.ProvTrustManagerFactorySpi getDefaultTrustStore
INFO: Initializing with trust store at path: /home/jason/.jdks/openjdk-16.0.2/lib/security/cacerts
nov. 01, 2021 4:51:09 PM com.distrimind.bouncycastle.jsse.provider.PropertyUtils getStringSystemProperty
INFO: Found string system property [java.home]: /home/jason/.jdks/openjdk-16.0.2
nov. 01, 2021 4:51:09 PM com.distrimind.bouncycastle.jsse.provider.ProvTrustManagerFactorySpi getDefaultTrustStore
INFO: Initializing with trust store at path: /home/jason/.jdks/openjdk-16.0.2/lib/security/cacerts
nov. 01, 2021 4:51:09 PM com.distrimind.bouncycastle.jsse.provider.PropertyUtils getStringSystemProperty
INFO: Found string system property [java.home]: /home/jason/.jdks/openjdk-16.0.2
nov. 01, 2021 4:51:09 PM com.distrimind.bouncycastle.jsse.provider.ProvTrustManagerFactorySpi getDefaultTrustStore
INFO: Initializing with trust store at path: /home/jason/.jdks/openjdk-16.0.2/lib/security/cacerts
nov. 01, 2021 4:51:09 PM com.distrimind.bouncycastle.jsse.provider.PropertyUtils getStringSystemProperty
INFO: Found string system property [java.home]: /home/jason/.jdks/openjdk-16.0.2
nov. 01, 2021 4:51:09 PM com.distrimind.bouncycastle.jsse.provider.ProvTrustManagerFactorySpi getDefaultTrustStore
INFO: Initializing with trust store at path: /home/jason/.jdks/openjdk-16.0.2/lib/security/cacerts
nov. 01, 2021 4:51:09 PM com.distrimind.bouncycastle.jsse.provider.PropertyUtils getStringSystemProperty
INFO: Found string system property [java.home]: /home/jason/.jdks/openjdk-16.0.2
nov. 01, 2021 4:51:09 PM com.distrimind.bouncycastle.jsse.provider.ProvTrustManagerFactorySpi getDefaultTrustStore
INFO: Initializing with trust store at path: /home/jason/.jdks/openjdk-16.0.2/lib/security/cacerts
nov. 01, 2021 4:51:09 PM com.distrimind.bouncycastle.jsse.provider.PropertyUtils getStringSystemProperty
INFO: Found string system property [java.home]: /home/jason/.jdks/openjdk-16.0.2
nov. 01, 2021 4:51:09 PM com.distrimind.bouncycastle.jsse.provider.ProvTrustManagerFactorySpi getDefaultTrustStore
INFO: Initializing with trust store at path: /home/jason/.jdks/openjdk-16.0.2/lib/security/cacerts
nov. 01, 2021 4:51:09 PM com.distrimind.bouncycastle.jsse.provider.ProvTlsClient notifyAlertRaised
INFO: Client raised fatal(2) handshake_failure(40) alert: Failed to read record
com.distrimind.bouncycastle.tls.TlsFatalAlert: handshake_failure(40)
	at com.distrimind.bouncycastle.tls.TlsProtocol.safeReadRecord(TlsProtocol.java:790)
	at com.distrimind.bouncycastle.tls.TlsProtocol.blockForHandshake(TlsProtocol.java:371)
	at com.distrimind.bouncycastle.tls.TlsClientProtocol.connect(TlsClientProtocol.java:86)
	at com.distrimind.bouncycastle.jsse.provider.ProvSSLSocketDirect.startHandshake(ProvSSLSocketDirect.java:445)
	at com.distrimind.bouncycastle.jsse.provider.ProvSSLSocketDirect.handshakeIfNecessary(ProvSSLSocketDirect.java:538)
	at com.distrimind.bouncycastle.jsse.provider.ProvSSLSocketDirect.getConnection(ProvSSLSocketDirect.java:224)
	at com.distrimind.bouncycastle.jsse.provider.test.CipherSuitesTestCase$SimpleClient.call(CipherSuitesTestCase.java:162)
	at com.distrimind.bouncycastle.jsse.provider.test.CipherSuitesTestCase$SimpleClient.call(CipherSuitesTestCase.java:127)
	at com.distrimind.bouncycastle.jsse.provider.test.TestProtocolUtil$Task.run(TestProtocolUtil.java:41)
	at java.base/java.lang.Thread.run(Thread.java:831)

nov. 01, 2021 4:51:09 PM com.distrimind.bouncycastle.jsse.provider.PropertyUtils getStringSystemProperty
INFO: Found string system property [java.home]: /home/jason/.jdks/openjdk-16.0.2
nov. 01, 2021 4:51:09 PM com.distrimind.bouncycastle.jsse.provider.ProvTrustManagerFactorySpi getDefaultTrustStore
INFO: Initializing with trust store at path: /home/jason/.jdks/openjdk-16.0.2/lib/security/cacerts
nov. 01, 2021 4:51:09 PM com.distrimind.bouncycastle.jsse.provider.PropertyUtils getStringSystemProperty
INFO: Found string system property [java.home]: /home/jason/.jdks/openjdk-16.0.2
nov. 01, 2021 4:51:09 PM com.distrimind.bouncycastle.jsse.provider.ProvTrustManagerFactorySpi getDefaultTrustStore
INFO: Initializing with trust store at path: /home/jason/.jdks/openjdk-16.0.2/lib/security/cacerts
nov. 01, 2021 4:51:09 PM com.distrimind.bouncycastle.jsse.provider.PropertyUtils getStringSystemProperty
INFO: Found string system property [java.home]: /home/jason/.jdks/openjdk-16.0.2
nov. 01, 2021 4:51:09 PM com.distrimind.bouncycastle.jsse.provider.ProvTrustManagerFactorySpi getDefaultTrustStore
INFO: Initializing with trust store at path: /home/jason/.jdks/openjdk-16.0.2/lib/security/cacerts
nov. 01, 2021 4:51:09 PM com.distrimind.bouncycastle.jsse.provider.PropertyUtils getStringSystemProperty
INFO: Found string system property [java.home]: /home/jason/.jdks/openjdk-16.0.2
nov. 01, 2021 4:51:09 PM com.distrimind.bouncycastle.jsse.provider.ProvTrustManagerFactorySpi getDefaultTrustStore
INFO: Initializing with trust store at path: /home/jason/.jdks/openjdk-16.0.2/lib/security/cacerts
nov. 01, 2021 4:51:09 PM com.distrimind.bouncycastle.jsse.provider.PropertyUtils getStringSystemProperty
INFO: Found string system property [java.home]: /home/jason/.jdks/openjdk-16.0.2
nov. 01, 2021 4:51:09 PM com.distrimind.bouncycastle.jsse.provider.ProvTrustManagerFactorySpi getDefaultTrustStore
INFO: Initializing with trust store at path: /home/jason/.jdks/openjdk-16.0.2/lib/security/cacerts
nov. 01, 2021 4:51:09 PM com.distrimind.bouncycastle.jsse.provider.PropertyUtils getStringSystemProperty
INFO: Found string system property [java.home]: /home/jason/.jdks/openjdk-16.0.2
nov. 01, 2021 4:51:09 PM com.distrimind.bouncycastle.jsse.provider.ProvTrustManagerFactorySpi getDefaultTrustStore
INFO: Initializing with trust store at path: /home/jason/.jdks/openjdk-16.0.2/lib/security/cacerts
nov. 01, 2021 4:51:09 PM com.distrimind.bouncycastle.jsse.provider.PropertyUtils getStringSystemProperty
INFO: Found string system property [java.home]: /home/jason/.jdks/openjdk-16.0.2
nov. 01, 2021 4:51:09 PM com.distrimind.bouncycastle.jsse.provider.ProvTrustManagerFactorySpi getDefaultTrustStore
INFO: Initializing with trust store at path: /home/jason/.jdks/openjdk-16.0.2/lib/security/cacerts
nov. 01, 2021 4:51:09 PM com.distrimind.bouncycastle.jsse.provider.PropertyUtils getStringSystemProperty
INFO: Found string system property [java.home]: /home/jason/.jdks/openjdk-16.0.2
nov. 01, 2021 4:51:09 PM com.distrimind.bouncycastle.jsse.provider.ProvTrustManagerFactorySpi getDefaultTrustStore
INFO: Initializing with trust store at path: /home/jason/.jdks/openjdk-16.0.2/lib/security/cacerts
nov. 01, 2021 4:51:09 PM com.distrimind.bouncycastle.jsse.provider.PropertyUtils getStringSystemProperty
INFO: Found string system property [java.home]: /home/jason/.jdks/openjdk-16.0.2
nov. 01, 2021 4:51:09 PM com.distrimind.bouncycastle.jsse.provider.ProvTrustManagerFactorySpi getDefaultTrustStore
INFO: Initializing with trust store at path: /home/jason/.jdks/openjdk-16.0.2/lib/security/cacerts
nov. 01, 2021 4:51:10 PM com.distrimind.bouncycastle.jsse.provider.PropertyUtils getStringSystemProperty
INFO: Found string system property [java.home]: /home/jason/.jdks/openjdk-16.0.2
nov. 01, 2021 4:51:10 PM com.distrimind.bouncycastle.jsse.provider.ProvTrustManagerFactorySpi getDefaultTrustStore
INFO: Initializing with trust store at path: /home/jason/.jdks/openjdk-16.0.2/lib/security/cacerts
nov. 01, 2021 4:51:10 PM com.distrimind.bouncycastle.jsse.provider.PropertyUtils getStringSystemProperty
INFO: Found string system property [java.home]: /home/jason/.jdks/openjdk-16.0.2
nov. 01, 2021 4:51:10 PM com.distrimind.bouncycastle.jsse.provider.ProvTrustManagerFactorySpi getDefaultTrustStore
INFO: Initializing with trust store at path: /home/jason/.jdks/openjdk-16.0.2/lib/security/cacerts
nov. 01, 2021 4:51:10 PM com.distrimind.bouncycastle.jsse.provider.PropertyUtils getStringSystemProperty
INFO: Found string system property [java.home]: /home/jason/.jdks/openjdk-16.0.2
nov. 01, 2021 4:51:10 PM com.distrimind.bouncycastle.jsse.provider.ProvTrustManagerFactorySpi getDefaultTrustStore
INFO: Initializing with trust store at path: /home/jason/.jdks/openjdk-16.0.2/lib/security/cacerts
nov. 01, 2021 4:51:10 PM com.distrimind.bouncycastle.jsse.provider.PropertyUtils getStringSystemProperty
INFO: Found string system property [java.home]: /home/jason/.jdks/openjdk-16.0.2
nov. 01, 2021 4:51:10 PM com.distrimind.bouncycastle.jsse.provider.ProvTrustManagerFactorySpi getDefaultTrustStore
INFO: Initializing with trust store at path: /home/jason/.jdks/openjdk-16.0.2/lib/security/cacerts
nov. 01, 2021 4:51:10 PM com.distrimind.bouncycastle.jsse.provider.PropertyUtils getStringSystemProperty
INFO: Found string system property [java.home]: /home/jason/.jdks/openjdk-16.0.2
nov. 01, 2021 4:51:10 PM com.distrimind.bouncycastle.jsse.provider.ProvTrustManagerFactorySpi getDefaultTrustStore
INFO: Initializing with trust store at path: /home/jason/.jdks/openjdk-16.0.2/lib/security/cacerts
nov. 01, 2021 4:51:10 PM com.distrimind.bouncycastle.jsse.provider.PropertyUtils getStringSystemProperty
INFO: Found string system property [java.home]: /home/jason/.jdks/openjdk-16.0.2
nov. 01, 2021 4:51:10 PM com.distrimind.bouncycastle.jsse.provider.ProvTrustManagerFactorySpi getDefaultTrustStore
INFO: Initializing with trust store at path: /home/jason/.jdks/openjdk-16.0.2/lib/security/cacerts
nov. 01, 2021 4:51:10 PM com.distrimind.bouncycastle.jsse.provider.PropertyUtils getStringSystemProperty
INFO: Found string system property [java.home]: /home/jason/.jdks/openjdk-16.0.2
nov. 01, 2021 4:51:10 PM com.distrimind.bouncycastle.jsse.provider.ProvTrustManagerFactorySpi getDefaultTrustStore
INFO: Initializing with trust store at path: /home/jason/.jdks/openjdk-16.0.2/lib/security/cacerts
nov. 01, 2021 4:51:10 PM com.distrimind.bouncycastle.jsse.provider.PropertyUtils getStringSystemProperty
INFO: Found string system property [java.home]: /home/jason/.jdks/openjdk-16.0.2
nov. 01, 2021 4:51:10 PM com.distrimind.bouncycastle.jsse.provider.ProvTrustManagerFactorySpi getDefaultTrustStore
INFO: Initializing with trust store at path: /home/jason/.jdks/openjdk-16.0.2/lib/security/cacerts
nov. 01, 2021 4:51:10 PM com.distrimind.bouncycastle.jsse.provider.PropertyUtils getStringSystemProperty
INFO: Found string system property [java.home]: /home/jason/.jdks/openjdk-16.0.2
nov. 01, 2021 4:51:10 PM com.distrimind.bouncycastle.jsse.provider.ProvTrustManagerFactorySpi getDefaultTrustStore
INFO: Initializing with trust store at path: /home/jason/.jdks/openjdk-16.0.2/lib/security/cacerts
nov. 01, 2021 4:51:10 PM com.distrimind.bouncycastle.jsse.provider.PropertyUtils getStringSystemProperty
INFO: Found string system property [java.home]: /home/jason/.jdks/openjdk-16.0.2
nov. 01, 2021 4:51:10 PM com.distrimind.bouncycastle.jsse.provider.ProvTrustManagerFactorySpi getDefaultTrustStore
INFO: Initializing with trust store at path: /home/jason/.jdks/openjdk-16.0.2/lib/security/cacerts
nov. 01, 2021 4:51:10 PM com.distrimind.bouncycastle.jsse.provider.PropertyUtils getStringSystemProperty
INFO: Found string system property [java.home]: /home/jason/.jdks/openjdk-16.0.2
nov. 01, 2021 4:51:10 PM com.distrimind.bouncycastle.jsse.provider.ProvTrustManagerFactorySpi getDefaultTrustStore
INFO: Initializing with trust store at path: /home/jason/.jdks/openjdk-16.0.2/lib/security/cacerts
nov. 01, 2021 4:51:10 PM com.distrimind.bouncycastle.jsse.provider.PropertyUtils getStringSystemProperty
INFO: Found string system property [java.home]: /home/jason/.jdks/openjdk-16.0.2
nov. 01, 2021 4:51:10 PM com.distrimind.bouncycastle.jsse.provider.ProvTrustManagerFactorySpi getDefaultTrustStore
INFO: Initializing with trust store at path: /home/jason/.jdks/openjdk-16.0.2/lib/security/cacerts
nov. 01, 2021 4:51:10 PM com.distrimind.bouncycastle.jsse.provider.PropertyUtils getStringSystemProperty
INFO: Found string system property [java.home]: /home/jason/.jdks/openjdk-16.0.2
nov. 01, 2021 4:51:10 PM com.distrimind.bouncycastle.jsse.provider.ProvTrustManagerFactorySpi getDefaultTrustStore
INFO: Initializing with trust store at path: /home/jason/.jdks/openjdk-16.0.2/lib/security/cacerts
nov. 01, 2021 4:51:10 PM com.distrimind.bouncycastle.jsse.provider.PropertyUtils getStringSystemProperty
INFO: Found string system property [java.home]: /home/jason/.jdks/openjdk-16.0.2
nov. 01, 2021 4:51:10 PM com.distrimind.bouncycastle.jsse.provider.ProvTrustManagerFactorySpi getDefaultTrustStore
INFO: Initializing with trust store at path: /home/jason/.jdks/openjdk-16.0.2/lib/security/cacerts
nov. 01, 2021 4:51:10 PM com.distrimind.bouncycastle.jsse.provider.PropertyUtils getStringSystemProperty
INFO: Found string system property [java.home]: /home/jason/.jdks/openjdk-16.0.2
nov. 01, 2021 4:51:10 PM com.distrimind.bouncycastle.jsse.provider.ProvTrustManagerFactorySpi getDefaultTrustStore
INFO: Initializing with trust store at path: /home/jason/.jdks/openjdk-16.0.2/lib/security/cacerts
nov. 01, 2021 4:51:10 PM com.distrimind.bouncycastle.jsse.provider.PropertyUtils getStringSystemProperty
INFO: Found string system property [java.home]: /home/jason/.jdks/openjdk-16.0.2
nov. 01, 2021 4:51:10 PM com.distrimind.bouncycastle.jsse.provider.ProvTrustManagerFactorySpi getDefaultTrustStore
INFO: Initializing with trust store at path: /home/jason/.jdks/openjdk-16.0.2/lib/security/cacerts
nov. 01, 2021 4:51:10 PM com.distrimind.bouncycastle.jsse.provider.PropertyUtils getStringSystemProperty
INFO: Found string system property [java.home]: /home/jason/.jdks/openjdk-16.0.2
nov. 01, 2021 4:51:10 PM com.distrimind.bouncycastle.jsse.provider.ProvTrustManagerFactorySpi getDefaultTrustStore
INFO: Initializing with trust store at path: /home/jason/.jdks/openjdk-16.0.2/lib/security/cacerts
nov. 01, 2021 4:51:10 PM com.distrimind.bouncycastle.jsse.provider.PropertyUtils getStringSystemProperty
INFO: Found string system property [java.home]: /home/jason/.jdks/openjdk-16.0.2
nov. 01, 2021 4:51:10 PM com.distrimind.bouncycastle.jsse.provider.ProvTrustManagerFactorySpi getDefaultTrustStore
INFO: Initializing with trust store at path: /home/jason/.jdks/openjdk-16.0.2/lib/security/cacerts
nov. 01, 2021 4:51:10 PM com.distrimind.bouncycastle.jsse.provider.PropertyUtils getStringSystemProperty
INFO: Found string system property [java.home]: /home/jason/.jdks/openjdk-16.0.2
nov. 01, 2021 4:51:10 PM com.distrimind.bouncycastle.jsse.provider.ProvTrustManagerFactorySpi getDefaultTrustStore
INFO: Initializing with trust store at path: /home/jason/.jdks/openjdk-16.0.2/lib/security/cacerts
nov. 01, 2021 4:51:10 PM com.distrimind.bouncycastle.jsse.provider.PropertyUtils getStringSystemProperty
INFO: Found string system property [java.home]: /home/jason/.jdks/openjdk-16.0.2
nov. 01, 2021 4:51:10 PM com.distrimind.bouncycastle.jsse.provider.ProvTrustManagerFactorySpi getDefaultTrustStore
INFO: Initializing with trust store at path: /home/jason/.jdks/openjdk-16.0.2/lib/security/cacerts
nov. 01, 2021 4:51:10 PM com.distrimind.bouncycastle.jsse.provider.PropertyUtils getStringSystemProperty
INFO: Found string system property [java.home]: /home/jason/.jdks/openjdk-16.0.2
nov. 01, 2021 4:51:10 PM com.distrimind.bouncycastle.jsse.provider.ProvTrustManagerFactorySpi getDefaultTrustStore
INFO: Initializing with trust store at path: /home/jason/.jdks/openjdk-16.0.2/lib/security/cacerts
nov. 01, 2021 4:51:10 PM com.distrimind.bouncycastle.jsse.provider.PropertyUtils getStringSystemProperty
INFO: Found string system property [java.home]: /home/jason/.jdks/openjdk-16.0.2
nov. 01, 2021 4:51:10 PM com.distrimind.bouncycastle.jsse.provider.ProvTrustManagerFactorySpi getDefaultTrustStore
INFO: Initializing with trust store at path: /home/jason/.jdks/openjdk-16.0.2/lib/security/cacerts
nov. 01, 2021 4:51:10 PM com.distrimind.bouncycastle.jsse.provider.PropertyUtils getStringSystemProperty
INFO: Found string system property [java.home]: /home/jason/.jdks/openjdk-16.0.2
nov. 01, 2021 4:51:10 PM com.distrimind.bouncycastle.jsse.provider.ProvTrustManagerFactorySpi getDefaultTrustStore
INFO: Initializing with trust store at path: /home/jason/.jdks/openjdk-16.0.2/lib/security/cacerts
nov. 01, 2021 4:51:10 PM com.distrimind.bouncycastle.jsse.provider.PropertyUtils getStringSystemProperty
INFO: Found string system property [java.home]: /home/jason/.jdks/openjdk-16.0.2
nov. 01, 2021 4:51:10 PM com.distrimind.bouncycastle.jsse.provider.ProvTrustManagerFactorySpi getDefaultTrustStore
INFO: Initializing with trust store at path: /home/jason/.jdks/openjdk-16.0.2/lib/security/cacerts
nov. 01, 2021 4:51:10 PM com.distrimind.bouncycastle.jsse.provider.PropertyUtils getStringSystemProperty
INFO: Found string system property [java.home]: /home/jason/.jdks/openjdk-16.0.2
nov. 01, 2021 4:51:10 PM com.distrimind.bouncycastle.jsse.provider.ProvTrustManagerFactorySpi getDefaultTrustStore
INFO: Initializing with trust store at path: /home/jason/.jdks/openjdk-16.0.2/lib/security/cacerts
nov. 01, 2021 4:51:10 PM com.distrimind.bouncycastle.jsse.provider.PropertyUtils getStringSystemProperty
INFO: Found string system property [java.home]: /home/jason/.jdks/openjdk-16.0.2
nov. 01, 2021 4:51:10 PM com.distrimind.bouncycastle.jsse.provider.ProvTrustManagerFactorySpi getDefaultTrustStore
INFO: Initializing with trust store at path: /home/jason/.jdks/openjdk-16.0.2/lib/security/cacerts
nov. 01, 2021 4:51:10 PM com.distrimind.bouncycastle.jsse.provider.PropertyUtils getStringSystemProperty
INFO: Found string system property [java.home]: /home/jason/.jdks/openjdk-16.0.2
nov. 01, 2021 4:51:10 PM com.distrimind.bouncycastle.jsse.provider.ProvTrustManagerFactorySpi getDefaultTrustStore
INFO: Initializing with trust store at path: /home/jason/.jdks/openjdk-16.0.2/lib/security/cacerts
nov. 01, 2021 4:51:10 PM com.distrimind.bouncycastle.jsse.provider.PropertyUtils getStringSystemProperty
INFO: Found string system property [java.home]: /home/jason/.jdks/openjdk-16.0.2
nov. 01, 2021 4:51:10 PM com.distrimind.bouncycastle.jsse.provider.ProvTrustManagerFactorySpi getDefaultTrustStore
INFO: Initializing with trust store at path: /home/jason/.jdks/openjdk-16.0.2/lib/security/cacerts
nov. 01, 2021 4:51:10 PM com.distrimind.bouncycastle.jsse.provider.PropertyUtils getStringSystemProperty
INFO: Found string system property [java.home]: /home/jason/.jdks/openjdk-16.0.2
nov. 01, 2021 4:51:10 PM com.distrimind.bouncycastle.jsse.provider.ProvTrustManagerFactorySpi getDefaultTrustStore
INFO: Initializing with trust store at path: /home/jason/.jdks/openjdk-16.0.2/lib/security/cacerts
nov. 01, 2021 4:51:10 PM com.distrimind.bouncycastle.jsse.provider.PropertyUtils getStringSystemProperty
INFO: Found string system property [java.home]: /home/jason/.jdks/openjdk-16.0.2
nov. 01, 2021 4:51:10 PM com.distrimind.bouncycastle.jsse.provider.ProvTrustManagerFactorySpi getDefaultTrustStore
INFO: Initializing with trust store at path: /home/jason/.jdks/openjdk-16.0.2/lib/security/cacerts
nov. 01, 2021 4:51:10 PM com.distrimind.bouncycastle.jsse.provider.PropertyUtils getStringSystemProperty
INFO: Found string system property [java.home]: /home/jason/.jdks/openjdk-16.0.2
nov. 01, 2021 4:51:10 PM com.distrimind.bouncycastle.jsse.provider.ProvTrustManagerFactorySpi getDefaultTrustStore
INFO: Initializing with trust store at path: /home/jason/.jdks/openjdk-16.0.2/lib/security/cacerts
nov. 01, 2021 4:51:10 PM com.distrimind.bouncycastle.jsse.provider.PropertyUtils getStringSystemProperty
INFO: Found string system property [java.home]: /home/jason/.jdks/openjdk-16.0.2
nov. 01, 2021 4:51:10 PM com.distrimind.bouncycastle.jsse.provider.ProvTrustManagerFactorySpi getDefaultTrustStore
INFO: Initializing with trust store at path: /home/jason/.jdks/openjdk-16.0.2/lib/security/cacerts
nov. 01, 2021 4:51:10 PM com.distrimind.bouncycastle.jsse.provider.PropertyUtils getStringSystemProperty
INFO: Found string system property [java.home]: /home/jason/.jdks/openjdk-16.0.2
nov. 01, 2021 4:51:10 PM com.distrimind.bouncycastle.jsse.provider.ProvTrustManagerFactorySpi getDefaultTrustStore
INFO: Initializing with trust store at path: /home/jason/.jdks/openjdk-16.0.2/lib/security/cacerts
nov. 01, 2021 4:51:10 PM com.distrimind.bouncycastle.jsse.provider.PropertyUtils getStringSystemProperty
INFO: Found string system property [java.home]: /home/jason/.jdks/openjdk-16.0.2
nov. 01, 2021 4:51:10 PM com.distrimind.bouncycastle.jsse.provider.ProvTrustManagerFactorySpi getDefaultTrustStore
INFO: Initializing with trust store at path: /home/jason/.jdks/openjdk-16.0.2/lib/security/cacerts
nov. 01, 2021 4:51:10 PM com.distrimind.bouncycastle.jsse.provider.PropertyUtils getStringSystemProperty
INFO: Found string system property [java.home]: /home/jason/.jdks/openjdk-16.0.2
nov. 01, 2021 4:51:10 PM com.distrimind.bouncycastle.jsse.provider.ProvTrustManagerFactorySpi getDefaultTrustStore
INFO: Initializing with trust store at path: /home/jason/.jdks/openjdk-16.0.2/lib/security/cacerts
nov. 01, 2021 4:51:10 PM com.distrimind.bouncycastle.jsse.provider.PropertyUtils getStringSystemProperty
INFO: Found string system property [java.home]: /home/jason/.jdks/openjdk-16.0.2
nov. 01, 2021 4:51:10 PM com.distrimind.bouncycastle.jsse.provider.ProvTrustManagerFactorySpi getDefaultTrustStore
INFO: Initializing with trust store at path: /home/jason/.jdks/openjdk-16.0.2/lib/security/cacerts
nov. 01, 2021 4:51:10 PM com.distrimind.bouncycastle.jsse.provider.PropertyUtils getStringSystemProperty
INFO: Found string system property [java.home]: /home/jason/.jdks/openjdk-16.0.2
nov. 01, 2021 4:51:10 PM com.distrimind.bouncycastle.jsse.provider.ProvTrustManagerFactorySpi getDefaultTrustStore
INFO: Initializing with trust store at path: /home/jason/.jdks/openjdk-16.0.2/lib/security/cacerts
nov. 01, 2021 4:51:10 PM com.distrimind.bouncycastle.jsse.provider.PropertyUtils getStringSystemProperty
INFO: Found string system property [java.home]: /home/jason/.jdks/openjdk-16.0.2
nov. 01, 2021 4:51:10 PM com.distrimind.bouncycastle.jsse.provider.ProvTrustManagerFactorySpi getDefaultTrustStore
INFO: Initializing with trust store at path: /home/jason/.jdks/openjdk-16.0.2/lib/security/cacerts
nov. 01, 2021 4:51:10 PM com.distrimind.bouncycastle.jsse.provider.PropertyUtils getStringSystemProperty
INFO: Found string system property [java.home]: /home/jason/.jdks/openjdk-16.0.2
nov. 01, 2021 4:51:10 PM com.distrimind.bouncycastle.jsse.provider.ProvTrustManagerFactorySpi getDefaultTrustStore
INFO: Initializing with trust store at path: /home/jason/.jdks/openjdk-16.0.2/lib/security/cacerts
nov. 01, 2021 4:51:10 PM com.distrimind.bouncycastle.jsse.provider.PropertyUtils getStringSystemProperty
INFO: Found string system property [java.home]: /home/jason/.jdks/openjdk-16.0.2
nov. 01, 2021 4:51:10 PM com.distrimind.bouncycastle.jsse.provider.ProvTrustManagerFactorySpi getDefaultTrustStore
INFO: Initializing with trust store at path: /home/jason/.jdks/openjdk-16.0.2/lib/security/cacerts
nov. 01, 2021 4:51:10 PM com.distrimind.bouncycastle.jsse.provider.PropertyUtils getStringSystemProperty
INFO: Found string system property [java.home]: /home/jason/.jdks/openjdk-16.0.2
nov. 01, 2021 4:51:10 PM com.distrimind.bouncycastle.jsse.provider.ProvTrustManagerFactorySpi getDefaultTrustStore
INFO: Initializing with trust store at path: /home/jason/.jdks/openjdk-16.0.2/lib/security/cacerts
nov. 01, 2021 4:51:10 PM com.distrimind.bouncycastle.jsse.provider.PropertyUtils getStringSystemProperty
INFO: Found string system property [java.home]: /home/jason/.jdks/openjdk-16.0.2
nov. 01, 2021 4:51:10 PM com.distrimind.bouncycastle.jsse.provider.ProvTrustManagerFactorySpi getDefaultTrustStore
INFO: Initializing with trust store at path: /home/jason/.jdks/openjdk-16.0.2/lib/security/cacerts
nov. 01, 2021 4:51:10 PM com.distrimind.bouncycastle.jsse.provider.PropertyUtils getStringSystemProperty
INFO: Found string system property [java.home]: /home/jason/.jdks/openjdk-16.0.2
nov. 01, 2021 4:51:10 PM com.distrimind.bouncycastle.jsse.provider.ProvTrustManagerFactorySpi getDefaultTrustStore
INFO: Initializing with trust store at path: /home/jason/.jdks/openjdk-16.0.2/lib/security/cacerts
nov. 01, 2021 4:51:10 PM com.distrimind.bouncycastle.jsse.provider.PropertyUtils getStringSystemProperty
INFO: Found string system property [java.home]: /home/jason/.jdks/openjdk-16.0.2
nov. 01, 2021 4:51:10 PM com.distrimind.bouncycastle.jsse.provider.ProvTrustManagerFactorySpi getDefaultTrustStore
INFO: Initializing with trust store at path: /home/jason/.jdks/openjdk-16.0.2/lib/security/cacerts
nov. 01, 2021 4:51:10 PM com.distrimind.bouncycastle.jsse.provider.PropertyUtils getStringSystemProperty
INFO: Found string system property [java.home]: /home/jason/.jdks/openjdk-16.0.2
nov. 01, 2021 4:51:10 PM com.distrimind.bouncycastle.jsse.provider.ProvTrustManagerFactorySpi getDefaultTrustStore
INFO: Initializing with trust store at path: /home/jason/.jdks/openjdk-16.0.2/lib/security/cacerts
nov. 01, 2021 4:51:10 PM com.distrimind.bouncycastle.jsse.provider.PropertyUtils getStringSystemProperty
INFO: Found string system property [java.home]: /home/jason/.jdks/openjdk-16.0.2
nov. 01, 2021 4:51:10 PM com.distrimind.bouncycastle.jsse.provider.ProvTrustManagerFactorySpi getDefaultTrustStore
INFO: Initializing with trust store at path: /home/jason/.jdks/openjdk-16.0.2/lib/security/cacerts
nov. 01, 2021 4:51:10 PM com.distrimind.bouncycastle.jsse.provider.PropertyUtils getStringSystemProperty
INFO: Found string system property [java.home]: /home/jason/.jdks/openjdk-16.0.2
nov. 01, 2021 4:51:10 PM com.distrimind.bouncycastle.jsse.provider.ProvTrustManagerFactorySpi getDefaultTrustStore
INFO: Initializing with trust store at path: /home/jason/.jdks/openjdk-16.0.2/lib/security/cacerts
nov. 01, 2021 4:51:10 PM com.distrimind.bouncycastle.jsse.provider.PropertyUtils getStringSystemProperty
INFO: Found string system property [java.home]: /home/jason/.jdks/openjdk-16.0.2
nov. 01, 2021 4:51:10 PM com.distrimind.bouncycastle.jsse.provider.ProvTrustManagerFactorySpi getDefaultTrustStore
INFO: Initializing with trust store at path: /home/jason/.jdks/openjdk-16.0.2/lib/security/cacerts
nov. 01, 2021 4:51:10 PM com.distrimind.bouncycastle.jsse.provider.PropertyUtils getStringSystemProperty
INFO: Found string system property [java.home]: /home/jason/.jdks/openjdk-16.0.2
nov. 01, 2021 4:51:10 PM com.distrimind.bouncycastle.jsse.provider.ProvTrustManagerFactorySpi getDefaultTrustStore
INFO: Initializing with trust store at path: /home/jason/.jdks/openjdk-16.0.2/lib/security/cacerts
nov. 01, 2021 4:51:10 PM com.distrimind.bouncycastle.jsse.provider.PropertyUtils getStringSystemProperty
INFO: Found string system property [java.home]: /home/jason/.jdks/openjdk-16.0.2
nov. 01, 2021 4:51:10 PM com.distrimind.bouncycastle.jsse.provider.ProvTrustManagerFactorySpi getDefaultTrustStore
INFO: Initializing with trust store at path: /home/jason/.jdks/openjdk-16.0.2/lib/security/cacerts
nov. 01, 2021 4:51:10 PM com.distrimind.bouncycastle.jsse.provider.PropertyUtils getStringSystemProperty
INFO: Found string system property [java.home]: /home/jason/.jdks/openjdk-16.0.2
nov. 01, 2021 4:51:10 PM com.distrimind.bouncycastle.jsse.provider.ProvTrustManagerFactorySpi getDefaultTrustStore
INFO: Initializing with trust store at path: /home/jason/.jdks/openjdk-16.0.2/lib/security/cacerts
nov. 01, 2021 4:51:10 PM com.distrimind.bouncycastle.jsse.provider.PropertyUtils getStringSystemProperty
INFO: Found string system property [java.home]: /home/jason/.jdks/openjdk-16.0.2
nov. 01, 2021 4:51:10 PM com.distrimind.bouncycastle.jsse.provider.ProvTrustManagerFactorySpi getDefaultTrustStore
INFO: Initializing with trust store at path: /home/jason/.jdks/openjdk-16.0.2/lib/security/cacerts
nov. 01, 2021 4:51:10 PM com.distrimind.bouncycastle.jsse.provider.PropertyUtils getStringSystemProperty
INFO: Found string system property [java.home]: /home/jason/.jdks/openjdk-16.0.2
nov. 01, 2021 4:51:10 PM com.distrimind.bouncycastle.jsse.provider.ProvTrustManagerFactorySpi getDefaultTrustStore
INFO: Initializing with trust store at path: /home/jason/.jdks/openjdk-16.0.2/lib/security/cacerts
nov. 01, 2021 4:51:10 PM com.distrimind.bouncycastle.jsse.provider.PropertyUtils getStringSystemProperty
INFO: Found string system property [java.home]: /home/jason/.jdks/openjdk-16.0.2
nov. 01, 2021 4:51:10 PM com.distrimind.bouncycastle.jsse.provider.ProvTrustManagerFactorySpi getDefaultTrustStore
INFO: Initializing with trust store at path: /home/jason/.jdks/openjdk-16.0.2/lib/security/cacerts
nov. 01, 2021 4:51:10 PM com.distrimind.bouncycastle.jsse.provider.PropertyUtils getStringSystemProperty
INFO: Found string system property [java.home]: /home/jason/.jdks/openjdk-16.0.2
nov. 01, 2021 4:51:10 PM com.distrimind.bouncycastle.jsse.provider.ProvTrustManagerFactorySpi getDefaultTrustStore
INFO: Initializing with trust store at path: /home/jason/.jdks/openjdk-16.0.2/lib/security/cacerts
nov. 01, 2021 4:51:10 PM com.distrimind.bouncycastle.jsse.provider.PropertyUtils getStringSystemProperty
INFO: Found string system property [java.home]: /home/jason/.jdks/openjdk-16.0.2
nov. 01, 2021 4:51:10 PM com.distrimind.bouncycastle.jsse.provider.ProvTrustManagerFactorySpi getDefaultTrustStore
INFO: Initializing with trust store at path: /home/jason/.jdks/openjdk-16.0.2/lib/security/cacerts
nov. 01, 2021 4:51:10 PM com.distrimind.bouncycastle.jsse.provider.PropertyUtils getStringSystemProperty
INFO: Found string system property [java.home]: /home/jason/.jdks/openjdk-16.0.2
nov. 01, 2021 4:51:10 PM com.distrimind.bouncycastle.jsse.provider.ProvTrustManagerFactorySpi getDefaultTrustStore
INFO: Initializing with trust store at path: /home/jason/.jdks/openjdk-16.0.2/lib/security/cacerts
nov. 01, 2021 4:51:10 PM com.distrimind.bouncycastle.jsse.provider.PropertyUtils getStringSystemProperty
INFO: Found string system property [java.home]: /home/jason/.jdks/openjdk-16.0.2
nov. 01, 2021 4:51:10 PM com.distrimind.bouncycastle.jsse.provider.ProvTrustManagerFactorySpi getDefaultTrustStore
INFO: Initializing with trust store at path: /home/jason/.jdks/openjdk-16.0.2/lib/security/cacerts
nov. 01, 2021 4:51:10 PM com.distrimind.bouncycastle.jsse.provider.PropertyUtils getStringSystemProperty
INFO: Found string system property [java.home]: /home/jason/.jdks/openjdk-16.0.2
nov. 01, 2021 4:51:10 PM com.distrimind.bouncycastle.jsse.provider.ProvTrustManagerFactorySpi getDefaultTrustStore
INFO: Initializing with trust store at path: /home/jason/.jdks/openjdk-16.0.2/lib/security/cacerts
nov. 01, 2021 4:51:10 PM com.distrimind.bouncycastle.jsse.provider.PropertyUtils getStringSystemProperty
INFO: Found string system property [java.home]: /home/jason/.jdks/openjdk-16.0.2
nov. 01, 2021 4:51:10 PM com.distrimind.bouncycastle.jsse.provider.ProvTrustManagerFactorySpi getDefaultTrustStore
INFO: Initializing with trust store at path: /home/jason/.jdks/openjdk-16.0.2/lib/security/cacerts
nov. 01, 2021 4:51:10 PM com.distrimind.bouncycastle.jsse.provider.PropertyUtils getStringSystemProperty
INFO: Found string system property [java.home]: /home/jason/.jdks/openjdk-16.0.2
nov. 01, 2021 4:51:10 PM com.distrimind.bouncycastle.jsse.provider.ProvTrustManagerFactorySpi getDefaultTrustStore
INFO: Initializing with trust store at path: /home/jason/.jdks/openjdk-16.0.2/lib/security/cacerts
nov. 01, 2021 4:51:10 PM com.distrimind.bouncycastle.jsse.provider.PropertyUtils getStringSystemProperty
INFO: Found string system property [java.home]: /home/jason/.jdks/openjdk-16.0.2
nov. 01, 2021 4:51:10 PM com.distrimind.bouncycastle.jsse.provider.ProvTrustManagerFactorySpi getDefaultTrustStore
INFO: Initializing with trust store at path: /home/jason/.jdks/openjdk-16.0.2/lib/security/cacerts
nov. 01, 2021 4:51:10 PM com.distrimind.bouncycastle.jsse.provider.PropertyUtils getStringSystemProperty
INFO: Found string system property [java.home]: /home/jason/.jdks/openjdk-16.0.2
nov. 01, 2021 4:51:10 PM com.distrimind.bouncycastle.jsse.provider.ProvTrustManagerFactorySpi getDefaultTrustStore
INFO: Initializing with trust store at path: /home/jason/.jdks/openjdk-16.0.2/lib/security/cacerts
nov. 01, 2021 4:51:10 PM com.distrimind.bouncycastle.jsse.provider.PropertyUtils getStringSystemProperty
INFO: Found string system property [java.home]: /home/jason/.jdks/openjdk-16.0.2
nov. 01, 2021 4:51:10 PM com.distrimind.bouncycastle.jsse.provider.ProvTrustManagerFactorySpi getDefaultTrustStore
INFO: Initializing with trust store at path: /home/jason/.jdks/openjdk-16.0.2/lib/security/cacerts
nov. 01, 2021 4:51:10 PM com.distrimind.bouncycastle.jsse.provider.PropertyUtils getStringSystemProperty
INFO: Found string system property [java.home]: /home/jason/.jdks/openjdk-16.0.2
nov. 01, 2021 4:51:10 PM com.distrimind.bouncycastle.jsse.provider.ProvTrustManagerFactorySpi getDefaultTrustStore
INFO: Initializing with trust store at path: /home/jason/.jdks/openjdk-16.0.2/lib/security/cacerts
nov. 01, 2021 4:51:10 PM com.distrimind.bouncycastle.jsse.provider.PropertyUtils getStringSystemProperty
INFO: Found string system property [java.home]: /home/jason/.jdks/openjdk-16.0.2
nov. 01, 2021 4:51:10 PM com.distrimind.bouncycastle.jsse.provider.ProvTrustManagerFactorySpi getDefaultTrustStore
INFO: Initializing with trust store at path: /home/jason/.jdks/openjdk-16.0.2/lib/security/cacerts
nov. 01, 2021 4:51:10 PM com.distrimind.bouncycastle.jsse.provider.PropertyUtils getStringSystemProperty
INFO: Found string system property [java.home]: /home/jason/.jdks/openjdk-16.0.2
nov. 01, 2021 4:51:10 PM com.distrimind.bouncycastle.jsse.provider.ProvTrustManagerFactorySpi getDefaultTrustStore
INFO: Initializing with trust store at path: /home/jason/.jdks/openjdk-16.0.2/lib/security/cacerts
nov. 01, 2021 4:51:10 PM com.distrimind.bouncycastle.jsse.provider.PropertyUtils getStringSystemProperty
INFO: Found string system property [java.home]: /home/jason/.jdks/openjdk-16.0.2
nov. 01, 2021 4:51:10 PM com.distrimind.bouncycastle.jsse.provider.ProvTrustManagerFactorySpi getDefaultTrustStore
INFO: Initializing with trust store at path: /home/jason/.jdks/openjdk-16.0.2/lib/security/cacerts
nov. 01, 2021 4:51:11 PM com.distrimind.bouncycastle.jsse.provider.PropertyUtils getStringSystemProperty
INFO: Found string system property [java.home]: /home/jason/.jdks/openjdk-16.0.2
nov. 01, 2021 4:51:11 PM com.distrimind.bouncycastle.jsse.provider.ProvTrustManagerFactorySpi getDefaultTrustStore
INFO: Initializing with trust store at path: /home/jason/.jdks/openjdk-16.0.2/lib/security/cacerts
nov. 01, 2021 4:51:11 PM com.distrimind.bouncycastle.jsse.provider.PropertyUtils getStringSystemProperty
INFO: Found string system property [java.home]: /home/jason/.jdks/openjdk-16.0.2
nov. 01, 2021 4:51:11 PM com.distrimind.bouncycastle.jsse.provider.ProvTrustManagerFactorySpi getDefaultTrustStore
INFO: Initializing with trust store at path: /home/jason/.jdks/openjdk-16.0.2/lib/security/cacerts
nov. 01, 2021 4:51:11 PM com.distrimind.bouncycastle.jsse.provider.PropertyUtils getStringSystemProperty
INFO: Found string system property [java.home]: /home/jason/.jdks/openjdk-16.0.2
nov. 01, 2021 4:51:11 PM com.distrimind.bouncycastle.jsse.provider.ProvTrustManagerFactorySpi getDefaultTrustStore
INFO: Initializing with trust store at path: /home/jason/.jdks/openjdk-16.0.2/lib/security/cacerts
nov. 01, 2021 4:51:11 PM com.distrimind.bouncycastle.jsse.provider.PropertyUtils getStringSystemProperty
INFO: Found string system property [java.home]: /home/jason/.jdks/openjdk-16.0.2
nov. 01, 2021 4:51:11 PM com.distrimind.bouncycastle.jsse.provider.ProvTrustManagerFactorySpi getDefaultTrustStore
INFO: Initializing with trust store at path: /home/jason/.jdks/openjdk-16.0.2/lib/security/cacerts
nov. 01, 2021 4:51:11 PM com.distrimind.bouncycastle.jsse.provider.PropertyUtils getStringSystemProperty
INFO: Found string system property [java.home]: /home/jason/.jdks/openjdk-16.0.2
nov. 01, 2021 4:51:11 PM com.distrimind.bouncycastle.jsse.provider.ProvTrustManagerFactorySpi getDefaultTrustStore
INFO: Initializing with trust store at path: /home/jason/.jdks/openjdk-16.0.2/lib/security/cacerts
nov. 01, 2021 4:51:11 PM com.distrimind.bouncycastle.jsse.provider.PropertyUtils getStringSystemProperty
INFO: Found string system property [java.home]: /home/jason/.jdks/openjdk-16.0.2
nov. 01, 2021 4:51:11 PM com.distrimind.bouncycastle.jsse.provider.ProvTrustManagerFactorySpi getDefaultTrustStore
INFO: Initializing with trust store at path: /home/jason/.jdks/openjdk-16.0.2/lib/security/cacerts
nov. 01, 2021 4:51:11 PM com.distrimind.bouncycastle.jsse.provider.PropertyUtils getStringSystemProperty
INFO: Found string system property [java.home]: /home/jason/.jdks/openjdk-16.0.2
nov. 01, 2021 4:51:11 PM com.distrimind.bouncycastle.jsse.provider.ProvTrustManagerFactorySpi getDefaultTrustStore
INFO: Initializing with trust store at path: /home/jason/.jdks/openjdk-16.0.2/lib/security/cacerts
nov. 01, 2021 4:51:11 PM com.distrimind.bouncycastle.jsse.provider.PropertyUtils getStringSystemProperty
INFO: Found string system property [java.home]: /home/jason/.jdks/openjdk-16.0.2
nov. 01, 2021 4:51:11 PM com.distrimind.bouncycastle.jsse.provider.ProvTrustManagerFactorySpi getDefaultTrustStore
INFO: Initializing with trust store at path: /home/jason/.jdks/openjdk-16.0.2/lib/security/cacerts
nov. 01, 2021 4:51:11 PM com.distrimind.bouncycastle.jsse.provider.PropertyUtils getStringSystemProperty
INFO: Found string system property [java.home]: /home/jason/.jdks/openjdk-16.0.2
nov. 01, 2021 4:51:11 PM com.distrimind.bouncycastle.jsse.provider.ProvTrustManagerFactorySpi getDefaultTrustStore
INFO: Initializing with trust store at path: /home/jason/.jdks/openjdk-16.0.2/lib/security/cacerts
nov. 01, 2021 4:51:11 PM com.distrimind.bouncycastle.jsse.provider.PropertyUtils getStringSystemProperty
INFO: Found string system property [java.home]: /home/jason/.jdks/openjdk-16.0.2
nov. 01, 2021 4:51:11 PM com.distrimind.bouncycastle.jsse.provider.ProvTrustManagerFactorySpi getDefaultTrustStore
INFO: Initializing with trust store at path: /home/jason/.jdks/openjdk-16.0.2/lib/security/cacerts
nov. 01, 2021 4:51:11 PM com.distrimind.bouncycastle.jsse.provider.PropertyUtils getStringSystemProperty
INFO: Found string system property [java.home]: /home/jason/.jdks/openjdk-16.0.2
nov. 01, 2021 4:51:11 PM com.distrimind.bouncycastle.jsse.provider.ProvTrustManagerFactorySpi getDefaultTrustStore
INFO: Initializing with trust store at path: /home/jason/.jdks/openjdk-16.0.2/lib/security/cacerts
nov. 01, 2021 4:51:11 PM com.distrimind.bouncycastle.jsse.provider.PropertyUtils getStringSystemProperty
INFO: Found string system property [java.home]: /home/jason/.jdks/openjdk-16.0.2
nov. 01, 2021 4:51:11 PM com.distrimind.bouncycastle.jsse.provider.ProvTrustManagerFactorySpi getDefaultTrustStore
INFO: Initializing with trust store at path: /home/jason/.jdks/openjdk-16.0.2/lib/security/cacerts
nov. 01, 2021 4:51:12 PM com.distrimind.bouncycastle.jsse.provider.PropertyUtils getStringSystemProperty
INFO: Found string system property [java.home]: /home/jason/.jdks/openjdk-16.0.2
nov. 01, 2021 4:51:12 PM com.distrimind.bouncycastle.jsse.provider.ProvTrustManagerFactorySpi getDefaultTrustStore
INFO: Initializing with trust store at path: /home/jason/.jdks/openjdk-16.0.2/lib/security/cacerts
nov. 01, 2021 4:51:12 PM com.distrimind.bouncycastle.jsse.provider.PropertyUtils getStringSystemProperty
INFO: Found string system property [java.home]: /home/jason/.jdks/openjdk-16.0.2
nov. 01, 2021 4:51:12 PM com.distrimind.bouncycastle.jsse.provider.ProvTrustManagerFactorySpi getDefaultTrustStore
INFO: Initializing with trust store at path: /home/jason/.jdks/openjdk-16.0.2/lib/security/cacerts
nov. 01, 2021 4:51:12 PM com.distrimind.bouncycastle.jsse.provider.PropertyUtils getStringSystemProperty
INFO: Found string system property [java.home]: /home/jason/.jdks/openjdk-16.0.2
nov. 01, 2021 4:51:12 PM com.distrimind.bouncycastle.jsse.provider.ProvTrustManagerFactorySpi getDefaultTrustStore
INFO: Initializing with trust store at path: /home/jason/.jdks/openjdk-16.0.2/lib/security/cacerts
nov. 01, 2021 4:51:12 PM com.distrimind.bouncycastle.jsse.provider.PropertyUtils getStringSystemProperty
INFO: Found string system property [java.home]: /home/jason/.jdks/openjdk-16.0.2
nov. 01, 2021 4:51:12 PM com.distrimind.bouncycastle.jsse.provider.ProvTrustManagerFactorySpi getDefaultTrustStore
INFO: Initializing with trust store at path: /home/jason/.jdks/openjdk-16.0.2/lib/security/cacerts
nov. 01, 2021 4:51:12 PM com.distrimind.bouncycastle.jsse.provider.PropertyUtils getStringSystemProperty
INFO: Found string system property [java.home]: /home/jason/.jdks/openjdk-16.0.2
nov. 01, 2021 4:51:12 PM com.distrimind.bouncycastle.jsse.provider.ProvTrustManagerFactorySpi getDefaultTrustStore
INFO: Initializing with trust store at path: /home/jason/.jdks/openjdk-16.0.2/lib/security/cacerts
nov. 01, 2021 4:51:12 PM com.distrimind.bouncycastle.jsse.provider.PropertyUtils getStringSystemProperty
INFO: Found string system property [java.home]: /home/jason/.jdks/openjdk-16.0.2
nov. 01, 2021 4:51:12 PM com.distrimind.bouncycastle.jsse.provider.ProvTrustManagerFactorySpi getDefaultTrustStore
INFO: Initializing with trust store at path: /home/jason/.jdks/openjdk-16.0.2/lib/security/cacerts
nov. 01, 2021 4:51:12 PM com.distrimind.bouncycastle.jsse.provider.PropertyUtils getStringSystemProperty
INFO: Found string system property [java.home]: /home/jason/.jdks/openjdk-16.0.2
nov. 01, 2021 4:51:12 PM com.distrimind.bouncycastle.jsse.provider.ProvTrustManagerFactorySpi getDefaultTrustStore
INFO: Initializing with trust store at path: /home/jason/.jdks/openjdk-16.0.2/lib/security/cacerts
nov. 01, 2021 4:51:12 PM com.distrimind.bouncycastle.jsse.provider.PropertyUtils getStringSystemProperty
INFO: Found string system property [java.home]: /home/jason/.jdks/openjdk-16.0.2
nov. 01, 2021 4:51:12 PM com.distrimind.bouncycastle.jsse.provider.ProvTrustManagerFactorySpi getDefaultTrustStore
INFO: Initializing with trust store at path: /home/jason/.jdks/openjdk-16.0.2/lib/security/cacerts
nov. 01, 2021 4:51:12 PM com.distrimind.bouncycastle.jsse.provider.PropertyUtils getStringSystemProperty
INFO: Found string system property [java.home]: /home/jason/.jdks/openjdk-16.0.2
nov. 01, 2021 4:51:12 PM com.distrimind.bouncycastle.jsse.provider.ProvTrustManagerFactorySpi getDefaultTrustStore
INFO: Initializing with trust store at path: /home/jason/.jdks/openjdk-16.0.2/lib/security/cacerts
nov. 01, 2021 4:51:12 PM com.distrimind.bouncycastle.jsse.provider.PropertyUtils getStringSystemProperty
INFO: Found string system property [java.home]: /home/jason/.jdks/openjdk-16.0.2
nov. 01, 2021 4:51:12 PM com.distrimind.bouncycastle.jsse.provider.ProvTrustManagerFactorySpi getDefaultTrustStore
INFO: Initializing with trust store at path: /home/jason/.jdks/openjdk-16.0.2/lib/security/cacerts
nov. 01, 2021 4:51:12 PM com.distrimind.bouncycastle.jsse.provider.PropertyUtils getStringSystemProperty
INFO: Found string system property [java.home]: /home/jason/.jdks/openjdk-16.0.2
nov. 01, 2021 4:51:12 PM com.distrimind.bouncycastle.jsse.provider.ProvTrustManagerFactorySpi getDefaultTrustStore
INFO: Initializing with trust store at path: /home/jason/.jdks/openjdk-16.0.2/lib/security/cacerts
nov. 01, 2021 4:51:12 PM com.distrimind.bouncycastle.jsse.provider.PropertyUtils getStringSystemProperty
INFO: Found string system property [java.home]: /home/jason/.jdks/openjdk-16.0.2
nov. 01, 2021 4:51:12 PM com.distrimind.bouncycastle.jsse.provider.ProvTrustManagerFactorySpi getDefaultTrustStore
INFO: Initializing with trust store at path: /home/jason/.jdks/openjdk-16.0.2/lib/security/cacerts
nov. 01, 2021 4:51:12 PM com.distrimind.bouncycastle.jsse.provider.PropertyUtils getStringSystemProperty
INFO: Found string system property [java.home]: /home/jason/.jdks/openjdk-16.0.2
nov. 01, 2021 4:51:12 PM com.distrimind.bouncycastle.jsse.provider.ProvTrustManagerFactorySpi getDefaultTrustStore
INFO: Initializing with trust store at path: /home/jason/.jdks/openjdk-16.0.2/lib/security/cacerts
nov. 01, 2021 4:51:12 PM com.distrimind.bouncycastle.jsse.provider.PropertyUtils getStringSystemProperty
INFO: Found string system property [java.home]: /home/jason/.jdks/openjdk-16.0.2
nov. 01, 2021 4:51:12 PM com.distrimind.bouncycastle.jsse.provider.ProvTrustManagerFactorySpi getDefaultTrustStore
INFO: Initializing with trust store at path: /home/jason/.jdks/openjdk-16.0.2/lib/security/cacerts
nov. 01, 2021 4:51:12 PM com.distrimind.bouncycastle.jsse.provider.PropertyUtils getStringSystemProperty
INFO: Found string system property [java.home]: /home/jason/.jdks/openjdk-16.0.2
nov. 01, 2021 4:51:12 PM com.distrimind.bouncycastle.jsse.provider.ProvTrustManagerFactorySpi getDefaultTrustStore
INFO: Initializing with trust store at path: /home/jason/.jdks/openjdk-16.0.2/lib/security/cacerts
nov. 01, 2021 4:51:12 PM com.distrimind.bouncycastle.jsse.provider.PropertyUtils getStringSystemProperty
INFO: Found string system property [java.home]: /home/jason/.jdks/openjdk-16.0.2
nov. 01, 2021 4:51:12 PM com.distrimind.bouncycastle.jsse.provider.ProvTrustManagerFactorySpi getDefaultTrustStore
INFO: Initializing with trust store at path: /home/jason/.jdks/openjdk-16.0.2/lib/security/cacerts
nov. 01, 2021 4:51:12 PM com.distrimind.bouncycastle.jsse.provider.PropertyUtils getStringSystemProperty
INFO: Found string system property [java.home]: /home/jason/.jdks/openjdk-16.0.2
nov. 01, 2021 4:51:12 PM com.distrimind.bouncycastle.jsse.provider.ProvTrustManagerFactorySpi getDefaultTrustStore
INFO: Initializing with trust store at path: /home/jason/.jdks/openjdk-16.0.2/lib/security/cacerts
nov. 01, 2021 4:51:12 PM com.distrimind.bouncycastle.jsse.provider.PropertyUtils getStringSystemProperty
INFO: Found string system property [java.home]: /home/jason/.jdks/openjdk-16.0.2
nov. 01, 2021 4:51:12 PM com.distrimind.bouncycastle.jsse.provider.ProvTrustManagerFactorySpi getDefaultTrustStore
INFO: Initializing with trust store at path: /home/jason/.jdks/openjdk-16.0.2/lib/security/cacerts
nov. 01, 2021 4:51:12 PM com.distrimind.bouncycastle.jsse.provider.PropertyUtils getStringSystemProperty
INFO: Found string system property [java.home]: /home/jason/.jdks/openjdk-16.0.2
nov. 01, 2021 4:51:12 PM com.distrimind.bouncycastle.jsse.provider.ProvTrustManagerFactorySpi getDefaultTrustStore
INFO: Initializing with trust store at path: /home/jason/.jdks/openjdk-16.0.2/lib/security/cacerts
nov. 01, 2021 4:51:12 PM com.distrimind.bouncycastle.jsse.provider.PropertyUtils getStringSystemProperty
INFO: Found string system property [java.home]: /home/jason/.jdks/openjdk-16.0.2
nov. 01, 2021 4:51:12 PM com.distrimind.bouncycastle.jsse.provider.ProvTrustManagerFactorySpi getDefaultTrustStore
INFO: Initializing with trust store at path: /home/jason/.jdks/openjdk-16.0.2/lib/security/cacerts
nov. 01, 2021 4:51:12 PM com.distrimind.bouncycastle.jsse.provider.PropertyUtils getStringSystemProperty
INFO: Found string system property [java.home]: /home/jason/.jdks/openjdk-16.0.2
nov. 01, 2021 4:51:12 PM com.distrimind.bouncycastle.jsse.provider.ProvTrustManagerFactorySpi getDefaultTrustStore
INFO: Initializing with trust store at path: /home/jason/.jdks/openjdk-16.0.2/lib/security/cacerts
nov. 01, 2021 4:51:12 PM com.distrimind.bouncycastle.jsse.provider.PropertyUtils getStringSystemProperty
INFO: Found string system property [java.home]: /home/jason/.jdks/openjdk-16.0.2
nov. 01, 2021 4:51:12 PM com.distrimind.bouncycastle.jsse.provider.ProvTrustManagerFactorySpi getDefaultTrustStore
INFO: Initializing with trust store at path: /home/jason/.jdks/openjdk-16.0.2/lib/security/cacerts
nov. 01, 2021 4:51:12 PM com.distrimind.bouncycastle.jsse.provider.PropertyUtils getStringSystemProperty
INFO: Found string system property [java.home]: /home/jason/.jdks/openjdk-16.0.2
nov. 01, 2021 4:51:12 PM com.distrimind.bouncycastle.jsse.provider.ProvTrustManagerFactorySpi getDefaultTrustStore
INFO: Initializing with trust store at path: /home/jason/.jdks/openjdk-16.0.2/lib/security/cacerts
nov. 01, 2021 4:51:12 PM com.distrimind.bouncycastle.jsse.provider.PropertyUtils getStringSystemProperty
INFO: Found string system property [java.home]: /home/jason/.jdks/openjdk-16.0.2
nov. 01, 2021 4:51:12 PM com.distrimind.bouncycastle.jsse.provider.ProvTrustManagerFactorySpi getDefaultTrustStore
INFO: Initializing with trust store at path: /home/jason/.jdks/openjdk-16.0.2/lib/security/cacerts
nov. 01, 2021 4:51:12 PM com.distrimind.bouncycastle.jsse.provider.PropertyUtils getStringSystemProperty
INFO: Found string system property [java.home]: /home/jason/.jdks/openjdk-16.0.2
nov. 01, 2021 4:51:12 PM com.distrimind.bouncycastle.jsse.provider.ProvTrustManagerFactorySpi getDefaultTrustStore
INFO: Initializing with trust store at path: /home/jason/.jdks/openjdk-16.0.2/lib/security/cacerts
nov. 01, 2021 4:51:12 PM com.distrimind.bouncycastle.jsse.provider.PropertyUtils getStringSystemProperty
INFO: Found string system property [java.home]: /home/jason/.jdks/openjdk-16.0.2
nov. 01, 2021 4:51:12 PM com.distrimind.bouncycastle.jsse.provider.ProvTrustManagerFactorySpi getDefaultTrustStore
INFO: Initializing with trust store at path: /home/jason/.jdks/openjdk-16.0.2/lib/security/cacerts
nov. 01, 2021 4:51:12 PM com.distrimind.bouncycastle.jsse.provider.PropertyUtils getStringSystemProperty
INFO: Found string system property [java.home]: /home/jason/.jdks/openjdk-16.0.2
nov. 01, 2021 4:51:12 PM com.distrimind.bouncycastle.jsse.provider.ProvTrustManagerFactorySpi getDefaultTrustStore
INFO: Initializing with trust store at path: /home/jason/.jdks/openjdk-16.0.2/lib/security/cacerts
nov. 01, 2021 4:51:12 PM com.distrimind.bouncycastle.jsse.provider.PropertyUtils getStringSystemProperty
INFO: Found string system property [java.home]: /home/jason/.jdks/openjdk-16.0.2
nov. 01, 2021 4:51:12 PM com.distrimind.bouncycastle.jsse.provider.ProvTrustManagerFactorySpi getDefaultTrustStore
INFO: Initializing with trust store at path: /home/jason/.jdks/openjdk-16.0.2/lib/security/cacerts
nov. 01, 2021 4:51:12 PM com.distrimind.bouncycastle.jsse.provider.PropertyUtils getStringSystemProperty
INFO: Found string system property [java.home]: /home/jason/.jdks/openjdk-16.0.2
nov. 01, 2021 4:51:12 PM com.distrimind.bouncycastle.jsse.provider.ProvTrustManagerFactorySpi getDefaultTrustStore
INFO: Initializing with trust store at path: /home/jason/.jdks/openjdk-16.0.2/lib/security/cacerts
nov. 01, 2021 4:51:12 PM com.distrimind.bouncycastle.jsse.provider.PropertyUtils getStringSystemProperty
INFO: Found string system property [java.home]: /home/jason/.jdks/openjdk-16.0.2
nov. 01, 2021 4:51:12 PM com.distrimind.bouncycastle.jsse.provider.ProvTrustManagerFactorySpi getDefaultTrustStore
INFO: Initializing with trust store at path: /home/jason/.jdks/openjdk-16.0.2/lib/security/cacerts
nov. 01, 2021 4:51:12 PM com.distrimind.bouncycastle.jsse.provider.PropertyUtils getStringSystemProperty
INFO: Found string system property [java.home]: /home/jason/.jdks/openjdk-16.0.2
nov. 01, 2021 4:51:12 PM com.distrimind.bouncycastle.jsse.provider.ProvTrustManagerFactorySpi getDefaultTrustStore
INFO: Initializing with trust store at path: /home/jason/.jdks/openjdk-16.0.2/lib/security/cacerts
nov. 01, 2021 4:51:12 PM com.distrimind.bouncycastle.jsse.provider.PropertyUtils getStringSystemProperty
INFO: Found string system property [java.home]: /home/jason/.jdks/openjdk-16.0.2
nov. 01, 2021 4:51:12 PM com.distrimind.bouncycastle.jsse.provider.ProvTrustManagerFactorySpi getDefaultTrustStore
INFO: Initializing with trust store at path: /home/jason/.jdks/openjdk-16.0.2/lib/security/cacerts
nov. 01, 2021 4:51:12 PM com.distrimind.bouncycastle.jsse.provider.PropertyUtils getStringSystemProperty
INFO: Found string system property [java.home]: /home/jason/.jdks/openjdk-16.0.2
nov. 01, 2021 4:51:12 PM com.distrimind.bouncycastle.jsse.provider.ProvTrustManagerFactorySpi getDefaultTrustStore
INFO: Initializing with trust store at path: /home/jason/.jdks/openjdk-16.0.2/lib/security/cacerts
nov. 01, 2021 4:51:12 PM com.distrimind.bouncycastle.jsse.provider.PropertyUtils getStringSystemProperty
INFO: Found string system property [java.home]: /home/jason/.jdks/openjdk-16.0.2
nov. 01, 2021 4:51:12 PM com.distrimind.bouncycastle.jsse.provider.ProvTrustManagerFactorySpi getDefaultTrustStore
INFO: Initializing with trust store at path: /home/jason/.jdks/openjdk-16.0.2/lib/security/cacerts
]]></system-err>
</testsuite>
