<?xml version="1.0" encoding="UTF-8"?>
<testsuite name="com.distrimind.bouncycastle.jsse.provider.test.BasicClientAuthTlsTest" tests="2" skipped="0" failures="0" errors="0" timestamp="2021-11-01T15:51:08" hostname="basic" time="0.11">
  <properties/>
  <testcase name="testClientAuthRejected" classname="com.distrimind.bouncycastle.jsse.provider.test.BasicClientAuthTlsTest" time="0.073"/>
  <testcase name="testClientAuthAccepted" classname="com.distrimind.bouncycastle.jsse.provider.test.BasicClientAuthTlsTest" time="0.036"/>
  <system-out><![CDATA[]]></system-out>
  <system-err><![CDATA[]]></system-err>
</testsuite>
