<?xml version="1.0" encoding="UTF-8"?>
<testsuite name="com.distrimind.bouncycastle.jsse.provider.test.PSSCredentialsTest" tests="2" skipped="0" failures="0" errors="0" timestamp="2021-11-01T15:51:09" hostname="basic" time="0.065">
  <properties/>
  <testcase name="test12" classname="com.distrimind.bouncycastle.jsse.provider.test.PSSCredentialsTest" time="0.029"/>
  <testcase name="test13" classname="com.distrimind.bouncycastle.jsse.provider.test.PSSCredentialsTest" time="0.036"/>
  <system-out><![CDATA[]]></system-out>
  <system-err><![CDATA[]]></system-err>
</testsuite>
