<?xml version="1.0" encoding="UTF-8"?>
<testsuite name="com.distrimind.bouncycastle.jsse.provider.test.AllTests" tests="0" skipped="0" failures="0" errors="0" timestamp="1970-01-01T00:00:00" hostname="basic" time="0.0">
  <properties/>
  <system-out><![CDATA[]]></system-out>
  <system-err><![CDATA[nov. 01, 2021 4:51:08 PM com.distrimind.bouncycastle.jsse.provider.PropertyUtils getStringSecurityProperty
INFO: Found string security property [jdk.tls.disabledAlgorithms]: SSLv3, TLSv1, TLSv1.1, RC4, DES, MD5withRSA, DH keySize < 1024, EC keySize < 224, 3DES_EDE_CBC, anon, NULL
nov. 01, 2021 4:51:08 PM com.distrimind.bouncycastle.jsse.provider.PropertyUtils getStringSecurityProperty
INFO: Found string security property [jdk.certpath.disabledAlgorithms]: MD2, MD5, SHA1 jdkCA & usage TLSServer, RSA keySize < 1024, DSA keySize < 1024, EC keySize < 224
nov. 01, 2021 4:51:08 PM com.distrimind.bouncycastle.jsse.provider.DisabledAlgorithmConstraints create
WARNING: Ignoring unsupported entry in 'jdk.certpath.disabledAlgorithms': SHA1 jdkCA & usage TLSServer
nov. 01, 2021 4:51:08 PM com.distrimind.bouncycastle.jsse.provider.PropertyUtils getBooleanSecurityProperty
INFO: Found boolean security property [keystore.type.compat]: true
nov. 01, 2021 4:51:08 PM com.distrimind.bouncycastle.jsse.provider.PropertyUtils getStringSystemProperty
INFO: Found string system property [java.home]: /home/jason/.jdks/openjdk-16.0.2
nov. 01, 2021 4:51:08 PM com.distrimind.bouncycastle.jsse.provider.ProvTrustManagerFactorySpi getDefaultTrustStore
INFO: Initializing with trust store at path: /home/jason/.jdks/openjdk-16.0.2/lib/security/cacerts
nov. 01, 2021 4:51:08 PM com.distrimind.bouncycastle.jsse.provider.ProvKeyManagerFactorySpi getDefaultKeyStore
INFO: Initializing empty key store
]]></system-err>
</testsuite>
