<?xml version="1.0" encoding="UTF-8"?>
<testsuite name="com.distrimind.bouncycastle.jsse.provider.test.TrustManagerFactoryTest" tests="2" skipped="0" failures="0" errors="0" timestamp="2021-11-01T15:51:09" hostname="basic" time="0.029">
  <properties/>
  <testcase name="testCertPathTrustManagerParameters" classname="com.distrimind.bouncycastle.jsse.provider.test.TrustManagerFactoryTest" time="0.025"/>
  <testcase name="testCertPathTrustManagerParametersFailure" classname="com.distrimind.bouncycastle.jsse.provider.test.TrustManagerFactoryTest" time="0.003"/>
  <system-out><![CDATA[]]></system-out>
  <system-err><![CDATA[]]></system-err>
</testsuite>
