<?xml version="1.0" encoding="UTF-8"?>
<testsuite name="com.distrimind.bouncycastle.jsse.provider.test.SSLServerSocketTest" tests="1" skipped="0" failures="0" errors="0" timestamp="2021-05-27T14:26:09" hostname="Garage" time="0.001">
  <properties/>
  <testcase name="test_getChannel" classname="com.distrimind.bouncycastle.jsse.provider.test.SSLServerSocketTest" time="0.001"/>
  <system-out><![CDATA[]]></system-out>
  <system-err><![CDATA[]]></system-err>
</testsuite>
