<?xml version="1.0" encoding="UTF-8"?>
<testsuite name="com.distrimind.bouncycastle.tls.test.TlsPSKProtocolTest" tests="1" skipped="0" failures="0" errors="0" timestamp="2021-05-27T14:26:15" hostname="Garage" time="0.003">
  <properties/>
  <testcase name="testClientServer" classname="com.distrimind.bouncycastle.tls.test.TlsPSKProtocolTest" time="0.003"/>
  <system-out><![CDATA[TLS-PSK server negotiated TLS 1.2
TLS-PSK client negotiated TLS 1.2
Server ALPN: h2
Server 'tls-server-end-point': (null)
Server 'tls-unique': 0c9d8792c44273cafac544fd
TLS-PSK server completed handshake for PSK identity: client
Client ALPN: h2
Client 'tls-unique': 0c9d8792c44273cafac544fd
TLS-PSK client raised alert: warning(1), close_notify(0)
> Connection closed
TLS-PSK server received alert: warning(1), close_notify(0)
TLS-PSK server raised alert: warning(1), close_notify(0)
> Connection closed
]]></system-out>
  <system-err><![CDATA[]]></system-err>
</testsuite>
