<?xml version="1.0" encoding="UTF-8"?>
<testsuite name="com.distrimind.bouncycastle.tls.test.PRFTest" tests="6" skipped="0" failures="0" errors="0" timestamp="2021-11-01T15:51:06" hostname="basic" time="0.046">
  <properties/>
  <testcase name="testLwTLS12_SHA384PRF" classname="com.distrimind.bouncycastle.tls.test.PRFTest" time="0.003"/>
  <testcase name="testTLS11" classname="com.distrimind.bouncycastle.tls.test.PRFTest" time="0.024"/>
  <testcase name="testLwTLS11" classname="com.distrimind.bouncycastle.tls.test.PRFTest" time="0.0"/>
  <testcase name="testTLS12_SHA256PRF" classname="com.distrimind.bouncycastle.tls.test.PRFTest" time="0.009"/>
  <testcase name="testTLS12_SHA384PRF" classname="com.distrimind.bouncycastle.tls.test.PRFTest" time="0.009"/>
  <testcase name="testLwTLS12_SHA256PRF" classname="com.distrimind.bouncycastle.tls.test.PRFTest" time="0.001"/>
  <system-out><![CDATA[]]></system-out>
  <system-err><![CDATA[]]></system-err>
</testsuite>
