<?xml version="1.0" encoding="UTF-8"?>
<testsuite name="com.distrimind.bouncycastle.tls.test.TlsPSKProtocolTest" tests="1" skipped="0" failures="0" errors="0" timestamp="2020-07-09T13:58:52" hostname="Garage" time="0.003">
  <properties/>
  <testcase name="testClientServer" classname="com.distrimind.bouncycastle.tls.test.TlsPSKProtocolTest" time="0.003"/>
  <system-out><![CDATA[TLS-PSK server negotiated TLS 1.2
TLS-PSK client negotiated TLS 1.2
TLS-PSK server completed handshake for PSK identity: client
TLS-PSK client raised alert: warning(1), close_notify(0)
> Connection closed
TLS-PSK server received alert: warning(1), close_notify(0)
TLS-PSK server raised alert: warning(1), close_notify(0)
> Connection closed
]]></system-out>
  <system-err><![CDATA[]]></system-err>
</testsuite>
