<?xml version="1.0" encoding="UTF-8"?>
<testsuite name="org.bouncycastle.jsse.provider.test.CipherSuitesTestCase" tests="175" skipped="0" failures="0" errors="0" timestamp="2020-07-09T13:58:46" hostname="Garage" time="2.487">
  <properties/>
  <testcase name="TLSv1 : TLS_DHE_DSS_WITH_AES_128_CBC_SHA" classname="org.bouncycastle.jsse.provider.test.CipherSuitesTestCase" time="0.068"/>
  <testcase name="TLSv1 : TLS_DHE_DSS_WITH_AES_256_CBC_SHA" classname="org.bouncycastle.jsse.provider.test.CipherSuitesTestCase" time="0.029"/>
  <testcase name="TLSv1 : TLS_DHE_DSS_WITH_CAMELLIA_128_CBC_SHA" classname="org.bouncycastle.jsse.provider.test.CipherSuitesTestCase" time="0.026"/>
  <testcase name="TLSv1 : TLS_DHE_DSS_WITH_CAMELLIA_256_CBC_SHA" classname="org.bouncycastle.jsse.provider.test.CipherSuitesTestCase" time="0.024"/>
  <testcase name="TLSv1 : TLS_DHE_RSA_WITH_AES_128_CBC_SHA" classname="org.bouncycastle.jsse.provider.test.CipherSuitesTestCase" time="0.026"/>
  <testcase name="TLSv1 : TLS_DHE_RSA_WITH_AES_256_CBC_SHA" classname="org.bouncycastle.jsse.provider.test.CipherSuitesTestCase" time="0.023"/>
  <testcase name="TLSv1 : TLS_DHE_RSA_WITH_CAMELLIA_128_CBC_SHA" classname="org.bouncycastle.jsse.provider.test.CipherSuitesTestCase" time="0.024"/>
  <testcase name="TLSv1 : TLS_DHE_RSA_WITH_CAMELLIA_256_CBC_SHA" classname="org.bouncycastle.jsse.provider.test.CipherSuitesTestCase" time="0.023"/>
  <testcase name="TLSv1 : TLS_ECDHE_ECDSA_WITH_AES_128_CBC_SHA" classname="org.bouncycastle.jsse.provider.test.CipherSuitesTestCase" time="0.024"/>
  <testcase name="TLSv1 : TLS_ECDHE_ECDSA_WITH_AES_256_CBC_SHA" classname="org.bouncycastle.jsse.provider.test.CipherSuitesTestCase" time="0.02"/>
  <testcase name="TLSv1 : TLS_ECDHE_RSA_WITH_AES_128_CBC_SHA" classname="org.bouncycastle.jsse.provider.test.CipherSuitesTestCase" time="0.017"/>
  <testcase name="TLSv1 : TLS_ECDHE_RSA_WITH_AES_256_CBC_SHA" classname="org.bouncycastle.jsse.provider.test.CipherSuitesTestCase" time="0.015"/>
  <testcase name="TLSv1 : TLS_RSA_WITH_AES_128_CBC_SHA" classname="org.bouncycastle.jsse.provider.test.CipherSuitesTestCase" time="0.016"/>
  <testcase name="TLSv1 : TLS_RSA_WITH_AES_256_CBC_SHA" classname="org.bouncycastle.jsse.provider.test.CipherSuitesTestCase" time="0.017"/>
  <testcase name="TLSv1 : TLS_RSA_WITH_CAMELLIA_128_CBC_SHA" classname="org.bouncycastle.jsse.provider.test.CipherSuitesTestCase" time="0.015"/>
  <testcase name="TLSv1 : TLS_RSA_WITH_CAMELLIA_256_CBC_SHA" classname="org.bouncycastle.jsse.provider.test.CipherSuitesTestCase" time="0.016"/>
  <testcase name="TLSv1.1 : TLS_DHE_DSS_WITH_AES_128_CBC_SHA" classname="org.bouncycastle.jsse.provider.test.CipherSuitesTestCase" time="0.021"/>
  <testcase name="TLSv1.1 : TLS_DHE_DSS_WITH_AES_256_CBC_SHA" classname="org.bouncycastle.jsse.provider.test.CipherSuitesTestCase" time="0.02"/>
  <testcase name="TLSv1.1 : TLS_DHE_DSS_WITH_CAMELLIA_128_CBC_SHA" classname="org.bouncycastle.jsse.provider.test.CipherSuitesTestCase" time="0.02"/>
  <testcase name="TLSv1.1 : TLS_DHE_DSS_WITH_CAMELLIA_256_CBC_SHA" classname="org.bouncycastle.jsse.provider.test.CipherSuitesTestCase" time="0.018"/>
  <testcase name="TLSv1.1 : TLS_DHE_RSA_WITH_AES_128_CBC_SHA" classname="org.bouncycastle.jsse.provider.test.CipherSuitesTestCase" time="0.018"/>
  <testcase name="TLSv1.1 : TLS_DHE_RSA_WITH_AES_256_CBC_SHA" classname="org.bouncycastle.jsse.provider.test.CipherSuitesTestCase" time="0.018"/>
  <testcase name="TLSv1.1 : TLS_DHE_RSA_WITH_CAMELLIA_128_CBC_SHA" classname="org.bouncycastle.jsse.provider.test.CipherSuitesTestCase" time="0.029"/>
  <testcase name="TLSv1.1 : TLS_DHE_RSA_WITH_CAMELLIA_256_CBC_SHA" classname="org.bouncycastle.jsse.provider.test.CipherSuitesTestCase" time="0.016"/>
  <testcase name="TLSv1.1 : TLS_ECDHE_ECDSA_WITH_AES_128_CBC_SHA" classname="org.bouncycastle.jsse.provider.test.CipherSuitesTestCase" time="0.012"/>
  <testcase name="TLSv1.1 : TLS_ECDHE_ECDSA_WITH_AES_256_CBC_SHA" classname="org.bouncycastle.jsse.provider.test.CipherSuitesTestCase" time="0.012"/>
  <testcase name="TLSv1.1 : TLS_ECDHE_RSA_WITH_AES_128_CBC_SHA" classname="org.bouncycastle.jsse.provider.test.CipherSuitesTestCase" time="0.013"/>
  <testcase name="TLSv1.1 : TLS_ECDHE_RSA_WITH_AES_256_CBC_SHA" classname="org.bouncycastle.jsse.provider.test.CipherSuitesTestCase" time="0.016"/>
  <testcase name="TLSv1.1 : TLS_RSA_WITH_AES_128_CBC_SHA" classname="org.bouncycastle.jsse.provider.test.CipherSuitesTestCase" time="0.012"/>
  <testcase name="TLSv1.1 : TLS_RSA_WITH_AES_256_CBC_SHA" classname="org.bouncycastle.jsse.provider.test.CipherSuitesTestCase" time="0.012"/>
  <testcase name="TLSv1.1 : TLS_RSA_WITH_CAMELLIA_128_CBC_SHA" classname="org.bouncycastle.jsse.provider.test.CipherSuitesTestCase" time="0.013"/>
  <testcase name="TLSv1.1 : TLS_RSA_WITH_CAMELLIA_256_CBC_SHA" classname="org.bouncycastle.jsse.provider.test.CipherSuitesTestCase" time="0.013"/>
  <testcase name="TLSv1.2 : TLS_DHE_DSS_WITH_AES_128_CBC_SHA" classname="org.bouncycastle.jsse.provider.test.CipherSuitesTestCase" time="0.017"/>
  <testcase name="TLSv1.2 : TLS_DHE_DSS_WITH_AES_128_CBC_SHA256" classname="org.bouncycastle.jsse.provider.test.CipherSuitesTestCase" time="0.015"/>
  <testcase name="TLSv1.2 : TLS_DHE_DSS_WITH_AES_128_GCM_SHA256" classname="org.bouncycastle.jsse.provider.test.CipherSuitesTestCase" time="0.022"/>
  <testcase name="TLSv1.2 : TLS_DHE_DSS_WITH_AES_256_CBC_SHA" classname="org.bouncycastle.jsse.provider.test.CipherSuitesTestCase" time="0.014"/>
  <testcase name="TLSv1.2 : TLS_DHE_DSS_WITH_AES_256_CBC_SHA256" classname="org.bouncycastle.jsse.provider.test.CipherSuitesTestCase" time="0.019"/>
  <testcase name="TLSv1.2 : TLS_DHE_DSS_WITH_AES_256_GCM_SHA384" classname="org.bouncycastle.jsse.provider.test.CipherSuitesTestCase" time="0.017"/>
  <testcase name="TLSv1.2 : TLS_DHE_DSS_WITH_ARIA_128_CBC_SHA256" classname="org.bouncycastle.jsse.provider.test.CipherSuitesTestCase" time="0.015"/>
  <testcase name="TLSv1.2 : TLS_DHE_DSS_WITH_ARIA_128_GCM_SHA256" classname="org.bouncycastle.jsse.provider.test.CipherSuitesTestCase" time="0.018"/>
  <testcase name="TLSv1.2 : TLS_DHE_DSS_WITH_ARIA_256_CBC_SHA384" classname="org.bouncycastle.jsse.provider.test.CipherSuitesTestCase" time="0.015"/>
  <testcase name="TLSv1.2 : TLS_DHE_DSS_WITH_ARIA_256_GCM_SHA384" classname="org.bouncycastle.jsse.provider.test.CipherSuitesTestCase" time="0.014"/>
  <testcase name="TLSv1.2 : TLS_DHE_DSS_WITH_CAMELLIA_128_CBC_SHA" classname="org.bouncycastle.jsse.provider.test.CipherSuitesTestCase" time="0.015"/>
  <testcase name="TLSv1.2 : TLS_DHE_DSS_WITH_CAMELLIA_128_CBC_SHA256" classname="org.bouncycastle.jsse.provider.test.CipherSuitesTestCase" time="0.014"/>
  <testcase name="TLSv1.2 : TLS_DHE_DSS_WITH_CAMELLIA_128_GCM_SHA256" classname="org.bouncycastle.jsse.provider.test.CipherSuitesTestCase" time="0.015"/>
  <testcase name="TLSv1.2 : TLS_DHE_DSS_WITH_CAMELLIA_256_CBC_SHA" classname="org.bouncycastle.jsse.provider.test.CipherSuitesTestCase" time="0.014"/>
  <testcase name="TLSv1.2 : TLS_DHE_DSS_WITH_CAMELLIA_256_CBC_SHA256" classname="org.bouncycastle.jsse.provider.test.CipherSuitesTestCase" time="0.015"/>
  <testcase name="TLSv1.2 : TLS_DHE_DSS_WITH_CAMELLIA_256_GCM_SHA384" classname="org.bouncycastle.jsse.provider.test.CipherSuitesTestCase" time="0.018"/>
  <testcase name="TLSv1.2 : TLS_DHE_RSA_WITH_AES_128_CBC_SHA" classname="org.bouncycastle.jsse.provider.test.CipherSuitesTestCase" time="0.014"/>
  <testcase name="TLSv1.2 : TLS_DHE_RSA_WITH_AES_128_CBC_SHA256" classname="org.bouncycastle.jsse.provider.test.CipherSuitesTestCase" time="0.017"/>
  <testcase name="TLSv1.2 : TLS_DHE_RSA_WITH_AES_128_CCM" classname="org.bouncycastle.jsse.provider.test.CipherSuitesTestCase" time="0.018"/>
  <testcase name="TLSv1.2 : TLS_DHE_RSA_WITH_AES_128_CCM_8" classname="org.bouncycastle.jsse.provider.test.CipherSuitesTestCase" time="0.017"/>
  <testcase name="TLSv1.2 : TLS_DHE_RSA_WITH_AES_128_GCM_SHA256" classname="org.bouncycastle.jsse.provider.test.CipherSuitesTestCase" time="0.017"/>
  <testcase name="TLSv1.2 : TLS_DHE_RSA_WITH_AES_256_CBC_SHA" classname="org.bouncycastle.jsse.provider.test.CipherSuitesTestCase" time="0.038"/>
  <testcase name="TLSv1.2 : TLS_DHE_RSA_WITH_AES_256_CBC_SHA256" classname="org.bouncycastle.jsse.provider.test.CipherSuitesTestCase" time="0.016"/>
  <testcase name="TLSv1.2 : TLS_DHE_RSA_WITH_AES_256_CCM" classname="org.bouncycastle.jsse.provider.test.CipherSuitesTestCase" time="0.017"/>
  <testcase name="TLSv1.2 : TLS_DHE_RSA_WITH_AES_256_CCM_8" classname="org.bouncycastle.jsse.provider.test.CipherSuitesTestCase" time="0.012"/>
  <testcase name="TLSv1.2 : TLS_DHE_RSA_WITH_AES_256_GCM_SHA384" classname="org.bouncycastle.jsse.provider.test.CipherSuitesTestCase" time="0.013"/>
  <testcase name="TLSv1.2 : TLS_DHE_RSA_WITH_ARIA_128_CBC_SHA256" classname="org.bouncycastle.jsse.provider.test.CipherSuitesTestCase" time="0.015"/>
  <testcase name="TLSv1.2 : TLS_DHE_RSA_WITH_ARIA_128_GCM_SHA256" classname="org.bouncycastle.jsse.provider.test.CipherSuitesTestCase" time="0.017"/>
  <testcase name="TLSv1.2 : TLS_DHE_RSA_WITH_ARIA_256_CBC_SHA384" classname="org.bouncycastle.jsse.provider.test.CipherSuitesTestCase" time="0.014"/>
  <testcase name="TLSv1.2 : TLS_DHE_RSA_WITH_ARIA_256_GCM_SHA384" classname="org.bouncycastle.jsse.provider.test.CipherSuitesTestCase" time="0.015"/>
  <testcase name="TLSv1.2 : TLS_DHE_RSA_WITH_CAMELLIA_128_CBC_SHA" classname="org.bouncycastle.jsse.provider.test.CipherSuitesTestCase" time="0.013"/>
  <testcase name="TLSv1.2 : TLS_DHE_RSA_WITH_CAMELLIA_128_CBC_SHA256" classname="org.bouncycastle.jsse.provider.test.CipherSuitesTestCase" time="0.015"/>
  <testcase name="TLSv1.2 : TLS_DHE_RSA_WITH_CAMELLIA_128_GCM_SHA256" classname="org.bouncycastle.jsse.provider.test.CipherSuitesTestCase" time="0.013"/>
  <testcase name="TLSv1.2 : TLS_DHE_RSA_WITH_CAMELLIA_256_CBC_SHA" classname="org.bouncycastle.jsse.provider.test.CipherSuitesTestCase" time="0.012"/>
  <testcase name="TLSv1.2 : TLS_DHE_RSA_WITH_CAMELLIA_256_CBC_SHA256" classname="org.bouncycastle.jsse.provider.test.CipherSuitesTestCase" time="0.014"/>
  <testcase name="TLSv1.2 : TLS_DHE_RSA_WITH_CAMELLIA_256_GCM_SHA384" classname="org.bouncycastle.jsse.provider.test.CipherSuitesTestCase" time="0.014"/>
  <testcase name="TLSv1.2 : TLS_DHE_RSA_WITH_CHACHA20_POLY1305_SHA256" classname="org.bouncycastle.jsse.provider.test.CipherSuitesTestCase" time="0.017"/>
  <testcase name="TLSv1.2 : TLS_ECDHE_ECDSA_WITH_AES_128_CBC_SHA" classname="org.bouncycastle.jsse.provider.test.CipherSuitesTestCase" time="0.014"/>
  <testcase name="TLSv1.2 : TLS_ECDHE_ECDSA_WITH_AES_128_CBC_SHA256" classname="org.bouncycastle.jsse.provider.test.CipherSuitesTestCase" time="0.012"/>
  <testcase name="TLSv1.2 : TLS_ECDHE_ECDSA_WITH_AES_128_CCM" classname="org.bouncycastle.jsse.provider.test.CipherSuitesTestCase" time="0.012"/>
  <testcase name="TLSv1.2 : TLS_ECDHE_ECDSA_WITH_AES_128_CCM_8" classname="org.bouncycastle.jsse.provider.test.CipherSuitesTestCase" time="0.013"/>
  <testcase name="TLSv1.2 : TLS_ECDHE_ECDSA_WITH_AES_128_GCM_SHA256" classname="org.bouncycastle.jsse.provider.test.CipherSuitesTestCase" time="0.013"/>
  <testcase name="TLSv1.2 : TLS_ECDHE_ECDSA_WITH_AES_256_CBC_SHA" classname="org.bouncycastle.jsse.provider.test.CipherSuitesTestCase" time="0.011"/>
  <testcase name="TLSv1.2 : TLS_ECDHE_ECDSA_WITH_AES_256_CBC_SHA384" classname="org.bouncycastle.jsse.provider.test.CipherSuitesTestCase" time="0.01"/>
  <testcase name="TLSv1.2 : TLS_ECDHE_ECDSA_WITH_AES_256_CCM" classname="org.bouncycastle.jsse.provider.test.CipherSuitesTestCase" time="0.013"/>
  <testcase name="TLSv1.2 : TLS_ECDHE_ECDSA_WITH_AES_256_CCM_8" classname="org.bouncycastle.jsse.provider.test.CipherSuitesTestCase" time="0.014"/>
  <testcase name="TLSv1.2 : TLS_ECDHE_ECDSA_WITH_AES_256_GCM_SHA384" classname="org.bouncycastle.jsse.provider.test.CipherSuitesTestCase" time="0.012"/>
  <testcase name="TLSv1.2 : TLS_ECDHE_ECDSA_WITH_ARIA_128_CBC_SHA256" classname="org.bouncycastle.jsse.provider.test.CipherSuitesTestCase" time="0.023"/>
  <testcase name="TLSv1.2 : TLS_ECDHE_ECDSA_WITH_ARIA_128_GCM_SHA256" classname="org.bouncycastle.jsse.provider.test.CipherSuitesTestCase" time="0.012"/>
  <testcase name="TLSv1.2 : TLS_ECDHE_ECDSA_WITH_ARIA_256_CBC_SHA384" classname="org.bouncycastle.jsse.provider.test.CipherSuitesTestCase" time="0.012"/>
  <testcase name="TLSv1.2 : TLS_ECDHE_ECDSA_WITH_ARIA_256_GCM_SHA384" classname="org.bouncycastle.jsse.provider.test.CipherSuitesTestCase" time="0.013"/>
  <testcase name="TLSv1.2 : TLS_ECDHE_ECDSA_WITH_CAMELLIA_128_CBC_SHA256" classname="org.bouncycastle.jsse.provider.test.CipherSuitesTestCase" time="0.012"/>
  <testcase name="TLSv1.2 : TLS_ECDHE_ECDSA_WITH_CAMELLIA_128_GCM_SHA256" classname="org.bouncycastle.jsse.provider.test.CipherSuitesTestCase" time="0.014"/>
  <testcase name="TLSv1.2 : TLS_ECDHE_ECDSA_WITH_CAMELLIA_256_CBC_SHA384" classname="org.bouncycastle.jsse.provider.test.CipherSuitesTestCase" time="0.011"/>
  <testcase name="TLSv1.2 : TLS_ECDHE_ECDSA_WITH_CAMELLIA_256_GCM_SHA384" classname="org.bouncycastle.jsse.provider.test.CipherSuitesTestCase" time="0.013"/>
  <testcase name="TLSv1.2 : TLS_ECDHE_ECDSA_WITH_CHACHA20_POLY1305_SHA256" classname="org.bouncycastle.jsse.provider.test.CipherSuitesTestCase" time="0.013"/>
  <testcase name="TLSv1.2 : TLS_ECDHE_RSA_WITH_AES_128_CBC_SHA" classname="org.bouncycastle.jsse.provider.test.CipherSuitesTestCase" time="0.012"/>
  <testcase name="TLSv1.2 : TLS_ECDHE_RSA_WITH_AES_128_CBC_SHA256" classname="org.bouncycastle.jsse.provider.test.CipherSuitesTestCase" time="0.011"/>
  <testcase name="TLSv1.2 : TLS_ECDHE_RSA_WITH_AES_128_GCM_SHA256" classname="org.bouncycastle.jsse.provider.test.CipherSuitesTestCase" time="0.012"/>
  <testcase name="TLSv1.2 : TLS_ECDHE_RSA_WITH_AES_256_CBC_SHA" classname="org.bouncycastle.jsse.provider.test.CipherSuitesTestCase" time="0.01"/>
  <testcase name="TLSv1.2 : TLS_ECDHE_RSA_WITH_AES_256_CBC_SHA384" classname="org.bouncycastle.jsse.provider.test.CipherSuitesTestCase" time="0.01"/>
  <testcase name="TLSv1.2 : TLS_ECDHE_RSA_WITH_AES_256_GCM_SHA384" classname="org.bouncycastle.jsse.provider.test.CipherSuitesTestCase" time="0.012"/>
  <testcase name="TLSv1.2 : TLS_ECDHE_RSA_WITH_ARIA_128_CBC_SHA256" classname="org.bouncycastle.jsse.provider.test.CipherSuitesTestCase" time="0.011"/>
  <testcase name="TLSv1.2 : TLS_ECDHE_RSA_WITH_ARIA_128_GCM_SHA256" classname="org.bouncycastle.jsse.provider.test.CipherSuitesTestCase" time="0.012"/>
  <testcase name="TLSv1.2 : TLS_ECDHE_RSA_WITH_ARIA_256_CBC_SHA384" classname="org.bouncycastle.jsse.provider.test.CipherSuitesTestCase" time="0.011"/>
  <testcase name="TLSv1.2 : TLS_ECDHE_RSA_WITH_ARIA_256_GCM_SHA384" classname="org.bouncycastle.jsse.provider.test.CipherSuitesTestCase" time="0.011"/>
  <testcase name="TLSv1.2 : TLS_ECDHE_RSA_WITH_CAMELLIA_128_CBC_SHA256" classname="org.bouncycastle.jsse.provider.test.CipherSuitesTestCase" time="0.013"/>
  <testcase name="TLSv1.2 : TLS_ECDHE_RSA_WITH_CAMELLIA_128_GCM_SHA256" classname="org.bouncycastle.jsse.provider.test.CipherSuitesTestCase" time="0.011"/>
  <testcase name="TLSv1.2 : TLS_ECDHE_RSA_WITH_CAMELLIA_256_CBC_SHA384" classname="org.bouncycastle.jsse.provider.test.CipherSuitesTestCase" time="0.011"/>
  <testcase name="TLSv1.2 : TLS_ECDHE_RSA_WITH_CAMELLIA_256_GCM_SHA384" classname="org.bouncycastle.jsse.provider.test.CipherSuitesTestCase" time="0.011"/>
  <testcase name="TLSv1.2 : TLS_ECDHE_RSA_WITH_CHACHA20_POLY1305_SHA256" classname="org.bouncycastle.jsse.provider.test.CipherSuitesTestCase" time="0.01"/>
  <testcase name="TLSv1.2 : TLS_RSA_WITH_AES_128_CBC_SHA" classname="org.bouncycastle.jsse.provider.test.CipherSuitesTestCase" time="0.01"/>
  <testcase name="TLSv1.2 : TLS_RSA_WITH_AES_128_CBC_SHA256" classname="org.bouncycastle.jsse.provider.test.CipherSuitesTestCase" time="0.01"/>
  <testcase name="TLSv1.2 : TLS_RSA_WITH_AES_128_CCM" classname="org.bouncycastle.jsse.provider.test.CipherSuitesTestCase" time="0.01"/>
  <testcase name="TLSv1.2 : TLS_RSA_WITH_AES_128_CCM_8" classname="org.bouncycastle.jsse.provider.test.CipherSuitesTestCase" time="0.01"/>
  <testcase name="TLSv1.2 : TLS_RSA_WITH_AES_128_GCM_SHA256" classname="org.bouncycastle.jsse.provider.test.CipherSuitesTestCase" time="0.02"/>
  <testcase name="TLSv1.2 : TLS_RSA_WITH_AES_256_CBC_SHA" classname="org.bouncycastle.jsse.provider.test.CipherSuitesTestCase" time="0.01"/>
  <testcase name="TLSv1.2 : TLS_RSA_WITH_AES_256_CBC_SHA256" classname="org.bouncycastle.jsse.provider.test.CipherSuitesTestCase" time="0.01"/>
  <testcase name="TLSv1.2 : TLS_RSA_WITH_AES_256_CCM" classname="org.bouncycastle.jsse.provider.test.CipherSuitesTestCase" time="0.01"/>
  <testcase name="TLSv1.2 : TLS_RSA_WITH_AES_256_CCM_8" classname="org.bouncycastle.jsse.provider.test.CipherSuitesTestCase" time="0.013"/>
  <testcase name="TLSv1.2 : TLS_RSA_WITH_AES_256_GCM_SHA384" classname="org.bouncycastle.jsse.provider.test.CipherSuitesTestCase" time="0.01"/>
  <testcase name="TLSv1.2 : TLS_RSA_WITH_ARIA_128_CBC_SHA256" classname="org.bouncycastle.jsse.provider.test.CipherSuitesTestCase" time="0.009"/>
  <testcase name="TLSv1.2 : TLS_RSA_WITH_ARIA_128_GCM_SHA256" classname="org.bouncycastle.jsse.provider.test.CipherSuitesTestCase" time="0.01"/>
  <testcase name="TLSv1.2 : TLS_RSA_WITH_ARIA_256_CBC_SHA384" classname="org.bouncycastle.jsse.provider.test.CipherSuitesTestCase" time="0.011"/>
  <testcase name="TLSv1.2 : TLS_RSA_WITH_ARIA_256_GCM_SHA384" classname="org.bouncycastle.jsse.provider.test.CipherSuitesTestCase" time="0.011"/>
  <testcase name="TLSv1.2 : TLS_RSA_WITH_CAMELLIA_128_CBC_SHA" classname="org.bouncycastle.jsse.provider.test.CipherSuitesTestCase" time="0.011"/>
  <testcase name="TLSv1.2 : TLS_RSA_WITH_CAMELLIA_128_CBC_SHA256" classname="org.bouncycastle.jsse.provider.test.CipherSuitesTestCase" time="0.01"/>
  <testcase name="TLSv1.2 : TLS_RSA_WITH_CAMELLIA_128_GCM_SHA256" classname="org.bouncycastle.jsse.provider.test.CipherSuitesTestCase" time="0.012"/>
  <testcase name="TLSv1.2 : TLS_RSA_WITH_CAMELLIA_256_CBC_SHA" classname="org.bouncycastle.jsse.provider.test.CipherSuitesTestCase" time="0.012"/>
  <testcase name="TLSv1.2 : TLS_RSA_WITH_CAMELLIA_256_CBC_SHA256" classname="org.bouncycastle.jsse.provider.test.CipherSuitesTestCase" time="0.01"/>
  <testcase name="TLSv1.2 : TLS_RSA_WITH_CAMELLIA_256_GCM_SHA384" classname="org.bouncycastle.jsse.provider.test.CipherSuitesTestCase" time="0.011"/>
  <testcase name="FIPS TLSv1 : TLS_DHE_DSS_WITH_AES_128_CBC_SHA" classname="org.bouncycastle.jsse.provider.test.CipherSuitesTestCase" time="0.014"/>
  <testcase name="FIPS TLSv1 : TLS_DHE_DSS_WITH_AES_256_CBC_SHA" classname="org.bouncycastle.jsse.provider.test.CipherSuitesTestCase" time="0.014"/>
  <testcase name="FIPS TLSv1 : TLS_DHE_RSA_WITH_AES_128_CBC_SHA" classname="org.bouncycastle.jsse.provider.test.CipherSuitesTestCase" time="0.013"/>
  <testcase name="FIPS TLSv1 : TLS_DHE_RSA_WITH_AES_256_CBC_SHA" classname="org.bouncycastle.jsse.provider.test.CipherSuitesTestCase" time="0.012"/>
  <testcase name="FIPS TLSv1 : TLS_ECDHE_ECDSA_WITH_AES_128_CBC_SHA" classname="org.bouncycastle.jsse.provider.test.CipherSuitesTestCase" time="0.015"/>
  <testcase name="FIPS TLSv1 : TLS_ECDHE_ECDSA_WITH_AES_256_CBC_SHA" classname="org.bouncycastle.jsse.provider.test.CipherSuitesTestCase" time="0.009"/>
  <testcase name="FIPS TLSv1 : TLS_ECDHE_RSA_WITH_AES_128_CBC_SHA" classname="org.bouncycastle.jsse.provider.test.CipherSuitesTestCase" time="0.01"/>
  <testcase name="FIPS TLSv1 : TLS_ECDHE_RSA_WITH_AES_256_CBC_SHA" classname="org.bouncycastle.jsse.provider.test.CipherSuitesTestCase" time="0.01"/>
  <testcase name="FIPS TLSv1 : TLS_RSA_WITH_AES_128_CBC_SHA" classname="org.bouncycastle.jsse.provider.test.CipherSuitesTestCase" time="0.009"/>
  <testcase name="FIPS TLSv1 : TLS_RSA_WITH_AES_256_CBC_SHA" classname="org.bouncycastle.jsse.provider.test.CipherSuitesTestCase" time="0.009"/>
  <testcase name="FIPS TLSv1.1 : TLS_DHE_DSS_WITH_AES_128_CBC_SHA" classname="org.bouncycastle.jsse.provider.test.CipherSuitesTestCase" time="0.013"/>
  <testcase name="FIPS TLSv1.1 : TLS_DHE_DSS_WITH_AES_256_CBC_SHA" classname="org.bouncycastle.jsse.provider.test.CipherSuitesTestCase" time="0.022"/>
  <testcase name="FIPS TLSv1.1 : TLS_DHE_RSA_WITH_AES_128_CBC_SHA" classname="org.bouncycastle.jsse.provider.test.CipherSuitesTestCase" time="0.012"/>
  <testcase name="FIPS TLSv1.1 : TLS_DHE_RSA_WITH_AES_256_CBC_SHA" classname="org.bouncycastle.jsse.provider.test.CipherSuitesTestCase" time="0.012"/>
  <testcase name="FIPS TLSv1.1 : TLS_ECDHE_ECDSA_WITH_AES_128_CBC_SHA" classname="org.bouncycastle.jsse.provider.test.CipherSuitesTestCase" time="0.009"/>
  <testcase name="FIPS TLSv1.1 : TLS_ECDHE_ECDSA_WITH_AES_256_CBC_SHA" classname="org.bouncycastle.jsse.provider.test.CipherSuitesTestCase" time="0.011"/>
  <testcase name="FIPS TLSv1.1 : TLS_ECDHE_RSA_WITH_AES_128_CBC_SHA" classname="org.bouncycastle.jsse.provider.test.CipherSuitesTestCase" time="0.008"/>
  <testcase name="FIPS TLSv1.1 : TLS_ECDHE_RSA_WITH_AES_256_CBC_SHA" classname="org.bouncycastle.jsse.provider.test.CipherSuitesTestCase" time="0.011"/>
  <testcase name="FIPS TLSv1.1 : TLS_RSA_WITH_AES_128_CBC_SHA" classname="org.bouncycastle.jsse.provider.test.CipherSuitesTestCase" time="0.01"/>
  <testcase name="FIPS TLSv1.1 : TLS_RSA_WITH_AES_256_CBC_SHA" classname="org.bouncycastle.jsse.provider.test.CipherSuitesTestCase" time="0.008"/>
  <testcase name="FIPS TLSv1.2 : TLS_DHE_DSS_WITH_AES_128_CBC_SHA" classname="org.bouncycastle.jsse.provider.test.CipherSuitesTestCase" time="0.01"/>
  <testcase name="FIPS TLSv1.2 : TLS_DHE_DSS_WITH_AES_128_CBC_SHA256" classname="org.bouncycastle.jsse.provider.test.CipherSuitesTestCase" time="0.012"/>
  <testcase name="FIPS TLSv1.2 : TLS_DHE_DSS_WITH_AES_256_CBC_SHA" classname="org.bouncycastle.jsse.provider.test.CipherSuitesTestCase" time="0.009"/>
  <testcase name="FIPS TLSv1.2 : TLS_DHE_DSS_WITH_AES_256_CBC_SHA256" classname="org.bouncycastle.jsse.provider.test.CipherSuitesTestCase" time="0.011"/>
  <testcase name="FIPS TLSv1.2 : TLS_DHE_RSA_WITH_AES_128_CBC_SHA" classname="org.bouncycastle.jsse.provider.test.CipherSuitesTestCase" time="0.013"/>
  <testcase name="FIPS TLSv1.2 : TLS_DHE_RSA_WITH_AES_128_CBC_SHA256" classname="org.bouncycastle.jsse.provider.test.CipherSuitesTestCase" time="0.011"/>
  <testcase name="FIPS TLSv1.2 : TLS_DHE_RSA_WITH_AES_128_CCM" classname="org.bouncycastle.jsse.provider.test.CipherSuitesTestCase" time="0.013"/>
  <testcase name="FIPS TLSv1.2 : TLS_DHE_RSA_WITH_AES_128_CCM_8" classname="org.bouncycastle.jsse.provider.test.CipherSuitesTestCase" time="0.011"/>
  <testcase name="FIPS TLSv1.2 : TLS_DHE_RSA_WITH_AES_256_CBC_SHA" classname="org.bouncycastle.jsse.provider.test.CipherSuitesTestCase" time="0.013"/>
  <testcase name="FIPS TLSv1.2 : TLS_DHE_RSA_WITH_AES_256_CBC_SHA256" classname="org.bouncycastle.jsse.provider.test.CipherSuitesTestCase" time="0.013"/>
  <testcase name="FIPS TLSv1.2 : TLS_DHE_RSA_WITH_AES_256_CCM" classname="org.bouncycastle.jsse.provider.test.CipherSuitesTestCase" time="0.012"/>
  <testcase name="FIPS TLSv1.2 : TLS_DHE_RSA_WITH_AES_256_CCM_8" classname="org.bouncycastle.jsse.provider.test.CipherSuitesTestCase" time="0.013"/>
  <testcase name="FIPS TLSv1.2 : TLS_ECDHE_ECDSA_WITH_AES_128_CBC_SHA" classname="org.bouncycastle.jsse.provider.test.CipherSuitesTestCase" time="0.011"/>
  <testcase name="FIPS TLSv1.2 : TLS_ECDHE_ECDSA_WITH_AES_128_CBC_SHA256" classname="org.bouncycastle.jsse.provider.test.CipherSuitesTestCase" time="0.01"/>
  <testcase name="FIPS TLSv1.2 : TLS_ECDHE_ECDSA_WITH_AES_128_CCM" classname="org.bouncycastle.jsse.provider.test.CipherSuitesTestCase" time="0.012"/>
  <testcase name="FIPS TLSv1.2 : TLS_ECDHE_ECDSA_WITH_AES_128_CCM_8" classname="org.bouncycastle.jsse.provider.test.CipherSuitesTestCase" time="0.014"/>
  <testcase name="FIPS TLSv1.2 : TLS_ECDHE_ECDSA_WITH_AES_256_CBC_SHA" classname="org.bouncycastle.jsse.provider.test.CipherSuitesTestCase" time="0.023"/>
  <testcase name="FIPS TLSv1.2 : TLS_ECDHE_ECDSA_WITH_AES_256_CBC_SHA384" classname="org.bouncycastle.jsse.provider.test.CipherSuitesTestCase" time="0.009"/>
  <testcase name="FIPS TLSv1.2 : TLS_ECDHE_ECDSA_WITH_AES_256_CCM" classname="org.bouncycastle.jsse.provider.test.CipherSuitesTestCase" time="0.011"/>
  <testcase name="FIPS TLSv1.2 : TLS_ECDHE_ECDSA_WITH_AES_256_CCM_8" classname="org.bouncycastle.jsse.provider.test.CipherSuitesTestCase" time="0.011"/>
  <testcase name="FIPS TLSv1.2 : TLS_ECDHE_RSA_WITH_AES_128_CBC_SHA" classname="org.bouncycastle.jsse.provider.test.CipherSuitesTestCase" time="0.011"/>
  <testcase name="FIPS TLSv1.2 : TLS_ECDHE_RSA_WITH_AES_128_CBC_SHA256" classname="org.bouncycastle.jsse.provider.test.CipherSuitesTestCase" time="0.011"/>
  <testcase name="FIPS TLSv1.2 : TLS_ECDHE_RSA_WITH_AES_256_CBC_SHA" classname="org.bouncycastle.jsse.provider.test.CipherSuitesTestCase" time="0.009"/>
  <testcase name="FIPS TLSv1.2 : TLS_ECDHE_RSA_WITH_AES_256_CBC_SHA384" classname="org.bouncycastle.jsse.provider.test.CipherSuitesTestCase" time="0.009"/>
  <testcase name="FIPS TLSv1.2 : TLS_RSA_WITH_AES_128_CBC_SHA" classname="org.bouncycastle.jsse.provider.test.CipherSuitesTestCase" time="0.008"/>
  <testcase name="FIPS TLSv1.2 : TLS_RSA_WITH_AES_128_CBC_SHA256" classname="org.bouncycastle.jsse.provider.test.CipherSuitesTestCase" time="0.007"/>
  <testcase name="FIPS TLSv1.2 : TLS_RSA_WITH_AES_128_CCM" classname="org.bouncycastle.jsse.provider.test.CipherSuitesTestCase" time="0.011"/>
  <testcase name="FIPS TLSv1.2 : TLS_RSA_WITH_AES_128_CCM_8" classname="org.bouncycastle.jsse.provider.test.CipherSuitesTestCase" time="0.011"/>
  <testcase name="FIPS TLSv1.2 : TLS_RSA_WITH_AES_256_CBC_SHA" classname="org.bouncycastle.jsse.provider.test.CipherSuitesTestCase" time="0.009"/>
  <testcase name="FIPS TLSv1.2 : TLS_RSA_WITH_AES_256_CBC_SHA256" classname="org.bouncycastle.jsse.provider.test.CipherSuitesTestCase" time="0.008"/>
  <testcase name="FIPS TLSv1.2 : TLS_RSA_WITH_AES_256_CCM" classname="org.bouncycastle.jsse.provider.test.CipherSuitesTestCase" time="0.009"/>
  <testcase name="FIPS TLSv1.2 : TLS_RSA_WITH_AES_256_CCM_8" classname="org.bouncycastle.jsse.provider.test.CipherSuitesTestCase" time="0.01"/>
  <system-out><![CDATA[Client ALPN: 'h2'
Server ALPN: 'h2'
Server ALPN: 'h2'
Client ALPN: 'h2'
Server ALPN: 'h2'
Client ALPN: 'h2'
Server ALPN: 'h2'
Client ALPN: 'h2'
Server ALPN: 'h2'
Client ALPN: 'h2'
Server ALPN: 'h2'
Client ALPN: 'h2'
Server ALPN: 'h2'
Client ALPN: 'h2'
Server ALPN: 'h2'
Client ALPN: 'h2'
Server ALPN: 'h2'
Client ALPN: 'h2'
Server ALPN: 'h2'
Client ALPN: 'h2'
Server ALPN: 'h2'
Client ALPN: 'h2'
Server ALPN: 'h2'
Client ALPN: 'h2'
Server ALPN: 'h2'
Client ALPN: 'h2'
Server ALPN: 'h2'
Client ALPN: 'h2'
Server ALPN: 'h2'
Client ALPN: 'h2'
Server ALPN: 'h2'
Client ALPN: 'h2'
Server ALPN: 'h2'
Client ALPN: 'h2'
Server ALPN: 'h2'
Client ALPN: 'h2'
Server ALPN: 'h2'
Client ALPN: 'h2'
Server ALPN: 'h2'
Client ALPN: 'h2'
Server ALPN: 'h2'
Client ALPN: 'h2'
Server ALPN: 'h2'
Client ALPN: 'h2'
Server ALPN: 'h2'
Client ALPN: 'h2'
Server ALPN: 'h2'
Client ALPN: 'h2'
Server ALPN: 'h2'
Client ALPN: 'h2'
Server ALPN: 'h2'
Client ALPN: 'h2'
Server ALPN: 'h2'
Client ALPN: 'h2'
Server ALPN: 'h2'
Client ALPN: 'h2'
Client ALPN: 'h2'
Server ALPN: 'h2'
Server ALPN: 'h2'
Client ALPN: 'h2'
Server ALPN: 'h2'
Client ALPN: 'h2'
Server ALPN: 'h2'
Client ALPN: 'h2'
Server ALPN: 'h2'
Client ALPN: 'h2'
Server ALPN: 'h2'
Client ALPN: 'h2'
Server ALPN: 'h2'
Client ALPN: 'h2'
Server ALPN: 'h2'
Client ALPN: 'h2'
Server ALPN: 'h2'
Client ALPN: 'h2'
Server ALPN: 'h2'
Client ALPN: 'h2'
Server ALPN: 'h2'
Client ALPN: 'h2'
Server ALPN: 'h2'
Client ALPN: 'h2'
Server ALPN: 'h2'
Client ALPN: 'h2'
Server ALPN: 'h2'
Client ALPN: 'h2'
Server ALPN: 'h2'
Client ALPN: 'h2'
Server ALPN: 'h2'
Client ALPN: 'h2'
Server ALPN: 'h2'
Client ALPN: 'h2'
Server ALPN: 'h2'
Client ALPN: 'h2'
Server ALPN: 'h2'
Client ALPN: 'h2'
Server ALPN: 'h2'
Client ALPN: 'h2'
Server ALPN: 'h2'
Client ALPN: 'h2'
Server ALPN: 'h2'
Client ALPN: 'h2'
Server ALPN: 'h2'
Client ALPN: 'h2'
Server ALPN: 'h2'
Client ALPN: 'h2'
Server ALPN: 'h2'
Client ALPN: 'h2'
Server ALPN: 'h2'
Client ALPN: 'h2'
Server ALPN: 'h2'
Client ALPN: 'h2'
Server ALPN: 'h2'
Client ALPN: 'h2'
Server ALPN: 'h2'
Client ALPN: 'h2'
Server ALPN: 'h2'
Client ALPN: 'h2'
Server ALPN: 'h2'
Client ALPN: 'h2'
Server ALPN: 'h2'
Client ALPN: 'h2'
Server ALPN: 'h2'
Client ALPN: 'h2'
Server ALPN: 'h2'
Client ALPN: 'h2'
Server ALPN: 'h2'
Client ALPN: 'h2'
Server ALPN: 'h2'
Client ALPN: 'h2'
Server ALPN: 'h2'
Client ALPN: 'h2'
Server ALPN: 'h2'
Client ALPN: 'h2'
Server ALPN: 'h2'
Client ALPN: 'h2'
Server ALPN: 'h2'
Client ALPN: 'h2'
Server ALPN: 'h2'
Client ALPN: 'h2'
Server ALPN: 'h2'
Client ALPN: 'h2'
Server ALPN: 'h2'
Client ALPN: 'h2'
Server ALPN: 'h2'
Client ALPN: 'h2'
Server ALPN: 'h2'
Client ALPN: 'h2'
Server ALPN: 'h2'
Client ALPN: 'h2'
Server ALPN: 'h2'
Client ALPN: 'h2'
Server ALPN: 'h2'
Client ALPN: 'h2'
Server ALPN: 'h2'
Client ALPN: 'h2'
Server ALPN: 'h2'
Client ALPN: 'h2'
Server ALPN: 'h2'
Client ALPN: 'h2'
Server ALPN: 'h2'
Client ALPN: 'h2'
Server ALPN: 'h2'
Client ALPN: 'h2'
Server ALPN: 'h2'
Client ALPN: 'h2'
Server ALPN: 'h2'
Client ALPN: 'h2'
Server ALPN: 'h2'
Client ALPN: 'h2'
Server ALPN: 'h2'
Client ALPN: 'h2'
Server ALPN: 'h2'
Client ALPN: 'h2'
Server ALPN: 'h2'
Client ALPN: 'h2'
Server ALPN: 'h2'
Client ALPN: 'h2'
Client ALPN: 'h2'
Server ALPN: 'h2'
Server ALPN: 'h2'
Client ALPN: 'h2'
Server ALPN: 'h2'
Client ALPN: 'h2'
Server ALPN: 'h2'
Client ALPN: 'h2'
Server ALPN: 'h2'
Client ALPN: 'h2'
Server ALPN: 'h2'
Client ALPN: 'h2'
Server ALPN: 'h2'
Client ALPN: 'h2'
Server ALPN: 'h2'
Client ALPN: 'h2'
Server ALPN: 'h2'
Client ALPN: 'h2'
Server ALPN: 'h2'
Client ALPN: 'h2'
Server ALPN: 'h2'
Client ALPN: 'h2'
Server ALPN: 'h2'
Client ALPN: 'h2'
Server ALPN: 'h2'
Client ALPN: 'h2'
Server ALPN: 'h2'
Client ALPN: 'h2'
Server ALPN: 'h2'
Client ALPN: 'h2'
Server ALPN: 'h2'
Client ALPN: 'h2'
Server ALPN: 'h2'
Client ALPN: 'h2'
Server ALPN: 'h2'
Client ALPN: 'h2'
Server ALPN: 'h2'
Client ALPN: 'h2'
Server ALPN: 'h2'
Client ALPN: 'h2'
Server ALPN: 'h2'
Client ALPN: 'h2'
Server ALPN: 'h2'
Client ALPN: 'h2'
Server ALPN: 'h2'
Client ALPN: 'h2'
Server ALPN: 'h2'
Client ALPN: 'h2'
Server ALPN: 'h2'
Client ALPN: 'h2'
Server ALPN: 'h2'
Client ALPN: 'h2'
Server ALPN: 'h2'
Client ALPN: 'h2'
Server ALPN: 'h2'
Client ALPN: 'h2'
Server ALPN: 'h2'
Client ALPN: 'h2'
Server ALPN: 'h2'
Client ALPN: 'h2'
Server ALPN: 'h2'
Client ALPN: 'h2'
Client ALPN: 'h2'
Server ALPN: 'h2'
Server ALPN: 'h2'
Client ALPN: 'h2'
Server ALPN: 'h2'
Client ALPN: 'h2'
Server ALPN: 'h2'
Client ALPN: 'h2'
Server ALPN: 'h2'
Client ALPN: 'h2'
Server ALPN: 'h2'
Client ALPN: 'h2'
Server ALPN: 'h2'
Client ALPN: 'h2'
Client ALPN: 'h2'
Server ALPN: 'h2'
Server ALPN: 'h2'
Client ALPN: 'h2'
Server ALPN: 'h2'
Client ALPN: 'h2'
Client ALPN: 'h2'
Server ALPN: 'h2'
Server ALPN: 'h2'
Client ALPN: 'h2'
Server ALPN: 'h2'
Client ALPN: 'h2'
Server ALPN: 'h2'
Client ALPN: 'h2'
Server ALPN: 'h2'
Client ALPN: 'h2'
Server ALPN: 'h2'
Client ALPN: 'h2'
Server ALPN: 'h2'
Client ALPN: 'h2'
Server ALPN: 'h2'
Client ALPN: 'h2'
Client ALPN: 'h2'
Server ALPN: 'h2'
Server ALPN: 'h2'
Client ALPN: 'h2'
Server ALPN: 'h2'
Client ALPN: 'h2'
Server ALPN: 'h2'
Client ALPN: 'h2'
Server ALPN: 'h2'
Client ALPN: 'h2'
Server ALPN: 'h2'
Client ALPN: 'h2'
Server ALPN: 'h2'
Client ALPN: 'h2'
Client ALPN: 'h2'
Server ALPN: 'h2'
Server ALPN: 'h2'
Client ALPN: 'h2'
Server ALPN: 'h2'
Client ALPN: 'h2'
Server ALPN: 'h2'
Client ALPN: 'h2'
Server ALPN: 'h2'
Client ALPN: 'h2'
Server ALPN: 'h2'
Client ALPN: 'h2'
Server ALPN: 'h2'
Client ALPN: 'h2'
Server ALPN: 'h2'
Client ALPN: 'h2'
Client ALPN: 'h2'
Server ALPN: 'h2'
Server ALPN: 'h2'
Client ALPN: 'h2'
Server ALPN: 'h2'
Client ALPN: 'h2'
Server ALPN: 'h2'
Client ALPN: 'h2'
Server ALPN: 'h2'
Client ALPN: 'h2'
Server ALPN: 'h2'
Client ALPN: 'h2'
Server ALPN: 'h2'
Client ALPN: 'h2'
Server ALPN: 'h2'
Client ALPN: 'h2'
Server ALPN: 'h2'
Client ALPN: 'h2'
Server ALPN: 'h2'
Client ALPN: 'h2'
Server ALPN: 'h2'
Client ALPN: 'h2'
Server ALPN: 'h2'
Client ALPN: 'h2'
Server ALPN: 'h2'
Client ALPN: 'h2'
Server ALPN: 'h2'
Client ALPN: 'h2'
Server ALPN: 'h2'
Client ALPN: 'h2'
Server ALPN: 'h2'
Client ALPN: 'h2'
Server ALPN: 'h2'
Client ALPN: 'h2'
Server ALPN: 'h2'
Client ALPN: 'h2'
Server ALPN: 'h2'
Client ALPN: 'h2'
Server ALPN: 'h2'
Client ALPN: 'h2'
Server ALPN: 'h2'
Client ALPN: 'h2'
Server ALPN: 'h2'
Client ALPN: 'h2'
Server ALPN: 'h2'
Client ALPN: 'h2'
]]></system-out>
  <system-err><![CDATA[juil. 09, 2020 3:58:46 PM org.bouncycastle.jsse.provider.ProvTrustManagerFactorySpi getDefaultTrustStore
INFOS: Initializing with trust store at path: /usr/lib/jvm/java-13-openjdk-amd64/lib/security/cacerts
juil. 09, 2020 3:58:46 PM org.bouncycastle.jsse.provider.ProvTrustManagerFactorySpi getDefaultTrustStore
INFOS: Initializing with trust store at path: /usr/lib/jvm/java-13-openjdk-amd64/lib/security/cacerts
juil. 09, 2020 3:58:46 PM org.bouncycastle.jsse.provider.ProvTrustManagerFactorySpi getDefaultTrustStore
INFOS: Initializing with trust store at path: /usr/lib/jvm/java-13-openjdk-amd64/lib/security/cacerts
juil. 09, 2020 3:58:46 PM org.bouncycastle.jsse.provider.ProvTrustManagerFactorySpi getDefaultTrustStore
INFOS: Initializing with trust store at path: /usr/lib/jvm/java-13-openjdk-amd64/lib/security/cacerts
juil. 09, 2020 3:58:46 PM org.bouncycastle.jsse.provider.ProvTrustManagerFactorySpi getDefaultTrustStore
INFOS: Initializing with trust store at path: /usr/lib/jvm/java-13-openjdk-amd64/lib/security/cacerts
juil. 09, 2020 3:58:46 PM org.bouncycastle.jsse.provider.ProvTrustManagerFactorySpi getDefaultTrustStore
INFOS: Initializing with trust store at path: /usr/lib/jvm/java-13-openjdk-amd64/lib/security/cacerts
juil. 09, 2020 3:58:46 PM org.bouncycastle.jsse.provider.ProvTrustManagerFactorySpi getDefaultTrustStore
INFOS: Initializing with trust store at path: /usr/lib/jvm/java-13-openjdk-amd64/lib/security/cacerts
juil. 09, 2020 3:58:46 PM org.bouncycastle.jsse.provider.ProvTrustManagerFactorySpi getDefaultTrustStore
INFOS: Initializing with trust store at path: /usr/lib/jvm/java-13-openjdk-amd64/lib/security/cacerts
juil. 09, 2020 3:58:46 PM org.bouncycastle.jsse.provider.ProvTrustManagerFactorySpi getDefaultTrustStore
INFOS: Initializing with trust store at path: /usr/lib/jvm/java-13-openjdk-amd64/lib/security/cacerts
juil. 09, 2020 3:58:46 PM org.bouncycastle.jsse.provider.ProvTrustManagerFactorySpi getDefaultTrustStore
INFOS: Initializing with trust store at path: /usr/lib/jvm/java-13-openjdk-amd64/lib/security/cacerts
juil. 09, 2020 3:58:46 PM org.bouncycastle.jsse.provider.ProvTrustManagerFactorySpi getDefaultTrustStore
INFOS: Initializing with trust store at path: /usr/lib/jvm/java-13-openjdk-amd64/lib/security/cacerts
juil. 09, 2020 3:58:46 PM org.bouncycastle.jsse.provider.ProvTrustManagerFactorySpi getDefaultTrustStore
INFOS: Initializing with trust store at path: /usr/lib/jvm/java-13-openjdk-amd64/lib/security/cacerts
juil. 09, 2020 3:58:46 PM org.bouncycastle.jsse.provider.ProvTrustManagerFactorySpi getDefaultTrustStore
INFOS: Initializing with trust store at path: /usr/lib/jvm/java-13-openjdk-amd64/lib/security/cacerts
juil. 09, 2020 3:58:46 PM org.bouncycastle.jsse.provider.ProvTrustManagerFactorySpi getDefaultTrustStore
INFOS: Initializing with trust store at path: /usr/lib/jvm/java-13-openjdk-amd64/lib/security/cacerts
juil. 09, 2020 3:58:46 PM org.bouncycastle.jsse.provider.ProvTrustManagerFactorySpi getDefaultTrustStore
INFOS: Initializing with trust store at path: /usr/lib/jvm/java-13-openjdk-amd64/lib/security/cacerts
juil. 09, 2020 3:58:46 PM org.bouncycastle.jsse.provider.ProvTrustManagerFactorySpi getDefaultTrustStore
INFOS: Initializing with trust store at path: /usr/lib/jvm/java-13-openjdk-amd64/lib/security/cacerts
juil. 09, 2020 3:58:46 PM org.bouncycastle.jsse.provider.ProvTrustManagerFactorySpi getDefaultTrustStore
INFOS: Initializing with trust store at path: /usr/lib/jvm/java-13-openjdk-amd64/lib/security/cacerts
juil. 09, 2020 3:58:46 PM org.bouncycastle.jsse.provider.ProvTrustManagerFactorySpi getDefaultTrustStore
INFOS: Initializing with trust store at path: /usr/lib/jvm/java-13-openjdk-amd64/lib/security/cacerts
juil. 09, 2020 3:58:46 PM org.bouncycastle.jsse.provider.ProvTrustManagerFactorySpi getDefaultTrustStore
INFOS: Initializing with trust store at path: /usr/lib/jvm/java-13-openjdk-amd64/lib/security/cacerts
juil. 09, 2020 3:58:46 PM org.bouncycastle.jsse.provider.ProvTrustManagerFactorySpi getDefaultTrustStore
INFOS: Initializing with trust store at path: /usr/lib/jvm/java-13-openjdk-amd64/lib/security/cacerts
juil. 09, 2020 3:58:46 PM org.bouncycastle.jsse.provider.ProvTrustManagerFactorySpi getDefaultTrustStore
INFOS: Initializing with trust store at path: /usr/lib/jvm/java-13-openjdk-amd64/lib/security/cacerts
juil. 09, 2020 3:58:46 PM org.bouncycastle.jsse.provider.ProvTrustManagerFactorySpi getDefaultTrustStore
INFOS: Initializing with trust store at path: /usr/lib/jvm/java-13-openjdk-amd64/lib/security/cacerts
juil. 09, 2020 3:58:46 PM org.bouncycastle.jsse.provider.ProvTrustManagerFactorySpi getDefaultTrustStore
INFOS: Initializing with trust store at path: /usr/lib/jvm/java-13-openjdk-amd64/lib/security/cacerts
juil. 09, 2020 3:58:46 PM org.bouncycastle.jsse.provider.ProvTrustManagerFactorySpi getDefaultTrustStore
INFOS: Initializing with trust store at path: /usr/lib/jvm/java-13-openjdk-amd64/lib/security/cacerts
juil. 09, 2020 3:58:46 PM org.bouncycastle.jsse.provider.ProvTrustManagerFactorySpi getDefaultTrustStore
INFOS: Initializing with trust store at path: /usr/lib/jvm/java-13-openjdk-amd64/lib/security/cacerts
juil. 09, 2020 3:58:46 PM org.bouncycastle.jsse.provider.ProvTrustManagerFactorySpi getDefaultTrustStore
INFOS: Initializing with trust store at path: /usr/lib/jvm/java-13-openjdk-amd64/lib/security/cacerts
juil. 09, 2020 3:58:46 PM org.bouncycastle.jsse.provider.ProvTrustManagerFactorySpi getDefaultTrustStore
INFOS: Initializing with trust store at path: /usr/lib/jvm/java-13-openjdk-amd64/lib/security/cacerts
juil. 09, 2020 3:58:46 PM org.bouncycastle.jsse.provider.ProvTrustManagerFactorySpi getDefaultTrustStore
INFOS: Initializing with trust store at path: /usr/lib/jvm/java-13-openjdk-amd64/lib/security/cacerts
juil. 09, 2020 3:58:46 PM org.bouncycastle.jsse.provider.ProvTrustManagerFactorySpi getDefaultTrustStore
INFOS: Initializing with trust store at path: /usr/lib/jvm/java-13-openjdk-amd64/lib/security/cacerts
juil. 09, 2020 3:58:46 PM org.bouncycastle.jsse.provider.ProvTrustManagerFactorySpi getDefaultTrustStore
INFOS: Initializing with trust store at path: /usr/lib/jvm/java-13-openjdk-amd64/lib/security/cacerts
juil. 09, 2020 3:58:46 PM org.bouncycastle.jsse.provider.ProvTrustManagerFactorySpi getDefaultTrustStore
INFOS: Initializing with trust store at path: /usr/lib/jvm/java-13-openjdk-amd64/lib/security/cacerts
juil. 09, 2020 3:58:46 PM org.bouncycastle.jsse.provider.ProvTrustManagerFactorySpi getDefaultTrustStore
INFOS: Initializing with trust store at path: /usr/lib/jvm/java-13-openjdk-amd64/lib/security/cacerts
juil. 09, 2020 3:58:46 PM org.bouncycastle.jsse.provider.ProvTrustManagerFactorySpi getDefaultTrustStore
INFOS: Initializing with trust store at path: /usr/lib/jvm/java-13-openjdk-amd64/lib/security/cacerts
juil. 09, 2020 3:58:46 PM org.bouncycastle.jsse.provider.ProvTrustManagerFactorySpi getDefaultTrustStore
INFOS: Initializing with trust store at path: /usr/lib/jvm/java-13-openjdk-amd64/lib/security/cacerts
juil. 09, 2020 3:58:47 PM org.bouncycastle.jsse.provider.ProvTrustManagerFactorySpi getDefaultTrustStore
INFOS: Initializing with trust store at path: /usr/lib/jvm/java-13-openjdk-amd64/lib/security/cacerts
juil. 09, 2020 3:58:47 PM org.bouncycastle.jsse.provider.ProvTrustManagerFactorySpi getDefaultTrustStore
INFOS: Initializing with trust store at path: /usr/lib/jvm/java-13-openjdk-amd64/lib/security/cacerts
juil. 09, 2020 3:58:47 PM org.bouncycastle.jsse.provider.ProvTrustManagerFactorySpi getDefaultTrustStore
INFOS: Initializing with trust store at path: /usr/lib/jvm/java-13-openjdk-amd64/lib/security/cacerts
juil. 09, 2020 3:58:47 PM org.bouncycastle.jsse.provider.ProvTrustManagerFactorySpi getDefaultTrustStore
INFOS: Initializing with trust store at path: /usr/lib/jvm/java-13-openjdk-amd64/lib/security/cacerts
juil. 09, 2020 3:58:47 PM org.bouncycastle.jsse.provider.ProvTrustManagerFactorySpi getDefaultTrustStore
INFOS: Initializing with trust store at path: /usr/lib/jvm/java-13-openjdk-amd64/lib/security/cacerts
juil. 09, 2020 3:58:47 PM org.bouncycastle.jsse.provider.ProvTrustManagerFactorySpi getDefaultTrustStore
INFOS: Initializing with trust store at path: /usr/lib/jvm/java-13-openjdk-amd64/lib/security/cacerts
juil. 09, 2020 3:58:47 PM org.bouncycastle.jsse.provider.ProvTrustManagerFactorySpi getDefaultTrustStore
INFOS: Initializing with trust store at path: /usr/lib/jvm/java-13-openjdk-amd64/lib/security/cacerts
juil. 09, 2020 3:58:47 PM org.bouncycastle.jsse.provider.ProvTrustManagerFactorySpi getDefaultTrustStore
INFOS: Initializing with trust store at path: /usr/lib/jvm/java-13-openjdk-amd64/lib/security/cacerts
juil. 09, 2020 3:58:47 PM org.bouncycastle.jsse.provider.ProvTrustManagerFactorySpi getDefaultTrustStore
INFOS: Initializing with trust store at path: /usr/lib/jvm/java-13-openjdk-amd64/lib/security/cacerts
juil. 09, 2020 3:58:47 PM org.bouncycastle.jsse.provider.ProvTrustManagerFactorySpi getDefaultTrustStore
INFOS: Initializing with trust store at path: /usr/lib/jvm/java-13-openjdk-amd64/lib/security/cacerts
juil. 09, 2020 3:58:47 PM org.bouncycastle.jsse.provider.ProvTrustManagerFactorySpi getDefaultTrustStore
INFOS: Initializing with trust store at path: /usr/lib/jvm/java-13-openjdk-amd64/lib/security/cacerts
juil. 09, 2020 3:58:47 PM org.bouncycastle.jsse.provider.ProvTrustManagerFactorySpi getDefaultTrustStore
INFOS: Initializing with trust store at path: /usr/lib/jvm/java-13-openjdk-amd64/lib/security/cacerts
juil. 09, 2020 3:58:47 PM org.bouncycastle.jsse.provider.ProvTrustManagerFactorySpi getDefaultTrustStore
INFOS: Initializing with trust store at path: /usr/lib/jvm/java-13-openjdk-amd64/lib/security/cacerts
juil. 09, 2020 3:58:47 PM org.bouncycastle.jsse.provider.ProvTrustManagerFactorySpi getDefaultTrustStore
INFOS: Initializing with trust store at path: /usr/lib/jvm/java-13-openjdk-amd64/lib/security/cacerts
juil. 09, 2020 3:58:47 PM org.bouncycastle.jsse.provider.ProvTrustManagerFactorySpi getDefaultTrustStore
INFOS: Initializing with trust store at path: /usr/lib/jvm/java-13-openjdk-amd64/lib/security/cacerts
juil. 09, 2020 3:58:47 PM org.bouncycastle.jsse.provider.ProvTrustManagerFactorySpi getDefaultTrustStore
INFOS: Initializing with trust store at path: /usr/lib/jvm/java-13-openjdk-amd64/lib/security/cacerts
juil. 09, 2020 3:58:47 PM org.bouncycastle.jsse.provider.ProvTrustManagerFactorySpi getDefaultTrustStore
INFOS: Initializing with trust store at path: /usr/lib/jvm/java-13-openjdk-amd64/lib/security/cacerts
juil. 09, 2020 3:58:47 PM org.bouncycastle.jsse.provider.ProvTrustManagerFactorySpi getDefaultTrustStore
INFOS: Initializing with trust store at path: /usr/lib/jvm/java-13-openjdk-amd64/lib/security/cacerts
juil. 09, 2020 3:58:47 PM org.bouncycastle.jsse.provider.ProvTrustManagerFactorySpi getDefaultTrustStore
INFOS: Initializing with trust store at path: /usr/lib/jvm/java-13-openjdk-amd64/lib/security/cacerts
juil. 09, 2020 3:58:47 PM org.bouncycastle.jsse.provider.ProvTrustManagerFactorySpi getDefaultTrustStore
INFOS: Initializing with trust store at path: /usr/lib/jvm/java-13-openjdk-amd64/lib/security/cacerts
juil. 09, 2020 3:58:47 PM org.bouncycastle.jsse.provider.ProvTrustManagerFactorySpi getDefaultTrustStore
INFOS: Initializing with trust store at path: /usr/lib/jvm/java-13-openjdk-amd64/lib/security/cacerts
juil. 09, 2020 3:58:47 PM org.bouncycastle.jsse.provider.ProvTrustManagerFactorySpi getDefaultTrustStore
INFOS: Initializing with trust store at path: /usr/lib/jvm/java-13-openjdk-amd64/lib/security/cacerts
juil. 09, 2020 3:58:47 PM org.bouncycastle.jsse.provider.ProvTrustManagerFactorySpi getDefaultTrustStore
INFOS: Initializing with trust store at path: /usr/lib/jvm/java-13-openjdk-amd64/lib/security/cacerts
juil. 09, 2020 3:58:47 PM org.bouncycastle.jsse.provider.ProvTrustManagerFactorySpi getDefaultTrustStore
INFOS: Initializing with trust store at path: /usr/lib/jvm/java-13-openjdk-amd64/lib/security/cacerts
juil. 09, 2020 3:58:47 PM org.bouncycastle.jsse.provider.ProvTrustManagerFactorySpi getDefaultTrustStore
INFOS: Initializing with trust store at path: /usr/lib/jvm/java-13-openjdk-amd64/lib/security/cacerts
juil. 09, 2020 3:58:47 PM org.bouncycastle.jsse.provider.ProvTrustManagerFactorySpi getDefaultTrustStore
INFOS: Initializing with trust store at path: /usr/lib/jvm/java-13-openjdk-amd64/lib/security/cacerts
juil. 09, 2020 3:58:47 PM org.bouncycastle.jsse.provider.ProvTrustManagerFactorySpi getDefaultTrustStore
INFOS: Initializing with trust store at path: /usr/lib/jvm/java-13-openjdk-amd64/lib/security/cacerts
juil. 09, 2020 3:58:47 PM org.bouncycastle.jsse.provider.ProvTrustManagerFactorySpi getDefaultTrustStore
INFOS: Initializing with trust store at path: /usr/lib/jvm/java-13-openjdk-amd64/lib/security/cacerts
juil. 09, 2020 3:58:47 PM org.bouncycastle.jsse.provider.ProvTrustManagerFactorySpi getDefaultTrustStore
INFOS: Initializing with trust store at path: /usr/lib/jvm/java-13-openjdk-amd64/lib/security/cacerts
juil. 09, 2020 3:58:47 PM org.bouncycastle.jsse.provider.ProvTrustManagerFactorySpi getDefaultTrustStore
INFOS: Initializing with trust store at path: /usr/lib/jvm/java-13-openjdk-amd64/lib/security/cacerts
juil. 09, 2020 3:58:47 PM org.bouncycastle.jsse.provider.ProvTrustManagerFactorySpi getDefaultTrustStore
INFOS: Initializing with trust store at path: /usr/lib/jvm/java-13-openjdk-amd64/lib/security/cacerts
juil. 09, 2020 3:58:47 PM org.bouncycastle.jsse.provider.ProvTrustManagerFactorySpi getDefaultTrustStore
INFOS: Initializing with trust store at path: /usr/lib/jvm/java-13-openjdk-amd64/lib/security/cacerts
juil. 09, 2020 3:58:47 PM org.bouncycastle.jsse.provider.ProvTrustManagerFactorySpi getDefaultTrustStore
INFOS: Initializing with trust store at path: /usr/lib/jvm/java-13-openjdk-amd64/lib/security/cacerts
juil. 09, 2020 3:58:47 PM org.bouncycastle.jsse.provider.ProvTrustManagerFactorySpi getDefaultTrustStore
INFOS: Initializing with trust store at path: /usr/lib/jvm/java-13-openjdk-amd64/lib/security/cacerts
juil. 09, 2020 3:58:47 PM org.bouncycastle.jsse.provider.ProvTrustManagerFactorySpi getDefaultTrustStore
INFOS: Initializing with trust store at path: /usr/lib/jvm/java-13-openjdk-amd64/lib/security/cacerts
juil. 09, 2020 3:58:47 PM org.bouncycastle.jsse.provider.ProvTrustManagerFactorySpi getDefaultTrustStore
INFOS: Initializing with trust store at path: /usr/lib/jvm/java-13-openjdk-amd64/lib/security/cacerts
juil. 09, 2020 3:58:47 PM org.bouncycastle.jsse.provider.ProvTrustManagerFactorySpi getDefaultTrustStore
INFOS: Initializing with trust store at path: /usr/lib/jvm/java-13-openjdk-amd64/lib/security/cacerts
juil. 09, 2020 3:58:47 PM org.bouncycastle.jsse.provider.ProvTrustManagerFactorySpi getDefaultTrustStore
INFOS: Initializing with trust store at path: /usr/lib/jvm/java-13-openjdk-amd64/lib/security/cacerts
juil. 09, 2020 3:58:47 PM org.bouncycastle.jsse.provider.ProvTrustManagerFactorySpi getDefaultTrustStore
INFOS: Initializing with trust store at path: /usr/lib/jvm/java-13-openjdk-amd64/lib/security/cacerts
juil. 09, 2020 3:58:47 PM org.bouncycastle.jsse.provider.ProvTrustManagerFactorySpi getDefaultTrustStore
INFOS: Initializing with trust store at path: /usr/lib/jvm/java-13-openjdk-amd64/lib/security/cacerts
juil. 09, 2020 3:58:47 PM org.bouncycastle.jsse.provider.ProvTrustManagerFactorySpi getDefaultTrustStore
INFOS: Initializing with trust store at path: /usr/lib/jvm/java-13-openjdk-amd64/lib/security/cacerts
juil. 09, 2020 3:58:47 PM org.bouncycastle.jsse.provider.ProvTrustManagerFactorySpi getDefaultTrustStore
INFOS: Initializing with trust store at path: /usr/lib/jvm/java-13-openjdk-amd64/lib/security/cacerts
juil. 09, 2020 3:58:47 PM org.bouncycastle.jsse.provider.ProvTrustManagerFactorySpi getDefaultTrustStore
INFOS: Initializing with trust store at path: /usr/lib/jvm/java-13-openjdk-amd64/lib/security/cacerts
juil. 09, 2020 3:58:47 PM org.bouncycastle.jsse.provider.ProvTrustManagerFactorySpi getDefaultTrustStore
INFOS: Initializing with trust store at path: /usr/lib/jvm/java-13-openjdk-amd64/lib/security/cacerts
juil. 09, 2020 3:58:47 PM org.bouncycastle.jsse.provider.ProvTrustManagerFactorySpi getDefaultTrustStore
INFOS: Initializing with trust store at path: /usr/lib/jvm/java-13-openjdk-amd64/lib/security/cacerts
juil. 09, 2020 3:58:47 PM org.bouncycastle.jsse.provider.ProvTrustManagerFactorySpi getDefaultTrustStore
INFOS: Initializing with trust store at path: /usr/lib/jvm/java-13-openjdk-amd64/lib/security/cacerts
juil. 09, 2020 3:58:47 PM org.bouncycastle.jsse.provider.ProvTrustManagerFactorySpi getDefaultTrustStore
INFOS: Initializing with trust store at path: /usr/lib/jvm/java-13-openjdk-amd64/lib/security/cacerts
juil. 09, 2020 3:58:47 PM org.bouncycastle.jsse.provider.ProvTrustManagerFactorySpi getDefaultTrustStore
INFOS: Initializing with trust store at path: /usr/lib/jvm/java-13-openjdk-amd64/lib/security/cacerts
juil. 09, 2020 3:58:47 PM org.bouncycastle.jsse.provider.ProvTrustManagerFactorySpi getDefaultTrustStore
INFOS: Initializing with trust store at path: /usr/lib/jvm/java-13-openjdk-amd64/lib/security/cacerts
juil. 09, 2020 3:58:47 PM org.bouncycastle.jsse.provider.ProvTrustManagerFactorySpi getDefaultTrustStore
INFOS: Initializing with trust store at path: /usr/lib/jvm/java-13-openjdk-amd64/lib/security/cacerts
juil. 09, 2020 3:58:47 PM org.bouncycastle.jsse.provider.ProvTrustManagerFactorySpi getDefaultTrustStore
INFOS: Initializing with trust store at path: /usr/lib/jvm/java-13-openjdk-amd64/lib/security/cacerts
juil. 09, 2020 3:58:47 PM org.bouncycastle.jsse.provider.ProvTrustManagerFactorySpi getDefaultTrustStore
INFOS: Initializing with trust store at path: /usr/lib/jvm/java-13-openjdk-amd64/lib/security/cacerts
juil. 09, 2020 3:58:47 PM org.bouncycastle.jsse.provider.ProvTrustManagerFactorySpi getDefaultTrustStore
INFOS: Initializing with trust store at path: /usr/lib/jvm/java-13-openjdk-amd64/lib/security/cacerts
juil. 09, 2020 3:58:47 PM org.bouncycastle.jsse.provider.ProvTrustManagerFactorySpi getDefaultTrustStore
INFOS: Initializing with trust store at path: /usr/lib/jvm/java-13-openjdk-amd64/lib/security/cacerts
juil. 09, 2020 3:58:47 PM org.bouncycastle.jsse.provider.ProvTrustManagerFactorySpi getDefaultTrustStore
INFOS: Initializing with trust store at path: /usr/lib/jvm/java-13-openjdk-amd64/lib/security/cacerts
juil. 09, 2020 3:58:47 PM org.bouncycastle.jsse.provider.ProvTrustManagerFactorySpi getDefaultTrustStore
INFOS: Initializing with trust store at path: /usr/lib/jvm/java-13-openjdk-amd64/lib/security/cacerts
juil. 09, 2020 3:58:47 PM org.bouncycastle.jsse.provider.ProvTrustManagerFactorySpi getDefaultTrustStore
INFOS: Initializing with trust store at path: /usr/lib/jvm/java-13-openjdk-amd64/lib/security/cacerts
juil. 09, 2020 3:58:47 PM org.bouncycastle.jsse.provider.ProvTrustManagerFactorySpi getDefaultTrustStore
INFOS: Initializing with trust store at path: /usr/lib/jvm/java-13-openjdk-amd64/lib/security/cacerts
juil. 09, 2020 3:58:47 PM org.bouncycastle.jsse.provider.ProvTrustManagerFactorySpi getDefaultTrustStore
INFOS: Initializing with trust store at path: /usr/lib/jvm/java-13-openjdk-amd64/lib/security/cacerts
juil. 09, 2020 3:58:47 PM org.bouncycastle.jsse.provider.ProvTrustManagerFactorySpi getDefaultTrustStore
INFOS: Initializing with trust store at path: /usr/lib/jvm/java-13-openjdk-amd64/lib/security/cacerts
juil. 09, 2020 3:58:47 PM org.bouncycastle.jsse.provider.ProvTrustManagerFactorySpi getDefaultTrustStore
INFOS: Initializing with trust store at path: /usr/lib/jvm/java-13-openjdk-amd64/lib/security/cacerts
juil. 09, 2020 3:58:47 PM org.bouncycastle.jsse.provider.ProvTrustManagerFactorySpi getDefaultTrustStore
INFOS: Initializing with trust store at path: /usr/lib/jvm/java-13-openjdk-amd64/lib/security/cacerts
juil. 09, 2020 3:58:47 PM org.bouncycastle.jsse.provider.ProvTrustManagerFactorySpi getDefaultTrustStore
INFOS: Initializing with trust store at path: /usr/lib/jvm/java-13-openjdk-amd64/lib/security/cacerts
juil. 09, 2020 3:58:47 PM org.bouncycastle.jsse.provider.ProvTrustManagerFactorySpi getDefaultTrustStore
INFOS: Initializing with trust store at path: /usr/lib/jvm/java-13-openjdk-amd64/lib/security/cacerts
juil. 09, 2020 3:58:47 PM org.bouncycastle.jsse.provider.ProvTrustManagerFactorySpi getDefaultTrustStore
INFOS: Initializing with trust store at path: /usr/lib/jvm/java-13-openjdk-amd64/lib/security/cacerts
juil. 09, 2020 3:58:47 PM org.bouncycastle.jsse.provider.ProvTrustManagerFactorySpi getDefaultTrustStore
INFOS: Initializing with trust store at path: /usr/lib/jvm/java-13-openjdk-amd64/lib/security/cacerts
juil. 09, 2020 3:58:47 PM org.bouncycastle.jsse.provider.ProvTrustManagerFactorySpi getDefaultTrustStore
INFOS: Initializing with trust store at path: /usr/lib/jvm/java-13-openjdk-amd64/lib/security/cacerts
juil. 09, 2020 3:58:47 PM org.bouncycastle.jsse.provider.ProvTrustManagerFactorySpi getDefaultTrustStore
INFOS: Initializing with trust store at path: /usr/lib/jvm/java-13-openjdk-amd64/lib/security/cacerts
juil. 09, 2020 3:58:47 PM org.bouncycastle.jsse.provider.ProvTrustManagerFactorySpi getDefaultTrustStore
INFOS: Initializing with trust store at path: /usr/lib/jvm/java-13-openjdk-amd64/lib/security/cacerts
juil. 09, 2020 3:58:48 PM org.bouncycastle.jsse.provider.ProvTrustManagerFactorySpi getDefaultTrustStore
INFOS: Initializing with trust store at path: /usr/lib/jvm/java-13-openjdk-amd64/lib/security/cacerts
juil. 09, 2020 3:58:48 PM org.bouncycastle.jsse.provider.ProvTrustManagerFactorySpi getDefaultTrustStore
INFOS: Initializing with trust store at path: /usr/lib/jvm/java-13-openjdk-amd64/lib/security/cacerts
juil. 09, 2020 3:58:48 PM org.bouncycastle.jsse.provider.ProvTrustManagerFactorySpi getDefaultTrustStore
INFOS: Initializing with trust store at path: /usr/lib/jvm/java-13-openjdk-amd64/lib/security/cacerts
juil. 09, 2020 3:58:48 PM org.bouncycastle.jsse.provider.ProvTrustManagerFactorySpi getDefaultTrustStore
INFOS: Initializing with trust store at path: /usr/lib/jvm/java-13-openjdk-amd64/lib/security/cacerts
juil. 09, 2020 3:58:48 PM org.bouncycastle.jsse.provider.ProvTrustManagerFactorySpi getDefaultTrustStore
INFOS: Initializing with trust store at path: /usr/lib/jvm/java-13-openjdk-amd64/lib/security/cacerts
juil. 09, 2020 3:58:48 PM org.bouncycastle.jsse.provider.ProvTrustManagerFactorySpi getDefaultTrustStore
INFOS: Initializing with trust store at path: /usr/lib/jvm/java-13-openjdk-amd64/lib/security/cacerts
juil. 09, 2020 3:58:48 PM org.bouncycastle.jsse.provider.ProvTrustManagerFactorySpi getDefaultTrustStore
INFOS: Initializing with trust store at path: /usr/lib/jvm/java-13-openjdk-amd64/lib/security/cacerts
juil. 09, 2020 3:58:48 PM org.bouncycastle.jsse.provider.ProvTrustManagerFactorySpi getDefaultTrustStore
INFOS: Initializing with trust store at path: /usr/lib/jvm/java-13-openjdk-amd64/lib/security/cacerts
juil. 09, 2020 3:58:48 PM org.bouncycastle.jsse.provider.ProvTrustManagerFactorySpi getDefaultTrustStore
INFOS: Initializing with trust store at path: /usr/lib/jvm/java-13-openjdk-amd64/lib/security/cacerts
juil. 09, 2020 3:58:48 PM org.bouncycastle.jsse.provider.ProvTrustManagerFactorySpi getDefaultTrustStore
INFOS: Initializing with trust store at path: /usr/lib/jvm/java-13-openjdk-amd64/lib/security/cacerts
juil. 09, 2020 3:58:48 PM org.bouncycastle.jsse.provider.ProvTrustManagerFactorySpi getDefaultTrustStore
INFOS: Initializing with trust store at path: /usr/lib/jvm/java-13-openjdk-amd64/lib/security/cacerts
juil. 09, 2020 3:58:48 PM org.bouncycastle.jsse.provider.ProvTrustManagerFactorySpi getDefaultTrustStore
INFOS: Initializing with trust store at path: /usr/lib/jvm/java-13-openjdk-amd64/lib/security/cacerts
juil. 09, 2020 3:58:48 PM org.bouncycastle.jsse.provider.ProvTrustManagerFactorySpi getDefaultTrustStore
INFOS: Initializing with trust store at path: /usr/lib/jvm/java-13-openjdk-amd64/lib/security/cacerts
juil. 09, 2020 3:58:48 PM org.bouncycastle.jsse.provider.ProvTrustManagerFactorySpi getDefaultTrustStore
INFOS: Initializing with trust store at path: /usr/lib/jvm/java-13-openjdk-amd64/lib/security/cacerts
juil. 09, 2020 3:58:48 PM org.bouncycastle.jsse.provider.ProvTrustManagerFactorySpi getDefaultTrustStore
INFOS: Initializing with trust store at path: /usr/lib/jvm/java-13-openjdk-amd64/lib/security/cacerts
juil. 09, 2020 3:58:48 PM org.bouncycastle.jsse.provider.ProvTrustManagerFactorySpi getDefaultTrustStore
INFOS: Initializing with trust store at path: /usr/lib/jvm/java-13-openjdk-amd64/lib/security/cacerts
juil. 09, 2020 3:58:48 PM org.bouncycastle.jsse.provider.ProvTrustManagerFactorySpi getDefaultTrustStore
INFOS: Initializing with trust store at path: /usr/lib/jvm/java-13-openjdk-amd64/lib/security/cacerts
juil. 09, 2020 3:58:48 PM org.bouncycastle.jsse.provider.ProvTrustManagerFactorySpi getDefaultTrustStore
INFOS: Initializing with trust store at path: /usr/lib/jvm/java-13-openjdk-amd64/lib/security/cacerts
juil. 09, 2020 3:58:48 PM org.bouncycastle.jsse.provider.ProvTrustManagerFactorySpi getDefaultTrustStore
INFOS: Initializing with trust store at path: /usr/lib/jvm/java-13-openjdk-amd64/lib/security/cacerts
juil. 09, 2020 3:58:48 PM org.bouncycastle.jsse.provider.ProvTrustManagerFactorySpi getDefaultTrustStore
INFOS: Initializing with trust store at path: /usr/lib/jvm/java-13-openjdk-amd64/lib/security/cacerts
juil. 09, 2020 3:58:48 PM org.bouncycastle.jsse.provider.ProvTrustManagerFactorySpi getDefaultTrustStore
INFOS: Initializing with trust store at path: /usr/lib/jvm/java-13-openjdk-amd64/lib/security/cacerts
juil. 09, 2020 3:58:48 PM org.bouncycastle.jsse.provider.ProvTrustManagerFactorySpi getDefaultTrustStore
INFOS: Initializing with trust store at path: /usr/lib/jvm/java-13-openjdk-amd64/lib/security/cacerts
juil. 09, 2020 3:58:48 PM org.bouncycastle.jsse.provider.ProvTrustManagerFactorySpi getDefaultTrustStore
INFOS: Initializing with trust store at path: /usr/lib/jvm/java-13-openjdk-amd64/lib/security/cacerts
juil. 09, 2020 3:58:48 PM org.bouncycastle.jsse.provider.ProvTrustManagerFactorySpi getDefaultTrustStore
INFOS: Initializing with trust store at path: /usr/lib/jvm/java-13-openjdk-amd64/lib/security/cacerts
juil. 09, 2020 3:58:48 PM org.bouncycastle.jsse.provider.ProvTrustManagerFactorySpi getDefaultTrustStore
INFOS: Initializing with trust store at path: /usr/lib/jvm/java-13-openjdk-amd64/lib/security/cacerts
juil. 09, 2020 3:58:48 PM org.bouncycastle.jsse.provider.ProvTrustManagerFactorySpi getDefaultTrustStore
INFOS: Initializing with trust store at path: /usr/lib/jvm/java-13-openjdk-amd64/lib/security/cacerts
juil. 09, 2020 3:58:48 PM org.bouncycastle.jsse.provider.ProvTrustManagerFactorySpi getDefaultTrustStore
INFOS: Initializing with trust store at path: /usr/lib/jvm/java-13-openjdk-amd64/lib/security/cacerts
juil. 09, 2020 3:58:48 PM org.bouncycastle.jsse.provider.ProvTrustManagerFactorySpi getDefaultTrustStore
INFOS: Initializing with trust store at path: /usr/lib/jvm/java-13-openjdk-amd64/lib/security/cacerts
juil. 09, 2020 3:58:48 PM org.bouncycastle.jsse.provider.ProvTrustManagerFactorySpi getDefaultTrustStore
INFOS: Initializing with trust store at path: /usr/lib/jvm/java-13-openjdk-amd64/lib/security/cacerts
juil. 09, 2020 3:58:48 PM org.bouncycastle.jsse.provider.ProvTrustManagerFactorySpi getDefaultTrustStore
INFOS: Initializing with trust store at path: /usr/lib/jvm/java-13-openjdk-amd64/lib/security/cacerts
juil. 09, 2020 3:58:48 PM org.bouncycastle.jsse.provider.ProvTrustManagerFactorySpi getDefaultTrustStore
INFOS: Initializing with trust store at path: /usr/lib/jvm/java-13-openjdk-amd64/lib/security/cacerts
juil. 09, 2020 3:58:48 PM org.bouncycastle.jsse.provider.ProvTrustManagerFactorySpi getDefaultTrustStore
INFOS: Initializing with trust store at path: /usr/lib/jvm/java-13-openjdk-amd64/lib/security/cacerts
juil. 09, 2020 3:58:48 PM org.bouncycastle.jsse.provider.ProvTrustManagerFactorySpi getDefaultTrustStore
INFOS: Initializing with trust store at path: /usr/lib/jvm/java-13-openjdk-amd64/lib/security/cacerts
juil. 09, 2020 3:58:48 PM org.bouncycastle.jsse.provider.ProvTrustManagerFactorySpi getDefaultTrustStore
INFOS: Initializing with trust store at path: /usr/lib/jvm/java-13-openjdk-amd64/lib/security/cacerts
juil. 09, 2020 3:58:48 PM org.bouncycastle.jsse.provider.ProvTrustManagerFactorySpi getDefaultTrustStore
INFOS: Initializing with trust store at path: /usr/lib/jvm/java-13-openjdk-amd64/lib/security/cacerts
juil. 09, 2020 3:58:48 PM org.bouncycastle.jsse.provider.ProvTrustManagerFactorySpi getDefaultTrustStore
INFOS: Initializing with trust store at path: /usr/lib/jvm/java-13-openjdk-amd64/lib/security/cacerts
juil. 09, 2020 3:58:48 PM org.bouncycastle.jsse.provider.ProvTrustManagerFactorySpi getDefaultTrustStore
INFOS: Initializing with trust store at path: /usr/lib/jvm/java-13-openjdk-amd64/lib/security/cacerts
juil. 09, 2020 3:58:48 PM org.bouncycastle.jsse.provider.ProvTrustManagerFactorySpi getDefaultTrustStore
INFOS: Initializing with trust store at path: /usr/lib/jvm/java-13-openjdk-amd64/lib/security/cacerts
juil. 09, 2020 3:58:48 PM org.bouncycastle.jsse.provider.ProvTrustManagerFactorySpi getDefaultTrustStore
INFOS: Initializing with trust store at path: /usr/lib/jvm/java-13-openjdk-amd64/lib/security/cacerts
juil. 09, 2020 3:58:48 PM org.bouncycastle.jsse.provider.ProvTrustManagerFactorySpi getDefaultTrustStore
INFOS: Initializing with trust store at path: /usr/lib/jvm/java-13-openjdk-amd64/lib/security/cacerts
juil. 09, 2020 3:58:48 PM org.bouncycastle.jsse.provider.ProvTrustManagerFactorySpi getDefaultTrustStore
INFOS: Initializing with trust store at path: /usr/lib/jvm/java-13-openjdk-amd64/lib/security/cacerts
juil. 09, 2020 3:58:48 PM org.bouncycastle.jsse.provider.ProvTrustManagerFactorySpi getDefaultTrustStore
INFOS: Initializing with trust store at path: /usr/lib/jvm/java-13-openjdk-amd64/lib/security/cacerts
juil. 09, 2020 3:58:48 PM org.bouncycastle.jsse.provider.ProvTrustManagerFactorySpi getDefaultTrustStore
INFOS: Initializing with trust store at path: /usr/lib/jvm/java-13-openjdk-amd64/lib/security/cacerts
juil. 09, 2020 3:58:48 PM org.bouncycastle.jsse.provider.ProvTrustManagerFactorySpi getDefaultTrustStore
INFOS: Initializing with trust store at path: /usr/lib/jvm/java-13-openjdk-amd64/lib/security/cacerts
juil. 09, 2020 3:58:48 PM org.bouncycastle.jsse.provider.ProvTrustManagerFactorySpi getDefaultTrustStore
INFOS: Initializing with trust store at path: /usr/lib/jvm/java-13-openjdk-amd64/lib/security/cacerts
juil. 09, 2020 3:58:48 PM org.bouncycastle.jsse.provider.ProvTrustManagerFactorySpi getDefaultTrustStore
INFOS: Initializing with trust store at path: /usr/lib/jvm/java-13-openjdk-amd64/lib/security/cacerts
juil. 09, 2020 3:58:48 PM org.bouncycastle.jsse.provider.ProvTrustManagerFactorySpi getDefaultTrustStore
INFOS: Initializing with trust store at path: /usr/lib/jvm/java-13-openjdk-amd64/lib/security/cacerts
juil. 09, 2020 3:58:48 PM org.bouncycastle.jsse.provider.ProvTrustManagerFactorySpi getDefaultTrustStore
INFOS: Initializing with trust store at path: /usr/lib/jvm/java-13-openjdk-amd64/lib/security/cacerts
juil. 09, 2020 3:58:48 PM org.bouncycastle.jsse.provider.ProvTrustManagerFactorySpi getDefaultTrustStore
INFOS: Initializing with trust store at path: /usr/lib/jvm/java-13-openjdk-amd64/lib/security/cacerts
juil. 09, 2020 3:58:48 PM org.bouncycastle.jsse.provider.ProvTrustManagerFactorySpi getDefaultTrustStore
INFOS: Initializing with trust store at path: /usr/lib/jvm/java-13-openjdk-amd64/lib/security/cacerts
juil. 09, 2020 3:58:48 PM org.bouncycastle.jsse.provider.ProvTrustManagerFactorySpi getDefaultTrustStore
INFOS: Initializing with trust store at path: /usr/lib/jvm/java-13-openjdk-amd64/lib/security/cacerts
juil. 09, 2020 3:58:48 PM org.bouncycastle.jsse.provider.ProvTrustManagerFactorySpi getDefaultTrustStore
INFOS: Initializing with trust store at path: /usr/lib/jvm/java-13-openjdk-amd64/lib/security/cacerts
juil. 09, 2020 3:58:48 PM org.bouncycastle.jsse.provider.ProvTrustManagerFactorySpi getDefaultTrustStore
INFOS: Initializing with trust store at path: /usr/lib/jvm/java-13-openjdk-amd64/lib/security/cacerts
juil. 09, 2020 3:58:48 PM org.bouncycastle.jsse.provider.ProvTrustManagerFactorySpi getDefaultTrustStore
INFOS: Initializing with trust store at path: /usr/lib/jvm/java-13-openjdk-amd64/lib/security/cacerts
juil. 09, 2020 3:58:48 PM org.bouncycastle.jsse.provider.ProvTrustManagerFactorySpi getDefaultTrustStore
INFOS: Initializing with trust store at path: /usr/lib/jvm/java-13-openjdk-amd64/lib/security/cacerts
juil. 09, 2020 3:58:48 PM org.bouncycastle.jsse.provider.ProvTrustManagerFactorySpi getDefaultTrustStore
INFOS: Initializing with trust store at path: /usr/lib/jvm/java-13-openjdk-amd64/lib/security/cacerts
juil. 09, 2020 3:58:48 PM org.bouncycastle.jsse.provider.ProvTrustManagerFactorySpi getDefaultTrustStore
INFOS: Initializing with trust store at path: /usr/lib/jvm/java-13-openjdk-amd64/lib/security/cacerts
juil. 09, 2020 3:58:48 PM org.bouncycastle.jsse.provider.ProvTrustManagerFactorySpi getDefaultTrustStore
INFOS: Initializing with trust store at path: /usr/lib/jvm/java-13-openjdk-amd64/lib/security/cacerts
juil. 09, 2020 3:58:48 PM org.bouncycastle.jsse.provider.ProvTrustManagerFactorySpi getDefaultTrustStore
INFOS: Initializing with trust store at path: /usr/lib/jvm/java-13-openjdk-amd64/lib/security/cacerts
juil. 09, 2020 3:58:48 PM org.bouncycastle.jsse.provider.ProvTrustManagerFactorySpi getDefaultTrustStore
INFOS: Initializing with trust store at path: /usr/lib/jvm/java-13-openjdk-amd64/lib/security/cacerts
juil. 09, 2020 3:58:48 PM org.bouncycastle.jsse.provider.ProvTrustManagerFactorySpi getDefaultTrustStore
INFOS: Initializing with trust store at path: /usr/lib/jvm/java-13-openjdk-amd64/lib/security/cacerts
juil. 09, 2020 3:58:48 PM org.bouncycastle.jsse.provider.ProvTrustManagerFactorySpi getDefaultTrustStore
INFOS: Initializing with trust store at path: /usr/lib/jvm/java-13-openjdk-amd64/lib/security/cacerts
juil. 09, 2020 3:58:48 PM org.bouncycastle.jsse.provider.ProvTrustManagerFactorySpi getDefaultTrustStore
INFOS: Initializing with trust store at path: /usr/lib/jvm/java-13-openjdk-amd64/lib/security/cacerts
juil. 09, 2020 3:58:48 PM org.bouncycastle.jsse.provider.ProvTrustManagerFactorySpi getDefaultTrustStore
INFOS: Initializing with trust store at path: /usr/lib/jvm/java-13-openjdk-amd64/lib/security/cacerts
juil. 09, 2020 3:58:48 PM org.bouncycastle.jsse.provider.ProvTrustManagerFactorySpi getDefaultTrustStore
INFOS: Initializing with trust store at path: /usr/lib/jvm/java-13-openjdk-amd64/lib/security/cacerts
juil. 09, 2020 3:58:48 PM org.bouncycastle.jsse.provider.ProvTrustManagerFactorySpi getDefaultTrustStore
INFOS: Initializing with trust store at path: /usr/lib/jvm/java-13-openjdk-amd64/lib/security/cacerts
juil. 09, 2020 3:58:48 PM org.bouncycastle.jsse.provider.ProvTrustManagerFactorySpi getDefaultTrustStore
INFOS: Initializing with trust store at path: /usr/lib/jvm/java-13-openjdk-amd64/lib/security/cacerts
juil. 09, 2020 3:58:48 PM org.bouncycastle.jsse.provider.ProvTrustManagerFactorySpi getDefaultTrustStore
INFOS: Initializing with trust store at path: /usr/lib/jvm/java-13-openjdk-amd64/lib/security/cacerts
juil. 09, 2020 3:58:48 PM org.bouncycastle.jsse.provider.ProvTrustManagerFactorySpi getDefaultTrustStore
INFOS: Initializing with trust store at path: /usr/lib/jvm/java-13-openjdk-amd64/lib/security/cacerts
juil. 09, 2020 3:58:48 PM org.bouncycastle.jsse.provider.ProvTrustManagerFactorySpi getDefaultTrustStore
INFOS: Initializing with trust store at path: /usr/lib/jvm/java-13-openjdk-amd64/lib/security/cacerts
juil. 09, 2020 3:58:48 PM org.bouncycastle.jsse.provider.ProvTrustManagerFactorySpi getDefaultTrustStore
INFOS: Initializing with trust store at path: /usr/lib/jvm/java-13-openjdk-amd64/lib/security/cacerts
juil. 09, 2020 3:58:48 PM org.bouncycastle.jsse.provider.ProvTrustManagerFactorySpi getDefaultTrustStore
INFOS: Initializing with trust store at path: /usr/lib/jvm/java-13-openjdk-amd64/lib/security/cacerts
]]></system-err>
</testsuite>
