<?xml version="1.0" encoding="UTF-8"?>
<testsuite name="com.distrimind.bouncycastle.jsse.provider.test.KeyManagerFactoryTest" tests="5" skipped="0" failures="0" errors="0" timestamp="2021-05-27T14:26:09" hostname="Garage" time="0.398">
  <properties/>
  <testcase name="testBasicRSA" classname="com.distrimind.bouncycastle.jsse.provider.test.KeyManagerFactoryTest" time="0.059"/>
  <testcase name="testBasicEC" classname="com.distrimind.bouncycastle.jsse.provider.test.KeyManagerFactoryTest" time="0.005"/>
  <testcase name="testRSAServerTrustEE" classname="com.distrimind.bouncycastle.jsse.provider.test.KeyManagerFactoryTest" time="0.139"/>
  <testcase name="testRSAServer" classname="com.distrimind.bouncycastle.jsse.provider.test.KeyManagerFactoryTest" time="0.051"/>
  <testcase name="testRSAServerWithClientAuth" classname="com.distrimind.bouncycastle.jsse.provider.test.KeyManagerFactoryTest" time="0.142"/>
  <system-out><![CDATA[]]></system-out>
  <system-err><![CDATA[]]></system-err>
</testsuite>
