<?xml version="1.0" encoding="UTF-8"?>
<testsuite name="org.bouncycastle.jsse.provider.test.BasicClientAuthTlsTest" tests="2" skipped="0" failures="0" errors="0" timestamp="2020-07-09T13:58:44" hostname="Garage" time="0.176">
  <properties/>
  <testcase name="testClientAuthRejected" classname="org.bouncycastle.jsse.provider.test.BasicClientAuthTlsTest" time="0.139"/>
  <testcase name="testClientAuthAccepted" classname="org.bouncycastle.jsse.provider.test.BasicClientAuthTlsTest" time="0.037"/>
  <system-out><![CDATA[]]></system-out>
  <system-err><![CDATA[]]></system-err>
</testsuite>
