<?xml version="1.0" encoding="UTF-8"?>
<testsuite name="com.distrimind.bouncycastle.jsse.provider.test.EdDSACredentialsTest" tests="2" skipped="0" failures="2" errors="0" timestamp="2021-05-27T14:26:09" hostname="Garage" time="0.074">
  <properties/>
  <testcase name="testEd25519Credentials" classname="com.distrimind.bouncycastle.jsse.provider.test.EdDSACredentialsTest" time="0.049">
    <failure message="junit.framework.AssertionFailedError: Expected: &lt;null&gt; but was: junit.framework.AssertionFailedError" type="junit.framework.AssertionFailedError">junit.framework.AssertionFailedError: Expected: &lt;null&gt; but was: junit.framework.AssertionFailedError
	at junit.framework.Assert.fail(Assert.java:57)
	at junit.framework.Assert.assertTrue(Assert.java:22)
	at junit.framework.Assert.assertNull(Assert.java:277)
	at junit.framework.Assert.assertNull(Assert.java:268)
	at junit.framework.TestCase.assertNull(TestCase.java:410)
	at com.distrimind.bouncycastle.jsse.provider.test.TestProtocolUtil.runClientAndServer(TestProtocolUtil.java:68)
	at com.distrimind.bouncycastle.jsse.provider.test.EdDSACredentialsTest.testEd25519Credentials(EdDSACredentialsTest.java:182)
	at java.base/jdk.internal.reflect.NativeMethodAccessorImpl.invoke0(Native Method)
	at java.base/jdk.internal.reflect.NativeMethodAccessorImpl.invoke(NativeMethodAccessorImpl.java:78)
	at java.base/jdk.internal.reflect.DelegatingMethodAccessorImpl.invoke(DelegatingMethodAccessorImpl.java:43)
	at java.base/java.lang.reflect.Method.invoke(Method.java:567)
	at junit.framework.TestCase.runTest(TestCase.java:177)
	at junit.framework.TestCase.runBare(TestCase.java:142)
	at junit.framework.TestResult$1.protect(TestResult.java:122)
	at junit.framework.TestResult.runProtected(TestResult.java:142)
	at junit.framework.TestResult.run(TestResult.java:125)
	at junit.framework.TestCase.run(TestCase.java:130)
	at junit.framework.TestSuite.runTest(TestSuite.java:241)
	at junit.framework.TestSuite.run(TestSuite.java:236)
	at junit.framework.TestSuite.runTest(TestSuite.java:241)
	at junit.framework.TestSuite.run(TestSuite.java:236)
	at junit.extensions.TestDecorator.basicRun(TestDecorator.java:24)
	at junit.extensions.TestSetup$1.protect(TestSetup.java:23)
	at junit.framework.TestResult.runProtected(TestResult.java:142)
	at junit.extensions.TestSetup.run(TestSetup.java:27)
	at org.junit.internal.runners.JUnit38ClassRunner.run(JUnit38ClassRunner.java:90)
	at org.gradle.api.internal.tasks.testing.junit.JUnitTestClassExecutor.runTestClass(JUnitTestClassExecutor.java:110)
	at org.gradle.api.internal.tasks.testing.junit.JUnitTestClassExecutor.execute(JUnitTestClassExecutor.java:58)
	at org.gradle.api.internal.tasks.testing.junit.JUnitTestClassExecutor.execute(JUnitTestClassExecutor.java:38)
	at org.gradle.api.internal.tasks.testing.junit.AbstractJUnitTestClassProcessor.processTestClass(AbstractJUnitTestClassProcessor.java:62)
	at org.gradle.api.internal.tasks.testing.SuiteTestClassProcessor.processTestClass(SuiteTestClassProcessor.java:51)
	at java.base/jdk.internal.reflect.NativeMethodAccessorImpl.invoke0(Native Method)
	at java.base/jdk.internal.reflect.NativeMethodAccessorImpl.invoke(NativeMethodAccessorImpl.java:78)
	at java.base/jdk.internal.reflect.DelegatingMethodAccessorImpl.invoke(DelegatingMethodAccessorImpl.java:43)
	at java.base/java.lang.reflect.Method.invoke(Method.java:567)
	at org.gradle.internal.dispatch.ReflectionDispatch.dispatch(ReflectionDispatch.java:36)
	at org.gradle.internal.dispatch.ReflectionDispatch.dispatch(ReflectionDispatch.java:24)
	at org.gradle.internal.dispatch.ContextClassLoaderDispatch.dispatch(ContextClassLoaderDispatch.java:33)
	at org.gradle.internal.dispatch.ProxyDispatchAdapter$DispatchingInvocationHandler.invoke(ProxyDispatchAdapter.java:94)
	at jdk.proxy1/jdk.proxy1.$Proxy2.processTestClass(Unknown Source)
	at org.gradle.api.internal.tasks.testing.worker.TestWorker.processTestClass(TestWorker.java:121)
	at java.base/jdk.internal.reflect.NativeMethodAccessorImpl.invoke0(Native Method)
	at java.base/jdk.internal.reflect.NativeMethodAccessorImpl.invoke(NativeMethodAccessorImpl.java:78)
	at java.base/jdk.internal.reflect.DelegatingMethodAccessorImpl.invoke(DelegatingMethodAccessorImpl.java:43)
	at java.base/java.lang.reflect.Method.invoke(Method.java:567)
	at org.gradle.internal.dispatch.ReflectionDispatch.dispatch(ReflectionDispatch.java:36)
	at org.gradle.internal.dispatch.ReflectionDispatch.dispatch(ReflectionDispatch.java:24)
	at org.gradle.internal.remote.internal.hub.MessageHubBackedObjectConnection$DispatchWrapper.dispatch(MessageHubBackedObjectConnection.java:182)
	at org.gradle.internal.remote.internal.hub.MessageHubBackedObjectConnection$DispatchWrapper.dispatch(MessageHubBackedObjectConnection.java:164)
	at org.gradle.internal.remote.internal.hub.MessageHub$Handler.run(MessageHub.java:414)
	at org.gradle.internal.concurrent.ExecutorPolicy$CatchAndRecordFailures.onExecute(ExecutorPolicy.java:64)
	at org.gradle.internal.concurrent.ManagedExecutorImpl$1.run(ManagedExecutorImpl.java:48)
	at java.base/java.util.concurrent.ThreadPoolExecutor.runWorker(ThreadPoolExecutor.java:1130)
	at java.base/java.util.concurrent.ThreadPoolExecutor$Worker.run(ThreadPoolExecutor.java:630)
	at org.gradle.internal.concurrent.ThreadFactoryImpl$ManagedThreadRunnable.run(ThreadFactoryImpl.java:56)
	at java.base/java.lang.Thread.run(Thread.java:831)
</failure>
  </testcase>
  <testcase name="testEd448Credentials" classname="com.distrimind.bouncycastle.jsse.provider.test.EdDSACredentialsTest" time="0.025">
    <failure message="junit.framework.AssertionFailedError: Expected: &lt;null&gt; but was: junit.framework.AssertionFailedError" type="junit.framework.AssertionFailedError">junit.framework.AssertionFailedError: Expected: &lt;null&gt; but was: junit.framework.AssertionFailedError
	at junit.framework.Assert.fail(Assert.java:57)
	at junit.framework.Assert.assertTrue(Assert.java:22)
	at junit.framework.Assert.assertNull(Assert.java:277)
	at junit.framework.Assert.assertNull(Assert.java:268)
	at junit.framework.TestCase.assertNull(TestCase.java:410)
	at com.distrimind.bouncycastle.jsse.provider.test.TestProtocolUtil.runClientAndServer(TestProtocolUtil.java:68)
	at com.distrimind.bouncycastle.jsse.provider.test.EdDSACredentialsTest.testEd448Credentials(EdDSACredentialsTest.java:199)
	at java.base/jdk.internal.reflect.NativeMethodAccessorImpl.invoke0(Native Method)
	at java.base/jdk.internal.reflect.NativeMethodAccessorImpl.invoke(NativeMethodAccessorImpl.java:78)
	at java.base/jdk.internal.reflect.DelegatingMethodAccessorImpl.invoke(DelegatingMethodAccessorImpl.java:43)
	at java.base/java.lang.reflect.Method.invoke(Method.java:567)
	at junit.framework.TestCase.runTest(TestCase.java:177)
	at junit.framework.TestCase.runBare(TestCase.java:142)
	at junit.framework.TestResult$1.protect(TestResult.java:122)
	at junit.framework.TestResult.runProtected(TestResult.java:142)
	at junit.framework.TestResult.run(TestResult.java:125)
	at junit.framework.TestCase.run(TestCase.java:130)
	at junit.framework.TestSuite.runTest(TestSuite.java:241)
	at junit.framework.TestSuite.run(TestSuite.java:236)
	at junit.framework.TestSuite.runTest(TestSuite.java:241)
	at junit.framework.TestSuite.run(TestSuite.java:236)
	at junit.extensions.TestDecorator.basicRun(TestDecorator.java:24)
	at junit.extensions.TestSetup$1.protect(TestSetup.java:23)
	at junit.framework.TestResult.runProtected(TestResult.java:142)
	at junit.extensions.TestSetup.run(TestSetup.java:27)
	at org.junit.internal.runners.JUnit38ClassRunner.run(JUnit38ClassRunner.java:90)
	at org.gradle.api.internal.tasks.testing.junit.JUnitTestClassExecutor.runTestClass(JUnitTestClassExecutor.java:110)
	at org.gradle.api.internal.tasks.testing.junit.JUnitTestClassExecutor.execute(JUnitTestClassExecutor.java:58)
	at org.gradle.api.internal.tasks.testing.junit.JUnitTestClassExecutor.execute(JUnitTestClassExecutor.java:38)
	at org.gradle.api.internal.tasks.testing.junit.AbstractJUnitTestClassProcessor.processTestClass(AbstractJUnitTestClassProcessor.java:62)
	at org.gradle.api.internal.tasks.testing.SuiteTestClassProcessor.processTestClass(SuiteTestClassProcessor.java:51)
	at java.base/jdk.internal.reflect.NativeMethodAccessorImpl.invoke0(Native Method)
	at java.base/jdk.internal.reflect.NativeMethodAccessorImpl.invoke(NativeMethodAccessorImpl.java:78)
	at java.base/jdk.internal.reflect.DelegatingMethodAccessorImpl.invoke(DelegatingMethodAccessorImpl.java:43)
	at java.base/java.lang.reflect.Method.invoke(Method.java:567)
	at org.gradle.internal.dispatch.ReflectionDispatch.dispatch(ReflectionDispatch.java:36)
	at org.gradle.internal.dispatch.ReflectionDispatch.dispatch(ReflectionDispatch.java:24)
	at org.gradle.internal.dispatch.ContextClassLoaderDispatch.dispatch(ContextClassLoaderDispatch.java:33)
	at org.gradle.internal.dispatch.ProxyDispatchAdapter$DispatchingInvocationHandler.invoke(ProxyDispatchAdapter.java:94)
	at jdk.proxy1/jdk.proxy1.$Proxy2.processTestClass(Unknown Source)
	at org.gradle.api.internal.tasks.testing.worker.TestWorker.processTestClass(TestWorker.java:121)
	at java.base/jdk.internal.reflect.NativeMethodAccessorImpl.invoke0(Native Method)
	at java.base/jdk.internal.reflect.NativeMethodAccessorImpl.invoke(NativeMethodAccessorImpl.java:78)
	at java.base/jdk.internal.reflect.DelegatingMethodAccessorImpl.invoke(DelegatingMethodAccessorImpl.java:43)
	at java.base/java.lang.reflect.Method.invoke(Method.java:567)
	at org.gradle.internal.dispatch.ReflectionDispatch.dispatch(ReflectionDispatch.java:36)
	at org.gradle.internal.dispatch.ReflectionDispatch.dispatch(ReflectionDispatch.java:24)
	at org.gradle.internal.remote.internal.hub.MessageHubBackedObjectConnection$DispatchWrapper.dispatch(MessageHubBackedObjectConnection.java:182)
	at org.gradle.internal.remote.internal.hub.MessageHubBackedObjectConnection$DispatchWrapper.dispatch(MessageHubBackedObjectConnection.java:164)
	at org.gradle.internal.remote.internal.hub.MessageHub$Handler.run(MessageHub.java:414)
	at org.gradle.internal.concurrent.ExecutorPolicy$CatchAndRecordFailures.onExecute(ExecutorPolicy.java:64)
	at org.gradle.internal.concurrent.ManagedExecutorImpl$1.run(ManagedExecutorImpl.java:48)
	at java.base/java.util.concurrent.ThreadPoolExecutor.runWorker(ThreadPoolExecutor.java:1130)
	at java.base/java.util.concurrent.ThreadPoolExecutor$Worker.run(ThreadPoolExecutor.java:630)
	at org.gradle.internal.concurrent.ThreadFactoryImpl$ManagedThreadRunnable.run(ThreadFactoryImpl.java:56)
	at java.base/java.lang.Thread.run(Thread.java:831)
</failure>
  </testcase>
  <system-out><![CDATA[]]></system-out>
  <system-err><![CDATA[mai 27, 2021 4:26:09 PM com.distrimind.bouncycastle.jsse.provider.ProvTlsServer notifyAlertRaised
INFOS: Server raised fatal(2) handshake_failure(40) alert: Failed to read record
com.distrimind.bouncycastle.tls.TlsFatalAlert: handshake_failure(40)
	at com.distrimind.bouncycastle.tls.AbstractTlsServer.getSelectedCipherSuite(AbstractTlsServer.java:418)
	at com.distrimind.bouncycastle.jsse.provider.ProvTlsServer.getSelectedCipherSuite(ProvTlsServer.java:417)
	at com.distrimind.bouncycastle.tls.TlsServerProtocol.generateServerHello(TlsServerProtocol.java:570)
	at com.distrimind.bouncycastle.tls.TlsServerProtocol.handleHandshakeMessage(TlsServerProtocol.java:900)
	at com.distrimind.bouncycastle.tls.TlsProtocol.processHandshakeQueue(TlsProtocol.java:611)
	at com.distrimind.bouncycastle.tls.TlsProtocol.processRecord(TlsProtocol.java:511)
	at com.distrimind.bouncycastle.tls.RecordStream.readRecord(RecordStream.java:245)
	at com.distrimind.bouncycastle.tls.TlsProtocol.safeReadRecord(TlsProtocol.java:759)
	at com.distrimind.bouncycastle.tls.TlsProtocol.blockForHandshake(TlsProtocol.java:368)
	at com.distrimind.bouncycastle.tls.TlsServerProtocol.accept(TlsServerProtocol.java:83)
	at com.distrimind.bouncycastle.jsse.provider.ProvSSLSocketDirect.startHandshake(ProvSSLSocketDirect.java:456)
	at com.distrimind.bouncycastle.jsse.provider.ProvSSLSocketDirect.handshakeIfNecessary(ProvSSLSocketDirect.java:538)
	at com.distrimind.bouncycastle.jsse.provider.ProvSSLSocketDirect.getConnection(ProvSSLSocketDirect.java:224)
	at com.distrimind.bouncycastle.jsse.provider.ProvSSLSocketDirect.getSessionImpl(ProvSSLSocketDirect.java:529)
	at com.distrimind.bouncycastle.jsse.provider.ProvSSLSocketDirect.getSession(ProvSSLSocketDirect.java:290)
	at com.distrimind.bouncycastle.jsse.provider.test.EdDSACredentialsTest$EdDSAServer.call(EdDSACredentialsTest.java:144)
	at com.distrimind.bouncycastle.jsse.provider.test.EdDSACredentialsTest$EdDSAServer.call(EdDSACredentialsTest.java:97)
	at com.distrimind.bouncycastle.jsse.provider.test.TestProtocolUtil$Task.run(TestProtocolUtil.java:41)
	at java.base/java.lang.Thread.run(Thread.java:831)

mai 27, 2021 4:26:09 PM com.distrimind.bouncycastle.jsse.provider.ProvTlsClient notifyAlertReceived
INFOS: Client received fatal(2) handshake_failure(40) alert
mai 27, 2021 4:26:09 PM com.distrimind.bouncycastle.jsse.provider.ProvTlsServer notifyAlertRaised
INFOS: Server raised fatal(2) handshake_failure(40) alert: Failed to read record
com.distrimind.bouncycastle.tls.TlsFatalAlert: handshake_failure(40)
	at com.distrimind.bouncycastle.tls.AbstractTlsServer.getSelectedCipherSuite(AbstractTlsServer.java:418)
	at com.distrimind.bouncycastle.jsse.provider.ProvTlsServer.getSelectedCipherSuite(ProvTlsServer.java:417)
	at com.distrimind.bouncycastle.tls.TlsServerProtocol.generateServerHello(TlsServerProtocol.java:570)
	at com.distrimind.bouncycastle.tls.TlsServerProtocol.handleHandshakeMessage(TlsServerProtocol.java:900)
	at com.distrimind.bouncycastle.tls.TlsProtocol.processHandshakeQueue(TlsProtocol.java:611)
	at com.distrimind.bouncycastle.tls.TlsProtocol.processRecord(TlsProtocol.java:511)
	at com.distrimind.bouncycastle.tls.RecordStream.readRecord(RecordStream.java:245)
	at com.distrimind.bouncycastle.tls.TlsProtocol.safeReadRecord(TlsProtocol.java:759)
	at com.distrimind.bouncycastle.tls.TlsProtocol.blockForHandshake(TlsProtocol.java:368)
	at com.distrimind.bouncycastle.tls.TlsServerProtocol.accept(TlsServerProtocol.java:83)
	at com.distrimind.bouncycastle.jsse.provider.ProvSSLSocketDirect.startHandshake(ProvSSLSocketDirect.java:456)
	at com.distrimind.bouncycastle.jsse.provider.ProvSSLSocketDirect.handshakeIfNecessary(ProvSSLSocketDirect.java:538)
	at com.distrimind.bouncycastle.jsse.provider.ProvSSLSocketDirect.getConnection(ProvSSLSocketDirect.java:224)
	at com.distrimind.bouncycastle.jsse.provider.ProvSSLSocketDirect.getSessionImpl(ProvSSLSocketDirect.java:529)
	at com.distrimind.bouncycastle.jsse.provider.ProvSSLSocketDirect.getSession(ProvSSLSocketDirect.java:290)
	at com.distrimind.bouncycastle.jsse.provider.test.EdDSACredentialsTest$EdDSAServer.call(EdDSACredentialsTest.java:144)
	at com.distrimind.bouncycastle.jsse.provider.test.EdDSACredentialsTest$EdDSAServer.call(EdDSACredentialsTest.java:97)
	at com.distrimind.bouncycastle.jsse.provider.test.TestProtocolUtil$Task.run(TestProtocolUtil.java:41)
	at java.base/java.lang.Thread.run(Thread.java:831)

mai 27, 2021 4:26:09 PM com.distrimind.bouncycastle.jsse.provider.ProvTlsClient notifyAlertReceived
INFOS: Client received fatal(2) handshake_failure(40) alert
]]></system-err>
</testsuite>
