<?xml version="1.0" encoding="UTF-8"?>
<testsuite name="org.bouncycastle.tls.test.TlsTestCase" tests="132" skipped="0" failures="0" errors="0" timestamp="2020-07-09T13:58:52" hostname="Garage" time="0.989">
  <properties/>
  <testcase name="BC_BC_FallbackGood" classname="org.bouncycastle.tls.test.TlsTestCase" time="0.013"/>
  <testcase name="BC_BC_FallbackBad" classname="org.bouncycastle.tls.test.TlsTestCase" time="0.001"/>
  <testcase name="BC_BC_FallbackNone" classname="org.bouncycastle.tls.test.TlsTestCase" time="0.01"/>
  <testcase name="BC_BC_SSL30_GoodDefault" classname="org.bouncycastle.tls.test.TlsTestCase" time="0.019"/>
  <testcase name="BC_BC_SSL30_BadCertificateVerifySignature" classname="org.bouncycastle.tls.test.TlsTestCase" time="0.01"/>
  <testcase name="BC_BC_SSL30_BadClientCertificate" classname="org.bouncycastle.tls.test.TlsTestCase" time="0.01"/>
  <testcase name="BC_BC_SSL30_BadMandatoryCertReqDeclined" classname="org.bouncycastle.tls.test.TlsTestCase" time="0.007"/>
  <testcase name="BC_BC_SSL30_GoodNoCertReq" classname="org.bouncycastle.tls.test.TlsTestCase" time="0.008"/>
  <testcase name="BC_BC_SSL30_GoodOptionalCertReqDeclined" classname="org.bouncycastle.tls.test.TlsTestCase" time="0.008"/>
  <testcase name="BC_BC_TLS10_GoodDefault" classname="org.bouncycastle.tls.test.TlsTestCase" time="0.01"/>
  <testcase name="BC_BC_TLS10_BadCertificateVerifySignature" classname="org.bouncycastle.tls.test.TlsTestCase" time="0.008"/>
  <testcase name="BC_BC_TLS10_BadClientCertificate" classname="org.bouncycastle.tls.test.TlsTestCase" time="0.009"/>
  <testcase name="BC_BC_TLS10_BadMandatoryCertReqDeclined" classname="org.bouncycastle.tls.test.TlsTestCase" time="0.006"/>
  <testcase name="BC_BC_TLS10_GoodNoCertReq" classname="org.bouncycastle.tls.test.TlsTestCase" time="0.006"/>
  <testcase name="BC_BC_TLS10_GoodOptionalCertReqDeclined" classname="org.bouncycastle.tls.test.TlsTestCase" time="0.008"/>
  <testcase name="BC_BC_TLS11_GoodDefault" classname="org.bouncycastle.tls.test.TlsTestCase" time="0.011"/>
  <testcase name="BC_BC_TLS11_BadCertificateVerifySignature" classname="org.bouncycastle.tls.test.TlsTestCase" time="0.012"/>
  <testcase name="BC_BC_TLS11_BadClientCertificate" classname="org.bouncycastle.tls.test.TlsTestCase" time="0.01"/>
  <testcase name="BC_BC_TLS11_BadMandatoryCertReqDeclined" classname="org.bouncycastle.tls.test.TlsTestCase" time="0.006"/>
  <testcase name="BC_BC_TLS11_GoodNoCertReq" classname="org.bouncycastle.tls.test.TlsTestCase" time="0.007"/>
  <testcase name="BC_BC_TLS11_GoodOptionalCertReqDeclined" classname="org.bouncycastle.tls.test.TlsTestCase" time="0.007"/>
  <testcase name="BC_BC_TLS12_GoodDefault" classname="org.bouncycastle.tls.test.TlsTestCase" time="0.011"/>
  <testcase name="BC_BC_TLS12_BadCertificateVerifyHashAlg" classname="org.bouncycastle.tls.test.TlsTestCase" time="0.008"/>
  <testcase name="BC_BC_TLS12_BadCertificateVerifySigAlg" classname="org.bouncycastle.tls.test.TlsTestCase" time="0.009"/>
  <testcase name="BC_BC_TLS12_BadCertificateVerifySigAlgMismatch" classname="org.bouncycastle.tls.test.TlsTestCase" time="0.01"/>
  <testcase name="BC_BC_TLS12_BadCertificateVerifySignature" classname="org.bouncycastle.tls.test.TlsTestCase" time="0.012"/>
  <testcase name="BC_BC_TLS12_BadClientCertificate" classname="org.bouncycastle.tls.test.TlsTestCase" time="0.01"/>
  <testcase name="BC_BC_TLS12_BadMandatoryCertReqDeclined" classname="org.bouncycastle.tls.test.TlsTestCase" time="0.006"/>
  <testcase name="BC_BC_TLS12_BadServerCertSigAlg" classname="org.bouncycastle.tls.test.TlsTestCase" time="0.005"/>
  <testcase name="BC_BC_TLS12_BadServerKeyExchangeSigAlg" classname="org.bouncycastle.tls.test.TlsTestCase" time="0.006"/>
  <testcase name="BC_BC_TLS12_BadServerKeyExchangeSigAlg2" classname="org.bouncycastle.tls.test.TlsTestCase" time="0.005"/>
  <testcase name="BC_BC_TLS12_GoodNoCertReq" classname="org.bouncycastle.tls.test.TlsTestCase" time="0.006"/>
  <testcase name="BC_BC_TLS12_GoodOptionalCertReqDeclined" classname="org.bouncycastle.tls.test.TlsTestCase" time="0.006"/>
  <testcase name="JCA_BC_FallbackGood" classname="org.bouncycastle.tls.test.TlsTestCase" time="0.011"/>
  <testcase name="JCA_BC_FallbackBad" classname="org.bouncycastle.tls.test.TlsTestCase" time="0.001"/>
  <testcase name="JCA_BC_FallbackNone" classname="org.bouncycastle.tls.test.TlsTestCase" time="0.01"/>
  <testcase name="JCA_BC_SSL30_GoodDefault" classname="org.bouncycastle.tls.test.TlsTestCase" time="0.009"/>
  <testcase name="JCA_BC_SSL30_BadCertificateVerifySignature" classname="org.bouncycastle.tls.test.TlsTestCase" time="0.008"/>
  <testcase name="JCA_BC_SSL30_BadClientCertificate" classname="org.bouncycastle.tls.test.TlsTestCase" time="0.009"/>
  <testcase name="JCA_BC_SSL30_BadMandatoryCertReqDeclined" classname="org.bouncycastle.tls.test.TlsTestCase" time="0.005"/>
  <testcase name="JCA_BC_SSL30_GoodNoCertReq" classname="org.bouncycastle.tls.test.TlsTestCase" time="0.006"/>
  <testcase name="JCA_BC_SSL30_GoodOptionalCertReqDeclined" classname="org.bouncycastle.tls.test.TlsTestCase" time="0.006"/>
  <testcase name="JCA_BC_TLS10_GoodDefault" classname="org.bouncycastle.tls.test.TlsTestCase" time="0.009"/>
  <testcase name="JCA_BC_TLS10_BadCertificateVerifySignature" classname="org.bouncycastle.tls.test.TlsTestCase" time="0.008"/>
  <testcase name="JCA_BC_TLS10_BadClientCertificate" classname="org.bouncycastle.tls.test.TlsTestCase" time="0.009"/>
  <testcase name="JCA_BC_TLS10_BadMandatoryCertReqDeclined" classname="org.bouncycastle.tls.test.TlsTestCase" time="0.006"/>
  <testcase name="JCA_BC_TLS10_GoodNoCertReq" classname="org.bouncycastle.tls.test.TlsTestCase" time="0.007"/>
  <testcase name="JCA_BC_TLS10_GoodOptionalCertReqDeclined" classname="org.bouncycastle.tls.test.TlsTestCase" time="0.006"/>
  <testcase name="JCA_BC_TLS11_GoodDefault" classname="org.bouncycastle.tls.test.TlsTestCase" time="0.009"/>
  <testcase name="JCA_BC_TLS11_BadCertificateVerifySignature" classname="org.bouncycastle.tls.test.TlsTestCase" time="0.009"/>
  <testcase name="JCA_BC_TLS11_BadClientCertificate" classname="org.bouncycastle.tls.test.TlsTestCase" time="0.008"/>
  <testcase name="JCA_BC_TLS11_BadMandatoryCertReqDeclined" classname="org.bouncycastle.tls.test.TlsTestCase" time="0.006"/>
  <testcase name="JCA_BC_TLS11_GoodNoCertReq" classname="org.bouncycastle.tls.test.TlsTestCase" time="0.006"/>
  <testcase name="JCA_BC_TLS11_GoodOptionalCertReqDeclined" classname="org.bouncycastle.tls.test.TlsTestCase" time="0.006"/>
  <testcase name="JCA_BC_TLS12_GoodDefault" classname="org.bouncycastle.tls.test.TlsTestCase" time="0.009"/>
  <testcase name="JCA_BC_TLS12_BadCertificateVerifyHashAlg" classname="org.bouncycastle.tls.test.TlsTestCase" time="0.007"/>
  <testcase name="JCA_BC_TLS12_BadCertificateVerifySigAlg" classname="org.bouncycastle.tls.test.TlsTestCase" time="0.008"/>
  <testcase name="JCA_BC_TLS12_BadCertificateVerifySigAlgMismatch" classname="org.bouncycastle.tls.test.TlsTestCase" time="0.009"/>
  <testcase name="JCA_BC_TLS12_BadCertificateVerifySignature" classname="org.bouncycastle.tls.test.TlsTestCase" time="0.008"/>
  <testcase name="JCA_BC_TLS12_BadClientCertificate" classname="org.bouncycastle.tls.test.TlsTestCase" time="0.008"/>
  <testcase name="JCA_BC_TLS12_BadMandatoryCertReqDeclined" classname="org.bouncycastle.tls.test.TlsTestCase" time="0.006"/>
  <testcase name="JCA_BC_TLS12_BadServerCertSigAlg" classname="org.bouncycastle.tls.test.TlsTestCase" time="0.005"/>
  <testcase name="JCA_BC_TLS12_BadServerKeyExchangeSigAlg" classname="org.bouncycastle.tls.test.TlsTestCase" time="0.004"/>
  <testcase name="JCA_BC_TLS12_BadServerKeyExchangeSigAlg2" classname="org.bouncycastle.tls.test.TlsTestCase" time="0.004"/>
  <testcase name="JCA_BC_TLS12_GoodNoCertReq" classname="org.bouncycastle.tls.test.TlsTestCase" time="0.006"/>
  <testcase name="JCA_BC_TLS12_GoodOptionalCertReqDeclined" classname="org.bouncycastle.tls.test.TlsTestCase" time="0.007"/>
  <testcase name="BC_JCA_FallbackGood" classname="org.bouncycastle.tls.test.TlsTestCase" time="0.009"/>
  <testcase name="BC_JCA_FallbackBad" classname="org.bouncycastle.tls.test.TlsTestCase" time="0.001"/>
  <testcase name="BC_JCA_FallbackNone" classname="org.bouncycastle.tls.test.TlsTestCase" time="0.007"/>
  <testcase name="BC_JCA_SSL30_GoodDefault" classname="org.bouncycastle.tls.test.TlsTestCase" time="0.008"/>
  <testcase name="BC_JCA_SSL30_BadCertificateVerifySignature" classname="org.bouncycastle.tls.test.TlsTestCase" time="0.009"/>
  <testcase name="BC_JCA_SSL30_BadClientCertificate" classname="org.bouncycastle.tls.test.TlsTestCase" time="0.009"/>
  <testcase name="BC_JCA_SSL30_BadMandatoryCertReqDeclined" classname="org.bouncycastle.tls.test.TlsTestCase" time="0.006"/>
  <testcase name="BC_JCA_SSL30_GoodNoCertReq" classname="org.bouncycastle.tls.test.TlsTestCase" time="0.005"/>
  <testcase name="BC_JCA_SSL30_GoodOptionalCertReqDeclined" classname="org.bouncycastle.tls.test.TlsTestCase" time="0.005"/>
  <testcase name="BC_JCA_TLS10_GoodDefault" classname="org.bouncycastle.tls.test.TlsTestCase" time="0.009"/>
  <testcase name="BC_JCA_TLS10_BadCertificateVerifySignature" classname="org.bouncycastle.tls.test.TlsTestCase" time="0.007"/>
  <testcase name="BC_JCA_TLS10_BadClientCertificate" classname="org.bouncycastle.tls.test.TlsTestCase" time="0.007"/>
  <testcase name="BC_JCA_TLS10_BadMandatoryCertReqDeclined" classname="org.bouncycastle.tls.test.TlsTestCase" time="0.005"/>
  <testcase name="BC_JCA_TLS10_GoodNoCertReq" classname="org.bouncycastle.tls.test.TlsTestCase" time="0.004"/>
  <testcase name="BC_JCA_TLS10_GoodOptionalCertReqDeclined" classname="org.bouncycastle.tls.test.TlsTestCase" time="0.006"/>
  <testcase name="BC_JCA_TLS11_GoodDefault" classname="org.bouncycastle.tls.test.TlsTestCase" time="0.009"/>
  <testcase name="BC_JCA_TLS11_BadCertificateVerifySignature" classname="org.bouncycastle.tls.test.TlsTestCase" time="0.008"/>
  <testcase name="BC_JCA_TLS11_BadClientCertificate" classname="org.bouncycastle.tls.test.TlsTestCase" time="0.008"/>
  <testcase name="BC_JCA_TLS11_BadMandatoryCertReqDeclined" classname="org.bouncycastle.tls.test.TlsTestCase" time="0.005"/>
  <testcase name="BC_JCA_TLS11_GoodNoCertReq" classname="org.bouncycastle.tls.test.TlsTestCase" time="0.005"/>
  <testcase name="BC_JCA_TLS11_GoodOptionalCertReqDeclined" classname="org.bouncycastle.tls.test.TlsTestCase" time="0.006"/>
  <testcase name="BC_JCA_TLS12_GoodDefault" classname="org.bouncycastle.tls.test.TlsTestCase" time="0.008"/>
  <testcase name="BC_JCA_TLS12_BadCertificateVerifyHashAlg" classname="org.bouncycastle.tls.test.TlsTestCase" time="0.008"/>
  <testcase name="BC_JCA_TLS12_BadCertificateVerifySigAlg" classname="org.bouncycastle.tls.test.TlsTestCase" time="0.007"/>
  <testcase name="BC_JCA_TLS12_BadCertificateVerifySigAlgMismatch" classname="org.bouncycastle.tls.test.TlsTestCase" time="0.008"/>
  <testcase name="BC_JCA_TLS12_BadCertificateVerifySignature" classname="org.bouncycastle.tls.test.TlsTestCase" time="0.007"/>
  <testcase name="BC_JCA_TLS12_BadClientCertificate" classname="org.bouncycastle.tls.test.TlsTestCase" time="0.007"/>
  <testcase name="BC_JCA_TLS12_BadMandatoryCertReqDeclined" classname="org.bouncycastle.tls.test.TlsTestCase" time="0.004"/>
  <testcase name="BC_JCA_TLS12_BadServerCertSigAlg" classname="org.bouncycastle.tls.test.TlsTestCase" time="0.005"/>
  <testcase name="BC_JCA_TLS12_BadServerKeyExchangeSigAlg" classname="org.bouncycastle.tls.test.TlsTestCase" time="0.006"/>
  <testcase name="BC_JCA_TLS12_BadServerKeyExchangeSigAlg2" classname="org.bouncycastle.tls.test.TlsTestCase" time="0.006"/>
  <testcase name="BC_JCA_TLS12_GoodNoCertReq" classname="org.bouncycastle.tls.test.TlsTestCase" time="0.007"/>
  <testcase name="BC_JCA_TLS12_GoodOptionalCertReqDeclined" classname="org.bouncycastle.tls.test.TlsTestCase" time="0.006"/>
  <testcase name="JCA_JCA_FallbackGood" classname="org.bouncycastle.tls.test.TlsTestCase" time="0.01"/>
  <testcase name="JCA_JCA_FallbackBad" classname="org.bouncycastle.tls.test.TlsTestCase" time="0.001"/>
  <testcase name="JCA_JCA_FallbackNone" classname="org.bouncycastle.tls.test.TlsTestCase" time="0.008"/>
  <testcase name="JCA_JCA_SSL30_GoodDefault" classname="org.bouncycastle.tls.test.TlsTestCase" time="0.009"/>
  <testcase name="JCA_JCA_SSL30_BadCertificateVerifySignature" classname="org.bouncycastle.tls.test.TlsTestCase" time="0.009"/>
  <testcase name="JCA_JCA_SSL30_BadClientCertificate" classname="org.bouncycastle.tls.test.TlsTestCase" time="0.009"/>
  <testcase name="JCA_JCA_SSL30_BadMandatoryCertReqDeclined" classname="org.bouncycastle.tls.test.TlsTestCase" time="0.005"/>
  <testcase name="JCA_JCA_SSL30_GoodNoCertReq" classname="org.bouncycastle.tls.test.TlsTestCase" time="0.006"/>
  <testcase name="JCA_JCA_SSL30_GoodOptionalCertReqDeclined" classname="org.bouncycastle.tls.test.TlsTestCase" time="0.008"/>
  <testcase name="JCA_JCA_TLS10_GoodDefault" classname="org.bouncycastle.tls.test.TlsTestCase" time="0.009"/>
  <testcase name="JCA_JCA_TLS10_BadCertificateVerifySignature" classname="org.bouncycastle.tls.test.TlsTestCase" time="0.01"/>
  <testcase name="JCA_JCA_TLS10_BadClientCertificate" classname="org.bouncycastle.tls.test.TlsTestCase" time="0.01"/>
  <testcase name="JCA_JCA_TLS10_BadMandatoryCertReqDeclined" classname="org.bouncycastle.tls.test.TlsTestCase" time="0.005"/>
  <testcase name="JCA_JCA_TLS10_GoodNoCertReq" classname="org.bouncycastle.tls.test.TlsTestCase" time="0.007"/>
  <testcase name="JCA_JCA_TLS10_GoodOptionalCertReqDeclined" classname="org.bouncycastle.tls.test.TlsTestCase" time="0.006"/>
  <testcase name="JCA_JCA_TLS11_GoodDefault" classname="org.bouncycastle.tls.test.TlsTestCase" time="0.009"/>
  <testcase name="JCA_JCA_TLS11_BadCertificateVerifySignature" classname="org.bouncycastle.tls.test.TlsTestCase" time="0.008"/>
  <testcase name="JCA_JCA_TLS11_BadClientCertificate" classname="org.bouncycastle.tls.test.TlsTestCase" time="0.008"/>
  <testcase name="JCA_JCA_TLS11_BadMandatoryCertReqDeclined" classname="org.bouncycastle.tls.test.TlsTestCase" time="0.005"/>
  <testcase name="JCA_JCA_TLS11_GoodNoCertReq" classname="org.bouncycastle.tls.test.TlsTestCase" time="0.006"/>
  <testcase name="JCA_JCA_TLS11_GoodOptionalCertReqDeclined" classname="org.bouncycastle.tls.test.TlsTestCase" time="0.007"/>
  <testcase name="JCA_JCA_TLS12_GoodDefault" classname="org.bouncycastle.tls.test.TlsTestCase" time="0.01"/>
  <testcase name="JCA_JCA_TLS12_BadCertificateVerifyHashAlg" classname="org.bouncycastle.tls.test.TlsTestCase" time="0.008"/>
  <testcase name="JCA_JCA_TLS12_BadCertificateVerifySigAlg" classname="org.bouncycastle.tls.test.TlsTestCase" time="0.009"/>
  <testcase name="JCA_JCA_TLS12_BadCertificateVerifySigAlgMismatch" classname="org.bouncycastle.tls.test.TlsTestCase" time="0.01"/>
  <testcase name="JCA_JCA_TLS12_BadCertificateVerifySignature" classname="org.bouncycastle.tls.test.TlsTestCase" time="0.01"/>
  <testcase name="JCA_JCA_TLS12_BadClientCertificate" classname="org.bouncycastle.tls.test.TlsTestCase" time="0.008"/>
  <testcase name="JCA_JCA_TLS12_BadMandatoryCertReqDeclined" classname="org.bouncycastle.tls.test.TlsTestCase" time="0.006"/>
  <testcase name="JCA_JCA_TLS12_BadServerCertSigAlg" classname="org.bouncycastle.tls.test.TlsTestCase" time="0.006"/>
  <testcase name="JCA_JCA_TLS12_BadServerKeyExchangeSigAlg" classname="org.bouncycastle.tls.test.TlsTestCase" time="0.005"/>
  <testcase name="JCA_JCA_TLS12_BadServerKeyExchangeSigAlg2" classname="org.bouncycastle.tls.test.TlsTestCase" time="0.005"/>
  <testcase name="JCA_JCA_TLS12_GoodNoCertReq" classname="org.bouncycastle.tls.test.TlsTestCase" time="0.006"/>
  <testcase name="JCA_JCA_TLS12_GoodOptionalCertReqDeclined" classname="org.bouncycastle.tls.test.TlsTestCase" time="0.005"/>
  <system-out><![CDATA[]]></system-out>
  <system-err><![CDATA[]]></system-err>
</testsuite>
