<?xml version="1.0" encoding="UTF-8"?>
<testsuite name="com.distrimind.bouncycastle.jsse.provider.test.BasicClientAuthTlsTest" tests="2" skipped="0" failures="0" errors="0" timestamp="2021-05-27T14:26:09" hostname="Garage" time="0.077">
  <properties/>
  <testcase name="testClientAuthRejected" classname="com.distrimind.bouncycastle.jsse.provider.test.BasicClientAuthTlsTest" time="0.058"/>
  <testcase name="testClientAuthAccepted" classname="com.distrimind.bouncycastle.jsse.provider.test.BasicClientAuthTlsTest" time="0.019"/>
  <system-out><![CDATA[]]></system-out>
  <system-err><![CDATA[]]></system-err>
</testsuite>
