<?xml version="1.0" encoding="UTF-8"?>
<testsuite name="com.distrimind.bouncycastle.tls.test.TlsTestCase" tests="192" skipped="0" failures="0" errors="0" timestamp="2021-05-27T14:26:15" hostname="Garage" time="0.587">
  <properties/>
  <testcase name="BC_BC_FallbackGood" classname="com.distrimind.bouncycastle.tls.test.TlsTestCase" time="0.006"/>
  <testcase name="BC_BC_FallbackBad" classname="com.distrimind.bouncycastle.tls.test.TlsTestCase" time="0.0"/>
  <testcase name="BC_BC_FallbackNone" classname="com.distrimind.bouncycastle.tls.test.TlsTestCase" time="0.005"/>
  <testcase name="BC_BC_SSL30_GoodDefault" classname="com.distrimind.bouncycastle.tls.test.TlsTestCase" time="0.005"/>
  <testcase name="BC_BC_SSL30_BadCertificateVerifySignature" classname="com.distrimind.bouncycastle.tls.test.TlsTestCase" time="0.005"/>
  <testcase name="BC_BC_SSL30_BadClientCertificate" classname="com.distrimind.bouncycastle.tls.test.TlsTestCase" time="0.004"/>
  <testcase name="BC_BC_SSL30_BadMandatoryCertReqDeclined" classname="com.distrimind.bouncycastle.tls.test.TlsTestCase" time="0.003"/>
  <testcase name="BC_BC_SSL30_GoodNoCertReq" classname="com.distrimind.bouncycastle.tls.test.TlsTestCase" time="0.003"/>
  <testcase name="BC_BC_SSL30_GoodOptionalCertReqDeclined" classname="com.distrimind.bouncycastle.tls.test.TlsTestCase" time="0.003"/>
  <testcase name="BC_BC_SSL30_BadDowngrade" classname="com.distrimind.bouncycastle.tls.test.TlsTestCase" time="0.002"/>
  <testcase name="BC_BC_TLS10_GoodDefault" classname="com.distrimind.bouncycastle.tls.test.TlsTestCase" time="0.004"/>
  <testcase name="BC_BC_TLS10_BadCertificateVerifySignature" classname="com.distrimind.bouncycastle.tls.test.TlsTestCase" time="0.004"/>
  <testcase name="BC_BC_TLS10_BadClientCertificate" classname="com.distrimind.bouncycastle.tls.test.TlsTestCase" time="0.004"/>
  <testcase name="BC_BC_TLS10_BadMandatoryCertReqDeclined" classname="com.distrimind.bouncycastle.tls.test.TlsTestCase" time="0.003"/>
  <testcase name="BC_BC_TLS10_GoodNoCertReq" classname="com.distrimind.bouncycastle.tls.test.TlsTestCase" time="0.003"/>
  <testcase name="BC_BC_TLS10_GoodOptionalCertReqDeclined" classname="com.distrimind.bouncycastle.tls.test.TlsTestCase" time="0.004"/>
  <testcase name="BC_BC_TLS10_BadDowngrade" classname="com.distrimind.bouncycastle.tls.test.TlsTestCase" time="0.001"/>
  <testcase name="BC_BC_TLS11_GoodDefault" classname="com.distrimind.bouncycastle.tls.test.TlsTestCase" time="0.004"/>
  <testcase name="BC_BC_TLS11_BadCertificateVerifySignature" classname="com.distrimind.bouncycastle.tls.test.TlsTestCase" time="0.004"/>
  <testcase name="BC_BC_TLS11_BadClientCertificate" classname="com.distrimind.bouncycastle.tls.test.TlsTestCase" time="0.003"/>
  <testcase name="BC_BC_TLS11_BadMandatoryCertReqDeclined" classname="com.distrimind.bouncycastle.tls.test.TlsTestCase" time="0.003"/>
  <testcase name="BC_BC_TLS11_GoodNoCertReq" classname="com.distrimind.bouncycastle.tls.test.TlsTestCase" time="0.003"/>
  <testcase name="BC_BC_TLS11_GoodOptionalCertReqDeclined" classname="com.distrimind.bouncycastle.tls.test.TlsTestCase" time="0.004"/>
  <testcase name="BC_BC_TLS11_BadDowngrade" classname="com.distrimind.bouncycastle.tls.test.TlsTestCase" time="0.001"/>
  <testcase name="BC_BC_TLS12_GoodDefault" classname="com.distrimind.bouncycastle.tls.test.TlsTestCase" time="0.004"/>
  <testcase name="BC_BC_TLS12_BadCertificateVerifyHashAlg" classname="com.distrimind.bouncycastle.tls.test.TlsTestCase" time="0.004"/>
  <testcase name="BC_BC_TLS12_BadCertificateVerifySigAlg" classname="com.distrimind.bouncycastle.tls.test.TlsTestCase" time="0.004"/>
  <testcase name="BC_BC_TLS12_BadCertificateVerifySigAlgMismatch" classname="com.distrimind.bouncycastle.tls.test.TlsTestCase" time="0.003"/>
  <testcase name="BC_BC_TLS12_BadCertificateVerifySignature" classname="com.distrimind.bouncycastle.tls.test.TlsTestCase" time="0.005"/>
  <testcase name="BC_BC_TLS12_BadClientCertificate" classname="com.distrimind.bouncycastle.tls.test.TlsTestCase" time="0.003"/>
  <testcase name="BC_BC_TLS12_BadMandatoryCertReqDeclined" classname="com.distrimind.bouncycastle.tls.test.TlsTestCase" time="0.003"/>
  <testcase name="BC_BC_TLS12_BadServerCertSigAlg" classname="com.distrimind.bouncycastle.tls.test.TlsTestCase" time="0.002"/>
  <testcase name="BC_BC_TLS12_BadServerKeyExchangeSigAlg" classname="com.distrimind.bouncycastle.tls.test.TlsTestCase" time="0.003"/>
  <testcase name="BC_BC_TLS12_BadServerKeyExchangeSigAlg2" classname="com.distrimind.bouncycastle.tls.test.TlsTestCase" time="0.002"/>
  <testcase name="BC_BC_TLS12_GoodNoCertReq" classname="com.distrimind.bouncycastle.tls.test.TlsTestCase" time="0.003"/>
  <testcase name="BC_BC_TLS12_GoodOptionalCertReqDeclined" classname="com.distrimind.bouncycastle.tls.test.TlsTestCase" time="0.003"/>
  <testcase name="BC_BC_TLS12_BadDowngrade" classname="com.distrimind.bouncycastle.tls.test.TlsTestCase" time="0.002"/>
  <testcase name="BC_BC_TLS13_GoodDefault" classname="com.distrimind.bouncycastle.tls.test.TlsTestCase" time="0.003"/>
  <testcase name="BC_BC_TLS13_GoodEmptyKeyShare" classname="com.distrimind.bouncycastle.tls.test.TlsTestCase" time="0.004"/>
  <testcase name="BC_BC_TLS13_BadCertificateVerifySigAlg" classname="com.distrimind.bouncycastle.tls.test.TlsTestCase" time="0.003"/>
  <testcase name="BC_BC_TLS13_BadCertificateVerifySigAlgMismatch" classname="com.distrimind.bouncycastle.tls.test.TlsTestCase" time="0.003"/>
  <testcase name="BC_BC_TLS13_BadCertificateVerifySignature" classname="com.distrimind.bouncycastle.tls.test.TlsTestCase" time="0.003"/>
  <testcase name="BC_BC_TLS13_BadClientCertificate" classname="com.distrimind.bouncycastle.tls.test.TlsTestCase" time="0.003"/>
  <testcase name="BC_BC_TLS13_BadClientSigAlgs" classname="com.distrimind.bouncycastle.tls.test.TlsTestCase" time="0.001"/>
  <testcase name="BC_BC_TLS13_BadMandatoryCertReqDeclined" classname="com.distrimind.bouncycastle.tls.test.TlsTestCase" time="0.002"/>
  <testcase name="BC_BC_TLS13_BadServerKeyExchangeSigAlg" classname="com.distrimind.bouncycastle.tls.test.TlsTestCase" time="0.002"/>
  <testcase name="BC_BC_TLS13_GoodNoCertReq" classname="com.distrimind.bouncycastle.tls.test.TlsTestCase" time="0.002"/>
  <testcase name="BC_BC_TLS13_GoodOptionalCertReqDeclined" classname="com.distrimind.bouncycastle.tls.test.TlsTestCase" time="0.002"/>
  <testcase name="JCA_BC_FallbackGood" classname="com.distrimind.bouncycastle.tls.test.TlsTestCase" time="0.006"/>
  <testcase name="JCA_BC_FallbackBad" classname="com.distrimind.bouncycastle.tls.test.TlsTestCase" time="0.0"/>
  <testcase name="JCA_BC_FallbackNone" classname="com.distrimind.bouncycastle.tls.test.TlsTestCase" time="0.005"/>
  <testcase name="JCA_BC_SSL30_GoodDefault" classname="com.distrimind.bouncycastle.tls.test.TlsTestCase" time="0.005"/>
  <testcase name="JCA_BC_SSL30_BadCertificateVerifySignature" classname="com.distrimind.bouncycastle.tls.test.TlsTestCase" time="0.004"/>
  <testcase name="JCA_BC_SSL30_BadClientCertificate" classname="com.distrimind.bouncycastle.tls.test.TlsTestCase" time="0.004"/>
  <testcase name="JCA_BC_SSL30_BadMandatoryCertReqDeclined" classname="com.distrimind.bouncycastle.tls.test.TlsTestCase" time="0.004"/>
  <testcase name="JCA_BC_SSL30_GoodNoCertReq" classname="com.distrimind.bouncycastle.tls.test.TlsTestCase" time="0.003"/>
  <testcase name="JCA_BC_SSL30_GoodOptionalCertReqDeclined" classname="com.distrimind.bouncycastle.tls.test.TlsTestCase" time="0.004"/>
  <testcase name="JCA_BC_SSL30_BadDowngrade" classname="com.distrimind.bouncycastle.tls.test.TlsTestCase" time="0.001"/>
  <testcase name="JCA_BC_TLS10_GoodDefault" classname="com.distrimind.bouncycastle.tls.test.TlsTestCase" time="0.005"/>
  <testcase name="JCA_BC_TLS10_BadCertificateVerifySignature" classname="com.distrimind.bouncycastle.tls.test.TlsTestCase" time="0.004"/>
  <testcase name="JCA_BC_TLS10_BadClientCertificate" classname="com.distrimind.bouncycastle.tls.test.TlsTestCase" time="0.005"/>
  <testcase name="JCA_BC_TLS10_BadMandatoryCertReqDeclined" classname="com.distrimind.bouncycastle.tls.test.TlsTestCase" time="0.002"/>
  <testcase name="JCA_BC_TLS10_GoodNoCertReq" classname="com.distrimind.bouncycastle.tls.test.TlsTestCase" time="0.004"/>
  <testcase name="JCA_BC_TLS10_GoodOptionalCertReqDeclined" classname="com.distrimind.bouncycastle.tls.test.TlsTestCase" time="0.003"/>
  <testcase name="JCA_BC_TLS10_BadDowngrade" classname="com.distrimind.bouncycastle.tls.test.TlsTestCase" time="0.002"/>
  <testcase name="JCA_BC_TLS11_GoodDefault" classname="com.distrimind.bouncycastle.tls.test.TlsTestCase" time="0.004"/>
  <testcase name="JCA_BC_TLS11_BadCertificateVerifySignature" classname="com.distrimind.bouncycastle.tls.test.TlsTestCase" time="0.004"/>
  <testcase name="JCA_BC_TLS11_BadClientCertificate" classname="com.distrimind.bouncycastle.tls.test.TlsTestCase" time="0.004"/>
  <testcase name="JCA_BC_TLS11_BadMandatoryCertReqDeclined" classname="com.distrimind.bouncycastle.tls.test.TlsTestCase" time="0.003"/>
  <testcase name="JCA_BC_TLS11_GoodNoCertReq" classname="com.distrimind.bouncycastle.tls.test.TlsTestCase" time="0.004"/>
  <testcase name="JCA_BC_TLS11_GoodOptionalCertReqDeclined" classname="com.distrimind.bouncycastle.tls.test.TlsTestCase" time="0.003"/>
  <testcase name="JCA_BC_TLS11_BadDowngrade" classname="com.distrimind.bouncycastle.tls.test.TlsTestCase" time="0.001"/>
  <testcase name="JCA_BC_TLS12_GoodDefault" classname="com.distrimind.bouncycastle.tls.test.TlsTestCase" time="0.006"/>
  <testcase name="JCA_BC_TLS12_BadCertificateVerifyHashAlg" classname="com.distrimind.bouncycastle.tls.test.TlsTestCase" time="0.003"/>
  <testcase name="JCA_BC_TLS12_BadCertificateVerifySigAlg" classname="com.distrimind.bouncycastle.tls.test.TlsTestCase" time="0.004"/>
  <testcase name="JCA_BC_TLS12_BadCertificateVerifySigAlgMismatch" classname="com.distrimind.bouncycastle.tls.test.TlsTestCase" time="0.003"/>
  <testcase name="JCA_BC_TLS12_BadCertificateVerifySignature" classname="com.distrimind.bouncycastle.tls.test.TlsTestCase" time="0.004"/>
  <testcase name="JCA_BC_TLS12_BadClientCertificate" classname="com.distrimind.bouncycastle.tls.test.TlsTestCase" time="0.004"/>
  <testcase name="JCA_BC_TLS12_BadMandatoryCertReqDeclined" classname="com.distrimind.bouncycastle.tls.test.TlsTestCase" time="0.003"/>
  <testcase name="JCA_BC_TLS12_BadServerCertSigAlg" classname="com.distrimind.bouncycastle.tls.test.TlsTestCase" time="0.002"/>
  <testcase name="JCA_BC_TLS12_BadServerKeyExchangeSigAlg" classname="com.distrimind.bouncycastle.tls.test.TlsTestCase" time="0.003"/>
  <testcase name="JCA_BC_TLS12_BadServerKeyExchangeSigAlg2" classname="com.distrimind.bouncycastle.tls.test.TlsTestCase" time="0.002"/>
  <testcase name="JCA_BC_TLS12_GoodNoCertReq" classname="com.distrimind.bouncycastle.tls.test.TlsTestCase" time="0.003"/>
  <testcase name="JCA_BC_TLS12_GoodOptionalCertReqDeclined" classname="com.distrimind.bouncycastle.tls.test.TlsTestCase" time="0.003"/>
  <testcase name="JCA_BC_TLS12_BadDowngrade" classname="com.distrimind.bouncycastle.tls.test.TlsTestCase" time="0.002"/>
  <testcase name="JCA_BC_TLS13_GoodDefault" classname="com.distrimind.bouncycastle.tls.test.TlsTestCase" time="0.003"/>
  <testcase name="JCA_BC_TLS13_GoodEmptyKeyShare" classname="com.distrimind.bouncycastle.tls.test.TlsTestCase" time="0.004"/>
  <testcase name="JCA_BC_TLS13_BadCertificateVerifySigAlg" classname="com.distrimind.bouncycastle.tls.test.TlsTestCase" time="0.003"/>
  <testcase name="JCA_BC_TLS13_BadCertificateVerifySigAlgMismatch" classname="com.distrimind.bouncycastle.tls.test.TlsTestCase" time="0.004"/>
  <testcase name="JCA_BC_TLS13_BadCertificateVerifySignature" classname="com.distrimind.bouncycastle.tls.test.TlsTestCase" time="0.003"/>
  <testcase name="JCA_BC_TLS13_BadClientCertificate" classname="com.distrimind.bouncycastle.tls.test.TlsTestCase" time="0.003"/>
  <testcase name="JCA_BC_TLS13_BadClientSigAlgs" classname="com.distrimind.bouncycastle.tls.test.TlsTestCase" time="0.0"/>
  <testcase name="JCA_BC_TLS13_BadMandatoryCertReqDeclined" classname="com.distrimind.bouncycastle.tls.test.TlsTestCase" time="0.002"/>
  <testcase name="JCA_BC_TLS13_BadServerKeyExchangeSigAlg" classname="com.distrimind.bouncycastle.tls.test.TlsTestCase" time="0.002"/>
  <testcase name="JCA_BC_TLS13_GoodNoCertReq" classname="com.distrimind.bouncycastle.tls.test.TlsTestCase" time="0.002"/>
  <testcase name="JCA_BC_TLS13_GoodOptionalCertReqDeclined" classname="com.distrimind.bouncycastle.tls.test.TlsTestCase" time="0.003"/>
  <testcase name="BC_JCA_FallbackGood" classname="com.distrimind.bouncycastle.tls.test.TlsTestCase" time="0.004"/>
  <testcase name="BC_JCA_FallbackBad" classname="com.distrimind.bouncycastle.tls.test.TlsTestCase" time="0.0"/>
  <testcase name="BC_JCA_FallbackNone" classname="com.distrimind.bouncycastle.tls.test.TlsTestCase" time="0.004"/>
  <testcase name="BC_JCA_SSL30_GoodDefault" classname="com.distrimind.bouncycastle.tls.test.TlsTestCase" time="0.004"/>
  <testcase name="BC_JCA_SSL30_BadCertificateVerifySignature" classname="com.distrimind.bouncycastle.tls.test.TlsTestCase" time="0.004"/>
  <testcase name="BC_JCA_SSL30_BadClientCertificate" classname="com.distrimind.bouncycastle.tls.test.TlsTestCase" time="0.004"/>
  <testcase name="BC_JCA_SSL30_BadMandatoryCertReqDeclined" classname="com.distrimind.bouncycastle.tls.test.TlsTestCase" time="0.002"/>
  <testcase name="BC_JCA_SSL30_GoodNoCertReq" classname="com.distrimind.bouncycastle.tls.test.TlsTestCase" time="0.003"/>
  <testcase name="BC_JCA_SSL30_GoodOptionalCertReqDeclined" classname="com.distrimind.bouncycastle.tls.test.TlsTestCase" time="0.003"/>
  <testcase name="BC_JCA_SSL30_BadDowngrade" classname="com.distrimind.bouncycastle.tls.test.TlsTestCase" time="0.002"/>
  <testcase name="BC_JCA_TLS10_GoodDefault" classname="com.distrimind.bouncycastle.tls.test.TlsTestCase" time="0.004"/>
  <testcase name="BC_JCA_TLS10_BadCertificateVerifySignature" classname="com.distrimind.bouncycastle.tls.test.TlsTestCase" time="0.004"/>
  <testcase name="BC_JCA_TLS10_BadClientCertificate" classname="com.distrimind.bouncycastle.tls.test.TlsTestCase" time="0.004"/>
  <testcase name="BC_JCA_TLS10_BadMandatoryCertReqDeclined" classname="com.distrimind.bouncycastle.tls.test.TlsTestCase" time="0.002"/>
  <testcase name="BC_JCA_TLS10_GoodNoCertReq" classname="com.distrimind.bouncycastle.tls.test.TlsTestCase" time="0.004"/>
  <testcase name="BC_JCA_TLS10_GoodOptionalCertReqDeclined" classname="com.distrimind.bouncycastle.tls.test.TlsTestCase" time="0.003"/>
  <testcase name="BC_JCA_TLS10_BadDowngrade" classname="com.distrimind.bouncycastle.tls.test.TlsTestCase" time="0.001"/>
  <testcase name="BC_JCA_TLS11_GoodDefault" classname="com.distrimind.bouncycastle.tls.test.TlsTestCase" time="0.005"/>
  <testcase name="BC_JCA_TLS11_BadCertificateVerifySignature" classname="com.distrimind.bouncycastle.tls.test.TlsTestCase" time="0.003"/>
  <testcase name="BC_JCA_TLS11_BadClientCertificate" classname="com.distrimind.bouncycastle.tls.test.TlsTestCase" time="0.004"/>
  <testcase name="BC_JCA_TLS11_BadMandatoryCertReqDeclined" classname="com.distrimind.bouncycastle.tls.test.TlsTestCase" time="0.003"/>
  <testcase name="BC_JCA_TLS11_GoodNoCertReq" classname="com.distrimind.bouncycastle.tls.test.TlsTestCase" time="0.003"/>
  <testcase name="BC_JCA_TLS11_GoodOptionalCertReqDeclined" classname="com.distrimind.bouncycastle.tls.test.TlsTestCase" time="0.003"/>
  <testcase name="BC_JCA_TLS11_BadDowngrade" classname="com.distrimind.bouncycastle.tls.test.TlsTestCase" time="0.001"/>
  <testcase name="BC_JCA_TLS12_GoodDefault" classname="com.distrimind.bouncycastle.tls.test.TlsTestCase" time="0.004"/>
  <testcase name="BC_JCA_TLS12_BadCertificateVerifyHashAlg" classname="com.distrimind.bouncycastle.tls.test.TlsTestCase" time="0.003"/>
  <testcase name="BC_JCA_TLS12_BadCertificateVerifySigAlg" classname="com.distrimind.bouncycastle.tls.test.TlsTestCase" time="0.003"/>
  <testcase name="BC_JCA_TLS12_BadCertificateVerifySigAlgMismatch" classname="com.distrimind.bouncycastle.tls.test.TlsTestCase" time="0.003"/>
  <testcase name="BC_JCA_TLS12_BadCertificateVerifySignature" classname="com.distrimind.bouncycastle.tls.test.TlsTestCase" time="0.004"/>
  <testcase name="BC_JCA_TLS12_BadClientCertificate" classname="com.distrimind.bouncycastle.tls.test.TlsTestCase" time="0.003"/>
  <testcase name="BC_JCA_TLS12_BadMandatoryCertReqDeclined" classname="com.distrimind.bouncycastle.tls.test.TlsTestCase" time="0.003"/>
  <testcase name="BC_JCA_TLS12_BadServerCertSigAlg" classname="com.distrimind.bouncycastle.tls.test.TlsTestCase" time="0.002"/>
  <testcase name="BC_JCA_TLS12_BadServerKeyExchangeSigAlg" classname="com.distrimind.bouncycastle.tls.test.TlsTestCase" time="0.001"/>
  <testcase name="BC_JCA_TLS12_BadServerKeyExchangeSigAlg2" classname="com.distrimind.bouncycastle.tls.test.TlsTestCase" time="0.002"/>
  <testcase name="BC_JCA_TLS12_GoodNoCertReq" classname="com.distrimind.bouncycastle.tls.test.TlsTestCase" time="0.003"/>
  <testcase name="BC_JCA_TLS12_GoodOptionalCertReqDeclined" classname="com.distrimind.bouncycastle.tls.test.TlsTestCase" time="0.002"/>
  <testcase name="BC_JCA_TLS12_BadDowngrade" classname="com.distrimind.bouncycastle.tls.test.TlsTestCase" time="0.002"/>
  <testcase name="BC_JCA_TLS13_GoodDefault" classname="com.distrimind.bouncycastle.tls.test.TlsTestCase" time="0.003"/>
  <testcase name="BC_JCA_TLS13_GoodEmptyKeyShare" classname="com.distrimind.bouncycastle.tls.test.TlsTestCase" time="0.004"/>
  <testcase name="BC_JCA_TLS13_BadCertificateVerifySigAlg" classname="com.distrimind.bouncycastle.tls.test.TlsTestCase" time="0.003"/>
  <testcase name="BC_JCA_TLS13_BadCertificateVerifySigAlgMismatch" classname="com.distrimind.bouncycastle.tls.test.TlsTestCase" time="0.003"/>
  <testcase name="BC_JCA_TLS13_BadCertificateVerifySignature" classname="com.distrimind.bouncycastle.tls.test.TlsTestCase" time="0.003"/>
  <testcase name="BC_JCA_TLS13_BadClientCertificate" classname="com.distrimind.bouncycastle.tls.test.TlsTestCase" time="0.003"/>
  <testcase name="BC_JCA_TLS13_BadClientSigAlgs" classname="com.distrimind.bouncycastle.tls.test.TlsTestCase" time="0.001"/>
  <testcase name="BC_JCA_TLS13_BadMandatoryCertReqDeclined" classname="com.distrimind.bouncycastle.tls.test.TlsTestCase" time="0.002"/>
  <testcase name="BC_JCA_TLS13_BadServerKeyExchangeSigAlg" classname="com.distrimind.bouncycastle.tls.test.TlsTestCase" time="0.001"/>
  <testcase name="BC_JCA_TLS13_GoodNoCertReq" classname="com.distrimind.bouncycastle.tls.test.TlsTestCase" time="0.003"/>
  <testcase name="BC_JCA_TLS13_GoodOptionalCertReqDeclined" classname="com.distrimind.bouncycastle.tls.test.TlsTestCase" time="0.002"/>
  <testcase name="JCA_JCA_FallbackGood" classname="com.distrimind.bouncycastle.tls.test.TlsTestCase" time="0.004"/>
  <testcase name="JCA_JCA_FallbackBad" classname="com.distrimind.bouncycastle.tls.test.TlsTestCase" time="0.0"/>
  <testcase name="JCA_JCA_FallbackNone" classname="com.distrimind.bouncycastle.tls.test.TlsTestCase" time="0.004"/>
  <testcase name="JCA_JCA_SSL30_GoodDefault" classname="com.distrimind.bouncycastle.tls.test.TlsTestCase" time="0.004"/>
  <testcase name="JCA_JCA_SSL30_BadCertificateVerifySignature" classname="com.distrimind.bouncycastle.tls.test.TlsTestCase" time="0.004"/>
  <testcase name="JCA_JCA_SSL30_BadClientCertificate" classname="com.distrimind.bouncycastle.tls.test.TlsTestCase" time="0.004"/>
  <testcase name="JCA_JCA_SSL30_BadMandatoryCertReqDeclined" classname="com.distrimind.bouncycastle.tls.test.TlsTestCase" time="0.002"/>
  <testcase name="JCA_JCA_SSL30_GoodNoCertReq" classname="com.distrimind.bouncycastle.tls.test.TlsTestCase" time="0.003"/>
  <testcase name="JCA_JCA_SSL30_GoodOptionalCertReqDeclined" classname="com.distrimind.bouncycastle.tls.test.TlsTestCase" time="0.003"/>
  <testcase name="JCA_JCA_SSL30_BadDowngrade" classname="com.distrimind.bouncycastle.tls.test.TlsTestCase" time="0.003"/>
  <testcase name="JCA_JCA_TLS10_GoodDefault" classname="com.distrimind.bouncycastle.tls.test.TlsTestCase" time="0.004"/>
  <testcase name="JCA_JCA_TLS10_BadCertificateVerifySignature" classname="com.distrimind.bouncycastle.tls.test.TlsTestCase" time="0.004"/>
  <testcase name="JCA_JCA_TLS10_BadClientCertificate" classname="com.distrimind.bouncycastle.tls.test.TlsTestCase" time="0.004"/>
  <testcase name="JCA_JCA_TLS10_BadMandatoryCertReqDeclined" classname="com.distrimind.bouncycastle.tls.test.TlsTestCase" time="0.003"/>
  <testcase name="JCA_JCA_TLS10_GoodNoCertReq" classname="com.distrimind.bouncycastle.tls.test.TlsTestCase" time="0.003"/>
  <testcase name="JCA_JCA_TLS10_GoodOptionalCertReqDeclined" classname="com.distrimind.bouncycastle.tls.test.TlsTestCase" time="0.003"/>
  <testcase name="JCA_JCA_TLS10_BadDowngrade" classname="com.distrimind.bouncycastle.tls.test.TlsTestCase" time="0.002"/>
  <testcase name="JCA_JCA_TLS11_GoodDefault" classname="com.distrimind.bouncycastle.tls.test.TlsTestCase" time="0.004"/>
  <testcase name="JCA_JCA_TLS11_BadCertificateVerifySignature" classname="com.distrimind.bouncycastle.tls.test.TlsTestCase" time="0.004"/>
  <testcase name="JCA_JCA_TLS11_BadClientCertificate" classname="com.distrimind.bouncycastle.tls.test.TlsTestCase" time="0.004"/>
  <testcase name="JCA_JCA_TLS11_BadMandatoryCertReqDeclined" classname="com.distrimind.bouncycastle.tls.test.TlsTestCase" time="0.002"/>
  <testcase name="JCA_JCA_TLS11_GoodNoCertReq" classname="com.distrimind.bouncycastle.tls.test.TlsTestCase" time="0.003"/>
  <testcase name="JCA_JCA_TLS11_GoodOptionalCertReqDeclined" classname="com.distrimind.bouncycastle.tls.test.TlsTestCase" time="0.003"/>
  <testcase name="JCA_JCA_TLS11_BadDowngrade" classname="com.distrimind.bouncycastle.tls.test.TlsTestCase" time="0.002"/>
  <testcase name="JCA_JCA_TLS12_GoodDefault" classname="com.distrimind.bouncycastle.tls.test.TlsTestCase" time="0.004"/>
  <testcase name="JCA_JCA_TLS12_BadCertificateVerifyHashAlg" classname="com.distrimind.bouncycastle.tls.test.TlsTestCase" time="0.003"/>
  <testcase name="JCA_JCA_TLS12_BadCertificateVerifySigAlg" classname="com.distrimind.bouncycastle.tls.test.TlsTestCase" time="0.003"/>
  <testcase name="JCA_JCA_TLS12_BadCertificateVerifySigAlgMismatch" classname="com.distrimind.bouncycastle.tls.test.TlsTestCase" time="0.004"/>
  <testcase name="JCA_JCA_TLS12_BadCertificateVerifySignature" classname="com.distrimind.bouncycastle.tls.test.TlsTestCase" time="0.004"/>
  <testcase name="JCA_JCA_TLS12_BadClientCertificate" classname="com.distrimind.bouncycastle.tls.test.TlsTestCase" time="0.004"/>
  <testcase name="JCA_JCA_TLS12_BadMandatoryCertReqDeclined" classname="com.distrimind.bouncycastle.tls.test.TlsTestCase" time="0.002"/>
  <testcase name="JCA_JCA_TLS12_BadServerCertSigAlg" classname="com.distrimind.bouncycastle.tls.test.TlsTestCase" time="0.002"/>
  <testcase name="JCA_JCA_TLS12_BadServerKeyExchangeSigAlg" classname="com.distrimind.bouncycastle.tls.test.TlsTestCase" time="0.002"/>
  <testcase name="JCA_JCA_TLS12_BadServerKeyExchangeSigAlg2" classname="com.distrimind.bouncycastle.tls.test.TlsTestCase" time="0.002"/>
  <testcase name="JCA_JCA_TLS12_GoodNoCertReq" classname="com.distrimind.bouncycastle.tls.test.TlsTestCase" time="0.003"/>
  <testcase name="JCA_JCA_TLS12_GoodOptionalCertReqDeclined" classname="com.distrimind.bouncycastle.tls.test.TlsTestCase" time="0.003"/>
  <testcase name="JCA_JCA_TLS12_BadDowngrade" classname="com.distrimind.bouncycastle.tls.test.TlsTestCase" time="0.002"/>
  <testcase name="JCA_JCA_TLS13_GoodDefault" classname="com.distrimind.bouncycastle.tls.test.TlsTestCase" time="0.003"/>
  <testcase name="JCA_JCA_TLS13_GoodEmptyKeyShare" classname="com.distrimind.bouncycastle.tls.test.TlsTestCase" time="0.004"/>
  <testcase name="JCA_JCA_TLS13_BadCertificateVerifySigAlg" classname="com.distrimind.bouncycastle.tls.test.TlsTestCase" time="0.003"/>
  <testcase name="JCA_JCA_TLS13_BadCertificateVerifySigAlgMismatch" classname="com.distrimind.bouncycastle.tls.test.TlsTestCase" time="0.004"/>
  <testcase name="JCA_JCA_TLS13_BadCertificateVerifySignature" classname="com.distrimind.bouncycastle.tls.test.TlsTestCase" time="0.003"/>
  <testcase name="JCA_JCA_TLS13_BadClientCertificate" classname="com.distrimind.bouncycastle.tls.test.TlsTestCase" time="0.003"/>
  <testcase name="JCA_JCA_TLS13_BadClientSigAlgs" classname="com.distrimind.bouncycastle.tls.test.TlsTestCase" time="0.001"/>
  <testcase name="JCA_JCA_TLS13_BadMandatoryCertReqDeclined" classname="com.distrimind.bouncycastle.tls.test.TlsTestCase" time="0.002"/>
  <testcase name="JCA_JCA_TLS13_BadServerKeyExchangeSigAlg" classname="com.distrimind.bouncycastle.tls.test.TlsTestCase" time="0.002"/>
  <testcase name="JCA_JCA_TLS13_GoodNoCertReq" classname="com.distrimind.bouncycastle.tls.test.TlsTestCase" time="0.002"/>
  <testcase name="JCA_JCA_TLS13_GoodOptionalCertReqDeclined" classname="com.distrimind.bouncycastle.tls.test.TlsTestCase" time="0.002"/>
  <system-out><![CDATA[]]></system-out>
  <system-err><![CDATA[]]></system-err>
</testsuite>
