<?xml version="1.0" encoding="UTF-8"?>
<testsuite name="com.distrimind.bouncycastle.jsse.provider.test.ConfigTest" tests="2" skipped="0" failures="0" errors="0" timestamp="2021-11-01T15:51:08" hostname="basic" time="0.006">
  <properties/>
  <testcase name="testWithProvider" classname="com.distrimind.bouncycastle.jsse.provider.test.ConfigTest" time="0.006"/>
  <testcase name="testWithString" classname="com.distrimind.bouncycastle.jsse.provider.test.ConfigTest" time="0.0"/>
  <system-out><![CDATA[]]></system-out>
  <system-err><![CDATA[]]></system-err>
</testsuite>
