<?xml version="1.0" encoding="UTF-8"?>
<testsuite name="com.distrimind.bouncycastle.jsse.provider.test.BasicTlsTest" tests="3" skipped="0" failures="0" errors="0" timestamp="2020-07-09T13:58:44" hostname="Garage" time="0.192">
  <properties/>
  <testcase name="testBasicTlsConnection" classname="com.distrimind.bouncycastle.jsse.provider.test.BasicTlsTest" time="0.102"/>
  <testcase name="testNullRandomJsseInit" classname="com.distrimind.bouncycastle.jsse.provider.test.BasicTlsTest" time="0.007"/>
  <testcase name="testBasicTlsConnectionLayered" classname="com.distrimind.bouncycastle.jsse.provider.test.BasicTlsTest" time="0.083"/>
  <system-out><![CDATA[]]></system-out>
  <system-err><![CDATA[]]></system-err>
</testsuite>
