<?xml version="1.0" encoding="UTF-8"?>
<testsuite name="org.bouncycastle.jsse.provider.test.EdDSACredentialsTest" tests="2" skipped="0" failures="0" errors="0" timestamp="2020-07-09T13:58:45" hostname="Garage" time="0.249">
  <properties/>
  <testcase name="testEd25519Credentials" classname="org.bouncycastle.jsse.provider.test.EdDSACredentialsTest" time="0.138"/>
  <testcase name="testEd448Credentials" classname="org.bouncycastle.jsse.provider.test.EdDSACredentialsTest" time="0.111"/>
  <system-out><![CDATA[]]></system-out>
  <system-err><![CDATA[]]></system-err>
</testsuite>
