<?xml version="1.0" encoding="UTF-8"?>
<testsuite name="com.distrimind.bouncycastle.jsse.provider.test.SSLSocketTest" tests="4" skipped="0" failures="0" errors="0" timestamp="2021-05-27T14:26:09" hostname="Garage" time="0.011">
  <properties/>
  <testcase name="test_setOOBInline" classname="com.distrimind.bouncycastle.jsse.provider.test.SSLSocketTest" time="0.002"/>
  <testcase name="test_getChannel" classname="com.distrimind.bouncycastle.jsse.provider.test.SSLSocketTest" time="0.001"/>
  <testcase name="test_sendUrgentData" classname="com.distrimind.bouncycastle.jsse.provider.test.SSLSocketTest" time="0.007"/>
  <testcase name="test_getOOBInline" classname="com.distrimind.bouncycastle.jsse.provider.test.SSLSocketTest" time="0.001"/>
  <system-out><![CDATA[]]></system-out>
  <system-err><![CDATA[]]></system-err>
</testsuite>
