<?xml version="1.0" encoding="UTF-8"?>
<testsuite name="com.distrimind.bouncycastle.jsse.provider.test.PSSCredentialsTest" tests="1" skipped="0" failures="0" errors="0" timestamp="2021-05-27T14:26:09" hostname="Garage" time="0.036">
  <properties/>
  <testcase name="testPSSCredentials" classname="com.distrimind.bouncycastle.jsse.provider.test.PSSCredentialsTest" time="0.036"/>
  <system-out><![CDATA[]]></system-out>
  <system-err><![CDATA[]]></system-err>
</testsuite>
