<?xml version="1.0" encoding="UTF-8"?>
<testsuite name="com.distrimind.bouncycastle.tls.test.PRFTest" tests="6" skipped="0" failures="0" errors="0" timestamp="2020-07-09T13:58:52" hostname="Garage" time="0.024">
  <properties/>
  <testcase name="testLwTLS12_SHA384PRF" classname="com.distrimind.bouncycastle.tls.test.PRFTest" time="0.001"/>
  <testcase name="testTLS11" classname="com.distrimind.bouncycastle.tls.test.PRFTest" time="0.011"/>
  <testcase name="testLwTLS11" classname="com.distrimind.bouncycastle.tls.test.PRFTest" time="0.0"/>
  <testcase name="testTLS12_SHA256PRF" classname="com.distrimind.bouncycastle.tls.test.PRFTest" time="0.006"/>
  <testcase name="testTLS12_SHA384PRF" classname="com.distrimind.bouncycastle.tls.test.PRFTest" time="0.006"/>
  <testcase name="testLwTLS12_SHA256PRF" classname="com.distrimind.bouncycastle.tls.test.PRFTest" time="0.0"/>
  <system-out><![CDATA[]]></system-out>
  <system-err><![CDATA[]]></system-err>
</testsuite>
