<?xml version="1.0" encoding="UTF-8"?>
<testsuite name="com.distrimind.bouncycastle.jsse.provider.test.ConfigTest" tests="2" skipped="0" failures="0" errors="0" timestamp="2021-05-27T14:26:09" hostname="Garage" time="0.004">
  <properties/>
  <testcase name="testWithProvider" classname="com.distrimind.bouncycastle.jsse.provider.test.ConfigTest" time="0.004"/>
  <testcase name="testWithString" classname="com.distrimind.bouncycastle.jsse.provider.test.ConfigTest" time="0.0"/>
  <system-out><![CDATA[]]></system-out>
  <system-err><![CDATA[]]></system-err>
</testsuite>
