<?xml version="1.0" encoding="UTF-8"?>
<testsuite name="com.distrimind.bouncycastle.tls.test.BasicTlsTest" tests="1" skipped="0" failures="1" errors="0" timestamp="2020-07-09T13:58:48" hostname="Garage" time="1.011">
  <properties/>
  <testcase name="testConnection" classname="com.distrimind.bouncycastle.tls.test.BasicTlsTest" time="1.011">
    <failure message="com.distrimind.bouncycastle.tls.TlsFatalAlertReceived: internal_error(80)" type="com.distrimind.bouncycastle.tls.TlsFatalAlertReceived">com.distrimind.bouncycastle.tls.TlsFatalAlertReceived: internal_error(80)
	at com.distrimind.bouncycastle.tls.TlsProtocol.handleAlertMessage(TlsProtocol.java:239)
	at com.distrimind.bouncycastle.tls.TlsProtocol.processAlertQueue(TlsProtocol.java:677)
	at com.distrimind.bouncycastle.tls.TlsProtocol.processRecord(TlsProtocol.java:520)
	at com.distrimind.bouncycastle.tls.RecordStream.readRecord(RecordStream.java:215)
	at com.distrimind.bouncycastle.tls.TlsProtocol.safeReadRecord(TlsProtocol.java:803)
	at com.distrimind.bouncycastle.tls.TlsProtocol.blockForHandshake(TlsProtocol.java:396)
	at com.distrimind.bouncycastle.tls.TlsClientProtocol.connect(TlsClientProtocol.java:91)
	at com.distrimind.bouncycastle.tls.test.BasicTlsTest.testConnection(BasicTlsTest.java:101)
	at java.base/jdk.internal.reflect.NativeMethodAccessorImpl.invoke0(Native Method)
	at java.base/jdk.internal.reflect.NativeMethodAccessorImpl.invoke(NativeMethodAccessorImpl.java:62)
	at java.base/jdk.internal.reflect.DelegatingMethodAccessorImpl.invoke(DelegatingMethodAccessorImpl.java:43)
	at java.base/java.lang.reflect.Method.invoke(Method.java:567)
	at junit.framework.TestCase.runTest(TestCase.java:176)
	at junit.framework.TestCase.runBare(TestCase.java:141)
	at junit.framework.TestResult$1.protect(TestResult.java:122)
	at junit.framework.TestResult.runProtected(TestResult.java:142)
	at junit.framework.TestResult.run(TestResult.java:125)
	at junit.framework.TestCase.run(TestCase.java:129)
	at junit.framework.TestSuite.runTest(TestSuite.java:255)
	at junit.framework.TestSuite.run(TestSuite.java:250)
	at junit.framework.TestSuite.runTest(TestSuite.java:255)
	at junit.framework.TestSuite.run(TestSuite.java:250)
	at junit.extensions.TestDecorator.basicRun(TestDecorator.java:23)
	at junit.extensions.TestSetup$1.protect(TestSetup.java:23)
	at junit.framework.TestResult.runProtected(TestResult.java:142)
	at junit.extensions.TestSetup.run(TestSetup.java:27)
	at org.junit.internal.runners.JUnit38ClassRunner.run(JUnit38ClassRunner.java:84)
	at org.gradle.api.internal.tasks.testing.junit.JUnitTestClassExecutor.runTestClass(JUnitTestClassExecutor.java:110)
	at org.gradle.api.internal.tasks.testing.junit.JUnitTestClassExecutor.execute(JUnitTestClassExecutor.java:58)
	at org.gradle.api.internal.tasks.testing.junit.JUnitTestClassExecutor.execute(JUnitTestClassExecutor.java:38)
	at org.gradle.api.internal.tasks.testing.junit.AbstractJUnitTestClassProcessor.processTestClass(AbstractJUnitTestClassProcessor.java:62)
	at org.gradle.api.internal.tasks.testing.SuiteTestClassProcessor.processTestClass(SuiteTestClassProcessor.java:51)
	at java.base/jdk.internal.reflect.NativeMethodAccessorImpl.invoke0(Native Method)
	at java.base/jdk.internal.reflect.NativeMethodAccessorImpl.invoke(NativeMethodAccessorImpl.java:62)
	at java.base/jdk.internal.reflect.DelegatingMethodAccessorImpl.invoke(DelegatingMethodAccessorImpl.java:43)
	at java.base/java.lang.reflect.Method.invoke(Method.java:567)
	at org.gradle.internal.dispatch.ReflectionDispatch.dispatch(ReflectionDispatch.java:36)
	at org.gradle.internal.dispatch.ReflectionDispatch.dispatch(ReflectionDispatch.java:24)
	at org.gradle.internal.dispatch.ContextClassLoaderDispatch.dispatch(ContextClassLoaderDispatch.java:33)
	at org.gradle.internal.dispatch.ProxyDispatchAdapter$DispatchingInvocationHandler.invoke(ProxyDispatchAdapter.java:94)
	at com.sun.proxy.$Proxy2.processTestClass(Unknown Source)
	at org.gradle.api.internal.tasks.testing.worker.TestWorker.processTestClass(TestWorker.java:118)
	at java.base/jdk.internal.reflect.NativeMethodAccessorImpl.invoke0(Native Method)
	at java.base/jdk.internal.reflect.NativeMethodAccessorImpl.invoke(NativeMethodAccessorImpl.java:62)
	at java.base/jdk.internal.reflect.DelegatingMethodAccessorImpl.invoke(DelegatingMethodAccessorImpl.java:43)
	at java.base/java.lang.reflect.Method.invoke(Method.java:567)
	at org.gradle.internal.dispatch.ReflectionDispatch.dispatch(ReflectionDispatch.java:36)
	at org.gradle.internal.dispatch.ReflectionDispatch.dispatch(ReflectionDispatch.java:24)
	at org.gradle.internal.remote.internal.hub.MessageHubBackedObjectConnection$DispatchWrapper.dispatch(MessageHubBackedObjectConnection.java:182)
	at org.gradle.internal.remote.internal.hub.MessageHubBackedObjectConnection$DispatchWrapper.dispatch(MessageHubBackedObjectConnection.java:164)
	at org.gradle.internal.remote.internal.hub.MessageHub$Handler.run(MessageHub.java:412)
	at org.gradle.internal.concurrent.ExecutorPolicy$CatchAndRecordFailures.onExecute(ExecutorPolicy.java:64)
	at org.gradle.internal.concurrent.ManagedExecutorImpl$1.run(ManagedExecutorImpl.java:48)
	at java.base/java.util.concurrent.ThreadPoolExecutor.runWorker(ThreadPoolExecutor.java:1128)
	at java.base/java.util.concurrent.ThreadPoolExecutor$Worker.run(ThreadPoolExecutor.java:628)
	at org.gradle.internal.concurrent.ThreadFactoryImpl$ManagedThreadRunnable.run(ThreadFactoryImpl.java:56)
	at java.base/java.lang.Thread.run(Thread.java:830)
</failure>
  </testcase>
  <system-out><![CDATA[]]></system-out>
  <system-err><![CDATA[Exception in thread "Thread-372" java.lang.RuntimeException: javax.net.ssl.SSLException: class com.distrimind.bouncycastle.jcajce.provider.asymmetric.edec.BCXDHPublicKey cannot be cast to class java.security.interfaces.XECPublicKey (com.distrimind.bouncycastle.jcajce.provider.asymmetric.edec.BCXDHPublicKey is in unnamed module of loader 'app'; java.security.interfaces.XECPublicKey is in module java.base of loader 'bootstrap')
	at com.distrimind.bouncycastle.tls.test.HTTPSServerThread.run(HTTPSServerThread.java:136)
TLS client received alert: fatal(2), internal_error(80)
Caused by: javax.net.ssl.SSLException: class com.distrimind.bouncycastle.jcajce.provider.asymmetric.edec.BCXDHPublicKey cannot be cast to class java.security.interfaces.XECPublicKey (com.distrimind.bouncycastle.jcajce.provider.asymmetric.edec.BCXDHPublicKey is in unnamed module of loader 'app'; java.security.interfaces.XECPublicKey is in module java.base of loader 'bootstrap')
	at java.base/sun.security.ssl.Alert.createSSLException(Alert.java:133)
	at java.base/sun.security.ssl.TransportContext.fatal(TransportContext.java:325)
	at java.base/sun.security.ssl.TransportContext.fatal(TransportContext.java:268)
	at java.base/sun.security.ssl.TransportContext.fatal(TransportContext.java:263)
	at java.base/sun.security.ssl.SSLSocketImpl.handleException(SSLSocketImpl.java:1652)
	at java.base/sun.security.ssl.SSLSocketImpl.startHandshake(SSLSocketImpl.java:443)
	at java.base/sun.security.ssl.SSLSocketImpl.ensureNegotiated(SSLSocketImpl.java:878)
	at java.base/sun.security.ssl.SSLSocketImpl$AppInputStream.read(SSLSocketImpl.java:969)
	at java.base/sun.security.ssl.SSLSocketImpl$AppInputStream.read(SSLSocketImpl.java:929)
	at com.distrimind.bouncycastle.tls.test.HTTPSServerThread.readRequest(HTTPSServerThread.java:40)
	at com.distrimind.bouncycastle.tls.test.HTTPSServerThread.run(HTTPSServerThread.java:124)
Caused by: java.lang.ClassCastException: class com.distrimind.bouncycastle.jcajce.provider.asymmetric.edec.BCXDHPublicKey cannot be cast to class java.security.interfaces.XECPublicKey (com.distrimind.bouncycastle.jcajce.provider.asymmetric.edec.BCXDHPublicKey is in unnamed module of loader 'app'; java.security.interfaces.XECPublicKey is in module java.base of loader 'bootstrap')
	at java.base/sun.security.ssl.XDHKeyExchange$XDHEPossession.<init>(XDHKeyExchange.java:108)
	at java.base/sun.security.ssl.NamedGroup$XDHFunctions.createPossession(NamedGroup.java:750)
	at java.base/sun.security.ssl.NamedGroup.createPossession(NamedGroup.java:390)
	at java.base/sun.security.ssl.ECDHKeyExchange$ECDHEPossessionGenerator.createPossession(ECDHKeyExchange.java:265)
	at java.base/sun.security.ssl.SSLKeyExchange$T12KeyAgreement.createPossession(SSLKeyExchange.java:352)
	at java.base/sun.security.ssl.SSLKeyExchange.createPossessions(SSLKeyExchange.java:84)
	at java.base/sun.security.ssl.ServerHello$T12ServerHelloProducer.chooseCipherSuite(ServerHello.java:442)
	at java.base/sun.security.ssl.ServerHello$T12ServerHelloProducer.produce(ServerHello.java:296)
	at java.base/sun.security.ssl.SSLHandshake.produce(SSLHandshake.java:440)
	at java.base/sun.security.ssl.ClientHello$T12ClientHelloConsumer.consume(ClientHello.java:1120)
	at java.base/sun.security.ssl.ClientHello$ClientHelloConsumer.onClientHello(ClientHello.java:853)
	at java.base/sun.security.ssl.ClientHello$ClientHelloConsumer.consume(ClientHello.java:812)
	at java.base/sun.security.ssl.SSLHandshake.consume(SSLHandshake.java:396)
	at java.base/sun.security.ssl.HandshakeContext.dispatch(HandshakeContext.java:445)
	at java.base/sun.security.ssl.HandshakeContext.dispatch(HandshakeContext.java:423)
	at java.base/sun.security.ssl.TransportContext.dispatch(TransportContext.java:182)
	at java.base/sun.security.ssl.SSLTransport.decode(SSLTransport.java:164)
	at java.base/sun.security.ssl.SSLSocketImpl.decode(SSLSocketImpl.java:1460)
	at java.base/sun.security.ssl.SSLSocketImpl.readHandshakeRecord(SSLSocketImpl.java:1368)
	at java.base/sun.security.ssl.SSLSocketImpl.startHandshake(SSLSocketImpl.java:437)
	... 5 more
]]></system-err>
</testsuite>
