<?xml version="1.0" encoding="UTF-8"?>
<testsuite name="com.distrimind.bouncycastle.tls.test.DTLSTestCase" tests="8" skipped="0" failures="0" errors="0" timestamp="2020-07-09T13:58:50" hostname="Garage" time="1.707">
  <properties/>
  <testcase name="FallbackGood" classname="com.distrimind.bouncycastle.tls.test.DTLSTestCase" time="0.221"/>
  <testcase name="FallbackNone" classname="com.distrimind.bouncycastle.tls.test.DTLSTestCase" time="0.217"/>
  <testcase name="DTLS10_GoodDefault" classname="com.distrimind.bouncycastle.tls.test.DTLSTestCase" time="0.216"/>
  <testcase name="DTLS10_GoodNoCertReq" classname="com.distrimind.bouncycastle.tls.test.DTLSTestCase" time="0.211"/>
  <testcase name="DTLS10_GoodOptionalCertReqDeclined" classname="com.distrimind.bouncycastle.tls.test.DTLSTestCase" time="0.21"/>
  <testcase name="DTLS12_GoodDefault" classname="com.distrimind.bouncycastle.tls.test.DTLSTestCase" time="0.213"/>
  <testcase name="DTLS12_GoodNoCertReq" classname="com.distrimind.bouncycastle.tls.test.DTLSTestCase" time="0.209"/>
  <testcase name="DTLS12_GoodOptionalCertReqDeclined" classname="com.distrimind.bouncycastle.tls.test.DTLSTestCase" time="0.21"/>
  <system-out><![CDATA[]]></system-out>
  <system-err><![CDATA[]]></system-err>
</testsuite>
