<?xml version="1.0" encoding="UTF-8"?>
<testsuite name="com.distrimind.bouncycastle.jsse.provider.test.InstanceTest" tests="3" skipped="0" failures="0" errors="0" timestamp="2021-05-27T14:26:09" hostname="Garage" time="0.0">
  <properties/>
  <testcase name="testTrustManager" classname="com.distrimind.bouncycastle.jsse.provider.test.InstanceTest" time="0.0"/>
  <testcase name="testSSLContext" classname="com.distrimind.bouncycastle.jsse.provider.test.InstanceTest" time="0.0"/>
  <testcase name="testKeyManager" classname="com.distrimind.bouncycastle.jsse.provider.test.InstanceTest" time="0.0"/>
  <system-out><![CDATA[]]></system-out>
  <system-err><![CDATA[]]></system-err>
</testsuite>
