<?xml version="1.0" encoding="UTF-8"?>
<testsuite name="com.distrimind.bouncycastle.jsse.provider.test.InstanceTest" tests="3" skipped="0" failures="0" errors="0" timestamp="2020-07-09T13:58:45" hostname="Garage" time="0.001">
  <properties/>
  <testcase name="testTrustManager" classname="com.distrimind.bouncycastle.jsse.provider.test.InstanceTest" time="0.001"/>
  <testcase name="testSSLContext" classname="com.distrimind.bouncycastle.jsse.provider.test.InstanceTest" time="0.0"/>
  <testcase name="testKeyManager" classname="com.distrimind.bouncycastle.jsse.provider.test.InstanceTest" time="0.0"/>
  <system-out><![CDATA[]]></system-out>
  <system-err><![CDATA[]]></system-err>
</testsuite>
