<?xml version="1.0" encoding="UTF-8"?>
<testsuite name="com.distrimind.bouncycastle.tls.test.TlsProtocolNonBlockingTest" tests="2" skipped="0" failures="0" errors="0" timestamp="2021-05-27T14:26:15" hostname="Garage" time="0.013">
  <properties/>
  <testcase name="testClientServerFragmented" classname="com.distrimind.bouncycastle.tls.test.TlsProtocolNonBlockingTest" time="0.007"/>
  <testcase name="testClientServerNonFragmented" classname="com.distrimind.bouncycastle.tls.test.TlsProtocolNonBlockingTest" time="0.006"/>
  <system-out><![CDATA[TLS server negotiated TLS 1.2
TLS client negotiated TLS 1.2
TLS client received server certificate chain of length 1
    fingerprint:SHA-256 CA:2E:0C:52:D8:ED:49:86:8C:0B:60:13:28:49:ED:83:6A:74:3F:22:7D:E0:D4:91:3C:51:B1:53:33:B5:CF:7F (CN=BouncyCastle Test Server)
TLS server received client certificate chain of length 1
    fingerprint:SHA-256 7B:E0:B8:8B:0C:CA:E2:9D:C0:E8:DD:BF:AF:7C:A0:0C:B4:95:D6:80:B9:67:0F:39:B4:91:E0:D7:94:B2:3B:67 (CN=BouncyCastle Test Client)
Server ALPN: h2
Server 'tls-server-end-point': ca2e0c52d8ed49868c0b60132849ed836a743f227de0d4913c51b15333b5cf7f
Server 'tls-unique': 033bcba07a911409f01ad1e0
Client ALPN: h2
Client 'tls-server-end-point': ca2e0c52d8ed49868c0b60132849ed836a743f227de0d4913c51b15333b5cf7f
Client 'tls-unique': 033bcba07a911409f01ad1e0
TLS client raised alert: warning(1), close_notify(0)
> Connection closed
TLS server received alert: warning(1), close_notify(0)
TLS server raised alert: warning(1), close_notify(0)
> Connection closed
TLS server negotiated TLS 1.2
TLS client negotiated TLS 1.2
TLS client received server certificate chain of length 1
    fingerprint:SHA-256 CA:2E:0C:52:D8:ED:49:86:8C:0B:60:13:28:49:ED:83:6A:74:3F:22:7D:E0:D4:91:3C:51:B1:53:33:B5:CF:7F (CN=BouncyCastle Test Server)
TLS server received client certificate chain of length 1
    fingerprint:SHA-256 7B:E0:B8:8B:0C:CA:E2:9D:C0:E8:DD:BF:AF:7C:A0:0C:B4:95:D6:80:B9:67:0F:39:B4:91:E0:D7:94:B2:3B:67 (CN=BouncyCastle Test Client)
Server ALPN: h2
Server 'tls-server-end-point': ca2e0c52d8ed49868c0b60132849ed836a743f227de0d4913c51b15333b5cf7f
Server 'tls-unique': 6bf7039d85eb6e5dbdae6767
Client ALPN: h2
Client 'tls-server-end-point': ca2e0c52d8ed49868c0b60132849ed836a743f227de0d4913c51b15333b5cf7f
Client 'tls-unique': 6bf7039d85eb6e5dbdae6767
TLS client raised alert: warning(1), close_notify(0)
> Connection closed
TLS server received alert: warning(1), close_notify(0)
TLS server raised alert: warning(1), close_notify(0)
> Connection closed
]]></system-out>
  <system-err><![CDATA[]]></system-err>
</testsuite>
