<?xml version="1.0" encoding="UTF-8"?>
<testsuite name="com.distrimind.bouncycastle.tls.test.DTLSProtocolTest" tests="1" skipped="0" failures="0" errors="0" timestamp="2020-07-09T13:58:49" hostname="Garage" time="1.034">
  <properties/>
  <testcase name="testClientServer" classname="com.distrimind.bouncycastle.tls.test.DTLSProtocolTest" time="1.034"/>
  <system-out><![CDATA[(+3ms) Sending 219 byte datagram:
    16 FE FF 00 00 00 00 00-00 00 00 00 CE 01 00 00
    C2 00 00 00 00 00 00 00-C2 FE FD 95 9B 23 A3 1D
    A3 53 B6 5E 72 B8 CB 3B-21 A3 CE EE F8 0E C7 E0
    8B 55 E0 A7 54 87 67 FA-A6 26 04 00 00 00 20 CC
    A9 C0 2B C0 23 C0 09 CC-A8 C0 2F C0 27 C0 13 CC
    AA 00 9E 00 67 00 33 00-9C 00 3C 00 2F 00 FF 01
    00 00 78 00 16 00 00 00-04 00 00 00 17 00 00 00
    15 00 0E 00 00 00 00 00-00 00 00 00 00 00 00 00
    00 00 0D 00 30 00 2E 08-07 08 08 04 03 05 03 06
    03 08 04 08 05 08 06 08-09 08 0A 08 0B 04 01 05
    01 06 01 04 02 05 02 06-02 03 03 03 01 03 02 02
    03 02 01 02 02 00 0B 00-02 01 00 00 0A 00 0E 00
    0C 00 1D 00 17 00 18 01-00 01 01 01 02 00 05 00
    05 01 00 00 00 00 00 01-00 01 01
(+5ms) Received 89 byte datagram:
    16 FE FD 00 00 00 00 00-00 00 00 00 4C 02 00 00
    40 00 00 00 00 00 00 00-40 FE FD B1 17 BC 25 BA
    3F 84 03 FA BF B3 2E 88-81 12 96 BE DD 0F 32 F3
    5D 61 54 1F 39 6D 22 3E-0A D7 80 00 CC A8 00 00
    18 00 05 00 00 00 17 00-00 FF 01 00 01 00 00 01
    00 01 01 00 0B 00 02 01-00
Negotiated DTLS 1.2
(+15ms) Received 525 byte datagram:
    16 FE FD 00 00 00 00 00-00 00 01 02 00 0B 00 03
    4C 00 01 00 00 00 00 01-F4 00 03 49 00 03 46 30
    82 03 42 30 82 02 2A A0-03 02 01 02 02 0C 59 81
    94 F0 32 51 49 60 B5 DE-03 BC 30 0D 06 09 2A 86
    48 86 F7 0D 01 01 0B 05-00 30 23 31 21 30 1F 06
    03 55 04 03 13 18 42 6F-75 6E 63 79 43 61 73 74
    6C 65 20 54 4C 53 20 54-65 73 74 20 43 41 30 1E
    17 0D 31 37 30 38 30 32-30 39 30 31 33 36 5A 17
    0D 33 37 30 37 32 38 30-39 30 31 33 36 5A 30 23
    31 21 30 1F 06 03 55 04-03 13 18 42 6F 75 6E 63
    79 43 61 73 74 6C 65 20-54 65 73 74 20 53 65 72
    76 65 72 30 82 01 22 30-0D 06 09 2A 86 48 86 F7
    0D 01 01 01 05 00 03 82-01 0F 00 30 82 01 0A 02
    82 01 01 00 BC 5F 06 F6-79 E5 6A 55 41 E0 A1 B5
    5C 9D F8 EF EC 2E E7 86-56 40 65 61 44 6E B2 49
    5C 2C 2A 9D B6 13 39 41-32 C1 54 C3 90 DA FB 71
    5A 76 43 48 75 88 BC F5-0F 0A 73 F1 47 C2 2C 3E
    FB 0C F0 15 2A 42 3C A3-D9 DF 42 72 FB 8D 36 0C
    0A 30 8C D4 03 5D 1B 40-B3 D0 EB A6 9C D5 3E CC
    53 FD 80 E1 1F B1 C4 93-79 64 EA 78 07 E5 30 13
    03 40 78 05 5F 43 D5 D9-5F E1 E4 99 50 23 28 F2
    62 47 39 A3 77 3A 00 B2-54 11 D0 5E 73 2F 5D 60
    8E 64 BC 49 3C 19 B8 9F-B6 32 95 21 D3 D5 46 74
    72 7E 2C 1D 42 35 57 E7-13 1C 0F A9 1D F0 77 54
    D0 3D 42 D7 64 DD C3 C7-E7 F4 5B 6E E0 98 0E 06
    46 2B 4C B4 B9 6D 02 58-EF 67 31 AD EB EC 61 6F
    22 89 26 33 27 4C 15 A5-CC 51 62 3F F8 20 A5 C3
    EC FA AD A1 5B D8 B7 BC-F0 84 E5 E3 86 76 46 C3
    9D 72 62 DD A8 81 C5 8A-53 29 E4 B9 E3 01 9C FC
    E9 13 BF 95 02 03 01 00-01 A3 76 30 74 30 0C 06
    03 55 1D 13 01 01 FF 04-02 30 00 30 13 06 03 55
    1D 25 04 0C 30 0A 06 08-2B 06 01 05 05 07 03 01
    30 0F 06 03 55 1D 0F 01-01 FF 04 05 03
(+15ms) Received 369 byte datagram:
    16 FE FD 00 00 00 00 00-00 00 02 01 64 0B 00 03
    4C 00 01 00 01 F4 00 01-58 03 07 80 00 30 1D 06
    03 55 1D 0E 04 16 04 14-D7 C0 EE E4 2B 38 33 00
    E0 BD 8F AD 3B 69 B6 AF-04 C2 B2 69 30 1F 06 03
    55 1D 23 04 18 30 16 80-14 2B 42 55 9A 75 7A AA
    CC 15 7E DA 2C 3B 05 95-EB BC 51 DA 42 30 0D 06
    09 2A 86 48 86 F7 0D 01-01 0B 05 00 03 82 01 01
    00 01 84 6C 13 47 F6 06-43 A5 35 68 F5 48 D8 B0
    A1 69 30 E0 87 3A 59 6D-57 E3 7C A1 DC BD 7B 73
    98 51 2C E1 8F BA 90 E7-80 90 40 11 84 E6 B0 47
    EA DB A5 D7 E2 61 A5 29-72 A0 29 95 B6 8A 37 2B
    21 04 A4 1C 48 E4 5C 76-1D 53 E3 88 FB 8C 6E 7D
    E3 6D 18 C6 0B 8A 37 30-54 A5 CC 9A 64 9E F0 44
    56 38 37 42 7F 30 C9 49-17 4B C7 F3 60 2D E5 A9
    84 C4 0B 6B 29 B5 4E 42-B6 F6 50 12 CA A2 1B 08
    D0 13 5C 69 CC C3 76 DC-30 BB D4 71 79 E3 1E D3
    54 D6 D9 58 B5 53 42 4A-DB E6 D9 BB B2 FA F7 55
    10 62 2C BA CA A4 F9 A7-AD 9E 21 2D B4 19 50 70
    FC 2E 44 CB DB 62 62 03-B9 12 4F 07 1B 2C B7 FB
    77 D9 6F AC F0 46 F6 76-A6 D2 2A 6E 93 B9 C3 86
    E6 8E E8 5C A1 FA 97 5E-5D F8 04 51 24 9D C2 DE
    73 83 06 FB 18 81 2A A0-D5 5B 66 EC 7D 0A F4 8E
    1D 2D 9A 0C 51 BE 2D 5A-34 80 F5 C9 0D 53 49 EE
    29
(+18ms) Received 321 byte datagram:
    16 FE FD 00 00 00 00 00-00 00 03 01 34 0C 00 01
    28 00 02 00 00 00 00 01-28 03 00 1D 20 48 97 33
    65 C4 E3 37 E7 E8 6D 5D-7E D9 C5 D1 F8 B6 A9 34
    E3 DF C5 1A 68 B7 2B 19-AF BF 88 AE 46 04 01 01
    00 0A 92 B9 F0 D4 EB D4-34 29 4C E6 22 80 CF C8
    16 91 26 E4 38 96 2C 6A-8B DD D0 EA A1 89 5C 63
    CF AD 75 F0 F6 C5 3E 82-77 83 F3 E5 06 7D 78 85
    75 D0 93 6A 01 E6 A0 C8-2C C3 A5 7D 77 CE 93 42
    16 90 D7 40 BE DB 55 03-C2 39 2D 2C 68 7F 48 BD
    E9 F8 2D 84 BD A5 2C 3F-E7 0E 5B 48 5D C9 33 3B
    6C D1 50 B0 E7 56 65 22-31 1D 25 D0 C1 2D BA 89
    AF 53 AD D6 8B C0 19 FD-12 90 BC 27 CB AC 53 0D
    09 93 77 BE 3C 88 B7 7E-F8 D8 3D 2E C2 77 A3 93
    BE 4E AC E2 9F 8E D2 F1-C4 AA 0E E7 90 5C 6A 16
    ED 55 C8 26 AB 5C 85 46-96 0E 4B F8 BA 88 BE CC
    ED 45 D0 26 BE E2 6A 52-CD 33 C6 52 EF 18 3B EC
    96 47 16 A0 E4 60 03 A7-81 A1 3C DA E7 37 34 FD
    F0 ED 0C 10 53 38 11 89-4C CB 01 11 64 E9 EF 29
    FE 14 A7 BB D4 C9 8C DB-D0 6F 01 13 96 0D E4 BF
    B1 E0 FB 25 58 3E 86 C1-29 DD C6 77 B6 22 DE 2D
    FE
DTLS client received server certificate chain of length 1
    fingerprint:SHA-256 CA:2E:0C:52:D8:ED:49:86:8C:0B:60:13:28:49:ED:83:6A:74:3F:22:7D:E0:D4:91:3C:51:B1:53:33:B5:CF:7F (CN=BouncyCastle Test Server)
(+19ms) Received 118 byte datagram:
    16 FE FD 00 00 00 00 00-00 00 04 00 69 0D 00 00
    5D 00 03 00 00 00 00 00-5D 03 01 02 40 00 2E 08
    07 08 08 04 03 05 03 06-03 08 04 08 05 08 06 08
    09 08 0A 08 0B 04 01 05-01 06 01 04 02 05 02 06
    02 03 03 03 01 03 02 02-03 02 01 02 02 00 27 00
    25 30 23 31 21 30 1F 06-03 55 04 03 0C 18 42 6F
    75 6E 63 79 43 61 73 74-6C 65 20 54 4C 53 20 54
    65 73 74 20 43 41
(+20ms) Received 25 byte datagram:
    16 FE FD 00 00 00 00 00-00 00 05 00 0C 0E 00 00
    00 00 04 00 00 00 00 00-00
(+21ms) Sending 525 byte datagram:
    16 FE FD 00 00 00 00 00-00 00 01 02 00 0B 00 03
    4C 00 01 00 00 00 00 01-F4 00 03 49 00 03 46 30
    82 03 42 30 82 02 2A A0-03 02 01 02 02 0C 59 81
    94 F0 10 C1 27 70 20 16-7B 2F 30 0D 06 09 2A 86
    48 86 F7 0D 01 01 0B 05-00 30 23 31 21 30 1F 06
    03 55 04 03 13 18 42 6F-75 6E 63 79 43 61 73 74
    6C 65 20 54 4C 53 20 54-65 73 74 20 43 41 30 1E
    17 0D 31 37 30 38 30 32-30 39 30 31 33 36 5A 17
    0D 33 37 30 37 32 38 30-39 30 31 33 36 5A 30 23
    31 21 30 1F 06 03 55 04-03 13 18 42 6F 75 6E 63
    79 43 61 73 74 6C 65 20-54 65 73 74 20 43 6C 69
    65 6E 74 30 82 01 22 30-0D 06 09 2A 86 48 86 F7
    0D 01 01 01 05 00 03 82-01 0F 00 30 82 01 0A 02
    82 01 01 00 CF F1 8A 39-97 97 B3 D5 6D 9C 12 04
    4E A1 DC 0D A9 12 CB F8-02 EF 3A 8A D2 12 E2 A6
    FB 18 93 6F 39 9D A9 C3-1D B6 FC 03 86 AF F2 6F
    B1 81 86 9C EB 15 C5 0E-B7 98 4F 71 07 3D A5 8C
    FB 2A 18 38 50 78 B0 FB-0A 9B 57 64 07 30 61 AE
    A4 DB 3E 92 F7 54 9D D0-60 8D 3A 03 EE 16 25 CA
    15 7B 7D 4A 2F 36 B8 D0-78 DA BE E4 1C 6D 38 7B
    19 98 EE E2 94 74 CA 75-23 15 1B 67 8E E5 78 19
    93 ED 6E 48 EB 99 4A D9-A7 31 93 34 4A E9 B7 4F
    12 B9 CD 1B 36 6D E2 DF-E4 E8 4D 0E A3 07 FA 12
    55 1F D1 4B E1 B1 7D 2D-AC 50 7D 3B CC AF 09 C8
    AA 01 0A 06 53 0E DB D7-2C D6 03 D6 D6 8B 50 10
    50 F8 31 E7 C7 86 32 B4-60 41 77 C5 9E EB 86 79
    F1 EA 53 EF E7 01 50 2D-E6 91 C7 53 41 AA 07 4F
    63 72 FD 65 25 24 29 0C-CB 42 05 AE 6D B2 8A D5
    BF 2F 0E 8A 24 89 C7 5E-6D 23 23 4E B5 57 1C F7
    2F E8 1F 77 02 03 01 00-01 A3 76 30 74 30 0C 06
    03 55 1D 13 01 01 FF 04-02 30 00 30 13 06 03 55
    1D 25 04 0C 30 0A 06 08-2B 06 01 05 05 07 03 02
    30 0F 06 03 55 1D 0F 01-01 FF 04 05 03
(+21ms) Sending 369 byte datagram:
    16 FE FD 00 00 00 00 00-00 00 02 01 64 0B 00 03
    4C 00 01 00 01 F4 00 01-58 03 07 80 00 30 1D 06
    03 55 1D 0E 04 16 04 14-A8 89 9B 04 2F 4B 60 BA
    0E C8 C8 B1 D3 23 57 C0-FA D3 47 3A 30 1F 06 03
    55 1D 23 04 18 30 16 80-14 2B 42 55 9A 75 7A AA
    CC 15 7E DA 2C 3B 05 95-EB BC 51 DA 42 30 0D 06
    09 2A 86 48 86 F7 0D 01-01 0B 05 00 03 82 01 01
    00 C7 71 3D C0 CD C0 48-5A F1 67 C6 70 FF 4D FA
    58 77 89 52 38 0E 2F E5-BD 4C CE 18 E0 66 69 40
    39 32 32 A2 B1 B3 7A 66-CA A7 14 C6 E5 D6 57 E4
    A6 4C 29 0E 02 FA C7 FE-45 A1 9A 00 F1 4A CD DE
    1A B1 81 B1 13 C4 65 C5-28 95 C7 9D 0D 6A 8F 26
    9C B4 A9 91 FA 9A FD C6-7B 4F AF 57 E6 0E 71 DD
    2A 49 51 DA 2E 94 75 2D-01 EB 0E 76 AD 01 26 95
    55 11 78 3A 19 36 21 14-AF 8F 36 18 27 5E 7C 0F
    7F 9E AC 1E FD 4F 1B 78-92 A2 B6 A0 33 29 E7 DB
    88 D8 AE 15 C0 D8 97 7A-E5 90 82 89 5A A0 A4 C4
    B4 F4 AB 8E EB 8A CD EB-6B C0 B3 7C 6A 38 A2 E6
    B9 22 38 AC AE 2A 59 19-D9 2C 84 05 8A 7F C9 ED
    61 CE 6A 97 44 73 6B 39-B6 DF 32 68 20 C2 29 AB
    4A 16 16 51 2C 07 A7 4F-E0 28 C1 21 7A 7F B2 A9
    DF 42 D8 A1 15 8F B7 6A-9B EA 0B 26 8F 93 1A BE
    8B EF B2 C1 81 9E 6B EE-F7 F3 8F 8B 73 2F CE FB
    9A
DTLS server received client certificate chain of length 1
(+21ms) Sending 58 byte datagram:
    16 FE FD 00 00 00 00 00-00 00 03 00 2D 10 00 00
    21 00 02 00 00 00 00 00-21 20 A4 53 AB 29 45 6A
    84 2E FF 1A 69 F3 4F DF-D7 49 FD F6 0C E0 8D 40
    7C E8 F3 49 D8 44 1C 7A-DD 13
    fingerprint:SHA-256 7B:E0:B8:8B:0C:CA:E2:9D:C0:E8:DD:BF:AF:7C:A0:0C:B4:95:D6:80:B9:67:0F:39:B4:91:E0:D7:94:B2:3B:67 (CN=BouncyCastle Test Client)
(+25ms) Sending 285 byte datagram:
    16 FE FD 00 00 00 00 00-00 00 04 01 10 0F 00 01
    04 00 03 00 00 00 00 01-04 04 01 01 00 25 55 AC
    BB FA CA 76 2F 90 8E A2-CB A2 58 7B 1D 9B F6 3D
    B9 DC A2 78 7C 76 3D E8-54 E1 4C 17 13 54 E8 96
    2C 05 73 FF B4 72 7D 28-48 90 C4 12 59 45 42 00
    0C 40 D3 0F 30 5F E0 4E-1E 5A 7D 05 51 87 90 13
    E0 44 F2 15 5D 0B 87 0D-CF 6E BC 23 5A 02 76 4A
    B1 4B 1D 34 9F D7 46 72-D6 C0 6A 92 6F 04 69 97
    93 D3 77 DA 1C CE 30 80-95 CF 52 6B 2E 96 C1 3E
    70 BC A0 B1 5B 6F 36 37-3A 2F EA 3D C8 F3 6E 34
    A6 A4 6A 47 B6 52 EF FF-5F 9D 90 91 9E 3E 20 19
    1D E9 6F CF 6B 7C 59 64-77 A3 12 16 1D EA 9E 05
    7C 85 0B 1D B0 E1 D3 5F-7C 9A 82 D3 5B DD F5 27
    22 41 34 48 DE 02 7B FA-B0 0A D6 B3 7F 68 F5 E2
    5B DE F3 6C DB 99 9E E4-C6 85 46 61 C5 FB 54 69
    1D F9 05 D1 59 1D 69 05-70 21 26 30 C4 22 8F 15
    CF 23 4D 04 20 DB 8F 92-10 41 51 93 DE 0F 6D 1D
    D8 1A 25 AF 48 43 80 31-26 B4 2D 4E FB
(+25ms) Sending 14 byte datagram:
    14 FE FD 00 00 00 00 00-00 00 05 00 01 01
(+25ms) Sending 53 byte datagram:
    16 FE FD 00 01 00 00 00-00 00 00 00 28 77 96 C2
    DD 75 4D 30 20 77 8E 59-B5 FE DC C6 28 07 BF 22
    90 28 46 28 22 F0 96 87-F9 15 98 40 49 2F 54 47
    D1 07 2F C0 52
(+26ms) Received 14 byte datagram:
    14 FE FD 00 00 00 00 00-00 00 06 00 01 01
(+26ms) Received 53 byte datagram:
    16 FE FD 00 01 00 00 00-00 00 00 00 28 35 1B 47
    EC 81 02 6D 1A 37 D7 08-11 36 22 CF 2A 3D F6 13
    5C FE 74 14 67 A6 05 C2-7C 40 DB E8 30 F6 B5 67
    73 47 CA 86 93
(+27ms) Sending 30 byte datagram:
    17 FE FD 00 01 00 00 00-00 00 01 00 11 EC 9E 09
    EA 71 9F 08 1C 9B 17 3A-D3 74 78 5E CC 19
(+27ms) Sending 31 byte datagram:
    17 FE FD 00 01 00 00 00-00 00 02 00 12 93 CB FE
    56 5C 6B D8 EB 76 F7 BB-2E DF 69 61 8A 03 D9
(+27ms) Sending 32 byte datagram:
    17 FE FD 00 01 00 00 00-00 00 03 00 13 8E 46 DB
    DA 54 E5 F8 0D 13 E6 DF-51 F2 16 E2 4F 90 17 C1
(+27ms) Sending 33 byte datagram:
    17 FE FD 00 01 00 00 00-00 00 04 00 14 F0 AF F5
    6D A3 F0 62 BF 03 E2 84-EA 66 F1 D2 A9 D6 BB 05
    ED
(+27ms) Sending 34 byte datagram:
    17 FE FD 00 01 00 00 00-00 00 05 00 15 81 8A F9
    B6 9A FE 34 32 CE FC 88-E7 C6 65 83 00 72 E9 D7
    D6 F7
(+27ms) Sending 35 byte datagram:
    17 FE FD 00 01 00 00 00-00 00 06 00 16 BE 59 6B
    3B CC 88 F6 07 C7 4D F4-34 54 53 EA 5F 3F 4A F4
    05 37 BF
(+27ms) Sending 36 byte datagram:
    17 FE FD 00 01 00 00 00-00 00 07 00 17 FB 94 1C
    52 FB 3F BC 65 74 1D CF-91 51 9C F1 A7 87 B9 31
    64 7B A6 8D
(+28ms) Sending 37 byte datagram:
    17 FE FD 00 01 00 00 00-00 00 08 00 18 D7 DB FA
    DD 0A 4C AF 5F 56 07 60-94 7B B7 64 11 BE 8F 68
    C6 65 2F 74 09
(+28ms) Sending 38 byte datagram:
    17 FE FD 00 01 00 00 00-00 00 09 00 19 69 46 CA
    4C F4 69 AB C3 14 07 E4-89 6E 13 5D A2 9C 8F A5
    45 2E B0 AA 5F BA
(+28ms) Sending 39 byte datagram:
    17 FE FD 00 01 00 00 00-00 00 0A 00 1A FC 8B 03
    F5 FD B8 C1 C6 AC 9B E9-12 3A BE 5A 21 34 0D 82
    3F 63 83 20 0B BE 95
(+28ms) Received 30 byte datagram:
    17 FE FD 00 01 00 00 00-00 00 01 00 11 D7 CD 32
    41 9C AC 95 6E 2A 69 D0-DD 07 A2 39 33 76
(+28ms) Received 31 byte datagram:
    17 FE FD 00 01 00 00 00-00 00 02 00 12 B9 DA D1
    91 D9 96 65 99 D9 65 94-B5 14 A5 F7 EA 1F 70
(+28ms) Received 32 byte datagram:
    17 FE FD 00 01 00 00 00-00 00 03 00 13 01 94 38
    4D D4 76 45 DD E1 AE A4-E3 46 9A 59 A8 11 63 3C
(+28ms) Received 33 byte datagram:
    17 FE FD 00 01 00 00 00-00 00 04 00 14 59 5B 3D
    2C FA 45 2A DF 7B F9 8A-2D F2 75 7B 25 26 14 8A
    AC
(+29ms) Received 34 byte datagram:
    17 FE FD 00 01 00 00 00-00 00 05 00 15 1A DE C4
    2D 8A 40 BD CE E9 8F 94-6D 73 4A 99 AC FC 6F A7
    56 8E
(+29ms) Received 35 byte datagram:
    17 FE FD 00 01 00 00 00-00 00 06 00 16 1F 13 80
    CA B2 DF B2 B0 06 B9 CB-ED 66 B7 92 35 24 1A 5D
    2B AF 75
(+29ms) Received 36 byte datagram:
    17 FE FD 00 01 00 00 00-00 00 07 00 17 F5 BC D2
    35 3B B2 58 AE 37 12 02-BC B6 9F 60 23 9A 06 07
    AC CF A7 CA
(+29ms) Received 37 byte datagram:
    17 FE FD 00 01 00 00 00-00 00 08 00 18 31 01 AA
    21 B7 BB 99 73 DC 94 DF-BB E5 2B D4 C5 9D A1 39
    72 F4 04 F6 68
(+29ms) Received 38 byte datagram:
    17 FE FD 00 01 00 00 00-00 00 09 00 19 B1 71 20
    61 37 D2 34 97 35 DE 0D-23 C1 23 04 A7 E4 C8 B1
    27 4F 5D 63 CE CE
(+30ms) Received 39 byte datagram:
    17 FE FD 00 01 00 00 00-00 00 0A 00 1A CA 36 AB
    9F 42 90 A5 24 E3 5A 1E-E8 AB 5A 24 87 13 49 36
    69 CF 26 C2 EE 06 6E
DTLS client raised alert: warning(1), close_notify(0)
(+130ms) Sending 31 byte datagram:
    15 FE FD 00 01 00 00 00-00 00 0B 00 12 21 21 5B
    76 4E 11 6C 36 60 49 48-DB 70 1C F8 FF 57 4C
DTLS server received alert: warning(1), close_notify(0)
DTLS server raised alert: warning(1), close_notify(0)
]]></system-out>
  <system-err><![CDATA[]]></system-err>
</testsuite>
