<?xml version="1.0" encoding="UTF-8"?>
<testsuite name="org.bouncycastle.pqc.jcajce.provider.test.QTESLATest" tests="11" skipped="0" failures="0" errors="0" timestamp="2019-05-14T11:41:16" hostname="Garage2" time="0.261">
  <properties/>
  <testcase name="testGenerateKeyPairSigningVerifyingIIISpeed" classname="org.bouncycastle.pqc.jcajce.provider.test.QTESLATest" time="0.049"/>
  <testcase name="testGenerateKeyPairSigningVerifyingI" classname="org.bouncycastle.pqc.jcajce.provider.test.QTESLATest" time="0.014"/>
  <testcase name="testCatPIVector0" classname="org.bouncycastle.pqc.jcajce.provider.test.QTESLATest" time="0.044"/>
  <testcase name="testGenerateKeyPairSigningVerifyingPI" classname="org.bouncycastle.pqc.jcajce.provider.test.QTESLATest" time="0.028"/>
  <testcase name="testGenerateKeyPairSigningVerifyingPIII" classname="org.bouncycastle.pqc.jcajce.provider.test.QTESLATest" time="0.063"/>
  <testcase name="testCatIIISpeedVector0" classname="org.bouncycastle.pqc.jcajce.provider.test.QTESLATest" time="0.006"/>
  <testcase name="testGenerateKeyPairSigningVerifyingIIISize" classname="org.bouncycastle.pqc.jcajce.provider.test.QTESLATest" time="0.014"/>
  <testcase name="testCatIIISizeVector0" classname="org.bouncycastle.pqc.jcajce.provider.test.QTESLATest" time="0.005"/>
  <testcase name="testCatIVector0" classname="org.bouncycastle.pqc.jcajce.provider.test.QTESLATest" time="0.005"/>
  <testcase name="testCatIVector1" classname="org.bouncycastle.pqc.jcajce.provider.test.QTESLATest" time="0.006"/>
  <testcase name="testCatPIIIVector0" classname="org.bouncycastle.pqc.jcajce.provider.test.QTESLATest" time="0.025"/>
  <system-out><![CDATA[]]></system-out>
  <system-err><![CDATA[]]></system-err>
</testsuite>
