<?xml version="1.0" encoding="UTF-8"?>
<testsuite name="org.bouncycastle.jce.provider.test.nist.NistCertPathReviewerTest" tests="32" skipped="0" failures="0" errors="0" timestamp="2019-05-14T11:41:17" hostname="Garage2" time="0.191">
  <properties/>
  <testcase name="testOverlappingPoliciesTest6" classname="org.bouncycastle.jce.provider.test.nist.NistCertPathReviewerTest" time="0.028"/>
  <testcase name="testDifferentPoliciesTest12" classname="org.bouncycastle.jce.provider.test.nist.NistCertPathReviewerTest" time="0.004"/>
  <testcase name="testInvalidDSASignaturesTest6" classname="org.bouncycastle.jce.provider.test.nist.NistCertPathReviewerTest" time="0.006"/>
  <testcase name="testInvalidValidPre2000UTCNotAfterDateTest7" classname="org.bouncycastle.jce.provider.test.nist.NistCertPathReviewerTest" time="0.013"/>
  <testcase name="testAllCertificatesNoPoliciesTest2" classname="org.bouncycastle.jce.provider.test.nist.NistCertPathReviewerTest" time="0.006"/>
  <testcase name="testDifferentPoliciesTest3" classname="org.bouncycastle.jce.provider.test.nist.NistCertPathReviewerTest" time="0.01"/>
  <testcase name="testDifferentPoliciesTest4" classname="org.bouncycastle.jce.provider.test.nist.NistCertPathReviewerTest" time="0.004"/>
  <testcase name="testDifferentPoliciesTest5" classname="org.bouncycastle.jce.provider.test.nist.NistCertPathReviewerTest" time="0.004"/>
  <testcase name="testDifferentPoliciesTest7" classname="org.bouncycastle.jce.provider.test.nist.NistCertPathReviewerTest" time="0.005"/>
  <testcase name="testDifferentPoliciesTest8" classname="org.bouncycastle.jce.provider.test.nist.NistCertPathReviewerTest" time="0.006"/>
  <testcase name="testDifferentPoliciesTest9" classname="org.bouncycastle.jce.provider.test.nist.NistCertPathReviewerTest" time="0.005"/>
  <testcase name="testValidGeneralizedTimeNotBeforeDateTest4" classname="org.bouncycastle.jce.provider.test.nist.NistCertPathReviewerTest" time="0.002"/>
  <testcase name="testInvalidEENotBeforeDateTest2" classname="org.bouncycastle.jce.provider.test.nist.NistCertPathReviewerTest" time="0.003"/>
  <testcase name="testInvalidEENotAfterDateTest6" classname="org.bouncycastle.jce.provider.test.nist.NistCertPathReviewerTest" time="0.003"/>
  <testcase name="testAllCertificatesAnyPolicyTest11" classname="org.bouncycastle.jce.provider.test.nist.NistCertPathReviewerTest" time="0.005"/>
  <testcase name="testAllCertificatesSamePolicyTest1" classname="org.bouncycastle.jce.provider.test.nist.NistCertPathReviewerTest" time="0.009"/>
  <testcase name="testInvalidCASignatureTest2" classname="org.bouncycastle.jce.provider.test.nist.NistCertPathReviewerTest" time="0.003"/>
  <testcase name="testInvalidNegativeSerialNumberTest15" classname="org.bouncycastle.jce.provider.test.nist.NistCertPathReviewerTest" time="0.012"/>
  <testcase name="testAllCertificatesSamePoliciesTest10" classname="org.bouncycastle.jce.provider.test.nist.NistCertPathReviewerTest" time="0.007"/>
  <testcase name="testAllCertificatesSamePoliciesTest13" classname="org.bouncycastle.jce.provider.test.nist.NistCertPathReviewerTest" time="0.007"/>
  <testcase name="testCANotBeforeDateTest1" classname="org.bouncycastle.jce.provider.test.nist.NistCertPathReviewerTest" time="0.003"/>
  <testcase name="testValidDSASignaturesTest4" classname="org.bouncycastle.jce.provider.test.nist.NistCertPathReviewerTest" time="0.004"/>
  <testcase name="testValidSignaturesTest1" classname="org.bouncycastle.jce.provider.test.nist.NistCertPathReviewerTest" time="0.003"/>
  <testcase name="testValidPre2000UTCNotBeforeDateTest3" classname="org.bouncycastle.jce.provider.test.nist.NistCertPathReviewerTest" time="0.002"/>
  <testcase name="testInvalidEESignatureTest3" classname="org.bouncycastle.jce.provider.test.nist.NistCertPathReviewerTest" time="0.003"/>
  <testcase name="testAnyPolicyTest14" classname="org.bouncycastle.jce.provider.test.nist.NistCertPathReviewerTest" time="0.004"/>
  <testcase name="testInvalidCANotAfterDateTest5" classname="org.bouncycastle.jce.provider.test.nist.NistCertPathReviewerTest" time="0.004"/>
  <testcase name="testUserNoticeQualifierTest15" classname="org.bouncycastle.jce.provider.test.nist.NistCertPathReviewerTest" time="0.006"/>
  <testcase name="testUserNoticeQualifierTest16" classname="org.bouncycastle.jce.provider.test.nist.NistCertPathReviewerTest" time="0.005"/>
  <testcase name="testUserNoticeQualifierTest17" classname="org.bouncycastle.jce.provider.test.nist.NistCertPathReviewerTest" time="0.006"/>
  <testcase name="testUserNoticeQualifierTest18" classname="org.bouncycastle.jce.provider.test.nist.NistCertPathReviewerTest" time="0.005"/>
  <testcase name="testUserNoticeQualifierTest19" classname="org.bouncycastle.jce.provider.test.nist.NistCertPathReviewerTest" time="0.002"/>
  <system-out><![CDATA[]]></system-out>
  <system-err><![CDATA[]]></system-err>
</testsuite>
