<?xml version="1.0" encoding="UTF-8"?>
<testsuite name="com.distrimind.bouncycastle.jcajce.provider.test.BouncyCastleProviderTest" tests="1" skipped="0" failures="0" errors="0" timestamp="2020-11-08T08:52:43" hostname="Garage" time="0.068">
  <properties/>
  <testcase name="testRegisteredClasses" classname="com.distrimind.bouncycastle.jcajce.provider.test.BouncyCastleProviderTest" time="0.068"/>
  <system-out><![CDATA[]]></system-out>
  <system-err><![CDATA[]]></system-err>
</testsuite>
