<?xml version="1.0" encoding="UTF-8"?>
<testsuite name="com.distrimind.bouncycastle.pqc.jcajce.provider.test.QTESLATest" tests="4" skipped="0" failures="0" errors="0" timestamp="2021-05-27T14:26:06" hostname="Garage" time="0.222">
  <properties/>
  <testcase name="testCatPIVector0" classname="com.distrimind.bouncycastle.pqc.jcajce.provider.test.QTESLATest" time="0.027"/>
  <testcase name="testGenerateKeyPairSigningVerifyingPI" classname="com.distrimind.bouncycastle.pqc.jcajce.provider.test.QTESLATest" time="0.039"/>
  <testcase name="testGenerateKeyPairSigningVerifyingPIII" classname="com.distrimind.bouncycastle.pqc.jcajce.provider.test.QTESLATest" time="0.12"/>
  <testcase name="testCatPIIIVector0" classname="com.distrimind.bouncycastle.pqc.jcajce.provider.test.QTESLATest" time="0.036"/>
  <system-out><![CDATA[]]></system-out>
  <system-err><![CDATA[]]></system-err>
</testsuite>
