<?xml version="1.0" encoding="UTF-8"?>
<testsuite name="com.distrimind.bouncycastle.pqc.jcajce.provider.test.Sphincs256Test" tests="18" skipped="0" failures="0" errors="0" timestamp="2021-05-27T14:24:56" hostname="Garage" time="10.89">
  <properties/>
  <testcase name="testSphincsRandomSigSHA2" classname="com.distrimind.bouncycastle.pqc.jcajce.provider.test.Sphincs256Test" time="0.163"/>
  <testcase name="testSphincsRandomSigSHA3" classname="com.distrimind.bouncycastle.pqc.jcajce.provider.test.Sphincs256Test" time="0.1"/>
  <testcase name="testSphincsDefaultSha2KeyGen" classname="com.distrimind.bouncycastle.pqc.jcajce.provider.test.Sphincs256Test" time="0.007"/>
  <testcase name="testSphincsSha3Signature" classname="com.distrimind.bouncycastle.pqc.jcajce.provider.test.Sphincs256Test" time="0.1"/>
  <testcase name="testSphincsSha2Signature" classname="com.distrimind.bouncycastle.pqc.jcajce.provider.test.Sphincs256Test" time="0.097"/>
  <testcase name="testPrivateKeyRecovery" classname="com.distrimind.bouncycastle.pqc.jcajce.provider.test.Sphincs256Test" time="0.005"/>
  <testcase name="testSphincsDefaultKeyGen" classname="com.distrimind.bouncycastle.pqc.jcajce.provider.test.Sphincs256Test" time="0.005"/>
  <testcase name="testSphincsDefaultSha3KeyGen" classname="com.distrimind.bouncycastle.pqc.jcajce.provider.test.Sphincs256Test" time="0.005"/>
  <testcase name="testPublicKeyRecovery" classname="com.distrimind.bouncycastle.pqc.jcajce.provider.test.Sphincs256Test" time="0.005"/>
  <testcase name="testSphincsRandomSigSHA2" classname="com.distrimind.bouncycastle.pqc.jcajce.provider.test.Sphincs256Test" time="0.1"/>
  <testcase name="testSphincsRandomSigSHA3" classname="com.distrimind.bouncycastle.pqc.jcajce.provider.test.Sphincs256Test" time="0.099"/>
  <testcase name="testSphincsDefaultSha2KeyGen" classname="com.distrimind.bouncycastle.pqc.jcajce.provider.test.Sphincs256Test" time="0.005"/>
  <testcase name="testSphincsSha3Signature" classname="com.distrimind.bouncycastle.pqc.jcajce.provider.test.Sphincs256Test" time="0.098"/>
  <testcase name="testSphincsSha2Signature" classname="com.distrimind.bouncycastle.pqc.jcajce.provider.test.Sphincs256Test" time="0.097"/>
  <testcase name="testPrivateKeyRecovery" classname="com.distrimind.bouncycastle.pqc.jcajce.provider.test.Sphincs256Test" time="0.005"/>
  <testcase name="testSphincsDefaultKeyGen" classname="com.distrimind.bouncycastle.pqc.jcajce.provider.test.Sphincs256Test" time="0.006"/>
  <testcase name="testSphincsDefaultSha3KeyGen" classname="com.distrimind.bouncycastle.pqc.jcajce.provider.test.Sphincs256Test" time="0.004"/>
  <testcase name="testPublicKeyRecovery" classname="com.distrimind.bouncycastle.pqc.jcajce.provider.test.Sphincs256Test" time="0.005"/>
  <system-out><![CDATA[]]></system-out>
  <system-err><![CDATA[]]></system-err>
</testsuite>
