<?xml version="1.0" encoding="UTF-8"?>
<testsuite name="com.distrimind.bouncycastle.jcajce.provider.test.SP80038GTest" tests="7" skipped="0" failures="0" errors="0" timestamp="2021-11-01T15:49:35" hostname="basic" time="0.04">
  <properties/>
  <testcase name="testFF1" classname="com.distrimind.bouncycastle.jcajce.provider.test.SP80038GTest" time="0.014"/>
  <testcase name="testFF3_1" classname="com.distrimind.bouncycastle.jcajce.provider.test.SP80038GTest" time="0.002"/>
  <testcase name="testCipherReuseThroughDoFinal_Encrypt" classname="com.distrimind.bouncycastle.jcajce.provider.test.SP80038GTest" time="0.0"/>
  <testcase name="testUtility" classname="com.distrimind.bouncycastle.jcajce.provider.test.SP80038GTest" time="0.002"/>
  <testcase name="testFF3_1Vectors" classname="com.distrimind.bouncycastle.jcajce.provider.test.SP80038GTest" time="0.008"/>
  <testcase name="testFF1Vectors" classname="com.distrimind.bouncycastle.jcajce.provider.test.SP80038GTest" time="0.012"/>
  <testcase name="testCipherReuseThroughDoFinal_Decrypt" classname="com.distrimind.bouncycastle.jcajce.provider.test.SP80038GTest" time="0.0"/>
  <system-out><![CDATA[]]></system-out>
  <system-err><![CDATA[]]></system-err>
</testsuite>
