<?xml version="1.0" encoding="UTF-8"?>
<testsuite name="org.bouncycastle.pqc.jcajce.provider.test.QTESLATest" tests="4" skipped="0" failures="0" errors="0" timestamp="2020-06-02T09:21:26" hostname="Garage" time="0.342">
  <properties/>
  <testcase name="testCatPIVector0" classname="org.bouncycastle.pqc.jcajce.provider.test.QTESLATest" time="0.054"/>
  <testcase name="testGenerateKeyPairSigningVerifyingPI" classname="org.bouncycastle.pqc.jcajce.provider.test.QTESLATest" time="0.045"/>
  <testcase name="testGenerateKeyPairSigningVerifyingPIII" classname="org.bouncycastle.pqc.jcajce.provider.test.QTESLATest" time="0.193"/>
  <testcase name="testCatPIIIVector0" classname="org.bouncycastle.pqc.jcajce.provider.test.QTESLATest" time="0.05"/>
  <system-out><![CDATA[]]></system-out>
  <system-err><![CDATA[]]></system-err>
</testsuite>
