<?xml version="1.0" encoding="UTF-8"?>
<testsuite name="org.bouncycastle.pqc.jcajce.provider.test.McElieceFujisakiCipherTest" tests="3" skipped="0" failures="0" errors="0" timestamp="2020-02-15T08:12:03" hostname="Garage" time="2.009">
  <properties/>
  <testcase name="testEnDecryption_SHA224_11_50" classname="org.bouncycastle.pqc.jcajce.provider.test.McElieceFujisakiCipherTest" time="0.667"/>
  <testcase name="testEnDecryption_SHA1_11_50" classname="org.bouncycastle.pqc.jcajce.provider.test.McElieceFujisakiCipherTest" time="0.723"/>
  <testcase name="testEnDecryption_SHA256_11_50" classname="org.bouncycastle.pqc.jcajce.provider.test.McElieceFujisakiCipherTest" time="0.619"/>
  <system-out><![CDATA[]]></system-out>
  <system-err><![CDATA[]]></system-err>
</testsuite>
