<?xml version="1.0" encoding="UTF-8"?>
<testsuite name="org.bouncycastle.jce.provider.test.AllTests$SimpleTestTest" tests="1" skipped="0" failures="0" errors="0" timestamp="2019-05-14T11:41:17" hostname="Garage2" time="65.017">
  <properties/>
  <testcase name="testJCE" classname="org.bouncycastle.jce.provider.test.AllTests$SimpleTestTest" time="65.017"/>
  <system-out><![CDATA[]]></system-out>
  <system-err><![CDATA[]]></system-err>
</testsuite>
