<?xml version="1.0" encoding="UTF-8"?>
<testsuite name="org.bouncycastle.pqc.jcajce.provider.test.McEliecePointchevalCipherTest" tests="1" skipped="0" failures="0" errors="0" timestamp="2019-05-14T11:40:18" hostname="Garage2" time="0.529">
  <properties/>
  <testcase name="testEnDecryption_SHA256_11_50" classname="org.bouncycastle.pqc.jcajce.provider.test.McEliecePointchevalCipherTest" time="0.529"/>
  <system-out><![CDATA[]]></system-out>
  <system-err><![CDATA[]]></system-err>
</testsuite>
