<?xml version="1.0" encoding="UTF-8"?>
<testsuite name="org.bouncycastle.bcjcajce.provider.test.RFC3211WrapTest" tests="6" skipped="0" failures="0" errors="0" timestamp="2020-06-02T09:21:30" hostname="Garage" time="0.012">
  <properties/>
  <testcase name="testAESRFC3211Exception" classname="org.bouncycastle.bcjcajce.provider.test.RFC3211WrapTest" time="0.003"/>
  <testcase name="testTDESRFC3211Bounds" classname="org.bouncycastle.bcjcajce.provider.test.RFC3211WrapTest" time="0.004"/>
  <testcase name="testAESRFC3211Bounds" classname="org.bouncycastle.bcjcajce.provider.test.RFC3211WrapTest" time="0.001"/>
  <testcase name="testTDESRFC3211" classname="org.bouncycastle.bcjcajce.provider.test.RFC3211WrapTest" time="0.003"/>
  <testcase name="testTDESRFC3211Exception" classname="org.bouncycastle.bcjcajce.provider.test.RFC3211WrapTest" time="0.0"/>
  <testcase name="testAESRFC3211" classname="org.bouncycastle.bcjcajce.provider.test.RFC3211WrapTest" time="0.001"/>
  <system-out><![CDATA[]]></system-out>
  <system-err><![CDATA[]]></system-err>
</testsuite>
