<?xml version="1.0" encoding="UTF-8"?>
<testsuite name="org.bouncycastle.jcajce.provider.test.HybridRandomProviderTest" tests="1" skipped="0" failures="0" errors="0" timestamp="2019-05-14T11:43:14" hostname="Garage2" time="0.013">
  <properties/>
  <testcase name="testCheckForStackOverflow" classname="org.bouncycastle.jcajce.provider.test.HybridRandomProviderTest" time="0.013"/>
  <system-out><![CDATA[]]></system-out>
  <system-err><![CDATA[]]></system-err>
</testsuite>
