<?xml version="1.0" encoding="UTF-8"?>
<testsuite name="com.distrimind.bouncycastle.jce.provider.test.nist.NistCertPathTest" tests="44" skipped="0" failures="0" errors="0" timestamp="2021-11-01T15:49:36" hostname="basic" time="0.307">
  <properties/>
  <testcase name="testOverlappingPoliciesTest6" classname="com.distrimind.bouncycastle.jce.provider.test.nist.NistCertPathTest" time="0.112"/>
  <testcase name="testDifferentPoliciesTest12" classname="com.distrimind.bouncycastle.jce.provider.test.nist.NistCertPathTest" time="0.006"/>
  <testcase name="testValidinhibitPolicyMappingTest2" classname="com.distrimind.bouncycastle.jce.provider.test.nist.NistCertPathTest" time="0.007"/>
  <testcase name="testInvalidDSASignaturesTest6" classname="com.distrimind.bouncycastle.jce.provider.test.nist.NistCertPathTest" time="0.006"/>
  <testcase name="testInvalidValidPre2000UTCNotAfterDateTest7" classname="com.distrimind.bouncycastle.jce.provider.test.nist.NistCertPathTest" time="0.005"/>
  <testcase name="testInvalidInhibitPolicyMappingTest1" classname="com.distrimind.bouncycastle.jce.provider.test.nist.NistCertPathTest" time="0.005"/>
  <testcase name="testAllCertificatesNoPoliciesTest2" classname="com.distrimind.bouncycastle.jce.provider.test.nist.NistCertPathTest" time="0.005"/>
  <testcase name="testValiddistributionPointTest5" classname="com.distrimind.bouncycastle.jce.provider.test.nist.NistCertPathTest" time="0.005"/>
  <testcase name="testDifferentPoliciesTest3" classname="com.distrimind.bouncycastle.jce.provider.test.nist.NistCertPathTest" time="0.008"/>
  <testcase name="testDifferentPoliciesTest4" classname="com.distrimind.bouncycastle.jce.provider.test.nist.NistCertPathTest" time="0.005"/>
  <testcase name="testDifferentPoliciesTest5" classname="com.distrimind.bouncycastle.jce.provider.test.nist.NistCertPathTest" time="0.006"/>
  <testcase name="testDifferentPoliciesTest7" classname="com.distrimind.bouncycastle.jce.provider.test.nist.NistCertPathTest" time="0.008"/>
  <testcase name="testDifferentPoliciesTest8" classname="com.distrimind.bouncycastle.jce.provider.test.nist.NistCertPathTest" time="0.004"/>
  <testcase name="testDifferentPoliciesTest9" classname="com.distrimind.bouncycastle.jce.provider.test.nist.NistCertPathTest" time="0.006"/>
  <testcase name="testValidDSAParameterInheritanceTest5" classname="com.distrimind.bouncycastle.jce.provider.test.nist.NistCertPathTest" time="0.007"/>
  <testcase name="testValidGeneralizedTimeNotBeforeDateTest4" classname="com.distrimind.bouncycastle.jce.provider.test.nist.NistCertPathTest" time="0.003"/>
  <testcase name="testInvalidEENotBeforeDateTest2" classname="com.distrimind.bouncycastle.jce.provider.test.nist.NistCertPathTest" time="0.001"/>
  <testcase name="testInvalidEENotAfterDateTest6" classname="com.distrimind.bouncycastle.jce.provider.test.nist.NistCertPathTest" time="0.002"/>
  <testcase name="testValidpathLenConstraintTest13" classname="com.distrimind.bouncycastle.jce.provider.test.nist.NistCertPathTest" time="0.006"/>
  <testcase name="testAllCertificatesAnyPolicyTest11" classname="com.distrimind.bouncycastle.jce.provider.test.nist.NistCertPathTest" time="0.007"/>
  <testcase name="testAllCertificatesSamePolicyTest1" classname="com.distrimind.bouncycastle.jce.provider.test.nist.NistCertPathTest" time="0.006"/>
  <testcase name="testInvalidCASignatureTest2" classname="com.distrimind.bouncycastle.jce.provider.test.nist.NistCertPathTest" time="0.001"/>
  <testcase name="testInvalidNegativeSerialNumberTest15" classname="com.distrimind.bouncycastle.jce.provider.test.nist.NistCertPathTest" time="0.004"/>
  <testcase name="testInvalidUnknownCRLExtensionTest10" classname="com.distrimind.bouncycastle.jce.provider.test.nist.NistCertPathTest" time="0.003"/>
  <testcase name="testInvaliddistributionPointTest3" classname="com.distrimind.bouncycastle.jce.provider.test.nist.NistCertPathTest" time="0.003"/>
  <testcase name="testInvaliddistributionPointTest8" classname="com.distrimind.bouncycastle.jce.provider.test.nist.NistCertPathTest" time="0.003"/>
  <testcase name="testInvaliddistributionPointTest9" classname="com.distrimind.bouncycastle.jce.provider.test.nist.NistCertPathTest" time="0.002"/>
  <testcase name="testAllCertificatesSamePoliciesTest10" classname="com.distrimind.bouncycastle.jce.provider.test.nist.NistCertPathTest" time="0.004"/>
  <testcase name="testAllCertificatesSamePoliciesTest13" classname="com.distrimind.bouncycastle.jce.provider.test.nist.NistCertPathTest" time="0.006"/>
  <testcase name="testCANotBeforeDateTest1" classname="com.distrimind.bouncycastle.jce.provider.test.nist.NistCertPathTest" time="0.002"/>
  <testcase name="testValidDSASignaturesTest4" classname="com.distrimind.bouncycastle.jce.provider.test.nist.NistCertPathTest" time="0.003"/>
  <testcase name="testValidSignaturesTest1" classname="com.distrimind.bouncycastle.jce.provider.test.nist.NistCertPathTest" time="0.002"/>
  <testcase name="testValidPre2000UTCNotBeforeDateTest3" classname="com.distrimind.bouncycastle.jce.provider.test.nist.NistCertPathTest" time="0.002"/>
  <testcase name="testInvalidEESignatureTest3" classname="com.distrimind.bouncycastle.jce.provider.test.nist.NistCertPathTest" time="0.001"/>
  <testcase name="testValidSelfIssuedinhibitAnyPolicyTest7" classname="com.distrimind.bouncycastle.jce.provider.test.nist.NistCertPathTest" time="0.008"/>
  <testcase name="testInvalidonlySomeReasonsTest17" classname="com.distrimind.bouncycastle.jce.provider.test.nist.NistCertPathTest" time="0.004"/>
  <testcase name="testAnyPolicyTest14" classname="com.distrimind.bouncycastle.jce.provider.test.nist.NistCertPathTest" time="0.004"/>
  <testcase name="testInvalidCANotAfterDateTest5" classname="com.distrimind.bouncycastle.jce.provider.test.nist.NistCertPathTest" time="0.002"/>
  <testcase name="testValidSeparateCertificateandCRLKeysTest19" classname="com.distrimind.bouncycastle.jce.provider.test.nist.NistCertPathTest" time="0.003"/>
  <testcase name="testUserNoticeQualifierTest15" classname="com.distrimind.bouncycastle.jce.provider.test.nist.NistCertPathTest" time="0.005"/>
  <testcase name="testUserNoticeQualifierTest16" classname="com.distrimind.bouncycastle.jce.provider.test.nist.NistCertPathTest" time="0.008"/>
  <testcase name="testUserNoticeQualifierTest17" classname="com.distrimind.bouncycastle.jce.provider.test.nist.NistCertPathTest" time="0.004"/>
  <testcase name="testUserNoticeQualifierTest18" classname="com.distrimind.bouncycastle.jce.provider.test.nist.NistCertPathTest" time="0.004"/>
  <testcase name="testUserNoticeQualifierTest19" classname="com.distrimind.bouncycastle.jce.provider.test.nist.NistCertPathTest" time="0.002"/>
  <system-out><![CDATA[]]></system-out>
  <system-err><![CDATA[]]></system-err>
</testsuite>
