<?xml version="1.0" encoding="UTF-8"?>
<testsuite name="org.bouncycastle.pqc.jcajce.provider.test.Sphincs256Test" tests="18" skipped="0" failures="0" errors="0" timestamp="2020-07-09T14:01:06" hostname="Garage" time="14.012">
  <properties/>
  <testcase name="testSphincsRandomSigSHA2" classname="org.bouncycastle.pqc.jcajce.provider.test.Sphincs256Test" time="0.272"/>
  <testcase name="testSphincsRandomSigSHA3" classname="org.bouncycastle.pqc.jcajce.provider.test.Sphincs256Test" time="0.193"/>
  <testcase name="testSphincsDefaultSha2KeyGen" classname="org.bouncycastle.pqc.jcajce.provider.test.Sphincs256Test" time="0.027"/>
  <testcase name="testSphincsSha3Signature" classname="org.bouncycastle.pqc.jcajce.provider.test.Sphincs256Test" time="0.157"/>
  <testcase name="testSphincsSha2Signature" classname="org.bouncycastle.pqc.jcajce.provider.test.Sphincs256Test" time="0.136"/>
  <testcase name="testPrivateKeyRecovery" classname="org.bouncycastle.pqc.jcajce.provider.test.Sphincs256Test" time="0.009"/>
  <testcase name="testSphincsDefaultKeyGen" classname="org.bouncycastle.pqc.jcajce.provider.test.Sphincs256Test" time="0.007"/>
  <testcase name="testSphincsDefaultSha3KeyGen" classname="org.bouncycastle.pqc.jcajce.provider.test.Sphincs256Test" time="0.007"/>
  <testcase name="testPublicKeyRecovery" classname="org.bouncycastle.pqc.jcajce.provider.test.Sphincs256Test" time="0.008"/>
  <testcase name="testSphincsRandomSigSHA2" classname="org.bouncycastle.pqc.jcajce.provider.test.Sphincs256Test" time="0.136"/>
  <testcase name="testSphincsRandomSigSHA3" classname="org.bouncycastle.pqc.jcajce.provider.test.Sphincs256Test" time="0.134"/>
  <testcase name="testSphincsDefaultSha2KeyGen" classname="org.bouncycastle.pqc.jcajce.provider.test.Sphincs256Test" time="0.007"/>
  <testcase name="testSphincsSha3Signature" classname="org.bouncycastle.pqc.jcajce.provider.test.Sphincs256Test" time="0.134"/>
  <testcase name="testSphincsSha2Signature" classname="org.bouncycastle.pqc.jcajce.provider.test.Sphincs256Test" time="0.132"/>
  <testcase name="testPrivateKeyRecovery" classname="org.bouncycastle.pqc.jcajce.provider.test.Sphincs256Test" time="0.007"/>
  <testcase name="testSphincsDefaultKeyGen" classname="org.bouncycastle.pqc.jcajce.provider.test.Sphincs256Test" time="0.007"/>
  <testcase name="testSphincsDefaultSha3KeyGen" classname="org.bouncycastle.pqc.jcajce.provider.test.Sphincs256Test" time="0.007"/>
  <testcase name="testPublicKeyRecovery" classname="org.bouncycastle.pqc.jcajce.provider.test.Sphincs256Test" time="0.007"/>
  <system-out><![CDATA[]]></system-out>
  <system-err><![CDATA[]]></system-err>
</testsuite>
