<?xml version="1.0" encoding="UTF-8"?>
<testsuite name="org.bouncycastle.pqc.jcajce.provider.test.McEliecePointchevalCipherTest" tests="1" skipped="0" failures="0" errors="0" timestamp="2020-02-15T08:12:05" hostname="Garage" time="0.636">
  <properties/>
  <testcase name="testEnDecryption_SHA256_11_50" classname="org.bouncycastle.pqc.jcajce.provider.test.McEliecePointchevalCipherTest" time="0.636"/>
  <system-out><![CDATA[]]></system-out>
  <system-err><![CDATA[]]></system-err>
</testsuite>
