<?xml version="1.0" encoding="UTF-8"?>
<testsuite name="org.bouncycastle.pqc.jcajce.provider.test.XMSSMTTest" tests="17" skipped="0" failures="0" errors="0" timestamp="2020-07-09T14:02:02" hostname="Garage" time="21.525">
  <properties/>
  <testcase name="testNoRepeats" classname="org.bouncycastle.pqc.jcajce.provider.test.XMSSMTTest" time="0.398"/>
  <testcase name="testXMSSMTSha512KeyFactory" classname="org.bouncycastle.pqc.jcajce.provider.test.XMSSMTTest" time="0.032"/>
  <testcase name="testXMSSMTShake256Signature" classname="org.bouncycastle.pqc.jcajce.provider.test.XMSSMTTest" time="0.114"/>
  <testcase name="testXMSSMTSha256SignatureMultiple" classname="org.bouncycastle.pqc.jcajce.provider.test.XMSSMTTest" time="0.313"/>
  <testcase name="testPrehashWithWithout" classname="org.bouncycastle.pqc.jcajce.provider.test.XMSSMTTest" time="0.604"/>
  <testcase name="testExhaustion" classname="org.bouncycastle.pqc.jcajce.provider.test.XMSSMTTest" time="0.21"/>
  <testcase name="testXMSSMTShake128Signature" classname="org.bouncycastle.pqc.jcajce.provider.test.XMSSMTTest" time="0.034"/>
  <testcase name="testPrivateKeyRecovery" classname="org.bouncycastle.pqc.jcajce.provider.test.XMSSMTTest" time="0.002"/>
  <testcase name="testXMSSMTSha512Signature" classname="org.bouncycastle.pqc.jcajce.provider.test.XMSSMTTest" time="0.223"/>
  <testcase name="testShardedKeyExhaustion" classname="org.bouncycastle.pqc.jcajce.provider.test.XMSSMTTest" time="0.245"/>
  <testcase name="testXMSSMTSha256Signature" classname="org.bouncycastle.pqc.jcajce.provider.test.XMSSMTTest" time="0.081"/>
  <testcase name="testKeyRebuild" classname="org.bouncycastle.pqc.jcajce.provider.test.XMSSMTTest" time="0.842"/>
  <testcase name="testKeyExtraction" classname="org.bouncycastle.pqc.jcajce.provider.test.XMSSMTTest" time="8.287"/>
  <testcase name="testPublicKeyRecovery" classname="org.bouncycastle.pqc.jcajce.provider.test.XMSSMTTest" time="0.0"/>
  <testcase name="testReserialization" classname="org.bouncycastle.pqc.jcajce.provider.test.XMSSMTTest" time="0.444"/>
  <testcase name="testXMSSMTSha256KeyFactory" classname="org.bouncycastle.pqc.jcajce.provider.test.XMSSMTTest" time="9.694"/>
  <testcase name="test160PrivateKeyRecovery" classname="org.bouncycastle.pqc.jcajce.provider.test.XMSSMTTest" time="0.001"/>
  <system-out><![CDATA[]]></system-out>
  <system-err><![CDATA[]]></system-err>
</testsuite>
