<?xml version="1.0" encoding="UTF-8"?>
<testsuite name="org.bouncycastle.pqc.jcajce.provider.test.McEliecePointchevalCipherTest" tests="1" skipped="0" failures="0" errors="0" timestamp="2020-06-02T09:20:14" hostname="Garage" time="1.251">
  <properties/>
  <testcase name="testEnDecryption_SHA256_11_50" classname="org.bouncycastle.pqc.jcajce.provider.test.McEliecePointchevalCipherTest" time="1.251"/>
  <system-out><![CDATA[]]></system-out>
  <system-err><![CDATA[]]></system-err>
</testsuite>
