<?xml version="1.0" encoding="UTF-8"?>
<testsuite name="org.bouncycastle.pqc.jcajce.provider.test.McElieceKeyPairGeneratorTest" tests="3" skipped="0" failures="0" errors="0" timestamp="2020-02-15T08:12:10" hostname="Garage" time="0.413">
  <properties/>
  <testcase name="testKeyFactory" classname="org.bouncycastle.pqc.jcajce.provider.test.McElieceKeyPairGeneratorTest" time="0.0"/>
  <testcase name="testKeyPairEncoding_9_33" classname="org.bouncycastle.pqc.jcajce.provider.test.McElieceKeyPairGeneratorTest" time="0.22"/>
  <testcase name="testKeyPairEncoding_CCA2" classname="org.bouncycastle.pqc.jcajce.provider.test.McElieceKeyPairGeneratorTest" time="0.193"/>
  <system-out><![CDATA[]]></system-out>
  <system-err><![CDATA[]]></system-err>
</testsuite>
