<?xml version="1.0" encoding="UTF-8"?>
<testsuite name="org.bouncycastle.pqc.jcajce.provider.test.NewHopeTest" tests="3" skipped="0" failures="0" errors="0" timestamp="2019-05-14T11:40:24" hostname="Garage2" time="0.385">
  <properties/>
  <testcase name="testKeyExchange" classname="org.bouncycastle.pqc.jcajce.provider.test.NewHopeTest" time="0.382"/>
  <testcase name="testPrivateKeyRecovery" classname="org.bouncycastle.pqc.jcajce.provider.test.NewHopeTest" time="0.002"/>
  <testcase name="testPublicKeyRecovery" classname="org.bouncycastle.pqc.jcajce.provider.test.NewHopeTest" time="0.001"/>
  <system-out><![CDATA[]]></system-out>
  <system-err><![CDATA[]]></system-err>
</testsuite>
