<?xml version="1.0" encoding="UTF-8"?>
<testsuite name="com.distrimind.bouncycastle.jcajce.provider.test.HybridRandomProviderTest" tests="1" skipped="0" failures="0" errors="0" timestamp="2021-11-01T15:49:35" hostname="basic" time="0.003">
  <properties/>
  <testcase name="testCheckForStackOverflow" classname="com.distrimind.bouncycastle.jcajce.provider.test.HybridRandomProviderTest" time="0.003"/>
  <system-out><![CDATA[]]></system-out>
  <system-err><![CDATA[]]></system-err>
</testsuite>
