<?xml version="1.0" encoding="UTF-8"?>
<testsuite name="com.distrimind.bouncycastle.pqc.jcajce.provider.test.XMSSMTTest" tests="17" skipped="0" failures="0" errors="0" timestamp="2020-07-14T23:13:44" hostname="Garage" time="20.846">
  <properties/>
  <testcase name="testNoRepeats" classname="com.distrimind.bouncycastle.pqc.jcajce.provider.test.XMSSMTTest" time="0.379"/>
  <testcase name="testXMSSMTSha512KeyFactory" classname="com.distrimind.bouncycastle.pqc.jcajce.provider.test.XMSSMTTest" time="0.033"/>
  <testcase name="testXMSSMTShake256Signature" classname="com.distrimind.bouncycastle.pqc.jcajce.provider.test.XMSSMTTest" time="0.114"/>
  <testcase name="testXMSSMTSha256SignatureMultiple" classname="com.distrimind.bouncycastle.pqc.jcajce.provider.test.XMSSMTTest" time="0.292"/>
  <testcase name="testPrehashWithWithout" classname="com.distrimind.bouncycastle.pqc.jcajce.provider.test.XMSSMTTest" time="0.597"/>
  <testcase name="testExhaustion" classname="com.distrimind.bouncycastle.pqc.jcajce.provider.test.XMSSMTTest" time="0.203"/>
  <testcase name="testXMSSMTShake128Signature" classname="com.distrimind.bouncycastle.pqc.jcajce.provider.test.XMSSMTTest" time="0.034"/>
  <testcase name="testPrivateKeyRecovery" classname="com.distrimind.bouncycastle.pqc.jcajce.provider.test.XMSSMTTest" time="0.0"/>
  <testcase name="testXMSSMTSha512Signature" classname="com.distrimind.bouncycastle.pqc.jcajce.provider.test.XMSSMTTest" time="0.23"/>
  <testcase name="testShardedKeyExhaustion" classname="com.distrimind.bouncycastle.pqc.jcajce.provider.test.XMSSMTTest" time="0.236"/>
  <testcase name="testXMSSMTSha256Signature" classname="com.distrimind.bouncycastle.pqc.jcajce.provider.test.XMSSMTTest" time="0.077"/>
  <testcase name="testKeyRebuild" classname="com.distrimind.bouncycastle.pqc.jcajce.provider.test.XMSSMTTest" time="0.814"/>
  <testcase name="testKeyExtraction" classname="com.distrimind.bouncycastle.pqc.jcajce.provider.test.XMSSMTTest" time="7.877"/>
  <testcase name="testPublicKeyRecovery" classname="com.distrimind.bouncycastle.pqc.jcajce.provider.test.XMSSMTTest" time="0.0"/>
  <testcase name="testReserialization" classname="com.distrimind.bouncycastle.pqc.jcajce.provider.test.XMSSMTTest" time="0.438"/>
  <testcase name="testXMSSMTSha256KeyFactory" classname="com.distrimind.bouncycastle.pqc.jcajce.provider.test.XMSSMTTest" time="9.522"/>
  <testcase name="test160PrivateKeyRecovery" classname="com.distrimind.bouncycastle.pqc.jcajce.provider.test.XMSSMTTest" time="0.0"/>
  <system-out><![CDATA[]]></system-out>
  <system-err><![CDATA[]]></system-err>
</testsuite>
