<?xml version="1.0" encoding="UTF-8"?>
<testsuite name="com.distrimind.bouncycastle.pqc.jcajce.provider.test.McEliecePointchevalCipherTest" tests="1" skipped="0" failures="0" errors="0" timestamp="2020-07-14T23:12:54" hostname="Garage" time="0.57">
  <properties/>
  <testcase name="testEnDecryption_SHA256_11_50" classname="com.distrimind.bouncycastle.pqc.jcajce.provider.test.McEliecePointchevalCipherTest" time="0.57"/>
  <system-out><![CDATA[]]></system-out>
  <system-err><![CDATA[]]></system-err>
</testsuite>
