<?xml version="1.0" encoding="UTF-8"?>
<testsuite name="org.bouncycastle.jcajce.provider.test.ECAlgorithmParametersTest" tests="1" skipped="0" failures="0" errors="0" timestamp="2019-05-14T11:42:22" hostname="Garage2" time="0.016">
  <properties/>
  <testcase name="testRecogniseStandardCurveNames" classname="org.bouncycastle.jcajce.provider.test.ECAlgorithmParametersTest" time="0.016"/>
  <system-out><![CDATA[]]></system-out>
  <system-err><![CDATA[]]></system-err>
</testsuite>
