<?xml version="1.0" encoding="UTF-8"?>
<testsuite name="org.bouncycastle.pqc.jcajce.provider.test.RainbowSignatureTest" tests="7" skipped="0" failures="0" errors="0" timestamp="2020-07-09T14:01:07" hostname="Garage" time="5.304">
  <properties/>
  <testcase name="testRainbowWithSHA224" classname="org.bouncycastle.pqc.jcajce.provider.test.RainbowSignatureTest" time="0.174"/>
  <testcase name="testRainbowWithSHA384" classname="org.bouncycastle.pqc.jcajce.provider.test.RainbowSignatureTest" time="0.097"/>
  <testcase name="testRainbowWithSHA512" classname="org.bouncycastle.pqc.jcajce.provider.test.RainbowSignatureTest" time="0.093"/>
  <testcase name="testSignVerifyWithRandomParams" classname="org.bouncycastle.pqc.jcajce.provider.test.RainbowSignatureTest" time="3.163"/>
  <testcase name="test_KeyFactory" classname="org.bouncycastle.pqc.jcajce.provider.test.RainbowSignatureTest" time="0.088"/>
  <testcase name="testRainbowithSHA256" classname="org.bouncycastle.pqc.jcajce.provider.test.RainbowSignatureTest" time="0.081"/>
  <testcase name="testSignVerifyWithDefaultParams" classname="org.bouncycastle.pqc.jcajce.provider.test.RainbowSignatureTest" time="1.606"/>
  <system-out><![CDATA[]]></system-out>
  <system-err><![CDATA[]]></system-err>
</testsuite>
