<?xml version="1.0" encoding="UTF-8"?>
<testsuite name="org.bouncycastle.bcjcajce.provider.test.HybridRandomProviderTest" tests="1" skipped="0" failures="0" errors="0" timestamp="2020-02-15T08:13:02" hostname="Garage" time="0.002">
  <properties/>
  <testcase name="testCheckForStackOverflow" classname="org.bouncycastle.bcjcajce.provider.test.HybridRandomProviderTest" time="0.002"/>
  <system-out><![CDATA[]]></system-out>
  <system-err><![CDATA[]]></system-err>
</testsuite>
