<?xml version="1.0" encoding="UTF-8"?>
<testsuite name="org.bouncycastle.pqc.jcajce.provider.test.McElieceCCA2KeyPairGeneratorTest" tests="2" skipped="0" failures="0" errors="0" timestamp="2020-07-09T14:01:19" hostname="Garage" time="0.11">
  <properties/>
  <testcase name="testKeyFactory" classname="org.bouncycastle.pqc.jcajce.provider.test.McElieceCCA2KeyPairGeneratorTest" time="0.001"/>
  <testcase name="testKeyPairEncoding_9_33" classname="org.bouncycastle.pqc.jcajce.provider.test.McElieceCCA2KeyPairGeneratorTest" time="0.109"/>
  <system-out><![CDATA[]]></system-out>
  <system-err><![CDATA[]]></system-err>
</testsuite>
