<?xml version="1.0" encoding="UTF-8"?>
<testsuite name="com.distrimind.bouncycastle.pqc.jcajce.provider.test.McElieceKeyPairGeneratorTest" tests="3" skipped="0" failures="0" errors="0" timestamp="2020-07-14T23:12:59" hostname="Garage" time="0.514">
  <properties/>
  <testcase name="testKeyFactory" classname="com.distrimind.bouncycastle.pqc.jcajce.provider.test.McElieceKeyPairGeneratorTest" time="0.0"/>
  <testcase name="testKeyPairEncoding_9_33" classname="com.distrimind.bouncycastle.pqc.jcajce.provider.test.McElieceKeyPairGeneratorTest" time="0.195"/>
  <testcase name="testKeyPairEncoding_CCA2" classname="com.distrimind.bouncycastle.pqc.jcajce.provider.test.McElieceKeyPairGeneratorTest" time="0.319"/>
  <system-out><![CDATA[]]></system-out>
  <system-err><![CDATA[]]></system-err>
</testsuite>
