<?xml version="1.0" encoding="UTF-8"?>
<testsuite name="com.distrimind.bouncycastle.jcajce.provider.test.ECAlgorithmParametersTest" tests="1" skipped="0" failures="0" errors="0" timestamp="2021-05-27T14:26:07" hostname="Garage" time="0.008">
  <properties/>
  <testcase name="testRecogniseStandardCurveNames" classname="com.distrimind.bouncycastle.jcajce.provider.test.ECAlgorithmParametersTest" time="0.008"/>
  <system-out><![CDATA[]]></system-out>
  <system-err><![CDATA[]]></system-err>
</testsuite>
