<?xml version="1.0" encoding="UTF-8"?>
<testsuite name="com.distrimind.bouncycastle.pqc.jcajce.provider.test.XMSSMTTest" tests="17" skipped="0" failures="0" errors="0" timestamp="2020-11-08T08:52:17" hostname="Garage" time="21.858">
  <properties/>
  <testcase name="testNoRepeats" classname="com.distrimind.bouncycastle.pqc.jcajce.provider.test.XMSSMTTest" time="0.392"/>
  <testcase name="testXMSSMTSha512KeyFactory" classname="com.distrimind.bouncycastle.pqc.jcajce.provider.test.XMSSMTTest" time="0.033"/>
  <testcase name="testXMSSMTShake256Signature" classname="com.distrimind.bouncycastle.pqc.jcajce.provider.test.XMSSMTTest" time="0.244"/>
  <testcase name="testXMSSMTSha256SignatureMultiple" classname="com.distrimind.bouncycastle.pqc.jcajce.provider.test.XMSSMTTest" time="0.302"/>
  <testcase name="testPrehashWithWithout" classname="com.distrimind.bouncycastle.pqc.jcajce.provider.test.XMSSMTTest" time="0.922"/>
  <testcase name="testExhaustion" classname="com.distrimind.bouncycastle.pqc.jcajce.provider.test.XMSSMTTest" time="0.215"/>
  <testcase name="testXMSSMTShake128Signature" classname="com.distrimind.bouncycastle.pqc.jcajce.provider.test.XMSSMTTest" time="0.048"/>
  <testcase name="testPrivateKeyRecovery" classname="com.distrimind.bouncycastle.pqc.jcajce.provider.test.XMSSMTTest" time="0.0"/>
  <testcase name="testXMSSMTSha512Signature" classname="com.distrimind.bouncycastle.pqc.jcajce.provider.test.XMSSMTTest" time="0.231"/>
  <testcase name="testShardedKeyExhaustion" classname="com.distrimind.bouncycastle.pqc.jcajce.provider.test.XMSSMTTest" time="0.25"/>
  <testcase name="testXMSSMTSha256Signature" classname="com.distrimind.bouncycastle.pqc.jcajce.provider.test.XMSSMTTest" time="0.08"/>
  <testcase name="testKeyRebuild" classname="com.distrimind.bouncycastle.pqc.jcajce.provider.test.XMSSMTTest" time="0.838"/>
  <testcase name="testKeyExtraction" classname="com.distrimind.bouncycastle.pqc.jcajce.provider.test.XMSSMTTest" time="8.193"/>
  <testcase name="testPublicKeyRecovery" classname="com.distrimind.bouncycastle.pqc.jcajce.provider.test.XMSSMTTest" time="0.0"/>
  <testcase name="testReserialization" classname="com.distrimind.bouncycastle.pqc.jcajce.provider.test.XMSSMTTest" time="0.444"/>
  <testcase name="testXMSSMTSha256KeyFactory" classname="com.distrimind.bouncycastle.pqc.jcajce.provider.test.XMSSMTTest" time="9.665"/>
  <testcase name="test160PrivateKeyRecovery" classname="com.distrimind.bouncycastle.pqc.jcajce.provider.test.XMSSMTTest" time="0.0"/>
  <system-out><![CDATA[]]></system-out>
  <system-err><![CDATA[]]></system-err>
</testsuite>
