<?xml version="1.0" encoding="UTF-8"?>
<testsuite name="org.bouncycastle.bcjcajce.provider.test.RandomTest" tests="2" skipped="0" failures="0" errors="0" timestamp="2020-02-15T08:13:02" hostname="Garage" time="0.019">
  <properties/>
  <testcase name="testCheckRandom" classname="org.bouncycastle.bcjcajce.provider.test.RandomTest" time="0.012"/>
  <testcase name="testCheckNonceIVRandom" classname="org.bouncycastle.bcjcajce.provider.test.RandomTest" time="0.007"/>
  <system-out><![CDATA[]]></system-out>
  <system-err><![CDATA[]]></system-err>
</testsuite>
