<?xml version="1.0" encoding="UTF-8"?>
<testsuite name="com.distrimind.bouncycastle.jcajce.provider.test.ECAlgorithmParametersTest" tests="1" skipped="0" failures="0" errors="0" timestamp="2020-11-08T08:52:39" hostname="Garage" time="0.016">
  <properties/>
  <testcase name="testRecogniseStandardCurveNames" classname="com.distrimind.bouncycastle.jcajce.provider.test.ECAlgorithmParametersTest" time="0.016"/>
  <system-out><![CDATA[]]></system-out>
  <system-err><![CDATA[]]></system-err>
</testsuite>
