<?xml version="1.0" encoding="UTF-8"?>
<testsuite name="com.distrimind.bouncycastle.jce.provider.test.rsa3.RSA3CertTest" tests="11" skipped="0" failures="0" errors="0" timestamp="2021-11-01T15:49:36" hostname="basic" time="0.039">
  <properties/>
  <testcase name="testA" classname="com.distrimind.bouncycastle.jce.provider.test.rsa3.RSA3CertTest" time="0.017"/>
  <testcase name="testB" classname="com.distrimind.bouncycastle.jce.provider.test.rsa3.RSA3CertTest" time="0.002"/>
  <testcase name="testC" classname="com.distrimind.bouncycastle.jce.provider.test.rsa3.RSA3CertTest" time="0.002"/>
  <testcase name="testD" classname="com.distrimind.bouncycastle.jce.provider.test.rsa3.RSA3CertTest" time="0.002"/>
  <testcase name="testE" classname="com.distrimind.bouncycastle.jce.provider.test.rsa3.RSA3CertTest" time="0.002"/>
  <testcase name="testF" classname="com.distrimind.bouncycastle.jce.provider.test.rsa3.RSA3CertTest" time="0.002"/>
  <testcase name="testG" classname="com.distrimind.bouncycastle.jce.provider.test.rsa3.RSA3CertTest" time="0.002"/>
  <testcase name="testH" classname="com.distrimind.bouncycastle.jce.provider.test.rsa3.RSA3CertTest" time="0.002"/>
  <testcase name="testI" classname="com.distrimind.bouncycastle.jce.provider.test.rsa3.RSA3CertTest" time="0.002"/>
  <testcase name="testJ" classname="com.distrimind.bouncycastle.jce.provider.test.rsa3.RSA3CertTest" time="0.002"/>
  <testcase name="testL" classname="com.distrimind.bouncycastle.jce.provider.test.rsa3.RSA3CertTest" time="0.002"/>
  <system-out><![CDATA[]]></system-out>
  <system-err><![CDATA[]]></system-err>
</testsuite>
