<?xml version="1.0" encoding="UTF-8"?>
<testsuite name="org.bouncycastle.jce.provider.test.AllTests$SimpleTestTest" tests="1" skipped="0" failures="0" errors="0" timestamp="2020-06-02T09:21:31" hostname="Garage" time="35.087">
  <properties/>
  <testcase name="testJCE" classname="org.bouncycastle.jce.provider.test.AllTests$SimpleTestTest" time="35.087"/>
  <system-out><![CDATA[]]></system-out>
  <system-err><![CDATA[]]></system-err>
</testsuite>
