<?xml version="1.0" encoding="UTF-8"?>
<testsuite name="org.bouncycastle.jcajce.provider.test.PrivateConstructorTest" tests="2" skipped="0" failures="0" errors="0" timestamp="2019-05-14T11:42:22" hostname="Garage2" time="0.0">
  <properties/>
  <testcase name="testSymmetric" classname="org.bouncycastle.jcajce.provider.test.PrivateConstructorTest" time="0.0"/>
  <testcase name="testDigest" classname="org.bouncycastle.jcajce.provider.test.PrivateConstructorTest" time="0.0"/>
  <system-out><![CDATA[]]></system-out>
  <system-err><![CDATA[]]></system-err>
</testsuite>
