<?xml version="1.0" encoding="UTF-8"?>
<testsuite name="org.bouncycastle.pqc.jcajce.provider.test.Sphincs256Test" tests="18" skipped="0" failures="0" errors="0" timestamp="2020-06-02T09:20:03" hostname="Garage" time="18.544">
  <properties/>
  <testcase name="testSphincsRandomSigSHA2" classname="org.bouncycastle.pqc.jcajce.provider.test.Sphincs256Test" time="0.248"/>
  <testcase name="testSphincsRandomSigSHA3" classname="org.bouncycastle.pqc.jcajce.provider.test.Sphincs256Test" time="0.152"/>
  <testcase name="testSphincsDefaultSha2KeyGen" classname="org.bouncycastle.pqc.jcajce.provider.test.Sphincs256Test" time="0.021"/>
  <testcase name="testSphincsSha3Signature" classname="org.bouncycastle.pqc.jcajce.provider.test.Sphincs256Test" time="0.141"/>
  <testcase name="testSphincsSha2Signature" classname="org.bouncycastle.pqc.jcajce.provider.test.Sphincs256Test" time="0.135"/>
  <testcase name="testPrivateKeyRecovery" classname="org.bouncycastle.pqc.jcajce.provider.test.Sphincs256Test" time="0.008"/>
  <testcase name="testSphincsDefaultKeyGen" classname="org.bouncycastle.pqc.jcajce.provider.test.Sphincs256Test" time="0.007"/>
  <testcase name="testSphincsDefaultSha3KeyGen" classname="org.bouncycastle.pqc.jcajce.provider.test.Sphincs256Test" time="0.007"/>
  <testcase name="testPublicKeyRecovery" classname="org.bouncycastle.pqc.jcajce.provider.test.Sphincs256Test" time="0.008"/>
  <testcase name="testSphincsRandomSigSHA2" classname="org.bouncycastle.pqc.jcajce.provider.test.Sphincs256Test" time="0.139"/>
  <testcase name="testSphincsRandomSigSHA3" classname="org.bouncycastle.pqc.jcajce.provider.test.Sphincs256Test" time="0.135"/>
  <testcase name="testSphincsDefaultSha2KeyGen" classname="org.bouncycastle.pqc.jcajce.provider.test.Sphincs256Test" time="0.007"/>
  <testcase name="testSphincsSha3Signature" classname="org.bouncycastle.pqc.jcajce.provider.test.Sphincs256Test" time="0.136"/>
  <testcase name="testSphincsSha2Signature" classname="org.bouncycastle.pqc.jcajce.provider.test.Sphincs256Test" time="0.131"/>
  <testcase name="testPrivateKeyRecovery" classname="org.bouncycastle.pqc.jcajce.provider.test.Sphincs256Test" time="0.007"/>
  <testcase name="testSphincsDefaultKeyGen" classname="org.bouncycastle.pqc.jcajce.provider.test.Sphincs256Test" time="0.007"/>
  <testcase name="testSphincsDefaultSha3KeyGen" classname="org.bouncycastle.pqc.jcajce.provider.test.Sphincs256Test" time="0.007"/>
  <testcase name="testPublicKeyRecovery" classname="org.bouncycastle.pqc.jcajce.provider.test.Sphincs256Test" time="0.006"/>
  <system-out><![CDATA[]]></system-out>
  <system-err><![CDATA[]]></system-err>
</testsuite>
