<?xml version="1.0" encoding="UTF-8"?>
<testsuite name="com.distrimind.bouncycastle.jcajce.provider.test.RandomTest" tests="2" skipped="0" failures="0" errors="0" timestamp="2021-11-01T15:49:35" hostname="basic" time="0.027">
  <properties/>
  <testcase name="testCheckRandom" classname="com.distrimind.bouncycastle.jcajce.provider.test.RandomTest" time="0.017"/>
  <testcase name="testCheckNonceIVRandom" classname="com.distrimind.bouncycastle.jcajce.provider.test.RandomTest" time="0.01"/>
  <system-out><![CDATA[]]></system-out>
  <system-err><![CDATA[]]></system-err>
</testsuite>
