<?xml version="1.0" encoding="UTF-8"?>
<testsuite name="org.bouncycastle.pqc.jcajce.provider.test.McElieceKeyPairGeneratorTest" tests="3" skipped="0" failures="0" errors="0" timestamp="2019-05-14T11:40:23" hostname="Garage2" time="0.642">
  <properties/>
  <testcase name="testKeyFactory" classname="org.bouncycastle.pqc.jcajce.provider.test.McElieceKeyPairGeneratorTest" time="0.0"/>
  <testcase name="testKeyPairEncoding_9_33" classname="org.bouncycastle.pqc.jcajce.provider.test.McElieceKeyPairGeneratorTest" time="0.229"/>
  <testcase name="testKeyPairEncoding_CCA2" classname="org.bouncycastle.pqc.jcajce.provider.test.McElieceKeyPairGeneratorTest" time="0.412"/>
  <system-out><![CDATA[]]></system-out>
  <system-err><![CDATA[]]></system-err>
</testsuite>
