<?xml version="1.0" encoding="UTF-8"?>
<testsuite name="org.bouncycastle.bcjcajce.provider.test.PrivateConstructorTest" tests="2" skipped="0" failures="0" errors="0" timestamp="2020-02-15T08:13:02" hostname="Garage" time="0.0">
  <properties/>
  <testcase name="testSymmetric" classname="org.bouncycastle.bcjcajce.provider.test.PrivateConstructorTest" time="0.0"/>
  <testcase name="testDigest" classname="org.bouncycastle.bcjcajce.provider.test.PrivateConstructorTest" time="0.0"/>
  <system-out><![CDATA[]]></system-out>
  <system-err><![CDATA[]]></system-err>
</testsuite>
