<?xml version="1.0" encoding="UTF-8"?>
<testsuite name="org.bouncycastle.jce.provider.test.SimpleTestTest" tests="1" skipped="0" failures="0" errors="0" timestamp="2020-07-09T14:02:29" hostname="Garage" time="0.0">
  <properties/>
  <testcase name="testJCE" classname="org.bouncycastle.jce.provider.test.SimpleTestTest" time="0.0"/>
  <system-out><![CDATA[]]></system-out>
  <system-err><![CDATA[]]></system-err>
</testsuite>
