<?xml version="1.0" encoding="UTF-8"?>
<testsuite name="org.bouncycastle.bcjcajce.provider.test.BouncyCastleProviderTest" tests="1" skipped="0" failures="0" errors="0" timestamp="2020-06-02T09:21:30" hostname="Garage" time="0.168">
  <properties/>
  <testcase name="testRegisteredClasses" classname="org.bouncycastle.bcjcajce.provider.test.BouncyCastleProviderTest" time="0.168"/>
  <system-out><![CDATA[]]></system-out>
  <system-err><![CDATA[]]></system-err>
</testsuite>
