<?xml version="1.0" encoding="UTF-8"?>
<testsuite name="org.bouncycastle.pqc.jcajce.provider.test.RainbowSignatureTest" tests="7" skipped="0" failures="0" errors="0" timestamp="2019-05-14T11:40:05" hostname="Garage2" time="11.067">
  <properties/>
  <testcase name="testRainbowWithSHA224" classname="org.bouncycastle.pqc.jcajce.provider.test.RainbowSignatureTest" time="0.155"/>
  <testcase name="testRainbowWithSHA384" classname="org.bouncycastle.pqc.jcajce.provider.test.RainbowSignatureTest" time="0.107"/>
  <testcase name="testRainbowWithSHA512" classname="org.bouncycastle.pqc.jcajce.provider.test.RainbowSignatureTest" time="0.099"/>
  <testcase name="testSignVerifyWithRandomParams" classname="org.bouncycastle.pqc.jcajce.provider.test.RainbowSignatureTest" time="8.814"/>
  <testcase name="test_KeyFactory" classname="org.bouncycastle.pqc.jcajce.provider.test.RainbowSignatureTest" time="0.096"/>
  <testcase name="testRainbowithSHA256" classname="org.bouncycastle.pqc.jcajce.provider.test.RainbowSignatureTest" time="0.088"/>
  <testcase name="testSignVerifyWithDefaultParams" classname="org.bouncycastle.pqc.jcajce.provider.test.RainbowSignatureTest" time="1.708"/>
  <system-out><![CDATA[]]></system-out>
  <system-err><![CDATA[]]></system-err>
</testsuite>
