<?xml version="1.0" encoding="UTF-8"?>
<testsuite name="org.bouncycastle.jce.provider.test.nist.NistCertPathReviewerTest" tests="32" skipped="0" failures="0" errors="0" timestamp="2020-06-02T09:21:31" hostname="Garage" time="0.078">
  <properties/>
  <testcase name="testOverlappingPoliciesTest6" classname="org.bouncycastle.jce.provider.test.nist.NistCertPathReviewerTest" time="0.017"/>
  <testcase name="testDifferentPoliciesTest12" classname="org.bouncycastle.jce.provider.test.nist.NistCertPathReviewerTest" time="0.001"/>
  <testcase name="testInvalidDSASignaturesTest6" classname="org.bouncycastle.jce.provider.test.nist.NistCertPathReviewerTest" time="0.002"/>
  <testcase name="testInvalidValidPre2000UTCNotAfterDateTest7" classname="org.bouncycastle.jce.provider.test.nist.NistCertPathReviewerTest" time="0.007"/>
  <testcase name="testAllCertificatesNoPoliciesTest2" classname="org.bouncycastle.jce.provider.test.nist.NistCertPathReviewerTest" time="0.001"/>
  <testcase name="testDifferentPoliciesTest3" classname="org.bouncycastle.jce.provider.test.nist.NistCertPathReviewerTest" time="0.004"/>
  <testcase name="testDifferentPoliciesTest4" classname="org.bouncycastle.jce.provider.test.nist.NistCertPathReviewerTest" time="0.001"/>
  <testcase name="testDifferentPoliciesTest5" classname="org.bouncycastle.jce.provider.test.nist.NistCertPathReviewerTest" time="0.001"/>
  <testcase name="testDifferentPoliciesTest7" classname="org.bouncycastle.jce.provider.test.nist.NistCertPathReviewerTest" time="0.002"/>
  <testcase name="testDifferentPoliciesTest8" classname="org.bouncycastle.jce.provider.test.nist.NistCertPathReviewerTest" time="0.002"/>
  <testcase name="testDifferentPoliciesTest9" classname="org.bouncycastle.jce.provider.test.nist.NistCertPathReviewerTest" time="0.002"/>
  <testcase name="testValidGeneralizedTimeNotBeforeDateTest4" classname="org.bouncycastle.jce.provider.test.nist.NistCertPathReviewerTest" time="0.001"/>
  <testcase name="testInvalidEENotBeforeDateTest2" classname="org.bouncycastle.jce.provider.test.nist.NistCertPathReviewerTest" time="0.001"/>
  <testcase name="testInvalidEENotAfterDateTest6" classname="org.bouncycastle.jce.provider.test.nist.NistCertPathReviewerTest" time="0.001"/>
  <testcase name="testAllCertificatesAnyPolicyTest11" classname="org.bouncycastle.jce.provider.test.nist.NistCertPathReviewerTest" time="0.002"/>
  <testcase name="testAllCertificatesSamePolicyTest1" classname="org.bouncycastle.jce.provider.test.nist.NistCertPathReviewerTest" time="0.002"/>
  <testcase name="testInvalidCASignatureTest2" classname="org.bouncycastle.jce.provider.test.nist.NistCertPathReviewerTest" time="0.002"/>
  <testcase name="testInvalidNegativeSerialNumberTest15" classname="org.bouncycastle.jce.provider.test.nist.NistCertPathReviewerTest" time="0.006"/>
  <testcase name="testAllCertificatesSamePoliciesTest10" classname="org.bouncycastle.jce.provider.test.nist.NistCertPathReviewerTest" time="0.005"/>
  <testcase name="testAllCertificatesSamePoliciesTest13" classname="org.bouncycastle.jce.provider.test.nist.NistCertPathReviewerTest" time="0.002"/>
  <testcase name="testCANotBeforeDateTest1" classname="org.bouncycastle.jce.provider.test.nist.NistCertPathReviewerTest" time="0.001"/>
  <testcase name="testValidDSASignaturesTest4" classname="org.bouncycastle.jce.provider.test.nist.NistCertPathReviewerTest" time="0.002"/>
  <testcase name="testValidSignaturesTest1" classname="org.bouncycastle.jce.provider.test.nist.NistCertPathReviewerTest" time="0.0"/>
  <testcase name="testValidPre2000UTCNotBeforeDateTest3" classname="org.bouncycastle.jce.provider.test.nist.NistCertPathReviewerTest" time="0.001"/>
  <testcase name="testInvalidEESignatureTest3" classname="org.bouncycastle.jce.provider.test.nist.NistCertPathReviewerTest" time="0.001"/>
  <testcase name="testAnyPolicyTest14" classname="org.bouncycastle.jce.provider.test.nist.NistCertPathReviewerTest" time="0.002"/>
  <testcase name="testInvalidCANotAfterDateTest5" classname="org.bouncycastle.jce.provider.test.nist.NistCertPathReviewerTest" time="0.001"/>
  <testcase name="testUserNoticeQualifierTest15" classname="org.bouncycastle.jce.provider.test.nist.NistCertPathReviewerTest" time="0.001"/>
  <testcase name="testUserNoticeQualifierTest16" classname="org.bouncycastle.jce.provider.test.nist.NistCertPathReviewerTest" time="0.003"/>
  <testcase name="testUserNoticeQualifierTest17" classname="org.bouncycastle.jce.provider.test.nist.NistCertPathReviewerTest" time="0.002"/>
  <testcase name="testUserNoticeQualifierTest18" classname="org.bouncycastle.jce.provider.test.nist.NistCertPathReviewerTest" time="0.001"/>
  <testcase name="testUserNoticeQualifierTest19" classname="org.bouncycastle.jce.provider.test.nist.NistCertPathReviewerTest" time="0.001"/>
  <system-out><![CDATA[]]></system-out>
  <system-err><![CDATA[]]></system-err>
</testsuite>
