<?xml version="1.0" encoding="UTF-8"?>
<testsuite name="org.bouncycastle.pqc.jcajce.provider.test.RainbowSignatureTest" tests="7" skipped="0" failures="0" errors="0" timestamp="2020-06-02T09:20:03" hostname="Garage" time="7.354">
  <properties/>
  <testcase name="testRainbowWithSHA224" classname="org.bouncycastle.pqc.jcajce.provider.test.RainbowSignatureTest" time="0.152"/>
  <testcase name="testRainbowWithSHA384" classname="org.bouncycastle.pqc.jcajce.provider.test.RainbowSignatureTest" time="0.098"/>
  <testcase name="testRainbowWithSHA512" classname="org.bouncycastle.pqc.jcajce.provider.test.RainbowSignatureTest" time="0.093"/>
  <testcase name="testSignVerifyWithRandomParams" classname="org.bouncycastle.pqc.jcajce.provider.test.RainbowSignatureTest" time="5.209"/>
  <testcase name="test_KeyFactory" classname="org.bouncycastle.pqc.jcajce.provider.test.RainbowSignatureTest" time="0.089"/>
  <testcase name="testRainbowithSHA256" classname="org.bouncycastle.pqc.jcajce.provider.test.RainbowSignatureTest" time="0.09"/>
  <testcase name="testSignVerifyWithDefaultParams" classname="org.bouncycastle.pqc.jcajce.provider.test.RainbowSignatureTest" time="1.622"/>
  <system-out><![CDATA[]]></system-out>
  <system-err><![CDATA[]]></system-err>
</testsuite>
