<?xml version="1.0" encoding="UTF-8"?>
<testsuite name="org.bouncycastle.pqc.jcajce.provider.test.QTESLATest" tests="4" skipped="0" failures="0" errors="0" timestamp="2020-02-15T08:12:59" hostname="Garage" time="0.324">
  <properties/>
  <testcase name="testCatPIVector0" classname="org.bouncycastle.pqc.jcajce.provider.test.QTESLATest" time="0.053"/>
  <testcase name="testGenerateKeyPairSigningVerifyingPI" classname="org.bouncycastle.pqc.jcajce.provider.test.QTESLATest" time="0.05"/>
  <testcase name="testGenerateKeyPairSigningVerifyingPIII" classname="org.bouncycastle.pqc.jcajce.provider.test.QTESLATest" time="0.161"/>
  <testcase name="testCatPIIIVector0" classname="org.bouncycastle.pqc.jcajce.provider.test.QTESLATest" time="0.06"/>
  <system-out><![CDATA[]]></system-out>
  <system-err><![CDATA[]]></system-err>
</testsuite>
