<?xml version="1.0" encoding="UTF-8"?>
<testsuite name="com.distrimind.bouncycastle.pqc.jcajce.provider.test.LMSTest" tests="5" skipped="0" failures="0" errors="0" timestamp="2021-05-27T14:26:06" hostname="Garage" time="0.312">
  <properties/>
  <testcase name="testPublicKeyEncodingLength" classname="com.distrimind.bouncycastle.pqc.jcajce.provider.test.LMSTest" time="0.028"/>
  <testcase name="testKeyPairGenerators" classname="com.distrimind.bouncycastle.pqc.jcajce.provider.test.LMSTest" time="0.22"/>
  <testcase name="testKeyFactoryHSSKey" classname="com.distrimind.bouncycastle.pqc.jcajce.provider.test.LMSTest" time="0.014"/>
  <testcase name="testKeyFactoryLMSKey" classname="com.distrimind.bouncycastle.pqc.jcajce.provider.test.LMSTest" time="0.006"/>
  <testcase name="testKeyGenAndSignTwoSigsWithShardHSS" classname="com.distrimind.bouncycastle.pqc.jcajce.provider.test.LMSTest" time="0.044"/>
  <system-out><![CDATA[]]></system-out>
  <system-err><![CDATA[]]></system-err>
</testsuite>
