<?xml version="1.0" encoding="UTF-8"?>
<testsuite name="com.distrimind.bouncycastle.pqc.jcajce.provider.test.RainbowSignatureTest" tests="7" skipped="0" failures="0" errors="0" timestamp="2020-07-14T23:12:48" hostname="Garage" time="4.477">
  <properties/>
  <testcase name="testRainbowWithSHA224" classname="com.distrimind.bouncycastle.pqc.jcajce.provider.test.RainbowSignatureTest" time="0.145"/>
  <testcase name="testRainbowWithSHA384" classname="com.distrimind.bouncycastle.pqc.jcajce.provider.test.RainbowSignatureTest" time="0.097"/>
  <testcase name="testRainbowWithSHA512" classname="com.distrimind.bouncycastle.pqc.jcajce.provider.test.RainbowSignatureTest" time="0.091"/>
  <testcase name="testSignVerifyWithRandomParams" classname="com.distrimind.bouncycastle.pqc.jcajce.provider.test.RainbowSignatureTest" time="2.37"/>
  <testcase name="test_KeyFactory" classname="com.distrimind.bouncycastle.pqc.jcajce.provider.test.RainbowSignatureTest" time="0.094"/>
  <testcase name="testRainbowithSHA256" classname="com.distrimind.bouncycastle.pqc.jcajce.provider.test.RainbowSignatureTest" time="0.082"/>
  <testcase name="testSignVerifyWithDefaultParams" classname="com.distrimind.bouncycastle.pqc.jcajce.provider.test.RainbowSignatureTest" time="1.598"/>
  <system-out><![CDATA[]]></system-out>
  <system-err><![CDATA[]]></system-err>
</testsuite>
