<?xml version="1.0" encoding="UTF-8"?>
<testsuite name="com.distrimind.bouncycastle.pqc.jcajce.provider.test.LMSTest" tests="5" skipped="0" failures="0" errors="0" timestamp="2020-11-08T08:52:39" hostname="Garage" time="0.394">
  <properties/>
  <testcase name="testPublicKeyEncodingLength" classname="com.distrimind.bouncycastle.pqc.jcajce.provider.test.LMSTest" time="0.038"/>
  <testcase name="testKeyPairGenerators" classname="com.distrimind.bouncycastle.pqc.jcajce.provider.test.LMSTest" time="0.274"/>
  <testcase name="testKeyFactoryHSSKey" classname="com.distrimind.bouncycastle.pqc.jcajce.provider.test.LMSTest" time="0.018"/>
  <testcase name="testKeyFactoryLMSKey" classname="com.distrimind.bouncycastle.pqc.jcajce.provider.test.LMSTest" time="0.008"/>
  <testcase name="testKeyGenAndSignTwoSigsWithShardHSS" classname="com.distrimind.bouncycastle.pqc.jcajce.provider.test.LMSTest" time="0.056"/>
  <system-out><![CDATA[]]></system-out>
  <system-err><![CDATA[]]></system-err>
</testsuite>
