<?xml version="1.0" encoding="UTF-8"?>
<testsuite name="org.bouncycastle.pqc.jcajce.provider.test.RainbowSignatureTest" tests="7" skipped="0" failures="0" errors="0" timestamp="2020-02-15T08:11:56" hostname="Garage" time="7.274">
  <properties/>
  <testcase name="testRainbowWithSHA224" classname="org.bouncycastle.pqc.jcajce.provider.test.RainbowSignatureTest" time="0.149"/>
  <testcase name="testRainbowWithSHA384" classname="org.bouncycastle.pqc.jcajce.provider.test.RainbowSignatureTest" time="0.095"/>
  <testcase name="testRainbowWithSHA512" classname="org.bouncycastle.pqc.jcajce.provider.test.RainbowSignatureTest" time="0.091"/>
  <testcase name="testSignVerifyWithRandomParams" classname="org.bouncycastle.pqc.jcajce.provider.test.RainbowSignatureTest" time="5.149"/>
  <testcase name="test_KeyFactory" classname="org.bouncycastle.pqc.jcajce.provider.test.RainbowSignatureTest" time="0.09"/>
  <testcase name="testRainbowithSHA256" classname="org.bouncycastle.pqc.jcajce.provider.test.RainbowSignatureTest" time="0.083"/>
  <testcase name="testSignVerifyWithDefaultParams" classname="org.bouncycastle.pqc.jcajce.provider.test.RainbowSignatureTest" time="1.616"/>
  <system-out><![CDATA[]]></system-out>
  <system-err><![CDATA[]]></system-err>
</testsuite>
