<?xml version="1.0" encoding="UTF-8"?>
<testsuite name="com.distrimind.bouncycastle.jcajce.provider.test.BouncyCastleProviderTest" tests="1" skipped="0" failures="0" errors="0" timestamp="2020-07-14T23:14:08" hostname="Garage" time="0.169">
  <properties/>
  <testcase name="testRegisteredClasses" classname="com.distrimind.bouncycastle.jcajce.provider.test.BouncyCastleProviderTest" time="0.169"/>
  <system-out><![CDATA[]]></system-out>
  <system-err><![CDATA[]]></system-err>
</testsuite>
