<?xml version="1.0" encoding="UTF-8"?>
<testsuite name="com.distrimind.bouncycastle.pqc.jcajce.provider.test.McElieceKobaraImaiCipherTest" tests="1" skipped="0" failures="0" errors="0" timestamp="2021-11-01T15:49:45" hostname="basic" time="0.008">
  <properties/>
  <testcase name="testEnDecryption_SHA256_11_50" classname="com.distrimind.bouncycastle.pqc.jcajce.provider.test.McElieceKobaraImaiCipherTest" time="0.008"/>
  <system-out><![CDATA[]]></system-out>
  <system-err><![CDATA[]]></system-err>
</testsuite>
