<?xml version="1.0" encoding="UTF-8"?>
<testsuite name="com.distrimind.bouncycastle.jce.provider.test.SimpleTestTest" tests="1" skipped="0" failures="0" errors="0" timestamp="2020-11-08T08:50:25" hostname="Garage" time="39.139">
  <properties/>
  <testcase name="testJCE" classname="com.distrimind.bouncycastle.jce.provider.test.SimpleTestTest" time="39.139"/>
  <system-out><![CDATA[]]></system-out>
  <system-err><![CDATA[]]></system-err>
</testsuite>
