<?xml version="1.0" encoding="UTF-8"?>
<testsuite name="com.distrimind.bouncycastle.pqc.jcajce.provider.test.Sphincs256KeyPairGeneratorTest" tests="2" skipped="0" failures="0" errors="0" timestamp="2021-11-01T15:49:51" hostname="basic" time="0.006">
  <properties/>
  <testcase name="testKeyFactory" classname="com.distrimind.bouncycastle.pqc.jcajce.provider.test.Sphincs256KeyPairGeneratorTest" time="0.0"/>
  <testcase name="testKeyPairEncoding" classname="com.distrimind.bouncycastle.pqc.jcajce.provider.test.Sphincs256KeyPairGeneratorTest" time="0.006"/>
  <system-out><![CDATA[]]></system-out>
  <system-err><![CDATA[]]></system-err>
</testsuite>
