<?xml version="1.0" encoding="UTF-8"?>
<testsuite name="com.distrimind.bouncycastle.pqc.jcajce.provider.test.LMSTest" tests="5" skipped="0" failures="0" errors="0" timestamp="2021-11-01T15:51:00" hostname="basic" time="0.384">
  <properties/>
  <testcase name="testPublicKeyEncodingLength" classname="com.distrimind.bouncycastle.pqc.jcajce.provider.test.LMSTest" time="0.052"/>
  <testcase name="testKeyPairGenerators" classname="com.distrimind.bouncycastle.pqc.jcajce.provider.test.LMSTest" time="0.258"/>
  <testcase name="testKeyFactoryHSSKey" classname="com.distrimind.bouncycastle.pqc.jcajce.provider.test.LMSTest" time="0.015"/>
  <testcase name="testKeyFactoryLMSKey" classname="com.distrimind.bouncycastle.pqc.jcajce.provider.test.LMSTest" time="0.008"/>
  <testcase name="testKeyGenAndSignTwoSigsWithShardHSS" classname="com.distrimind.bouncycastle.pqc.jcajce.provider.test.LMSTest" time="0.051"/>
  <system-out><![CDATA[]]></system-out>
  <system-err><![CDATA[]]></system-err>
</testsuite>
