<?xml version="1.0" encoding="UTF-8"?>
<testsuite name="com.distrimind.bouncycastle.pqc.jcajce.provider.test.Sphincs256Test" tests="18" skipped="0" failures="0" errors="0" timestamp="2021-11-01T15:49:37" hostname="basic" time="13.989">
  <properties/>
  <testcase name="testSphincsRandomSigSHA2" classname="com.distrimind.bouncycastle.pqc.jcajce.provider.test.Sphincs256Test" time="0.203"/>
  <testcase name="testSphincsRandomSigSHA3" classname="com.distrimind.bouncycastle.pqc.jcajce.provider.test.Sphincs256Test" time="0.134"/>
  <testcase name="testSphincsDefaultSha2KeyGen" classname="com.distrimind.bouncycastle.pqc.jcajce.provider.test.Sphincs256Test" time="0.021"/>
  <testcase name="testSphincsSha3Signature" classname="com.distrimind.bouncycastle.pqc.jcajce.provider.test.Sphincs256Test" time="0.124"/>
  <testcase name="testSphincsSha2Signature" classname="com.distrimind.bouncycastle.pqc.jcajce.provider.test.Sphincs256Test" time="0.123"/>
  <testcase name="testPrivateKeyRecovery" classname="com.distrimind.bouncycastle.pqc.jcajce.provider.test.Sphincs256Test" time="0.007"/>
  <testcase name="testSphincsDefaultKeyGen" classname="com.distrimind.bouncycastle.pqc.jcajce.provider.test.Sphincs256Test" time="0.006"/>
  <testcase name="testSphincsDefaultSha3KeyGen" classname="com.distrimind.bouncycastle.pqc.jcajce.provider.test.Sphincs256Test" time="0.006"/>
  <testcase name="testPublicKeyRecovery" classname="com.distrimind.bouncycastle.pqc.jcajce.provider.test.Sphincs256Test" time="0.007"/>
  <testcase name="testSphincsRandomSigSHA2" classname="com.distrimind.bouncycastle.pqc.jcajce.provider.test.Sphincs256Test" time="0.122"/>
  <testcase name="testSphincsRandomSigSHA3" classname="com.distrimind.bouncycastle.pqc.jcajce.provider.test.Sphincs256Test" time="0.122"/>
  <testcase name="testSphincsDefaultSha2KeyGen" classname="com.distrimind.bouncycastle.pqc.jcajce.provider.test.Sphincs256Test" time="0.006"/>
  <testcase name="testSphincsSha3Signature" classname="com.distrimind.bouncycastle.pqc.jcajce.provider.test.Sphincs256Test" time="0.124"/>
  <testcase name="testSphincsSha2Signature" classname="com.distrimind.bouncycastle.pqc.jcajce.provider.test.Sphincs256Test" time="0.118"/>
  <testcase name="testPrivateKeyRecovery" classname="com.distrimind.bouncycastle.pqc.jcajce.provider.test.Sphincs256Test" time="0.006"/>
  <testcase name="testSphincsDefaultKeyGen" classname="com.distrimind.bouncycastle.pqc.jcajce.provider.test.Sphincs256Test" time="0.006"/>
  <testcase name="testSphincsDefaultSha3KeyGen" classname="com.distrimind.bouncycastle.pqc.jcajce.provider.test.Sphincs256Test" time="0.006"/>
  <testcase name="testPublicKeyRecovery" classname="com.distrimind.bouncycastle.pqc.jcajce.provider.test.Sphincs256Test" time="0.006"/>
  <system-out><![CDATA[]]></system-out>
  <system-err><![CDATA[]]></system-err>
</testsuite>
