<?xml version="1.0" encoding="UTF-8"?>
<testsuite name="com.distrimind.bouncycastle.pqc.jcajce.provider.test.McElieceFujisakiCipherTest" tests="3" skipped="0" failures="0" errors="0" timestamp="2021-05-27T14:25:02" hostname="Garage" time="1.659">
  <properties/>
  <testcase name="testEnDecryption_SHA224_11_50" classname="com.distrimind.bouncycastle.pqc.jcajce.provider.test.McElieceFujisakiCipherTest" time="0.818"/>
  <testcase name="testEnDecryption_SHA1_11_50" classname="com.distrimind.bouncycastle.pqc.jcajce.provider.test.McElieceFujisakiCipherTest" time="0.353"/>
  <testcase name="testEnDecryption_SHA256_11_50" classname="com.distrimind.bouncycastle.pqc.jcajce.provider.test.McElieceFujisakiCipherTest" time="0.488"/>
  <system-out><![CDATA[]]></system-out>
  <system-err><![CDATA[]]></system-err>
</testsuite>
