<?xml version="1.0" encoding="UTF-8"?>
<testsuite name="com.distrimind.bouncycastle.pqc.jcajce.provider.test.XMSSTest" tests="19" skipped="0" failures="0" errors="0" timestamp="2021-11-01T15:49:51" hostname="basic" time="49.179">
  <properties/>
  <testcase name="testNoRepeats" classname="com.distrimind.bouncycastle.pqc.jcajce.provider.test.XMSSTest" time="0.298"/>
  <testcase name="testXMSSSha256SignatureMultiplePreHash" classname="com.distrimind.bouncycastle.pqc.jcajce.provider.test.XMSSTest" time="2.494"/>
  <testcase name="testPrehashWithWithout" classname="com.distrimind.bouncycastle.pqc.jcajce.provider.test.XMSSTest" time="0.412"/>
  <testcase name="testExhaustion" classname="com.distrimind.bouncycastle.pqc.jcajce.provider.test.XMSSTest" time="0.028"/>
  <testcase name="testXMSSShake256Signature" classname="com.distrimind.bouncycastle.pqc.jcajce.provider.test.XMSSTest" time="0.543"/>
  <testcase name="testPrivateKeyRecovery" classname="com.distrimind.bouncycastle.pqc.jcajce.provider.test.XMSSTest" time="0.0"/>
  <testcase name="testXMSSSha256KeyFactory" classname="com.distrimind.bouncycastle.pqc.jcajce.provider.test.XMSSTest" time="2.497"/>
  <testcase name="testXMSSShake128Signature" classname="com.distrimind.bouncycastle.pqc.jcajce.provider.test.XMSSTest" time="0.102"/>
  <testcase name="testShardedKeyExhaustion" classname="com.distrimind.bouncycastle.pqc.jcajce.provider.test.XMSSTest" time="0.149"/>
  <testcase name="testXMSSShake256KeyFactory" classname="com.distrimind.bouncycastle.pqc.jcajce.provider.test.XMSSTest" time="15.428"/>
  <testcase name="testKeyRebuild" classname="com.distrimind.bouncycastle.pqc.jcajce.provider.test.XMSSTest" time="5.008"/>
  <testcase name="testKeyExtraction" classname="com.distrimind.bouncycastle.pqc.jcajce.provider.test.XMSSTest" time="2.475"/>
  <testcase name="testXMSSSha512Signature" classname="com.distrimind.bouncycastle.pqc.jcajce.provider.test.XMSSTest" time="6.933"/>
  <testcase name="testPublicKeyRecovery" classname="com.distrimind.bouncycastle.pqc.jcajce.provider.test.XMSSTest" time="0.001"/>
  <testcase name="testXMSSSha256Signature" classname="com.distrimind.bouncycastle.pqc.jcajce.provider.test.XMSSTest" time="2.516"/>
  <testcase name="testXMSSShake128KeyFactory" classname="com.distrimind.bouncycastle.pqc.jcajce.provider.test.XMSSTest" time="3.07"/>
  <testcase name="testReserialization" classname="com.distrimind.bouncycastle.pqc.jcajce.provider.test.XMSSTest" time="0.283"/>
  <testcase name="test160PrivateKeyRecovery" classname="com.distrimind.bouncycastle.pqc.jcajce.provider.test.XMSSTest" time="0.0"/>
  <testcase name="testXMSSSha512KeyFactory" classname="com.distrimind.bouncycastle.pqc.jcajce.provider.test.XMSSTest" time="6.941"/>
  <system-out><![CDATA[]]></system-out>
  <system-err><![CDATA[]]></system-err>
</testsuite>
