<?xml version="1.0" encoding="UTF-8"?>
<testsuite name="com.distrimind.bouncycastle.pqc.jcajce.provider.test.McEliecePointchevalCipherTest" tests="1" skipped="0" failures="0" errors="0" timestamp="2020-11-08T08:51:16" hostname="Garage" time="0.476">
  <properties/>
  <testcase name="testEnDecryption_SHA256_11_50" classname="com.distrimind.bouncycastle.pqc.jcajce.provider.test.McEliecePointchevalCipherTest" time="0.476"/>
  <system-out><![CDATA[]]></system-out>
  <system-err><![CDATA[]]></system-err>
</testsuite>
