<?xml version="1.0" encoding="UTF-8"?>
<testsuite name="com.distrimind.bouncycastle.jce.provider.test.rsa3.RSA3CertTest" tests="11" skipped="0" failures="0" errors="0" timestamp="2020-07-14T23:14:07" hostname="Garage" time="0.015">
  <properties/>
  <testcase name="testA" classname="com.distrimind.bouncycastle.jce.provider.test.rsa3.RSA3CertTest" time="0.007"/>
  <testcase name="testB" classname="com.distrimind.bouncycastle.jce.provider.test.rsa3.RSA3CertTest" time="0.001"/>
  <testcase name="testC" classname="com.distrimind.bouncycastle.jce.provider.test.rsa3.RSA3CertTest" time="0.001"/>
  <testcase name="testD" classname="com.distrimind.bouncycastle.jce.provider.test.rsa3.RSA3CertTest" time="0.0"/>
  <testcase name="testE" classname="com.distrimind.bouncycastle.jce.provider.test.rsa3.RSA3CertTest" time="0.0"/>
  <testcase name="testF" classname="com.distrimind.bouncycastle.jce.provider.test.rsa3.RSA3CertTest" time="0.001"/>
  <testcase name="testG" classname="com.distrimind.bouncycastle.jce.provider.test.rsa3.RSA3CertTest" time="0.0"/>
  <testcase name="testH" classname="com.distrimind.bouncycastle.jce.provider.test.rsa3.RSA3CertTest" time="0.0"/>
  <testcase name="testI" classname="com.distrimind.bouncycastle.jce.provider.test.rsa3.RSA3CertTest" time="0.001"/>
  <testcase name="testJ" classname="com.distrimind.bouncycastle.jce.provider.test.rsa3.RSA3CertTest" time="0.0"/>
  <testcase name="testL" classname="com.distrimind.bouncycastle.jce.provider.test.rsa3.RSA3CertTest" time="0.001"/>
  <system-out><![CDATA[]]></system-out>
  <system-err><![CDATA[]]></system-err>
</testsuite>
