<?xml version="1.0" encoding="UTF-8"?>
<testsuite name="org.bouncycastle.pqc.jcajce.provider.test.Sphincs256Test" tests="18" skipped="0" failures="0" errors="0" timestamp="2019-05-14T11:40:05" hostname="Garage2" time="20.189">
  <properties/>
  <testcase name="testSphincsRandomSigSHA2" classname="org.bouncycastle.pqc.jcajce.provider.test.Sphincs256Test" time="0.263"/>
  <testcase name="testSphincsRandomSigSHA3" classname="org.bouncycastle.pqc.jcajce.provider.test.Sphincs256Test" time="0.159"/>
  <testcase name="testSphincsDefaultSha2KeyGen" classname="org.bouncycastle.pqc.jcajce.provider.test.Sphincs256Test" time="0.021"/>
  <testcase name="testSphincsSha3Signature" classname="org.bouncycastle.pqc.jcajce.provider.test.Sphincs256Test" time="0.143"/>
  <testcase name="testSphincsSha2Signature" classname="org.bouncycastle.pqc.jcajce.provider.test.Sphincs256Test" time="0.142"/>
  <testcase name="testPrivateKeyRecovery" classname="org.bouncycastle.pqc.jcajce.provider.test.Sphincs256Test" time="0.009"/>
  <testcase name="testSphincsDefaultKeyGen" classname="org.bouncycastle.pqc.jcajce.provider.test.Sphincs256Test" time="0.008"/>
  <testcase name="testSphincsDefaultSha3KeyGen" classname="org.bouncycastle.pqc.jcajce.provider.test.Sphincs256Test" time="0.008"/>
  <testcase name="testPublicKeyRecovery" classname="org.bouncycastle.pqc.jcajce.provider.test.Sphincs256Test" time="0.008"/>
  <testcase name="testSphincsRandomSigSHA2" classname="org.bouncycastle.pqc.jcajce.provider.test.Sphincs256Test" time="0.14"/>
  <testcase name="testSphincsRandomSigSHA3" classname="org.bouncycastle.pqc.jcajce.provider.test.Sphincs256Test" time="0.139"/>
  <testcase name="testSphincsDefaultSha2KeyGen" classname="org.bouncycastle.pqc.jcajce.provider.test.Sphincs256Test" time="0.007"/>
  <testcase name="testSphincsSha3Signature" classname="org.bouncycastle.pqc.jcajce.provider.test.Sphincs256Test" time="0.139"/>
  <testcase name="testSphincsSha2Signature" classname="org.bouncycastle.pqc.jcajce.provider.test.Sphincs256Test" time="0.137"/>
  <testcase name="testPrivateKeyRecovery" classname="org.bouncycastle.pqc.jcajce.provider.test.Sphincs256Test" time="0.008"/>
  <testcase name="testSphincsDefaultKeyGen" classname="org.bouncycastle.pqc.jcajce.provider.test.Sphincs256Test" time="0.007"/>
  <testcase name="testSphincsDefaultSha3KeyGen" classname="org.bouncycastle.pqc.jcajce.provider.test.Sphincs256Test" time="0.009"/>
  <testcase name="testPublicKeyRecovery" classname="org.bouncycastle.pqc.jcajce.provider.test.Sphincs256Test" time="0.007"/>
  <system-out><![CDATA[]]></system-out>
  <system-err><![CDATA[]]></system-err>
</testsuite>
