<?xml version="1.0" encoding="UTF-8"?>
<testsuite name="org.bouncycastle.pqc.jcajce.provider.test.McElieceCipherTest" tests="2" skipped="0" failures="0" errors="0" timestamp="2020-07-09T14:01:14" hostname="Garage" time="4.223">
  <properties/>
  <testcase name="testEnDecryption_9_33" classname="org.bouncycastle.pqc.jcajce.provider.test.McElieceCipherTest" time="0.403"/>
  <testcase name="testEnDecryption_11_50" classname="org.bouncycastle.pqc.jcajce.provider.test.McElieceCipherTest" time="3.82"/>
  <system-out><![CDATA[]]></system-out>
  <system-err><![CDATA[]]></system-err>
</testsuite>
