<?xml version="1.0" encoding="UTF-8"?>
<testsuite name="org.bouncycastle.pqc.jcajce.provider.test.Sphincs256Test" tests="18" skipped="0" failures="0" errors="0" timestamp="2020-02-15T08:11:55" hostname="Garage" time="16.363">
  <properties/>
  <testcase name="testSphincsRandomSigSHA2" classname="org.bouncycastle.pqc.jcajce.provider.test.Sphincs256Test" time="0.26"/>
  <testcase name="testSphincsRandomSigSHA3" classname="org.bouncycastle.pqc.jcajce.provider.test.Sphincs256Test" time="0.155"/>
  <testcase name="testSphincsDefaultSha2KeyGen" classname="org.bouncycastle.pqc.jcajce.provider.test.Sphincs256Test" time="0.02"/>
  <testcase name="testSphincsSha3Signature" classname="org.bouncycastle.pqc.jcajce.provider.test.Sphincs256Test" time="0.136"/>
  <testcase name="testSphincsSha2Signature" classname="org.bouncycastle.pqc.jcajce.provider.test.Sphincs256Test" time="0.136"/>
  <testcase name="testPrivateKeyRecovery" classname="org.bouncycastle.pqc.jcajce.provider.test.Sphincs256Test" time="0.009"/>
  <testcase name="testSphincsDefaultKeyGen" classname="org.bouncycastle.pqc.jcajce.provider.test.Sphincs256Test" time="0.007"/>
  <testcase name="testSphincsDefaultSha3KeyGen" classname="org.bouncycastle.pqc.jcajce.provider.test.Sphincs256Test" time="0.007"/>
  <testcase name="testPublicKeyRecovery" classname="org.bouncycastle.pqc.jcajce.provider.test.Sphincs256Test" time="0.008"/>
  <testcase name="testSphincsRandomSigSHA2" classname="org.bouncycastle.pqc.jcajce.provider.test.Sphincs256Test" time="0.141"/>
  <testcase name="testSphincsRandomSigSHA3" classname="org.bouncycastle.pqc.jcajce.provider.test.Sphincs256Test" time="0.136"/>
  <testcase name="testSphincsDefaultSha2KeyGen" classname="org.bouncycastle.pqc.jcajce.provider.test.Sphincs256Test" time="0.007"/>
  <testcase name="testSphincsSha3Signature" classname="org.bouncycastle.pqc.jcajce.provider.test.Sphincs256Test" time="0.133"/>
  <testcase name="testSphincsSha2Signature" classname="org.bouncycastle.pqc.jcajce.provider.test.Sphincs256Test" time="0.133"/>
  <testcase name="testPrivateKeyRecovery" classname="org.bouncycastle.pqc.jcajce.provider.test.Sphincs256Test" time="0.007"/>
  <testcase name="testSphincsDefaultKeyGen" classname="org.bouncycastle.pqc.jcajce.provider.test.Sphincs256Test" time="0.007"/>
  <testcase name="testSphincsDefaultSha3KeyGen" classname="org.bouncycastle.pqc.jcajce.provider.test.Sphincs256Test" time="0.007"/>
  <testcase name="testPublicKeyRecovery" classname="org.bouncycastle.pqc.jcajce.provider.test.Sphincs256Test" time="0.007"/>
  <system-out><![CDATA[]]></system-out>
  <system-err><![CDATA[]]></system-err>
</testsuite>
