<?xml version="1.0" encoding="UTF-8"?>
<testsuite name="com.distrimind.bouncycastle.pqc.jcajce.provider.test.XMSSMTTest" tests="17" skipped="0" failures="0" errors="0" timestamp="2021-11-01T15:50:40" hostname="basic" time="19.93">
  <properties/>
  <testcase name="testNoRepeats" classname="com.distrimind.bouncycastle.pqc.jcajce.provider.test.XMSSMTTest" time="0.364"/>
  <testcase name="testXMSSMTSha512KeyFactory" classname="com.distrimind.bouncycastle.pqc.jcajce.provider.test.XMSSMTTest" time="0.03"/>
  <testcase name="testXMSSMTShake256Signature" classname="com.distrimind.bouncycastle.pqc.jcajce.provider.test.XMSSMTTest" time="0.227"/>
  <testcase name="testXMSSMTSha256SignatureMultiple" classname="com.distrimind.bouncycastle.pqc.jcajce.provider.test.XMSSMTTest" time="0.278"/>
  <testcase name="testPrehashWithWithout" classname="com.distrimind.bouncycastle.pqc.jcajce.provider.test.XMSSMTTest" time="0.829"/>
  <testcase name="testExhaustion" classname="com.distrimind.bouncycastle.pqc.jcajce.provider.test.XMSSMTTest" time="0.195"/>
  <testcase name="testXMSSMTShake128Signature" classname="com.distrimind.bouncycastle.pqc.jcajce.provider.test.XMSSMTTest" time="0.044"/>
  <testcase name="testPrivateKeyRecovery" classname="com.distrimind.bouncycastle.pqc.jcajce.provider.test.XMSSMTTest" time="0.0"/>
  <testcase name="testXMSSMTSha512Signature" classname="com.distrimind.bouncycastle.pqc.jcajce.provider.test.XMSSMTTest" time="0.205"/>
  <testcase name="testShardedKeyExhaustion" classname="com.distrimind.bouncycastle.pqc.jcajce.provider.test.XMSSMTTest" time="0.228"/>
  <testcase name="testXMSSMTSha256Signature" classname="com.distrimind.bouncycastle.pqc.jcajce.provider.test.XMSSMTTest" time="0.082"/>
  <testcase name="testKeyRebuild" classname="com.distrimind.bouncycastle.pqc.jcajce.provider.test.XMSSMTTest" time="0.767"/>
  <testcase name="testKeyExtraction" classname="com.distrimind.bouncycastle.pqc.jcajce.provider.test.XMSSMTTest" time="7.5"/>
  <testcase name="testPublicKeyRecovery" classname="com.distrimind.bouncycastle.pqc.jcajce.provider.test.XMSSMTTest" time="0.002"/>
  <testcase name="testReserialization" classname="com.distrimind.bouncycastle.pqc.jcajce.provider.test.XMSSMTTest" time="0.385"/>
  <testcase name="testXMSSMTSha256KeyFactory" classname="com.distrimind.bouncycastle.pqc.jcajce.provider.test.XMSSMTTest" time="8.791"/>
  <testcase name="test160PrivateKeyRecovery" classname="com.distrimind.bouncycastle.pqc.jcajce.provider.test.XMSSMTTest" time="0.0"/>
  <system-out><![CDATA[]]></system-out>
  <system-err><![CDATA[]]></system-err>
</testsuite>
