<?xml version="1.0" encoding="UTF-8"?>
<testsuite name="com.distrimind.bouncycastle.pqc.jcajce.provider.test.XMSSMTTest" tests="17" skipped="0" failures="0" errors="0" timestamp="2021-05-27T14:25:49" hostname="Garage" time="16.936">
  <properties/>
  <testcase name="testNoRepeats" classname="com.distrimind.bouncycastle.pqc.jcajce.provider.test.XMSSMTTest" time="0.307"/>
  <testcase name="testXMSSMTSha512KeyFactory" classname="com.distrimind.bouncycastle.pqc.jcajce.provider.test.XMSSMTTest" time="0.024"/>
  <testcase name="testXMSSMTShake256Signature" classname="com.distrimind.bouncycastle.pqc.jcajce.provider.test.XMSSMTTest" time="0.192"/>
  <testcase name="testXMSSMTSha256SignatureMultiple" classname="com.distrimind.bouncycastle.pqc.jcajce.provider.test.XMSSMTTest" time="0.24"/>
  <testcase name="testPrehashWithWithout" classname="com.distrimind.bouncycastle.pqc.jcajce.provider.test.XMSSMTTest" time="0.701"/>
  <testcase name="testExhaustion" classname="com.distrimind.bouncycastle.pqc.jcajce.provider.test.XMSSMTTest" time="0.166"/>
  <testcase name="testXMSSMTShake128Signature" classname="com.distrimind.bouncycastle.pqc.jcajce.provider.test.XMSSMTTest" time="0.039"/>
  <testcase name="testPrivateKeyRecovery" classname="com.distrimind.bouncycastle.pqc.jcajce.provider.test.XMSSMTTest" time="0.0"/>
  <testcase name="testXMSSMTSha512Signature" classname="com.distrimind.bouncycastle.pqc.jcajce.provider.test.XMSSMTTest" time="0.174"/>
  <testcase name="testShardedKeyExhaustion" classname="com.distrimind.bouncycastle.pqc.jcajce.provider.test.XMSSMTTest" time="0.193"/>
  <testcase name="testXMSSMTSha256Signature" classname="com.distrimind.bouncycastle.pqc.jcajce.provider.test.XMSSMTTest" time="0.064"/>
  <testcase name="testKeyRebuild" classname="com.distrimind.bouncycastle.pqc.jcajce.provider.test.XMSSMTTest" time="0.66"/>
  <testcase name="testKeyExtraction" classname="com.distrimind.bouncycastle.pqc.jcajce.provider.test.XMSSMTTest" time="6.397"/>
  <testcase name="testPublicKeyRecovery" classname="com.distrimind.bouncycastle.pqc.jcajce.provider.test.XMSSMTTest" time="0.0"/>
  <testcase name="testReserialization" classname="com.distrimind.bouncycastle.pqc.jcajce.provider.test.XMSSMTTest" time="0.32"/>
  <testcase name="testXMSSMTSha256KeyFactory" classname="com.distrimind.bouncycastle.pqc.jcajce.provider.test.XMSSMTTest" time="7.459"/>
  <testcase name="test160PrivateKeyRecovery" classname="com.distrimind.bouncycastle.pqc.jcajce.provider.test.XMSSMTTest" time="0.0"/>
  <system-out><![CDATA[]]></system-out>
  <system-err><![CDATA[]]></system-err>
</testsuite>
