<?xml version="1.0" encoding="UTF-8"?>
<testsuite name="org.bouncycastle.pqc.jcajce.provider.test.XMSSMTTest" tests="17" skipped="0" failures="0" errors="0" timestamp="2020-06-02T09:21:04" hostname="Garage" time="21.452">
  <properties/>
  <testcase name="testNoRepeats" classname="org.bouncycastle.pqc.jcajce.provider.test.XMSSMTTest" time="0.401"/>
  <testcase name="testXMSSMTSha512KeyFactory" classname="org.bouncycastle.pqc.jcajce.provider.test.XMSSMTTest" time="0.033"/>
  <testcase name="testXMSSMTShake256Signature" classname="org.bouncycastle.pqc.jcajce.provider.test.XMSSMTTest" time="0.117"/>
  <testcase name="testXMSSMTSha256SignatureMultiple" classname="org.bouncycastle.pqc.jcajce.provider.test.XMSSMTTest" time="0.311"/>
  <testcase name="testPrehashWithWithout" classname="org.bouncycastle.pqc.jcajce.provider.test.XMSSMTTest" time="0.616"/>
  <testcase name="testExhaustion" classname="org.bouncycastle.pqc.jcajce.provider.test.XMSSMTTest" time="0.214"/>
  <testcase name="testXMSSMTShake128Signature" classname="org.bouncycastle.pqc.jcajce.provider.test.XMSSMTTest" time="0.035"/>
  <testcase name="testPrivateKeyRecovery" classname="org.bouncycastle.pqc.jcajce.provider.test.XMSSMTTest" time="0.001"/>
  <testcase name="testXMSSMTSha512Signature" classname="org.bouncycastle.pqc.jcajce.provider.test.XMSSMTTest" time="0.226"/>
  <testcase name="testShardedKeyExhaustion" classname="org.bouncycastle.pqc.jcajce.provider.test.XMSSMTTest" time="0.258"/>
  <testcase name="testXMSSMTSha256Signature" classname="org.bouncycastle.pqc.jcajce.provider.test.XMSSMTTest" time="0.081"/>
  <testcase name="testKeyRebuild" classname="org.bouncycastle.pqc.jcajce.provider.test.XMSSMTTest" time="0.846"/>
  <testcase name="testKeyExtraction" classname="org.bouncycastle.pqc.jcajce.provider.test.XMSSMTTest" time="8.248"/>
  <testcase name="testPublicKeyRecovery" classname="org.bouncycastle.pqc.jcajce.provider.test.XMSSMTTest" time="0.0"/>
  <testcase name="testReserialization" classname="org.bouncycastle.pqc.jcajce.provider.test.XMSSMTTest" time="0.412"/>
  <testcase name="testXMSSMTSha256KeyFactory" classname="org.bouncycastle.pqc.jcajce.provider.test.XMSSMTTest" time="9.652"/>
  <testcase name="test160PrivateKeyRecovery" classname="org.bouncycastle.pqc.jcajce.provider.test.XMSSMTTest" time="0.001"/>
  <system-out><![CDATA[]]></system-out>
  <system-err><![CDATA[]]></system-err>
</testsuite>
