<?xml version="1.0" encoding="UTF-8"?>
<testsuite name="org.bouncycastle.bcjcajce.provider.test.RandomTest" tests="2" skipped="0" failures="0" errors="0" timestamp="2020-07-09T14:02:28" hostname="Garage" time="0.02">
  <properties/>
  <testcase name="testCheckRandom" classname="org.bouncycastle.bcjcajce.provider.test.RandomTest" time="0.012"/>
  <testcase name="testCheckNonceIVRandom" classname="org.bouncycastle.bcjcajce.provider.test.RandomTest" time="0.008"/>
  <system-out><![CDATA[]]></system-out>
  <system-err><![CDATA[]]></system-err>
</testsuite>
