<?xml version="1.0" encoding="UTF-8"?>
<testsuite name="com.distrimind.bouncycastle.jcajce.provider.test.GeneralKeyTest" tests="9" skipped="0" failures="0" errors="0" timestamp="2020-11-08T08:52:39" hostname="Garage" time="3.634">
  <properties/>
  <testcase name="testDSA" classname="com.distrimind.bouncycastle.jcajce.provider.test.GeneralKeyTest" time="3.452"/>
  <testcase name="testRSA" classname="com.distrimind.bouncycastle.jcajce.provider.test.GeneralKeyTest" time="0.134"/>
  <testcase name="testSM2" classname="com.distrimind.bouncycastle.jcajce.provider.test.GeneralKeyTest" time="0.003"/>
  <testcase name="testGost3410" classname="com.distrimind.bouncycastle.jcajce.provider.test.GeneralKeyTest" time="0.002"/>
  <testcase name="testEcgost3410_2012" classname="com.distrimind.bouncycastle.jcajce.provider.test.GeneralKeyTest" time="0.014"/>
  <testcase name="testDH" classname="com.distrimind.bouncycastle.jcajce.provider.test.GeneralKeyTest" time="0.01"/>
  <testcase name="testEC" classname="com.distrimind.bouncycastle.jcajce.provider.test.GeneralKeyTest" time="0.002"/>
  <testcase name="testEcgost3410" classname="com.distrimind.bouncycastle.jcajce.provider.test.GeneralKeyTest" time="0.007"/>
  <testcase name="testDstu4145" classname="com.distrimind.bouncycastle.jcajce.provider.test.GeneralKeyTest" time="0.009"/>
  <system-out><![CDATA[]]></system-out>
  <system-err><![CDATA[]]></system-err>
</testsuite>
