<?xml version="1.0" encoding="UTF-8"?>
<testsuite name="org.bouncycastle.bcjcajce.provider.test.GeneralKeyTest" tests="9" skipped="0" failures="0" errors="0" timestamp="2020-07-09T14:02:25" hostname="Garage" time="2.831">
  <properties/>
  <testcase name="testDSA" classname="org.bouncycastle.bcjcajce.provider.test.GeneralKeyTest" time="2.43"/>
  <testcase name="testRSA" classname="org.bouncycastle.bcjcajce.provider.test.GeneralKeyTest" time="0.268"/>
  <testcase name="testSM2" classname="org.bouncycastle.bcjcajce.provider.test.GeneralKeyTest" time="0.018"/>
  <testcase name="testGost3410" classname="org.bouncycastle.bcjcajce.provider.test.GeneralKeyTest" time="0.005"/>
  <testcase name="testEcgost3410_2012" classname="org.bouncycastle.bcjcajce.provider.test.GeneralKeyTest" time="0.038"/>
  <testcase name="testDH" classname="org.bouncycastle.bcjcajce.provider.test.GeneralKeyTest" time="0.014"/>
  <testcase name="testEC" classname="org.bouncycastle.bcjcajce.provider.test.GeneralKeyTest" time="0.012"/>
  <testcase name="testEcgost3410" classname="org.bouncycastle.bcjcajce.provider.test.GeneralKeyTest" time="0.012"/>
  <testcase name="testDstu4145" classname="org.bouncycastle.bcjcajce.provider.test.GeneralKeyTest" time="0.034"/>
  <system-out><![CDATA[]]></system-out>
  <system-err><![CDATA[]]></system-err>
</testsuite>
