<?xml version="1.0" encoding="UTF-8"?>
<testsuite name="com.distrimind.bouncycastle.pqc.jcajce.provider.test.XMSSTest" tests="19" skipped="0" failures="0" errors="0" timestamp="2020-07-14T23:13:01" hostname="Garage" time="43.245">
  <properties/>
  <testcase name="testNoRepeats" classname="com.distrimind.bouncycastle.pqc.jcajce.provider.test.XMSSTest" time="0.304"/>
  <testcase name="testXMSSSha256SignatureMultiplePreHash" classname="com.distrimind.bouncycastle.pqc.jcajce.provider.test.XMSSTest" time="2.711"/>
  <testcase name="testPrehashWithWithout" classname="com.distrimind.bouncycastle.pqc.jcajce.provider.test.XMSSTest" time="0.29"/>
  <testcase name="testExhaustion" classname="com.distrimind.bouncycastle.pqc.jcajce.provider.test.XMSSTest" time="0.026"/>
  <testcase name="testXMSSShake256Signature" classname="com.distrimind.bouncycastle.pqc.jcajce.provider.test.XMSSTest" time="0.254"/>
  <testcase name="testPrivateKeyRecovery" classname="com.distrimind.bouncycastle.pqc.jcajce.provider.test.XMSSTest" time="0.0"/>
  <testcase name="testXMSSSha256KeyFactory" classname="com.distrimind.bouncycastle.pqc.jcajce.provider.test.XMSSTest" time="2.638"/>
  <testcase name="testXMSSShake128Signature" classname="com.distrimind.bouncycastle.pqc.jcajce.provider.test.XMSSTest" time="0.076"/>
  <testcase name="testShardedKeyExhaustion" classname="com.distrimind.bouncycastle.pqc.jcajce.provider.test.XMSSTest" time="0.166"/>
  <testcase name="testXMSSShake256KeyFactory" classname="com.distrimind.bouncycastle.pqc.jcajce.provider.test.XMSSTest" time="7.547"/>
  <testcase name="testKeyRebuild" classname="com.distrimind.bouncycastle.pqc.jcajce.provider.test.XMSSTest" time="5.281"/>
  <testcase name="testKeyExtraction" classname="com.distrimind.bouncycastle.pqc.jcajce.provider.test.XMSSTest" time="2.649"/>
  <testcase name="testXMSSSha512Signature" classname="com.distrimind.bouncycastle.pqc.jcajce.provider.test.XMSSTest" time="7.79"/>
  <testcase name="testPublicKeyRecovery" classname="com.distrimind.bouncycastle.pqc.jcajce.provider.test.XMSSTest" time="0.001"/>
  <testcase name="testXMSSSha256Signature" classname="com.distrimind.bouncycastle.pqc.jcajce.provider.test.XMSSTest" time="2.732"/>
  <testcase name="testXMSSShake128KeyFactory" classname="com.distrimind.bouncycastle.pqc.jcajce.provider.test.XMSSTest" time="2.473"/>
  <testcase name="testReserialization" classname="com.distrimind.bouncycastle.pqc.jcajce.provider.test.XMSSTest" time="0.338"/>
  <testcase name="test160PrivateKeyRecovery" classname="com.distrimind.bouncycastle.pqc.jcajce.provider.test.XMSSTest" time="0.0"/>
  <testcase name="testXMSSSha512KeyFactory" classname="com.distrimind.bouncycastle.pqc.jcajce.provider.test.XMSSTest" time="7.967"/>
  <system-out><![CDATA[]]></system-out>
  <system-err><![CDATA[]]></system-err>
</testsuite>
