<?xml version="1.0" encoding="UTF-8"?>
<testsuite name="org.bouncycastle.bcjcajce.provider.test.RandomTest" tests="2" skipped="0" failures="0" errors="0" timestamp="2020-06-02T09:21:30" hostname="Garage" time="0.022">
  <properties/>
  <testcase name="testCheckRandom" classname="org.bouncycastle.bcjcajce.provider.test.RandomTest" time="0.013"/>
  <testcase name="testCheckNonceIVRandom" classname="org.bouncycastle.bcjcajce.provider.test.RandomTest" time="0.009"/>
  <system-out><![CDATA[]]></system-out>
  <system-err><![CDATA[]]></system-err>
</testsuite>
