<?xml version="1.0" encoding="UTF-8"?>
<testsuite name="org.bouncycastle.pqc.jcajce.provider.test.NewHopeTest" tests="3" skipped="0" failures="0" errors="0" timestamp="2020-02-15T08:12:11" hostname="Garage" time="0.399">
  <properties/>
  <testcase name="testKeyExchange" classname="org.bouncycastle.pqc.jcajce.provider.test.NewHopeTest" time="0.395"/>
  <testcase name="testPrivateKeyRecovery" classname="org.bouncycastle.pqc.jcajce.provider.test.NewHopeTest" time="0.002"/>
  <testcase name="testPublicKeyRecovery" classname="org.bouncycastle.pqc.jcajce.provider.test.NewHopeTest" time="0.002"/>
  <system-out><![CDATA[]]></system-out>
  <system-err><![CDATA[]]></system-err>
</testsuite>
