<?xml version="1.0" encoding="UTF-8"?>
<testsuite name="com.distrimind.bouncycastle.pqc.jcajce.provider.test.XMSSTest" tests="19" skipped="0" failures="0" errors="0" timestamp="2020-11-08T08:51:23" hostname="Garage" time="53.976">
  <properties/>
  <testcase name="testNoRepeats" classname="com.distrimind.bouncycastle.pqc.jcajce.provider.test.XMSSTest" time="0.294"/>
  <testcase name="testXMSSSha256SignatureMultiplePreHash" classname="com.distrimind.bouncycastle.pqc.jcajce.provider.test.XMSSTest" time="2.659"/>
  <testcase name="testPrehashWithWithout" classname="com.distrimind.bouncycastle.pqc.jcajce.provider.test.XMSSTest" time="0.416"/>
  <testcase name="testExhaustion" classname="com.distrimind.bouncycastle.pqc.jcajce.provider.test.XMSSTest" time="0.028"/>
  <testcase name="testXMSSShake256Signature" classname="com.distrimind.bouncycastle.pqc.jcajce.provider.test.XMSSTest" time="0.587"/>
  <testcase name="testPrivateKeyRecovery" classname="com.distrimind.bouncycastle.pqc.jcajce.provider.test.XMSSTest" time="0.0"/>
  <testcase name="testXMSSSha256KeyFactory" classname="com.distrimind.bouncycastle.pqc.jcajce.provider.test.XMSSTest" time="2.728"/>
  <testcase name="testXMSSShake128Signature" classname="com.distrimind.bouncycastle.pqc.jcajce.provider.test.XMSSTest" time="0.106"/>
  <testcase name="testShardedKeyExhaustion" classname="com.distrimind.bouncycastle.pqc.jcajce.provider.test.XMSSTest" time="0.159"/>
  <testcase name="testXMSSShake256KeyFactory" classname="com.distrimind.bouncycastle.pqc.jcajce.provider.test.XMSSTest" time="16.947"/>
  <testcase name="testKeyRebuild" classname="com.distrimind.bouncycastle.pqc.jcajce.provider.test.XMSSTest" time="5.448"/>
  <testcase name="testKeyExtraction" classname="com.distrimind.bouncycastle.pqc.jcajce.provider.test.XMSSTest" time="2.703"/>
  <testcase name="testXMSSSha512Signature" classname="com.distrimind.bouncycastle.pqc.jcajce.provider.test.XMSSTest" time="7.843"/>
  <testcase name="testPublicKeyRecovery" classname="com.distrimind.bouncycastle.pqc.jcajce.provider.test.XMSSTest" time="0.001"/>
  <testcase name="testXMSSSha256Signature" classname="com.distrimind.bouncycastle.pqc.jcajce.provider.test.XMSSTest" time="2.695"/>
  <testcase name="testXMSSShake128KeyFactory" classname="com.distrimind.bouncycastle.pqc.jcajce.provider.test.XMSSTest" time="3.2"/>
  <testcase name="testReserialization" classname="com.distrimind.bouncycastle.pqc.jcajce.provider.test.XMSSTest" time="0.312"/>
  <testcase name="test160PrivateKeyRecovery" classname="com.distrimind.bouncycastle.pqc.jcajce.provider.test.XMSSTest" time="0.0"/>
  <testcase name="testXMSSSha512KeyFactory" classname="com.distrimind.bouncycastle.pqc.jcajce.provider.test.XMSSTest" time="7.85"/>
  <system-out><![CDATA[]]></system-out>
  <system-err><![CDATA[]]></system-err>
</testsuite>
