<?xml version="1.0" encoding="UTF-8"?>
<testsuite name="com.distrimind.bouncycastle.jcajce.provider.test.RandomTest" tests="2" skipped="0" failures="0" errors="0" timestamp="2020-11-08T08:52:43" hostname="Garage" time="0.019">
  <properties/>
  <testcase name="testCheckRandom" classname="com.distrimind.bouncycastle.jcajce.provider.test.RandomTest" time="0.013"/>
  <testcase name="testCheckNonceIVRandom" classname="com.distrimind.bouncycastle.jcajce.provider.test.RandomTest" time="0.006"/>
  <system-out><![CDATA[]]></system-out>
  <system-err><![CDATA[]]></system-err>
</testsuite>
