<?xml version="1.0" encoding="UTF-8"?>
<testsuite name="com.distrimind.bouncycastle.pqc.jcajce.provider.test.McElieceCCA2KeyPairGeneratorTest" tests="2" skipped="0" failures="0" errors="0" timestamp="2021-11-01T15:49:50" hostname="basic" time="0.139">
  <properties/>
  <testcase name="testKeyFactory" classname="com.distrimind.bouncycastle.pqc.jcajce.provider.test.McElieceCCA2KeyPairGeneratorTest" time="0.001"/>
  <testcase name="testKeyPairEncoding_9_33" classname="com.distrimind.bouncycastle.pqc.jcajce.provider.test.McElieceCCA2KeyPairGeneratorTest" time="0.138"/>
  <system-out><![CDATA[]]></system-out>
  <system-err><![CDATA[]]></system-err>
</testsuite>
