<?xml version="1.0" encoding="UTF-8"?>
<testsuite name="org.bouncycastle.pqc.jcajce.provider.test.Sphincs256KeyPairGeneratorTest" tests="2" skipped="0" failures="0" errors="0" timestamp="2020-06-02T09:20:21" hostname="Garage" time="0.007">
  <properties/>
  <testcase name="testKeyFactory" classname="org.bouncycastle.pqc.jcajce.provider.test.Sphincs256KeyPairGeneratorTest" time="0.001"/>
  <testcase name="testKeyPairEncoding" classname="org.bouncycastle.pqc.jcajce.provider.test.Sphincs256KeyPairGeneratorTest" time="0.006"/>
  <system-out><![CDATA[]]></system-out>
  <system-err><![CDATA[]]></system-err>
</testsuite>
