<?xml version="1.0" encoding="UTF-8"?>
<testsuite name="org.bouncycastle.pqc.jcajce.provider.test.LMSTest" tests="5" skipped="0" failures="0" errors="0" timestamp="2020-07-09T14:02:24" hostname="Garage" time="0.403">
  <properties/>
  <testcase name="testPublicKeyEncodingLength" classname="org.bouncycastle.pqc.jcajce.provider.test.LMSTest" time="0.044"/>
  <testcase name="testKeyPairGenerators" classname="org.bouncycastle.pqc.jcajce.provider.test.LMSTest" time="0.275"/>
  <testcase name="testKeyFactoryHSSKey" classname="org.bouncycastle.pqc.jcajce.provider.test.LMSTest" time="0.018"/>
  <testcase name="testKeyFactoryLMSKey" classname="org.bouncycastle.pqc.jcajce.provider.test.LMSTest" time="0.008"/>
  <testcase name="testKeyGenAndSignTwoSigsWithShardHSS" classname="org.bouncycastle.pqc.jcajce.provider.test.LMSTest" time="0.057"/>
  <system-out><![CDATA[]]></system-out>
  <system-err><![CDATA[]]></system-err>
</testsuite>
