<?xml version="1.0" encoding="UTF-8"?>
<testsuite name="com.distrimind.bouncycastle.pqc.jcajce.provider.test.Sphincs256KeyPairGeneratorTest" tests="2" skipped="0" failures="0" errors="0" timestamp="2021-05-27T14:25:07" hostname="Garage" time="0.005">
  <properties/>
  <testcase name="testKeyFactory" classname="com.distrimind.bouncycastle.pqc.jcajce.provider.test.Sphincs256KeyPairGeneratorTest" time="0.001"/>
  <testcase name="testKeyPairEncoding" classname="com.distrimind.bouncycastle.pqc.jcajce.provider.test.Sphincs256KeyPairGeneratorTest" time="0.004"/>
  <system-out><![CDATA[]]></system-out>
  <system-err><![CDATA[]]></system-err>
</testsuite>
