<?xml version="1.0" encoding="UTF-8"?>
<testsuite name="com.distrimind.bouncycastle.jcajce.provider.test.GeneralKeyTest" tests="9" skipped="0" failures="0" errors="0" timestamp="2021-11-01T15:49:33" hostname="basic" time="2.674">
  <properties/>
  <testcase name="testDSA" classname="com.distrimind.bouncycastle.jcajce.provider.test.GeneralKeyTest" time="2.176"/>
  <testcase name="testRSA" classname="com.distrimind.bouncycastle.jcajce.provider.test.GeneralKeyTest" time="0.327"/>
  <testcase name="testSM2" classname="com.distrimind.bouncycastle.jcajce.provider.test.GeneralKeyTest" time="0.022"/>
  <testcase name="testGost3410" classname="com.distrimind.bouncycastle.jcajce.provider.test.GeneralKeyTest" time="0.011"/>
  <testcase name="testEcgost3410_2012" classname="com.distrimind.bouncycastle.jcajce.provider.test.GeneralKeyTest" time="0.046"/>
  <testcase name="testDH" classname="com.distrimind.bouncycastle.jcajce.provider.test.GeneralKeyTest" time="0.018"/>
  <testcase name="testEC" classname="com.distrimind.bouncycastle.jcajce.provider.test.GeneralKeyTest" time="0.018"/>
  <testcase name="testEcgost3410" classname="com.distrimind.bouncycastle.jcajce.provider.test.GeneralKeyTest" time="0.018"/>
  <testcase name="testDstu4145" classname="com.distrimind.bouncycastle.jcajce.provider.test.GeneralKeyTest" time="0.037"/>
  <system-out><![CDATA[]]></system-out>
  <system-err><![CDATA[]]></system-err>
</testsuite>
