<?xml version="1.0" encoding="UTF-8"?>
<testsuite name="org.bouncycastle.bcjcajce.provider.test.GeneralKeyTest" tests="9" skipped="0" failures="0" errors="0" timestamp="2020-06-02T09:21:27" hostname="Garage" time="3.728">
  <properties/>
  <testcase name="testDSA" classname="org.bouncycastle.bcjcajce.provider.test.GeneralKeyTest" time="3.373"/>
  <testcase name="testRSA" classname="org.bouncycastle.bcjcajce.provider.test.GeneralKeyTest" time="0.204"/>
  <testcase name="testSM2" classname="org.bouncycastle.bcjcajce.provider.test.GeneralKeyTest" time="0.018"/>
  <testcase name="testGost3410" classname="org.bouncycastle.bcjcajce.provider.test.GeneralKeyTest" time="0.005"/>
  <testcase name="testEcgost3410_2012" classname="org.bouncycastle.bcjcajce.provider.test.GeneralKeyTest" time="0.044"/>
  <testcase name="testDH" classname="org.bouncycastle.bcjcajce.provider.test.GeneralKeyTest" time="0.013"/>
  <testcase name="testEC" classname="org.bouncycastle.bcjcajce.provider.test.GeneralKeyTest" time="0.014"/>
  <testcase name="testEcgost3410" classname="org.bouncycastle.bcjcajce.provider.test.GeneralKeyTest" time="0.016"/>
  <testcase name="testDstu4145" classname="org.bouncycastle.bcjcajce.provider.test.GeneralKeyTest" time="0.041"/>
  <system-out><![CDATA[]]></system-out>
  <system-err><![CDATA[]]></system-err>
</testsuite>
