<?xml version="1.0" encoding="UTF-8"?>
<testsuite name="com.distrimind.bouncycastle.pqc.jcajce.provider.test.McElieceFujisakiCipherTest" tests="3" skipped="0" failures="0" errors="0" timestamp="2021-11-01T15:49:43" hostname="basic" time="1.682">
  <properties/>
  <testcase name="testEnDecryption_SHA224_11_50" classname="com.distrimind.bouncycastle.pqc.jcajce.provider.test.McElieceFujisakiCipherTest" time="0.738"/>
  <testcase name="testEnDecryption_SHA1_11_50" classname="com.distrimind.bouncycastle.pqc.jcajce.provider.test.McElieceFujisakiCipherTest" time="0.499"/>
  <testcase name="testEnDecryption_SHA256_11_50" classname="com.distrimind.bouncycastle.pqc.jcajce.provider.test.McElieceFujisakiCipherTest" time="0.445"/>
  <system-out><![CDATA[]]></system-out>
  <system-err><![CDATA[]]></system-err>
</testsuite>
