<?xml version="1.0" encoding="UTF-8"?>
<testsuite name="org.bouncycastle.jce.provider.test.nist.NistCertPathTest2" tests="207" skipped="0" failures="0" errors="0" timestamp="2020-06-02T09:21:31" hostname="Garage" time="0.394">
  <properties/>
  <testcase name="test4_1_1" classname="org.bouncycastle.jce.provider.test.nist.NistCertPathTest2" time="0.005"/>
  <testcase name="test4_1_2" classname="org.bouncycastle.jce.provider.test.nist.NistCertPathTest2" time="0.001"/>
  <testcase name="test4_1_3" classname="org.bouncycastle.jce.provider.test.nist.NistCertPathTest2" time="0.002"/>
  <testcase name="test4_1_4" classname="org.bouncycastle.jce.provider.test.nist.NistCertPathTest2" time="0.003"/>
  <testcase name="test4_1_5" classname="org.bouncycastle.jce.provider.test.nist.NistCertPathTest2" time="0.003"/>
  <testcase name="test4_1_6" classname="org.bouncycastle.jce.provider.test.nist.NistCertPathTest2" time="0.002"/>
  <testcase name="test4_2_1" classname="org.bouncycastle.jce.provider.test.nist.NistCertPathTest2" time="0.001"/>
  <testcase name="test4_2_2" classname="org.bouncycastle.jce.provider.test.nist.NistCertPathTest2" time="0.001"/>
  <testcase name="test4_2_3" classname="org.bouncycastle.jce.provider.test.nist.NistCertPathTest2" time="0.001"/>
  <testcase name="test4_2_4" classname="org.bouncycastle.jce.provider.test.nist.NistCertPathTest2" time="0.002"/>
  <testcase name="test4_2_5" classname="org.bouncycastle.jce.provider.test.nist.NistCertPathTest2" time="0.001"/>
  <testcase name="test4_2_6" classname="org.bouncycastle.jce.provider.test.nist.NistCertPathTest2" time="0.001"/>
  <testcase name="test4_2_7" classname="org.bouncycastle.jce.provider.test.nist.NistCertPathTest2" time="0.001"/>
  <testcase name="test4_2_8" classname="org.bouncycastle.jce.provider.test.nist.NistCertPathTest2" time="0.001"/>
  <testcase name="test4_3_1" classname="org.bouncycastle.jce.provider.test.nist.NistCertPathTest2" time="0.002"/>
  <testcase name="test4_3_2" classname="org.bouncycastle.jce.provider.test.nist.NistCertPathTest2" time="0.001"/>
  <testcase name="test4_3_3" classname="org.bouncycastle.jce.provider.test.nist.NistCertPathTest2" time="0.001"/>
  <testcase name="test4_3_4" classname="org.bouncycastle.jce.provider.test.nist.NistCertPathTest2" time="0.002"/>
  <testcase name="test4_3_5" classname="org.bouncycastle.jce.provider.test.nist.NistCertPathTest2" time="0.001"/>
  <testcase name="test4_3_6" classname="org.bouncycastle.jce.provider.test.nist.NistCertPathTest2" time="0.002"/>
  <testcase name="test4_3_7" classname="org.bouncycastle.jce.provider.test.nist.NistCertPathTest2" time="0.002"/>
  <testcase name="test4_3_8" classname="org.bouncycastle.jce.provider.test.nist.NistCertPathTest2" time="0.002"/>
  <testcase name="test4_3_9" classname="org.bouncycastle.jce.provider.test.nist.NistCertPathTest2" time="0.003"/>
  <testcase name="test4_4_1" classname="org.bouncycastle.jce.provider.test.nist.NistCertPathTest2" time="0.001"/>
  <testcase name="test4_4_2" classname="org.bouncycastle.jce.provider.test.nist.NistCertPathTest2" time="0.002"/>
  <testcase name="test4_4_3" classname="org.bouncycastle.jce.provider.test.nist.NistCertPathTest2" time="0.001"/>
  <testcase name="test4_4_4" classname="org.bouncycastle.jce.provider.test.nist.NistCertPathTest2" time="0.002"/>
  <testcase name="test4_4_5" classname="org.bouncycastle.jce.provider.test.nist.NistCertPathTest2" time="0.001"/>
  <testcase name="test4_4_6" classname="org.bouncycastle.jce.provider.test.nist.NistCertPathTest2" time="0.002"/>
  <testcase name="test4_4_7" classname="org.bouncycastle.jce.provider.test.nist.NistCertPathTest2" time="0.003"/>
  <testcase name="test4_4_8" classname="org.bouncycastle.jce.provider.test.nist.NistCertPathTest2" time="0.002"/>
  <testcase name="test4_4_9" classname="org.bouncycastle.jce.provider.test.nist.NistCertPathTest2" time="0.002"/>
  <testcase name="test4_5_1" classname="org.bouncycastle.jce.provider.test.nist.NistCertPathTest2" time="0.004"/>
  <testcase name="test4_5_2" classname="org.bouncycastle.jce.provider.test.nist.NistCertPathTest2" time="0.002"/>
  <testcase name="test4_5_3" classname="org.bouncycastle.jce.provider.test.nist.NistCertPathTest2" time="0.004"/>
  <testcase name="test4_5_8" classname="org.bouncycastle.jce.provider.test.nist.NistCertPathTest2" time="0.003"/>
  <testcase name="test4_6_1" classname="org.bouncycastle.jce.provider.test.nist.NistCertPathTest2" time="0.001"/>
  <testcase name="test4_6_2" classname="org.bouncycastle.jce.provider.test.nist.NistCertPathTest2" time="0.001"/>
  <testcase name="test4_6_3" classname="org.bouncycastle.jce.provider.test.nist.NistCertPathTest2" time="0.001"/>
  <testcase name="test4_6_4" classname="org.bouncycastle.jce.provider.test.nist.NistCertPathTest2" time="0.002"/>
  <testcase name="test4_6_5" classname="org.bouncycastle.jce.provider.test.nist.NistCertPathTest2" time="0.002"/>
  <testcase name="test4_6_6" classname="org.bouncycastle.jce.provider.test.nist.NistCertPathTest2" time="0.002"/>
  <testcase name="test4_6_7" classname="org.bouncycastle.jce.provider.test.nist.NistCertPathTest2" time="0.001"/>
  <testcase name="test4_6_8" classname="org.bouncycastle.jce.provider.test.nist.NistCertPathTest2" time="0.002"/>
  <testcase name="test4_6_9" classname="org.bouncycastle.jce.provider.test.nist.NistCertPathTest2" time="0.003"/>
  <testcase name="test4_7_1" classname="org.bouncycastle.jce.provider.test.nist.NistCertPathTest2" time="0.002"/>
  <testcase name="test4_7_2" classname="org.bouncycastle.jce.provider.test.nist.NistCertPathTest2" time="0.001"/>
  <testcase name="test4_7_3" classname="org.bouncycastle.jce.provider.test.nist.NistCertPathTest2" time="0.002"/>
  <testcase name="test4_7_4" classname="org.bouncycastle.jce.provider.test.nist.NistCertPathTest2" time="0.002"/>
  <testcase name="test4_7_5" classname="org.bouncycastle.jce.provider.test.nist.NistCertPathTest2" time="0.002"/>
  <testcase name="test4_8_1" classname="org.bouncycastle.jce.provider.test.nist.NistCertPathTest2" time="0.004"/>
  <testcase name="test4_8_2" classname="org.bouncycastle.jce.provider.test.nist.NistCertPathTest2" time="0.002"/>
  <testcase name="test4_8_3" classname="org.bouncycastle.jce.provider.test.nist.NistCertPathTest2" time="0.004"/>
  <testcase name="test4_8_4" classname="org.bouncycastle.jce.provider.test.nist.NistCertPathTest2" time="0.003"/>
  <testcase name="test4_8_5" classname="org.bouncycastle.jce.provider.test.nist.NistCertPathTest2" time="0.002"/>
  <testcase name="test4_8_6" classname="org.bouncycastle.jce.provider.test.nist.NistCertPathTest2" time="0.006"/>
  <testcase name="test4_8_7" classname="org.bouncycastle.jce.provider.test.nist.NistCertPathTest2" time="0.003"/>
  <testcase name="test4_8_8" classname="org.bouncycastle.jce.provider.test.nist.NistCertPathTest2" time="0.003"/>
  <testcase name="test4_8_9" classname="org.bouncycastle.jce.provider.test.nist.NistCertPathTest2" time="0.003"/>
  <testcase name="test4_9_1" classname="org.bouncycastle.jce.provider.test.nist.NistCertPathTest2" time="0.004"/>
  <testcase name="test4_9_2" classname="org.bouncycastle.jce.provider.test.nist.NistCertPathTest2" time="0.006"/>
  <testcase name="test4_9_3" classname="org.bouncycastle.jce.provider.test.nist.NistCertPathTest2" time="0.003"/>
  <testcase name="test4_9_4" classname="org.bouncycastle.jce.provider.test.nist.NistCertPathTest2" time="0.004"/>
  <testcase name="test4_9_5" classname="org.bouncycastle.jce.provider.test.nist.NistCertPathTest2" time="0.004"/>
  <testcase name="test4_9_6" classname="org.bouncycastle.jce.provider.test.nist.NistCertPathTest2" time="0.003"/>
  <testcase name="test4_9_7" classname="org.bouncycastle.jce.provider.test.nist.NistCertPathTest2" time="0.002"/>
  <testcase name="test4_9_8" classname="org.bouncycastle.jce.provider.test.nist.NistCertPathTest2" time="0.004"/>
  <testcase name="test4_10_10" classname="org.bouncycastle.jce.provider.test.nist.NistCertPathTest2" time="0.002"/>
  <testcase name="test4_10_11" classname="org.bouncycastle.jce.provider.test.nist.NistCertPathTest2" time="0.001"/>
  <testcase name="test4_10_12" classname="org.bouncycastle.jce.provider.test.nist.NistCertPathTest2" time="0.003"/>
  <testcase name="test4_10_13" classname="org.bouncycastle.jce.provider.test.nist.NistCertPathTest2" time="0.001"/>
  <testcase name="test4_10_14" classname="org.bouncycastle.jce.provider.test.nist.NistCertPathTest2" time="0.001"/>
  <testcase name="test4_11_10" classname="org.bouncycastle.jce.provider.test.nist.NistCertPathTest2" time="0.005"/>
  <testcase name="test4_11_11" classname="org.bouncycastle.jce.provider.test.nist.NistCertPathTest2" time="0.004"/>
  <testcase name="test4_12_10" classname="org.bouncycastle.jce.provider.test.nist.NistCertPathTest2" time="0.004"/>
  <testcase name="test4_13_10" classname="org.bouncycastle.jce.provider.test.nist.NistCertPathTest2" time="0.002"/>
  <testcase name="test4_13_11" classname="org.bouncycastle.jce.provider.test.nist.NistCertPathTest2" time="0.001"/>
  <testcase name="test4_13_12" classname="org.bouncycastle.jce.provider.test.nist.NistCertPathTest2" time="0.003"/>
  <testcase name="test4_13_13" classname="org.bouncycastle.jce.provider.test.nist.NistCertPathTest2" time="0.002"/>
  <testcase name="test4_13_14" classname="org.bouncycastle.jce.provider.test.nist.NistCertPathTest2" time="0.002"/>
  <testcase name="test4_13_15" classname="org.bouncycastle.jce.provider.test.nist.NistCertPathTest2" time="0.002"/>
  <testcase name="test4_13_16" classname="org.bouncycastle.jce.provider.test.nist.NistCertPathTest2" time="0.002"/>
  <testcase name="test4_13_17" classname="org.bouncycastle.jce.provider.test.nist.NistCertPathTest2" time="0.002"/>
  <testcase name="test4_13_18" classname="org.bouncycastle.jce.provider.test.nist.NistCertPathTest2" time="0.001"/>
  <testcase name="test4_13_19" classname="org.bouncycastle.jce.provider.test.nist.NistCertPathTest2" time="0.002"/>
  <testcase name="test4_13_20" classname="org.bouncycastle.jce.provider.test.nist.NistCertPathTest2" time="0.001"/>
  <testcase name="test4_13_21" classname="org.bouncycastle.jce.provider.test.nist.NistCertPathTest2" time="0.002"/>
  <testcase name="test4_13_22" classname="org.bouncycastle.jce.provider.test.nist.NistCertPathTest2" time="0.001"/>
  <testcase name="test4_13_23" classname="org.bouncycastle.jce.provider.test.nist.NistCertPathTest2" time="0.002"/>
  <testcase name="test4_13_24" classname="org.bouncycastle.jce.provider.test.nist.NistCertPathTest2" time="0.001"/>
  <testcase name="test4_13_25" classname="org.bouncycastle.jce.provider.test.nist.NistCertPathTest2" time="0.002"/>
  <testcase name="test4_13_26" classname="org.bouncycastle.jce.provider.test.nist.NistCertPathTest2" time="0.001"/>
  <testcase name="test4_13_27" classname="org.bouncycastle.jce.provider.test.nist.NistCertPathTest2" time="0.002"/>
  <testcase name="test4_13_28" classname="org.bouncycastle.jce.provider.test.nist.NistCertPathTest2" time="0.002"/>
  <testcase name="test4_13_29" classname="org.bouncycastle.jce.provider.test.nist.NistCertPathTest2" time="0.001"/>
  <testcase name="test4_13_30" classname="org.bouncycastle.jce.provider.test.nist.NistCertPathTest2" time="0.002"/>
  <testcase name="test4_13_31" classname="org.bouncycastle.jce.provider.test.nist.NistCertPathTest2" time="0.001"/>
  <testcase name="test4_13_32" classname="org.bouncycastle.jce.provider.test.nist.NistCertPathTest2" time="0.002"/>
  <testcase name="test4_13_33" classname="org.bouncycastle.jce.provider.test.nist.NistCertPathTest2" time="0.001"/>
  <testcase name="test4_13_34" classname="org.bouncycastle.jce.provider.test.nist.NistCertPathTest2" time="0.001"/>
  <testcase name="test4_13_35" classname="org.bouncycastle.jce.provider.test.nist.NistCertPathTest2" time="0.001"/>
  <testcase name="test4_13_36" classname="org.bouncycastle.jce.provider.test.nist.NistCertPathTest2" time="0.001"/>
  <testcase name="test4_13_37" classname="org.bouncycastle.jce.provider.test.nist.NistCertPathTest2" time="0.001"/>
  <testcase name="test4_13_38" classname="org.bouncycastle.jce.provider.test.nist.NistCertPathTest2" time="0.001"/>
  <testcase name="test4_14_10" classname="org.bouncycastle.jce.provider.test.nist.NistCertPathTest2" time="0.002"/>
  <testcase name="test4_14_11" classname="org.bouncycastle.jce.provider.test.nist.NistCertPathTest2" time="0.001"/>
  <testcase name="test4_14_12" classname="org.bouncycastle.jce.provider.test.nist.NistCertPathTest2" time="0.002"/>
  <testcase name="test4_14_13" classname="org.bouncycastle.jce.provider.test.nist.NistCertPathTest2" time="0.001"/>
  <testcase name="test4_14_14" classname="org.bouncycastle.jce.provider.test.nist.NistCertPathTest2" time="0.001"/>
  <testcase name="test4_14_15" classname="org.bouncycastle.jce.provider.test.nist.NistCertPathTest2" time="0.002"/>
  <testcase name="test4_14_16" classname="org.bouncycastle.jce.provider.test.nist.NistCertPathTest2" time="0.001"/>
  <testcase name="test4_14_17" classname="org.bouncycastle.jce.provider.test.nist.NistCertPathTest2" time="0.002"/>
  <testcase name="test4_14_18" classname="org.bouncycastle.jce.provider.test.nist.NistCertPathTest2" time="0.004"/>
  <testcase name="test4_14_19" classname="org.bouncycastle.jce.provider.test.nist.NistCertPathTest2" time="0.002"/>
  <testcase name="test4_14_20" classname="org.bouncycastle.jce.provider.test.nist.NistCertPathTest2" time="0.001"/>
  <testcase name="test4_14_21" classname="org.bouncycastle.jce.provider.test.nist.NistCertPathTest2" time="0.002"/>
  <testcase name="test4_14_22" classname="org.bouncycastle.jce.provider.test.nist.NistCertPathTest2" time="0.001"/>
  <testcase name="test4_14_23" classname="org.bouncycastle.jce.provider.test.nist.NistCertPathTest2" time="0.001"/>
  <testcase name="test4_14_34" classname="org.bouncycastle.jce.provider.test.nist.NistCertPathTest2" time="0.002"/>
  <testcase name="test4_14_35" classname="org.bouncycastle.jce.provider.test.nist.NistCertPathTest2" time="0.001"/>
  <testcase name="test4_15_10" classname="org.bouncycastle.jce.provider.test.nist.NistCertPathTest2" time="0.002"/>
  <testcase name="test4_10_1" classname="org.bouncycastle.jce.provider.test.nist.NistCertPathTest2" time="0.002"/>
  <testcase name="test4_10_2" classname="org.bouncycastle.jce.provider.test.nist.NistCertPathTest2" time="0.001"/>
  <testcase name="test4_10_3" classname="org.bouncycastle.jce.provider.test.nist.NistCertPathTest2" time="0.004"/>
  <testcase name="test4_10_4" classname="org.bouncycastle.jce.provider.test.nist.NistCertPathTest2" time="0.001"/>
  <testcase name="test4_10_5" classname="org.bouncycastle.jce.provider.test.nist.NistCertPathTest2" time="0.003"/>
  <testcase name="test4_10_6" classname="org.bouncycastle.jce.provider.test.nist.NistCertPathTest2" time="0.002"/>
  <testcase name="test4_10_7" classname="org.bouncycastle.jce.provider.test.nist.NistCertPathTest2" time="0.001"/>
  <testcase name="test4_10_8" classname="org.bouncycastle.jce.provider.test.nist.NistCertPathTest2" time="0.001"/>
  <testcase name="test4_10_9" classname="org.bouncycastle.jce.provider.test.nist.NistCertPathTest2" time="0.002"/>
  <testcase name="test4_11_1" classname="org.bouncycastle.jce.provider.test.nist.NistCertPathTest2" time="0.002"/>
  <testcase name="test4_11_2" classname="org.bouncycastle.jce.provider.test.nist.NistCertPathTest2" time="0.002"/>
  <testcase name="test4_11_3" classname="org.bouncycastle.jce.provider.test.nist.NistCertPathTest2" time="0.002"/>
  <testcase name="test4_11_4" classname="org.bouncycastle.jce.provider.test.nist.NistCertPathTest2" time="0.002"/>
  <testcase name="test4_11_5" classname="org.bouncycastle.jce.provider.test.nist.NistCertPathTest2" time="0.003"/>
  <testcase name="test4_11_6" classname="org.bouncycastle.jce.provider.test.nist.NistCertPathTest2" time="0.002"/>
  <testcase name="test4_11_7" classname="org.bouncycastle.jce.provider.test.nist.NistCertPathTest2" time="0.002"/>
  <testcase name="test4_11_8" classname="org.bouncycastle.jce.provider.test.nist.NistCertPathTest2" time="0.003"/>
  <testcase name="test4_11_9" classname="org.bouncycastle.jce.provider.test.nist.NistCertPathTest2" time="0.002"/>
  <testcase name="test4_12_1" classname="org.bouncycastle.jce.provider.test.nist.NistCertPathTest2" time="0.002"/>
  <testcase name="test4_12_2" classname="org.bouncycastle.jce.provider.test.nist.NistCertPathTest2" time="0.001"/>
  <testcase name="test4_12_3" classname="org.bouncycastle.jce.provider.test.nist.NistCertPathTest2" time="0.002"/>
  <testcase name="test4_12_4" classname="org.bouncycastle.jce.provider.test.nist.NistCertPathTest2" time="0.001"/>
  <testcase name="test4_12_5" classname="org.bouncycastle.jce.provider.test.nist.NistCertPathTest2" time="0.003"/>
  <testcase name="test4_12_6" classname="org.bouncycastle.jce.provider.test.nist.NistCertPathTest2" time="0.002"/>
  <testcase name="test4_12_7" classname="org.bouncycastle.jce.provider.test.nist.NistCertPathTest2" time="0.002"/>
  <testcase name="test4_12_8" classname="org.bouncycastle.jce.provider.test.nist.NistCertPathTest2" time="0.002"/>
  <testcase name="test4_12_9" classname="org.bouncycastle.jce.provider.test.nist.NistCertPathTest2" time="0.003"/>
  <testcase name="test4_13_1" classname="org.bouncycastle.jce.provider.test.nist.NistCertPathTest2" time="0.001"/>
  <testcase name="test4_13_2" classname="org.bouncycastle.jce.provider.test.nist.NistCertPathTest2" time="0.001"/>
  <testcase name="test4_13_3" classname="org.bouncycastle.jce.provider.test.nist.NistCertPathTest2" time="0.001"/>
  <testcase name="test4_13_4" classname="org.bouncycastle.jce.provider.test.nist.NistCertPathTest2" time="0.001"/>
  <testcase name="test4_13_5" classname="org.bouncycastle.jce.provider.test.nist.NistCertPathTest2" time="0.002"/>
  <testcase name="test4_13_6" classname="org.bouncycastle.jce.provider.test.nist.NistCertPathTest2" time="0.001"/>
  <testcase name="test4_13_7" classname="org.bouncycastle.jce.provider.test.nist.NistCertPathTest2" time="0.001"/>
  <testcase name="test4_13_8" classname="org.bouncycastle.jce.provider.test.nist.NistCertPathTest2" time="0.001"/>
  <testcase name="test4_13_9" classname="org.bouncycastle.jce.provider.test.nist.NistCertPathTest2" time="0.001"/>
  <testcase name="test4_14_1" classname="org.bouncycastle.jce.provider.test.nist.NistCertPathTest2" time="0.002"/>
  <testcase name="test4_14_2" classname="org.bouncycastle.jce.provider.test.nist.NistCertPathTest2" time="0.001"/>
  <testcase name="test4_14_3" classname="org.bouncycastle.jce.provider.test.nist.NistCertPathTest2" time="0.001"/>
  <testcase name="test4_14_4" classname="org.bouncycastle.jce.provider.test.nist.NistCertPathTest2" time="0.001"/>
  <testcase name="test4_14_5" classname="org.bouncycastle.jce.provider.test.nist.NistCertPathTest2" time="0.001"/>
  <testcase name="test4_14_6" classname="org.bouncycastle.jce.provider.test.nist.NistCertPathTest2" time="0.001"/>
  <testcase name="test4_14_7" classname="org.bouncycastle.jce.provider.test.nist.NistCertPathTest2" time="0.001"/>
  <testcase name="test4_14_8" classname="org.bouncycastle.jce.provider.test.nist.NistCertPathTest2" time="0.001"/>
  <testcase name="test4_14_9" classname="org.bouncycastle.jce.provider.test.nist.NistCertPathTest2" time="0.001"/>
  <testcase name="test4_15_1" classname="org.bouncycastle.jce.provider.test.nist.NistCertPathTest2" time="0.003"/>
  <testcase name="test4_15_2" classname="org.bouncycastle.jce.provider.test.nist.NistCertPathTest2" time="0.001"/>
  <testcase name="test4_15_3" classname="org.bouncycastle.jce.provider.test.nist.NistCertPathTest2" time="0.0"/>
  <testcase name="test4_15_4" classname="org.bouncycastle.jce.provider.test.nist.NistCertPathTest2" time="0.002"/>
  <testcase name="test4_15_5" classname="org.bouncycastle.jce.provider.test.nist.NistCertPathTest2" time="0.001"/>
  <testcase name="test4_15_6" classname="org.bouncycastle.jce.provider.test.nist.NistCertPathTest2" time="0.001"/>
  <testcase name="test4_15_7" classname="org.bouncycastle.jce.provider.test.nist.NistCertPathTest2" time="0.001"/>
  <testcase name="test4_15_8" classname="org.bouncycastle.jce.provider.test.nist.NistCertPathTest2" time="0.002"/>
  <testcase name="test4_15_9" classname="org.bouncycastle.jce.provider.test.nist.NistCertPathTest2" time="0.001"/>
  <testcase name="test4_16_1" classname="org.bouncycastle.jce.provider.test.nist.NistCertPathTest2" time="0.0"/>
  <testcase name="test4_16_2" classname="org.bouncycastle.jce.provider.test.nist.NistCertPathTest2" time="0.001"/>
  <testcase name="test4_3_10" classname="org.bouncycastle.jce.provider.test.nist.NistCertPathTest2" time="0.001"/>
  <testcase name="test4_3_11" classname="org.bouncycastle.jce.provider.test.nist.NistCertPathTest2" time="0.002"/>
  <testcase name="test4_4_10" classname="org.bouncycastle.jce.provider.test.nist.NistCertPathTest2" time="0.001"/>
  <testcase name="test4_4_11" classname="org.bouncycastle.jce.provider.test.nist.NistCertPathTest2" time="0.001"/>
  <testcase name="test4_4_12" classname="org.bouncycastle.jce.provider.test.nist.NistCertPathTest2" time="0.001"/>
  <testcase name="test4_4_13" classname="org.bouncycastle.jce.provider.test.nist.NistCertPathTest2" time="0.001"/>
  <testcase name="test4_4_14" classname="org.bouncycastle.jce.provider.test.nist.NistCertPathTest2" time="0.001"/>
  <testcase name="test4_4_15" classname="org.bouncycastle.jce.provider.test.nist.NistCertPathTest2" time="0.001"/>
  <testcase name="test4_4_16" classname="org.bouncycastle.jce.provider.test.nist.NistCertPathTest2" time="0.001"/>
  <testcase name="test4_4_17" classname="org.bouncycastle.jce.provider.test.nist.NistCertPathTest2" time="0.001"/>
  <testcase name="test4_4_18" classname="org.bouncycastle.jce.provider.test.nist.NistCertPathTest2" time="0.001"/>
  <testcase name="test4_6_10" classname="org.bouncycastle.jce.provider.test.nist.NistCertPathTest2" time="0.001"/>
  <testcase name="test4_6_11" classname="org.bouncycastle.jce.provider.test.nist.NistCertPathTest2" time="0.003"/>
  <testcase name="test4_6_12" classname="org.bouncycastle.jce.provider.test.nist.NistCertPathTest2" time="0.001"/>
  <testcase name="test4_6_13" classname="org.bouncycastle.jce.provider.test.nist.NistCertPathTest2" time="0.003"/>
  <testcase name="test4_6_14" classname="org.bouncycastle.jce.provider.test.nist.NistCertPathTest2" time="0.001"/>
  <testcase name="test4_6_15" classname="org.bouncycastle.jce.provider.test.nist.NistCertPathTest2" time="0.001"/>
  <testcase name="test4_6_16" classname="org.bouncycastle.jce.provider.test.nist.NistCertPathTest2" time="0.002"/>
  <testcase name="test4_6_17" classname="org.bouncycastle.jce.provider.test.nist.NistCertPathTest2" time="0.004"/>
  <testcase name="test4_8_10" classname="org.bouncycastle.jce.provider.test.nist.NistCertPathTest2" time="0.002"/>
  <testcase name="test4_8_11" classname="org.bouncycastle.jce.provider.test.nist.NistCertPathTest2" time="0.002"/>
  <testcase name="test4_8_12" classname="org.bouncycastle.jce.provider.test.nist.NistCertPathTest2" time="0.001"/>
  <testcase name="test4_8_13" classname="org.bouncycastle.jce.provider.test.nist.NistCertPathTest2" time="0.002"/>
  <testcase name="test4_8_14" classname="org.bouncycastle.jce.provider.test.nist.NistCertPathTest2" time="0.002"/>
  <testcase name="test4_8_15" classname="org.bouncycastle.jce.provider.test.nist.NistCertPathTest2" time="0.001"/>
  <testcase name="test4_8_16" classname="org.bouncycastle.jce.provider.test.nist.NistCertPathTest2" time="0.001"/>
  <testcase name="test4_8_17" classname="org.bouncycastle.jce.provider.test.nist.NistCertPathTest2" time="0.001"/>
  <testcase name="test4_8_18" classname="org.bouncycastle.jce.provider.test.nist.NistCertPathTest2" time="0.001"/>
  <testcase name="test4_8_19" classname="org.bouncycastle.jce.provider.test.nist.NistCertPathTest2" time="0.001"/>
  <testcase name="test4_8_20" classname="org.bouncycastle.jce.provider.test.nist.NistCertPathTest2" time="0.001"/>
  <system-out><![CDATA[]]></system-out>
  <system-err><![CDATA[]]></system-err>
</testsuite>
