<?xml version="1.0" encoding="UTF-8"?>
<testsuite name="com.distrimind.bouncycastle.pqc.jcajce.provider.test.QTESLATest" tests="4" skipped="0" failures="0" errors="0" timestamp="2021-11-01T15:51:00" hostname="basic" time="0.305">
  <properties/>
  <testcase name="testCatPIVector0" classname="com.distrimind.bouncycastle.pqc.jcajce.provider.test.QTESLATest" time="0.042"/>
  <testcase name="testGenerateKeyPairSigningVerifyingPI" classname="com.distrimind.bouncycastle.pqc.jcajce.provider.test.QTESLATest" time="0.048"/>
  <testcase name="testGenerateKeyPairSigningVerifyingPIII" classname="com.distrimind.bouncycastle.pqc.jcajce.provider.test.QTESLATest" time="0.176"/>
  <testcase name="testCatPIIIVector0" classname="com.distrimind.bouncycastle.pqc.jcajce.provider.test.QTESLATest" time="0.039"/>
  <system-out><![CDATA[]]></system-out>
  <system-err><![CDATA[]]></system-err>
</testsuite>
