<?xml version="1.0" encoding="UTF-8"?>
<testsuite name="org.bouncycastle.pqc.jcajce.provider.test.XMSSMTTest" tests="14" skipped="0" failures="0" errors="0" timestamp="2019-05-14T11:41:11" hostname="Garage2" time="4.584">
  <properties/>
  <testcase name="testXMSSMTSha512KeyFactory" classname="org.bouncycastle.pqc.jcajce.provider.test.XMSSMTTest" time="0.035"/>
  <testcase name="testXMSSMTShake256Signature" classname="org.bouncycastle.pqc.jcajce.provider.test.XMSSMTTest" time="0.133"/>
  <testcase name="testXMSSMTSha256SignatureMultiple" classname="org.bouncycastle.pqc.jcajce.provider.test.XMSSMTTest" time="0.429"/>
  <testcase name="testPrehashWithWithout" classname="org.bouncycastle.pqc.jcajce.provider.test.XMSSMTTest" time="0.666"/>
  <testcase name="testExhaustion" classname="org.bouncycastle.pqc.jcajce.provider.test.XMSSMTTest" time="0.241"/>
  <testcase name="testXMSSMTShake128Signature" classname="org.bouncycastle.pqc.jcajce.provider.test.XMSSMTTest" time="0.041"/>
  <testcase name="testPrivateKeyRecovery" classname="org.bouncycastle.pqc.jcajce.provider.test.XMSSMTTest" time="0.002"/>
  <testcase name="testXMSSMTSha512Signature" classname="org.bouncycastle.pqc.jcajce.provider.test.XMSSMTTest" time="0.234"/>
  <testcase name="testXMSSMTSha256Signature" classname="org.bouncycastle.pqc.jcajce.provider.test.XMSSMTTest" time="0.091"/>
  <testcase name="testKeyRebuild" classname="org.bouncycastle.pqc.jcajce.provider.test.XMSSMTTest" time="0.177"/>
  <testcase name="testKeyExtraction" classname="org.bouncycastle.pqc.jcajce.provider.test.XMSSMTTest" time="0.185"/>
  <testcase name="testPublicKeyRecovery" classname="org.bouncycastle.pqc.jcajce.provider.test.XMSSMTTest" time="0.001"/>
  <testcase name="testReserialization" classname="org.bouncycastle.pqc.jcajce.provider.test.XMSSMTTest" time="0.447"/>
  <testcase name="testXMSSMTSha256KeyFactory" classname="org.bouncycastle.pqc.jcajce.provider.test.XMSSMTTest" time="1.901"/>
  <system-out><![CDATA[]]></system-out>
  <system-err><![CDATA[]]></system-err>
</testsuite>
