<?xml version="1.0" encoding="UTF-8"?>
<testsuite name="com.distrimind.bouncycastle.pqc.jcajce.provider.test.LMSTest" tests="5" skipped="0" failures="0" errors="0" timestamp="2020-07-14T23:14:05" hostname="Garage" time="0.396">
  <properties/>
  <testcase name="testPublicKeyEncodingLength" classname="com.distrimind.bouncycastle.pqc.jcajce.provider.test.LMSTest" time="0.055"/>
  <testcase name="testKeyPairGenerators" classname="com.distrimind.bouncycastle.pqc.jcajce.provider.test.LMSTest" time="0.261"/>
  <testcase name="testKeyFactoryHSSKey" classname="com.distrimind.bouncycastle.pqc.jcajce.provider.test.LMSTest" time="0.017"/>
  <testcase name="testKeyFactoryLMSKey" classname="com.distrimind.bouncycastle.pqc.jcajce.provider.test.LMSTest" time="0.008"/>
  <testcase name="testKeyGenAndSignTwoSigsWithShardHSS" classname="com.distrimind.bouncycastle.pqc.jcajce.provider.test.LMSTest" time="0.055"/>
  <system-out><![CDATA[]]></system-out>
  <system-err><![CDATA[]]></system-err>
</testsuite>
