<?xml version="1.0" encoding="UTF-8"?>
<testsuite name="org.bouncycastle.pqc.jcajce.provider.test.McElieceCipherTest" tests="2" skipped="0" failures="0" errors="0" timestamp="2020-02-15T08:12:06" hostname="Garage" time="4.205">
  <properties/>
  <testcase name="testEnDecryption_9_33" classname="org.bouncycastle.pqc.jcajce.provider.test.McElieceCipherTest" time="0.627"/>
  <testcase name="testEnDecryption_11_50" classname="org.bouncycastle.pqc.jcajce.provider.test.McElieceCipherTest" time="3.578"/>
  <system-out><![CDATA[]]></system-out>
  <system-err><![CDATA[]]></system-err>
</testsuite>
