<?xml version="1.0" encoding="UTF-8"?>
<testsuite name="com.distrimind.bouncycastle.pqc.jcajce.provider.test.NewHopeKeyPairGeneratorTest" tests="2" skipped="0" failures="0" errors="0" timestamp="2020-07-14T23:13:00" hostname="Garage" time="0.002">
  <properties/>
  <testcase name="testKeyFactory" classname="com.distrimind.bouncycastle.pqc.jcajce.provider.test.NewHopeKeyPairGeneratorTest" time="0.001"/>
  <testcase name="testKeyPairEncoding" classname="com.distrimind.bouncycastle.pqc.jcajce.provider.test.NewHopeKeyPairGeneratorTest" time="0.001"/>
  <system-out><![CDATA[]]></system-out>
  <system-err><![CDATA[]]></system-err>
</testsuite>
