<?xml version="1.0" encoding="UTF-8"?>
<testsuite name="com.distrimind.bouncycastle.pqc.jcajce.provider.test.Sphincs256Test" tests="18" skipped="0" failures="0" errors="0" timestamp="2020-11-08T08:51:05" hostname="Garage" time="18.25">
  <properties/>
  <testcase name="testSphincsRandomSigSHA2" classname="com.distrimind.bouncycastle.pqc.jcajce.provider.test.Sphincs256Test" time="0.231"/>
  <testcase name="testSphincsRandomSigSHA3" classname="com.distrimind.bouncycastle.pqc.jcajce.provider.test.Sphincs256Test" time="0.145"/>
  <testcase name="testSphincsDefaultSha2KeyGen" classname="com.distrimind.bouncycastle.pqc.jcajce.provider.test.Sphincs256Test" time="0.012"/>
  <testcase name="testSphincsSha3Signature" classname="com.distrimind.bouncycastle.pqc.jcajce.provider.test.Sphincs256Test" time="0.129"/>
  <testcase name="testSphincsSha2Signature" classname="com.distrimind.bouncycastle.pqc.jcajce.provider.test.Sphincs256Test" time="0.13"/>
  <testcase name="testPrivateKeyRecovery" classname="com.distrimind.bouncycastle.pqc.jcajce.provider.test.Sphincs256Test" time="0.007"/>
  <testcase name="testSphincsDefaultKeyGen" classname="com.distrimind.bouncycastle.pqc.jcajce.provider.test.Sphincs256Test" time="0.006"/>
  <testcase name="testSphincsDefaultSha3KeyGen" classname="com.distrimind.bouncycastle.pqc.jcajce.provider.test.Sphincs256Test" time="0.006"/>
  <testcase name="testPublicKeyRecovery" classname="com.distrimind.bouncycastle.pqc.jcajce.provider.test.Sphincs256Test" time="0.007"/>
  <testcase name="testSphincsRandomSigSHA2" classname="com.distrimind.bouncycastle.pqc.jcajce.provider.test.Sphincs256Test" time="0.134"/>
  <testcase name="testSphincsRandomSigSHA3" classname="com.distrimind.bouncycastle.pqc.jcajce.provider.test.Sphincs256Test" time="0.131"/>
  <testcase name="testSphincsDefaultSha2KeyGen" classname="com.distrimind.bouncycastle.pqc.jcajce.provider.test.Sphincs256Test" time="0.007"/>
  <testcase name="testSphincsSha3Signature" classname="com.distrimind.bouncycastle.pqc.jcajce.provider.test.Sphincs256Test" time="0.128"/>
  <testcase name="testSphincsSha2Signature" classname="com.distrimind.bouncycastle.pqc.jcajce.provider.test.Sphincs256Test" time="0.129"/>
  <testcase name="testPrivateKeyRecovery" classname="com.distrimind.bouncycastle.pqc.jcajce.provider.test.Sphincs256Test" time="0.006"/>
  <testcase name="testSphincsDefaultKeyGen" classname="com.distrimind.bouncycastle.pqc.jcajce.provider.test.Sphincs256Test" time="0.007"/>
  <testcase name="testSphincsDefaultSha3KeyGen" classname="com.distrimind.bouncycastle.pqc.jcajce.provider.test.Sphincs256Test" time="0.006"/>
  <testcase name="testPublicKeyRecovery" classname="com.distrimind.bouncycastle.pqc.jcajce.provider.test.Sphincs256Test" time="0.007"/>
  <system-out><![CDATA[]]></system-out>
  <system-err><![CDATA[]]></system-err>
</testsuite>
