<?xml version="1.0" encoding="UTF-8"?>
<testsuite name="com.distrimind.bouncycastle.pqc.jcajce.provider.test.RainbowSignatureTest" tests="7" skipped="0" failures="0" errors="0" timestamp="2021-11-01T15:49:38" hostname="basic" time="5.723">
  <properties/>
  <testcase name="testRainbowWithSHA224" classname="com.distrimind.bouncycastle.pqc.jcajce.provider.test.RainbowSignatureTest" time="0.161"/>
  <testcase name="testRainbowWithSHA384" classname="com.distrimind.bouncycastle.pqc.jcajce.provider.test.RainbowSignatureTest" time="0.105"/>
  <testcase name="testRainbowWithSHA512" classname="com.distrimind.bouncycastle.pqc.jcajce.provider.test.RainbowSignatureTest" time="0.099"/>
  <testcase name="testSignVerifyWithRandomParams" classname="com.distrimind.bouncycastle.pqc.jcajce.provider.test.RainbowSignatureTest" time="3.53"/>
  <testcase name="test_KeyFactory" classname="com.distrimind.bouncycastle.pqc.jcajce.provider.test.RainbowSignatureTest" time="0.096"/>
  <testcase name="testRainbowithSHA256" classname="com.distrimind.bouncycastle.pqc.jcajce.provider.test.RainbowSignatureTest" time="0.091"/>
  <testcase name="testSignVerifyWithDefaultParams" classname="com.distrimind.bouncycastle.pqc.jcajce.provider.test.RainbowSignatureTest" time="1.641"/>
  <system-out><![CDATA[]]></system-out>
  <system-err><![CDATA[]]></system-err>
</testsuite>
