<?xml version="1.0" encoding="UTF-8"?>
<testsuite name="com.distrimind.bouncycastle.jcajce.provider.test.GeneralKeyTest" tests="9" skipped="0" failures="0" errors="0" timestamp="2021-05-27T14:26:07" hostname="Garage" time="0.419">
  <properties/>
  <testcase name="testDSA" classname="com.distrimind.bouncycastle.jcajce.provider.test.GeneralKeyTest" time="0.304"/>
  <testcase name="testRSA" classname="com.distrimind.bouncycastle.jcajce.provider.test.GeneralKeyTest" time="0.085"/>
  <testcase name="testSM2" classname="com.distrimind.bouncycastle.jcajce.provider.test.GeneralKeyTest" time="0.003"/>
  <testcase name="testGost3410" classname="com.distrimind.bouncycastle.jcajce.provider.test.GeneralKeyTest" time="0.0"/>
  <testcase name="testEcgost3410_2012" classname="com.distrimind.bouncycastle.jcajce.provider.test.GeneralKeyTest" time="0.01"/>
  <testcase name="testDH" classname="com.distrimind.bouncycastle.jcajce.provider.test.GeneralKeyTest" time="0.006"/>
  <testcase name="testEC" classname="com.distrimind.bouncycastle.jcajce.provider.test.GeneralKeyTest" time="0.002"/>
  <testcase name="testEcgost3410" classname="com.distrimind.bouncycastle.jcajce.provider.test.GeneralKeyTest" time="0.004"/>
  <testcase name="testDstu4145" classname="com.distrimind.bouncycastle.jcajce.provider.test.GeneralKeyTest" time="0.005"/>
  <system-out><![CDATA[]]></system-out>
  <system-err><![CDATA[]]></system-err>
</testsuite>
