<?xml version="1.0" encoding="UTF-8"?>
<testsuite name="org.bouncycastle.bcjcajce.provider.test.ECAlgorithmParametersTest" tests="1" skipped="0" failures="0" errors="0" timestamp="2020-02-15T08:13:00" hostname="Garage" time="0.211">
  <properties/>
  <testcase name="testRecogniseStandardCurveNames" classname="org.bouncycastle.bcjcajce.provider.test.ECAlgorithmParametersTest" time="0.211"/>
  <system-out><![CDATA[]]></system-out>
  <system-err><![CDATA[]]></system-err>
</testsuite>
