<?xml version="1.0" encoding="UTF-8"?>
<testsuite name="com.distrimind.bouncycastle.pqc.jcajce.provider.test.RainbowSignatureTest" tests="7" skipped="0" failures="0" errors="0" timestamp="2021-05-27T14:24:57" hostname="Garage" time="4.759">
  <properties/>
  <testcase name="testRainbowWithSHA224" classname="com.distrimind.bouncycastle.pqc.jcajce.provider.test.RainbowSignatureTest" time="0.085"/>
  <testcase name="testRainbowWithSHA384" classname="com.distrimind.bouncycastle.pqc.jcajce.provider.test.RainbowSignatureTest" time="0.061"/>
  <testcase name="testRainbowWithSHA512" classname="com.distrimind.bouncycastle.pqc.jcajce.provider.test.RainbowSignatureTest" time="0.059"/>
  <testcase name="testSignVerifyWithRandomParams" classname="com.distrimind.bouncycastle.pqc.jcajce.provider.test.RainbowSignatureTest" time="3.402"/>
  <testcase name="test_KeyFactory" classname="com.distrimind.bouncycastle.pqc.jcajce.provider.test.RainbowSignatureTest" time="0.055"/>
  <testcase name="testRainbowithSHA256" classname="com.distrimind.bouncycastle.pqc.jcajce.provider.test.RainbowSignatureTest" time="0.052"/>
  <testcase name="testSignVerifyWithDefaultParams" classname="com.distrimind.bouncycastle.pqc.jcajce.provider.test.RainbowSignatureTest" time="1.045"/>
  <system-out><![CDATA[]]></system-out>
  <system-err><![CDATA[]]></system-err>
</testsuite>
