<?xml version="1.0" encoding="UTF-8"?>
<testsuite name="org.bouncycastle.pqc.jcajce.provider.test.XMSSTest" tests="19" skipped="0" failures="0" errors="0" timestamp="2020-07-09T14:01:20" hostname="Garage" time="42.687">
  <properties/>
  <testcase name="testNoRepeats" classname="org.bouncycastle.pqc.jcajce.provider.test.XMSSTest" time="0.38"/>
  <testcase name="testXMSSSha256SignatureMultiplePreHash" classname="org.bouncycastle.pqc.jcajce.provider.test.XMSSTest" time="2.684"/>
  <testcase name="testPrehashWithWithout" classname="org.bouncycastle.pqc.jcajce.provider.test.XMSSTest" time="0.276"/>
  <testcase name="testExhaustion" classname="org.bouncycastle.pqc.jcajce.provider.test.XMSSTest" time="0.03"/>
  <testcase name="testXMSSShake256Signature" classname="org.bouncycastle.pqc.jcajce.provider.test.XMSSTest" time="0.285"/>
  <testcase name="testPrivateKeyRecovery" classname="org.bouncycastle.pqc.jcajce.provider.test.XMSSTest" time="0.012"/>
  <testcase name="testXMSSSha256KeyFactory" classname="org.bouncycastle.pqc.jcajce.provider.test.XMSSTest" time="2.655"/>
  <testcase name="testXMSSShake128Signature" classname="org.bouncycastle.pqc.jcajce.provider.test.XMSSTest" time="0.072"/>
  <testcase name="testShardedKeyExhaustion" classname="org.bouncycastle.pqc.jcajce.provider.test.XMSSTest" time="0.16"/>
  <testcase name="testXMSSShake256KeyFactory" classname="org.bouncycastle.pqc.jcajce.provider.test.XMSSTest" time="7.525"/>
  <testcase name="testKeyRebuild" classname="org.bouncycastle.pqc.jcajce.provider.test.XMSSTest" time="5.383"/>
  <testcase name="testKeyExtraction" classname="org.bouncycastle.pqc.jcajce.provider.test.XMSSTest" time="2.659"/>
  <testcase name="testXMSSSha512Signature" classname="org.bouncycastle.pqc.jcajce.provider.test.XMSSTest" time="7.66"/>
  <testcase name="testPublicKeyRecovery" classname="org.bouncycastle.pqc.jcajce.provider.test.XMSSTest" time="0.001"/>
  <testcase name="testXMSSSha256Signature" classname="org.bouncycastle.pqc.jcajce.provider.test.XMSSTest" time="2.729"/>
  <testcase name="testXMSSShake128KeyFactory" classname="org.bouncycastle.pqc.jcajce.provider.test.XMSSTest" time="2.256"/>
  <testcase name="testReserialization" classname="org.bouncycastle.pqc.jcajce.provider.test.XMSSTest" time="0.304"/>
  <testcase name="test160PrivateKeyRecovery" classname="org.bouncycastle.pqc.jcajce.provider.test.XMSSTest" time="0.001"/>
  <testcase name="testXMSSSha512KeyFactory" classname="org.bouncycastle.pqc.jcajce.provider.test.XMSSTest" time="7.614"/>
  <system-out><![CDATA[]]></system-out>
  <system-err><![CDATA[]]></system-err>
</testsuite>
