<?xml version="1.0" encoding="UTF-8"?>
<testsuite name="org.bouncycastle.openpgp.examples.test.AllTests" tests="6" skipped="0" failures="0" errors="0" timestamp="2020-07-09T13:53:31" hostname="Garage" time="0.689">
  <properties/>
  <testcase name="testRSAKeyGeneration" classname="org.bouncycastle.openpgp.examples.test.AllTests" time="0.42"/>
  <testcase name="testClearSignedBogusInput" classname="org.bouncycastle.openpgp.examples.test.AllTests" time="0.033"/>
  <testcase name="testDSAElGamaleKeyGeneration" classname="org.bouncycastle.openpgp.examples.test.AllTests" time="0.121"/>
  <testcase name="testPBEEncryption" classname="org.bouncycastle.openpgp.examples.test.AllTests" time="0.019"/>
  <testcase name="testClearSignedSingleLine" classname="org.bouncycastle.openpgp.examples.test.AllTests" time="0.034"/>
  <testcase name="testClearSigned" classname="org.bouncycastle.openpgp.examples.test.AllTests" time="0.061"/>
  <system-out><![CDATA[]]></system-out>
  <system-err><![CDATA[]]></system-err>
</testsuite>
