<?xml version="1.0" encoding="UTF-8"?>
<testsuite name="com.distrimind.bouncycastle.openpgp.examples.test.AllTests" tests="6" skipped="0" failures="0" errors="0" timestamp="2021-11-01T15:29:46" hostname="basic" time="0.788">
  <properties/>
  <testcase name="testRSAKeyGeneration" classname="com.distrimind.bouncycastle.openpgp.examples.test.AllTests" time="0.462"/>
  <testcase name="testClearSignedBogusInput" classname="com.distrimind.bouncycastle.openpgp.examples.test.AllTests" time="0.038"/>
  <testcase name="testDSAElGamaleKeyGeneration" classname="com.distrimind.bouncycastle.openpgp.examples.test.AllTests" time="0.14"/>
  <testcase name="testPBEEncryption" classname="com.distrimind.bouncycastle.openpgp.examples.test.AllTests" time="0.019"/>
  <testcase name="testClearSignedSingleLine" classname="com.distrimind.bouncycastle.openpgp.examples.test.AllTests" time="0.019"/>
  <testcase name="testClearSigned" classname="com.distrimind.bouncycastle.openpgp.examples.test.AllTests" time="0.109"/>
  <system-out><![CDATA[]]></system-out>
  <system-err><![CDATA[]]></system-err>
</testsuite>
