<?xml version="1.0" encoding="UTF-8"?>
<testsuite name="org.bouncycastle.openpgp.examples.test.AllTests" tests="6" skipped="0" failures="0" errors="0" timestamp="2020-02-14T17:20:02" hostname="Garage" time="0.761">
  <properties/>
  <testcase name="testRSAKeyGeneration" classname="org.bouncycastle.openpgp.examples.test.AllTests" time="0.47"/>
  <testcase name="testClearSignedBogusInput" classname="org.bouncycastle.openpgp.examples.test.AllTests" time="0.019"/>
  <testcase name="testDSAElGamaleKeyGeneration" classname="org.bouncycastle.openpgp.examples.test.AllTests" time="0.111"/>
  <testcase name="testPBEEncryption" classname="org.bouncycastle.openpgp.examples.test.AllTests" time="0.018"/>
  <testcase name="testClearSignedSingleLine" classname="org.bouncycastle.openpgp.examples.test.AllTests" time="0.036"/>
  <testcase name="testClearSigned" classname="org.bouncycastle.openpgp.examples.test.AllTests" time="0.106"/>
  <system-out><![CDATA[]]></system-out>
  <system-err><![CDATA[]]></system-err>
</testsuite>
