<?xml version="1.0" encoding="UTF-8"?>
<testsuite name="com.distrimind.bouncycastle.openpgp.examples.test.AllTests" tests="6" skipped="0" failures="0" errors="0" timestamp="2021-05-27T13:46:25" hostname="Garage" time="0.344">
  <properties/>
  <testcase name="testRSAKeyGeneration" classname="com.distrimind.bouncycastle.openpgp.examples.test.AllTests" time="0.171"/>
  <testcase name="testClearSignedBogusInput" classname="com.distrimind.bouncycastle.openpgp.examples.test.AllTests" time="0.022"/>
  <testcase name="testDSAElGamaleKeyGeneration" classname="com.distrimind.bouncycastle.openpgp.examples.test.AllTests" time="0.079"/>
  <testcase name="testPBEEncryption" classname="com.distrimind.bouncycastle.openpgp.examples.test.AllTests" time="0.011"/>
  <testcase name="testClearSignedSingleLine" classname="com.distrimind.bouncycastle.openpgp.examples.test.AllTests" time="0.024"/>
  <testcase name="testClearSigned" classname="com.distrimind.bouncycastle.openpgp.examples.test.AllTests" time="0.036"/>
  <system-out><![CDATA[]]></system-out>
  <system-err><![CDATA[]]></system-err>
</testsuite>
