<?xml version="1.0" encoding="UTF-8"?>
<testsuite name="com.distrimind.bouncycastle.openpgp.test.AllTests" tests="1" skipped="0" failures="0" errors="0" timestamp="2020-07-14T23:12:24" hostname="Garage" time="7.094">
  <properties/>
  <testcase name="testPGP" classname="com.distrimind.bouncycastle.openpgp.test.AllTests" time="7.094"/>
  <system-out><![CDATA[]]></system-out>
  <system-err><![CDATA[]]></system-err>
</testsuite>
