<?xml version="1.0" encoding="UTF-8"?>
<testsuite name="com.distrimind.bouncycastle.gpg.test.AllTests" tests="1" skipped="0" failures="0" errors="0" timestamp="2021-05-27T13:46:24" hostname="Garage" time="0.029">
  <properties/>
  <testcase name="testGPG" classname="com.distrimind.bouncycastle.gpg.test.AllTests" time="0.029"/>
  <system-out><![CDATA[]]></system-out>
  <system-err><![CDATA[]]></system-err>
</testsuite>
