<?xml version="1.0" encoding="UTF-8"?>
<testsuite name="org.bouncycastle.gpg.test.AllTests" tests="1" skipped="0" failures="0" errors="0" timestamp="2020-07-09T13:53:37" hostname="Garage" time="0.015">
  <properties/>
  <testcase name="testGPG" classname="org.bouncycastle.gpg.test.AllTests" time="0.015"/>
  <system-out><![CDATA[]]></system-out>
  <system-err><![CDATA[]]></system-err>
</testsuite>
