<?xml version="1.0" encoding="UTF-8"?>
<testsuite name="org.bouncycastle.openpgp.test.AllTests" tests="1" skipped="0" failures="0" errors="0" timestamp="2019-05-14T11:39:30" hostname="Garage2" time="12.749">
  <properties/>
  <testcase name="testPGP" classname="org.bouncycastle.openpgp.test.AllTests" time="12.749"/>
  <system-out><![CDATA[]]></system-out>
  <system-err><![CDATA[]]></system-err>
</testsuite>
