<?xml version="1.0" encoding="UTF-8"?>
<testsuite name="org.bouncycastle.openpgp.test.PGPUnicodeTest" tests="3" skipped="0" failures="0" errors="0" timestamp="2019-05-14T11:39:42" hostname="Garage2" time="0.038">
  <properties/>
  <testcase name="test_CyrillicPassphrase" classname="org.bouncycastle.openpgp.test.PGPUnicodeTest" time="0.018"/>
  <testcase name="test_UmlautPassphrase" classname="org.bouncycastle.openpgp.test.PGPUnicodeTest" time="0.02"/>
  <testcase name="test_ASCIIPassphrase" classname="org.bouncycastle.openpgp.test.PGPUnicodeTest" time="0.0"/>
  <system-out><![CDATA[]]></system-out>
  <system-err><![CDATA[]]></system-err>
</testsuite>
