<?xml version="1.0" encoding="UTF-8"?>
<testsuite name="com.distrimind.bouncycastle.openpgp.test.PGPUnicodeTest" tests="3" skipped="0" failures="0" errors="0" timestamp="2020-07-14T23:12:31" hostname="Garage" time="0.04">
  <properties/>
  <testcase name="test_CyrillicPassphrase" classname="com.distrimind.bouncycastle.openpgp.test.PGPUnicodeTest" time="0.017"/>
  <testcase name="test_UmlautPassphrase" classname="com.distrimind.bouncycastle.openpgp.test.PGPUnicodeTest" time="0.021"/>
  <testcase name="test_ASCIIPassphrase" classname="com.distrimind.bouncycastle.openpgp.test.PGPUnicodeTest" time="0.002"/>
  <system-out><![CDATA[]]></system-out>
  <system-err><![CDATA[]]></system-err>
</testsuite>
