<?xml version="1.0" encoding="UTF-8"?>
<testsuite name="com.distrimind.bouncycastle.openpgp.test.PGPUnicodeTest" tests="3" skipped="0" failures="0" errors="0" timestamp="2020-11-08T08:33:29" hostname="Garage" time="0.043">
  <properties/>
  <testcase name="test_CyrillicPassphrase" classname="com.distrimind.bouncycastle.openpgp.test.PGPUnicodeTest" time="0.017"/>
  <testcase name="test_UmlautPassphrase" classname="com.distrimind.bouncycastle.openpgp.test.PGPUnicodeTest" time="0.024"/>
  <testcase name="test_ASCIIPassphrase" classname="com.distrimind.bouncycastle.openpgp.test.PGPUnicodeTest" time="0.001"/>
  <system-out><![CDATA[]]></system-out>
  <system-err><![CDATA[]]></system-err>
</testsuite>
