<?xml version="1.0" encoding="UTF-8"?>
<testsuite name="com.distrimind.bouncycastle.openpgp.test.AllTests" tests="1" skipped="0" failures="0" errors="0" timestamp="2020-11-08T08:33:22" hostname="Garage" time="6.069">
  <properties/>
  <testcase name="testPGP" classname="com.distrimind.bouncycastle.openpgp.test.AllTests" time="6.069"/>
  <system-out><![CDATA[]]></system-out>
  <system-err><![CDATA[]]></system-err>
</testsuite>
