<?xml version="1.0" encoding="UTF-8"?>
<testsuite name="org.bouncycastle.openpgp.examples.test.AllTests" tests="6" skipped="0" failures="0" errors="0" timestamp="2020-06-02T09:04:55" hostname="Garage" time="0.75">
  <properties/>
  <testcase name="testRSAKeyGeneration" classname="org.bouncycastle.openpgp.examples.test.AllTests" time="0.429"/>
  <testcase name="testClearSignedBogusInput" classname="org.bouncycastle.openpgp.examples.test.AllTests" time="0.074"/>
  <testcase name="testDSAElGamaleKeyGeneration" classname="org.bouncycastle.openpgp.examples.test.AllTests" time="0.112"/>
  <testcase name="testPBEEncryption" classname="org.bouncycastle.openpgp.examples.test.AllTests" time="0.021"/>
  <testcase name="testClearSignedSingleLine" classname="org.bouncycastle.openpgp.examples.test.AllTests" time="0.036"/>
  <testcase name="testClearSigned" classname="org.bouncycastle.openpgp.examples.test.AllTests" time="0.076"/>
  <system-out><![CDATA[]]></system-out>
  <system-err><![CDATA[]]></system-err>
</testsuite>
