<?xml version="1.0" encoding="UTF-8"?>
<testsuite name="org.bouncycastle.openpgp.test.AllTests" tests="1" skipped="0" failures="0" errors="0" timestamp="2020-02-14T17:20:02" hostname="Garage" time="5.831">
  <properties/>
  <testcase name="testPGP" classname="org.bouncycastle.openpgp.test.AllTests" time="5.831"/>
  <system-out><![CDATA[]]></system-out>
  <system-err><![CDATA[]]></system-err>
</testsuite>
