<?xml version="1.0" encoding="UTF-8"?>
<testsuite name="com.distrimind.bouncycastle.openpgp.test.AllTests" tests="1" skipped="0" failures="0" errors="0" timestamp="2021-05-27T13:46:25" hostname="Garage" time="3.938">
  <properties/>
  <testcase name="testPGP" classname="com.distrimind.bouncycastle.openpgp.test.AllTests" time="3.938"/>
  <system-out><![CDATA[]]></system-out>
  <system-err><![CDATA[]]></system-err>
</testsuite>
