<?xml version="1.0" encoding="UTF-8"?>
<testsuite name="org.bouncycastle.openpgp.test.PGPUnicodeTest" tests="3" skipped="0" failures="0" errors="0" timestamp="2020-06-02T09:05:02" hostname="Garage" time="0.051">
  <properties/>
  <testcase name="test_CyrillicPassphrase" classname="org.bouncycastle.openpgp.test.PGPUnicodeTest" time="0.024"/>
  <testcase name="test_UmlautPassphrase" classname="org.bouncycastle.openpgp.test.PGPUnicodeTest" time="0.026"/>
  <testcase name="test_ASCIIPassphrase" classname="org.bouncycastle.openpgp.test.PGPUnicodeTest" time="0.001"/>
  <system-out><![CDATA[]]></system-out>
  <system-err><![CDATA[]]></system-err>
</testsuite>
