<?xml version="1.0" encoding="UTF-8"?>
<testsuite name="org.bouncycastle.openpgp.test.PGPUnicodeTest" tests="3" skipped="0" failures="0" errors="0" timestamp="2020-02-14T17:20:08" hostname="Garage" time="0.036">
  <properties/>
  <testcase name="test_CyrillicPassphrase" classname="org.bouncycastle.openpgp.test.PGPUnicodeTest" time="0.016"/>
  <testcase name="test_UmlautPassphrase" classname="org.bouncycastle.openpgp.test.PGPUnicodeTest" time="0.018"/>
  <testcase name="test_ASCIIPassphrase" classname="org.bouncycastle.openpgp.test.PGPUnicodeTest" time="0.0"/>
  <system-out><![CDATA[]]></system-out>
  <system-err><![CDATA[]]></system-err>
</testsuite>
