<?xml version="1.0" encoding="UTF-8"?>
<testsuite name="com.distrimind.bouncycastle.util.encoders.test.Base64Test" tests="4" skipped="0" failures="0" errors="0" timestamp="2022-03-31T09:29:59" hostname="Garage2" time="0.029">
  <properties/>
  <testcase name="testWithWhitespace" classname="com.distrimind.bouncycastle.util.encoders.test.Base64Test" time="0.0"/>
  <testcase name="testSamples" classname="com.distrimind.bouncycastle.util.encoders.test.Base64Test" time="0.0"/>
  <testcase name="testInvalidInput" classname="com.distrimind.bouncycastle.util.encoders.test.Base64Test" time="0.0"/>
  <testcase name="testEncode" classname="com.distrimind.bouncycastle.util.encoders.test.Base64Test" time="0.029"/>
  <system-out><![CDATA[]]></system-out>
  <system-err><![CDATA[]]></system-err>
</testsuite>
