<?xml version="1.0" encoding="UTF-8"?>
<testsuite name="com.distrimind.bouncycastle.crypto.agreement.test.JPAKEPrimeOrderGroupTest" tests="1" skipped="0" failures="0" errors="0" timestamp="2022-03-31T09:26:10" hostname="Garage2" time="0.001">
  <properties/>
  <testcase name="testConstruction" classname="com.distrimind.bouncycastle.crypto.agreement.test.JPAKEPrimeOrderGroupTest" time="0.001"/>
  <system-out><![CDATA[]]></system-out>
  <system-err><![CDATA[]]></system-err>
</testsuite>
