<?xml version="1.0" encoding="UTF-8"?>
<testsuite name="com.distrimind.bouncycastle.pqc.crypto.test.XMSSReducedSignatureTest" tests="3" skipped="0" failures="0" errors="0" timestamp="2022-03-31T09:28:19" hostname="Garage2" time="0.187">
  <properties/>
  <testcase name="testSignatureParsingSHA256" classname="com.distrimind.bouncycastle.pqc.crypto.test.XMSSReducedSignatureTest" time="0.102"/>
  <testcase name="testSignatureParsingSHA512" classname="com.distrimind.bouncycastle.pqc.crypto.test.XMSSReducedSignatureTest" time="0.085"/>
  <testcase name="testConstructor" classname="com.distrimind.bouncycastle.pqc.crypto.test.XMSSReducedSignatureTest" time="0.0"/>
  <system-out><![CDATA[]]></system-out>
  <system-err><![CDATA[]]></system-err>
</testsuite>
