<?xml version="1.0" encoding="UTF-8"?>
<testsuite name="com.distrimind.bouncycastle.pqc.crypto.lms.HSSTests" tests="11" skipped="0" failures="0" errors="0" timestamp="2022-03-31T09:26:32" hostname="Garage2" time="14.642">
  <properties/>
  <testcase name="testGenerate" classname="com.distrimind.bouncycastle.pqc.crypto.lms.HSSTests" time="0.064"/>
  <testcase name="testSignUnitExhaustion" classname="com.distrimind.bouncycastle.pqc.crypto.lms.HSSTests" time="6.763"/>
  <testcase name="testVectorsFromReference" classname="com.distrimind.bouncycastle.pqc.crypto.lms.HSSTests" time="6.827"/>
  <testcase name="testSharding" classname="com.distrimind.bouncycastle.pqc.crypto.lms.HSSTests" time="0.037"/>
  <testcase name="testHSSVector_1" classname="com.distrimind.bouncycastle.pqc.crypto.lms.HSSTests" time="0.003"/>
  <testcase name="testHSSVector_2" classname="com.distrimind.bouncycastle.pqc.crypto.lms.HSSTests" time="0.004"/>
  <testcase name="testVectorsFromReference_Expanded" classname="com.distrimind.bouncycastle.pqc.crypto.lms.HSSTests" time="0.477"/>
  <testcase name="testGenPublicKeys_L0" classname="com.distrimind.bouncycastle.pqc.crypto.lms.HSSTests" time="0.338"/>
  <testcase name="testGenPublicKeys_L1" classname="com.distrimind.bouncycastle.pqc.crypto.lms.HSSTests" time="0.082"/>
  <testcase name="testHssKeySerialisation" classname="com.distrimind.bouncycastle.pqc.crypto.lms.HSSTests" time="0.028"/>
  <testcase name="testRemaining" classname="com.distrimind.bouncycastle.pqc.crypto.lms.HSSTests" time="0.018"/>
  <system-out><![CDATA[
]]></system-out>
  <system-err><![CDATA[]]></system-err>
</testsuite>
