<?xml version="1.0" encoding="UTF-8"?>
<testsuite name="com.distrimind.bouncycastle.math.test.PrimesTest" tests="5" skipped="0" failures="0" errors="0" timestamp="2022-03-31T09:26:32" hostname="Garage2" time="0.149">
  <properties/>
  <testcase name="testMRProbablePrime" classname="com.distrimind.bouncycastle.math.test.PrimesTest" time="0.03"/>
  <testcase name="testEnhancedMRProbablePrime" classname="com.distrimind.bouncycastle.math.test.PrimesTest" time="0.039"/>
  <testcase name="testMRProbablePrimeToBase" classname="com.distrimind.bouncycastle.math.test.PrimesTest" time="0.027"/>
  <testcase name="testHasAnySmallFactors" classname="com.distrimind.bouncycastle.math.test.PrimesTest" time="0.009"/>
  <testcase name="testSTRandomPrime" classname="com.distrimind.bouncycastle.math.test.PrimesTest" time="0.044"/>
  <system-out><![CDATA[]]></system-out>
  <system-err><![CDATA[]]></system-err>
</testsuite>
