<?xml version="1.0" encoding="UTF-8"?>
<testsuite name="com.distrimind.bouncycastle.math.ec.test.FixedPointTest" tests="1" skipped="0" failures="0" errors="0" timestamp="2022-03-31T09:26:31" hostname="Garage2" time="0.939">
  <properties/>
  <testcase name="testFixedPointMultiplier" classname="com.distrimind.bouncycastle.math.ec.test.FixedPointTest" time="0.939"/>
  <system-out><![CDATA[]]></system-out>
  <system-err><![CDATA[]]></system-err>
</testsuite>
