<?xml version="1.0" encoding="UTF-8"?>
<testsuite name="com.distrimind.bouncycastle.crypto.test.GCMReorderTest" tests="5" skipped="0" failures="0" errors="0" timestamp="2022-03-31T09:26:10" hostname="Garage2" time="0.005">
  <properties/>
  <testcase name="testExp" classname="com.distrimind.bouncycastle.crypto.test.GCMReorderTest" time="0.001"/>
  <testcase name="testConcatCrypt" classname="com.distrimind.bouncycastle.crypto.test.GCMReorderTest" time="0.002"/>
  <testcase name="testCombine" classname="com.distrimind.bouncycastle.crypto.test.GCMReorderTest" time="0.001"/>
  <testcase name="testMultiply" classname="com.distrimind.bouncycastle.crypto.test.GCMReorderTest" time="0.0"/>
  <testcase name="testConcatAuth" classname="com.distrimind.bouncycastle.crypto.test.GCMReorderTest" time="0.001"/>
  <system-out><![CDATA[]]></system-out>
  <system-err><![CDATA[]]></system-err>
</testsuite>
