<?xml version="1.0" encoding="UTF-8"?>
<testsuite name="com.distrimind.bouncycastle.pqc.crypto.test.XMSSTest" tests="13" skipped="0" failures="0" errors="0" timestamp="2022-03-31T09:28:28" hostname="Garage2" time="33.507">
  <properties/>
  <testcase name="testGenKeyPairSHA256" classname="com.distrimind.bouncycastle.pqc.crypto.test.XMSSTest" time="2.1"/>
  <testcase name="testGenKeyPairSHA512" classname="com.distrimind.bouncycastle.pqc.crypto.test.XMSSTest" time="7.252"/>
  <testcase name="testVerifySignatureSHA256" classname="com.distrimind.bouncycastle.pqc.crypto.test.XMSSTest" time="0.062"/>
  <testcase name="testVerifySignatureSHA512" classname="com.distrimind.bouncycastle.pqc.crypto.test.XMSSTest" time="0.182"/>
  <testcase name="testImportKeysSHA512" classname="com.distrimind.bouncycastle.pqc.crypto.test.XMSSTest" time="0.254"/>
  <testcase name="testBDSImport" classname="com.distrimind.bouncycastle.pqc.crypto.test.XMSSTest" time="0.047"/>
  <testcase name="testImportStateSHA256" classname="com.distrimind.bouncycastle.pqc.crypto.test.XMSSTest" time="0.086"/>
  <testcase name="testRandom" classname="com.distrimind.bouncycastle.pqc.crypto.test.XMSSTest" time="0.218"/>
  <testcase name="testSignSHA256CompleteEvenHeight1" classname="com.distrimind.bouncycastle.pqc.crypto.test.XMSSTest" time="0.088"/>
  <testcase name="testSignSHA256CompleteEvenHeight2" classname="com.distrimind.bouncycastle.pqc.crypto.test.XMSSTest" time="12.377"/>
  <testcase name="testSignSHA256" classname="com.distrimind.bouncycastle.pqc.crypto.test.XMSSTest" time="2.108"/>
  <testcase name="testSignSHA512" classname="com.distrimind.bouncycastle.pqc.crypto.test.XMSSTest" time="6.728"/>
  <testcase name="testAuthPath" classname="com.distrimind.bouncycastle.pqc.crypto.test.XMSSTest" time="2.005"/>
  <system-out><![CDATA[]]></system-out>
  <system-err><![CDATA[]]></system-err>
</testsuite>
