<?xml version="1.0" encoding="UTF-8"?>
<testsuite name="com.distrimind.bouncycastle.pqc.crypto.lms.LMSKeyGenTests" tests="1" skipped="0" failures="0" errors="0" timestamp="2022-03-31T09:26:47" hostname="Garage2" time="0.085">
  <properties/>
  <testcase name="testGeneratePrivateKey" classname="com.distrimind.bouncycastle.pqc.crypto.lms.LMSKeyGenTests" time="0.085"/>
  <system-out><![CDATA[]]></system-out>
  <system-err><![CDATA[]]></system-err>
</testsuite>
