<?xml version="1.0" encoding="UTF-8"?>
<testsuite name="com.distrimind.bouncycastle.pqc.crypto.lms.LMSTests" tests="4" skipped="0" failures="0" errors="0" timestamp="2022-03-31T09:26:47" hostname="Garage2" time="0.091">
  <properties/>
  <testcase name="testLMS" classname="com.distrimind.bouncycastle.pqc.crypto.lms.LMSTests" time="0.089"/>
  <testcase name="testContextSingleUse" classname="com.distrimind.bouncycastle.pqc.crypto.lms.LMSTests" time="0.001"/>
  <testcase name="testPrivateKeyRound" classname="com.distrimind.bouncycastle.pqc.crypto.lms.LMSTests" time="0.001"/>
  <testcase name="testCoefFunc" classname="com.distrimind.bouncycastle.pqc.crypto.lms.LMSTests" time="0.0"/>
  <system-out><![CDATA[]]></system-out>
  <system-err><![CDATA[]]></system-err>
</testsuite>
