<?xml version="1.0" encoding="UTF-8"?>
<testsuite name="com.distrimind.bouncycastle.pqc.math.ntru.polynomial.test.LongPolynomial5Test" tests="2" skipped="0" failures="0" errors="0" timestamp="2022-03-31T09:29:59" hostname="Garage2" time="0.005">
  <properties/>
  <testcase name="testMult" classname="com.distrimind.bouncycastle.pqc.math.ntru.polynomial.test.LongPolynomial5Test" time="0.005"/>
  <testcase name="testToIntegerPolynomial" classname="com.distrimind.bouncycastle.pqc.math.ntru.polynomial.test.LongPolynomial5Test" time="0.0"/>
  <system-out><![CDATA[]]></system-out>
  <system-err><![CDATA[]]></system-err>
</testsuite>
