<?xml version="1.0" encoding="UTF-8"?>
<testsuite name="com.distrimind.bouncycastle.pqc.crypto.test.EncryptionKeyTest" tests="1" skipped="0" failures="0" errors="0" timestamp="2022-03-31T09:27:44" hostname="Garage2" time="0.398">
  <properties/>
  <testcase name="testEncode" classname="com.distrimind.bouncycastle.pqc.crypto.test.EncryptionKeyTest" time="0.398"/>
  <system-out><![CDATA[]]></system-out>
  <system-err><![CDATA[]]></system-err>
</testsuite>
