<?xml version="1.0" encoding="UTF-8"?>
<testsuite name="com.distrimind.bouncycastle.pqc.crypto.test.XMSSMTPrivateKeyTest" tests="2" skipped="0" failures="0" errors="0" timestamp="2022-03-31T09:27:57" hostname="Garage2" time="4.221">
  <properties/>
  <testcase name="testPrivateKeySerialisation" classname="com.distrimind.bouncycastle.pqc.crypto.test.XMSSMTPrivateKeyTest" time="4.206"/>
  <testcase name="testPrivateKeyParsingSHA256" classname="com.distrimind.bouncycastle.pqc.crypto.test.XMSSMTPrivateKeyTest" time="0.015"/>
  <system-out><![CDATA[]]></system-out>
  <system-err><![CDATA[]]></system-err>
</testsuite>
