<?xml version="1.0" encoding="UTF-8"?>
<testsuite name="com.distrimind.bouncycastle.asn1.test.GetInstanceTest" tests="1" skipped="0" failures="0" errors="0" timestamp="2022-03-31T09:26:10" hostname="Garage2" time="0.006">
  <properties/>
  <testcase name="GetInstanceNullTest" classname="com.distrimind.bouncycastle.asn1.test.GetInstanceTest" time="0.006"/>
  <system-out><![CDATA[]]></system-out>
  <system-err><![CDATA[]]></system-err>
</testsuite>
