<?xml version="1.0" encoding="UTF-8"?>
<testsuite name="com.distrimind.bouncycastle.i18n.filter.test.HTMLFilterTest" tests="1" skipped="0" failures="0" errors="0" timestamp="2022-03-31T09:26:10" hostname="Garage2" time="0.0">
  <properties/>
  <testcase name="testDoFilter" classname="com.distrimind.bouncycastle.i18n.filter.test.HTMLFilterTest" time="0.0"/>
  <system-out><![CDATA[]]></system-out>
  <system-err><![CDATA[]]></system-err>
</testsuite>
