<?xml version="1.0" encoding="UTF-8"?>
<testsuite name="com.distrimind.bouncycastle.pqc.crypto.test.XMSSMTPublicKeyTest" tests="2" skipped="0" failures="0" errors="0" timestamp="2022-03-31T09:28:01" hostname="Garage2" time="0.011">
  <properties/>
  <testcase name="testPublicKeyParsingSHA256" classname="com.distrimind.bouncycastle.pqc.crypto.test.XMSSMTPublicKeyTest" time="0.01"/>
  <testcase name="testConstructor" classname="com.distrimind.bouncycastle.pqc.crypto.test.XMSSMTPublicKeyTest" time="0.001"/>
  <system-out><![CDATA[]]></system-out>
  <system-err><![CDATA[]]></system-err>
</testsuite>
