<?xml version="1.0" encoding="UTF-8"?>
<testsuite name="com.distrimind.bouncycastle.pqc.math.ntru.polynomial.test.BigDecimalPolynomialTest" tests="1" skipped="0" failures="0" errors="0" timestamp="2022-03-31T09:29:59" hostname="Garage2" time="0.024">
  <properties/>
  <testcase name="testMult" classname="com.distrimind.bouncycastle.pqc.math.ntru.polynomial.test.BigDecimalPolynomialTest" time="0.024"/>
  <system-out><![CDATA[]]></system-out>
  <system-err><![CDATA[]]></system-err>
</testsuite>
