<?xml version="1.0" encoding="UTF-8"?>
<testsuite name="com.distrimind.bouncycastle.pqc.crypto.test.XMSSMTTest" tests="16" skipped="0" failures="0" errors="0" timestamp="2022-03-31T09:28:01" hostname="Garage2" time="17.962">
  <properties/>
  <testcase name="testGenKeyPairSHA256" classname="com.distrimind.bouncycastle.pqc.crypto.test.XMSSMTTest" time="0.072"/>
  <testcase name="testGenKeyPairSHA512" classname="com.distrimind.bouncycastle.pqc.crypto.test.XMSSMTTest" time="0.222"/>
  <testcase name="testVerifySignerSHA256" classname="com.distrimind.bouncycastle.pqc.crypto.test.XMSSMTTest" time="0.214"/>
  <testcase name="testVerifySignerSHA512" classname="com.distrimind.bouncycastle.pqc.crypto.test.XMSSMTTest" time="0.586"/>
  <testcase name="testVerifySignatureSHA256" classname="com.distrimind.bouncycastle.pqc.crypto.test.XMSSMTTest" time="0.247"/>
  <testcase name="testVerifySignatureSHA512" classname="com.distrimind.bouncycastle.pqc.crypto.test.XMSSMTTest" time="0.723"/>
  <testcase name="testImportKeysSHA256" classname="com.distrimind.bouncycastle.pqc.crypto.test.XMSSMTTest" time="0.204"/>
  <testcase name="testImportKeysSHA512" classname="com.distrimind.bouncycastle.pqc.crypto.test.XMSSMTTest" time="0.598"/>
  <testcase name="testBDSImport" classname="com.distrimind.bouncycastle.pqc.crypto.test.XMSSMTTest" time="0.079"/>
  <testcase name="testSignSHA256Complete1" classname="com.distrimind.bouncycastle.pqc.crypto.test.XMSSMTTest" time="0.486"/>
  <testcase name="testSignSHA256Complete2" classname="com.distrimind.bouncycastle.pqc.crypto.test.XMSSMTTest" time="0.127"/>
  <testcase name="testSignSHA256Complete3" classname="com.distrimind.bouncycastle.pqc.crypto.test.XMSSMTTest" time="13.088"/>
  <testcase name="testPublicSeed" classname="com.distrimind.bouncycastle.pqc.crypto.test.XMSSMTTest" time="0.303"/>
  <testcase name="testRandom" classname="com.distrimind.bouncycastle.pqc.crypto.test.XMSSMTTest" time="0.758"/>
  <testcase name="testSignSHA256" classname="com.distrimind.bouncycastle.pqc.crypto.test.XMSSMTTest" time="0.121"/>
  <testcase name="testSignSHA512" classname="com.distrimind.bouncycastle.pqc.crypto.test.XMSSMTTest" time="0.133"/>
  <system-out><![CDATA[]]></system-out>
  <system-err><![CDATA[]]></system-err>
</testsuite>
