<?xml version="1.0" encoding="UTF-8"?>
<testsuite name="com.distrimind.bouncycastle.openpgp.examples.test.AllTests" tests="6" skipped="0" failures="0" errors="0" timestamp="2022-03-31T09:30:06" hostname="Garage2" time="0.399">
  <properties/>
  <testcase name="testRSAKeyGeneration" classname="com.distrimind.bouncycastle.openpgp.examples.test.AllTests" time="0.192"/>
  <testcase name="testClearSignedBogusInput" classname="com.distrimind.bouncycastle.openpgp.examples.test.AllTests" time="0.047"/>
  <testcase name="testDSAElGamaleKeyGeneration" classname="com.distrimind.bouncycastle.openpgp.examples.test.AllTests" time="0.071"/>
  <testcase name="testPBEEncryption" classname="com.distrimind.bouncycastle.openpgp.examples.test.AllTests" time="0.009"/>
  <testcase name="testClearSignedSingleLine" classname="com.distrimind.bouncycastle.openpgp.examples.test.AllTests" time="0.024"/>
  <testcase name="testClearSigned" classname="com.distrimind.bouncycastle.openpgp.examples.test.AllTests" time="0.055"/>
  <system-out><![CDATA[]]></system-out>
  <system-err><![CDATA[]]></system-err>
</testsuite>
