<?xml version="1.0" encoding="UTF-8"?>
<testsuite name="com.distrimind.bouncycastle.gpg.test.AllTests" tests="1" skipped="0" failures="0" errors="0" timestamp="2022-03-31T09:30:06" hostname="Garage2" time="0.03">
  <properties/>
  <testcase name="testGPG" classname="com.distrimind.bouncycastle.gpg.test.AllTests" time="0.03"/>
  <system-out><![CDATA[]]></system-out>
  <system-err><![CDATA[]]></system-err>
</testsuite>
