<?xml version="1.0" encoding="UTF-8"?>
<testsuite name="com.distrimind.bouncycastle.openpgp.test.AllTests" tests="1" skipped="0" failures="0" errors="0" timestamp="2022-03-31T09:30:06" hostname="Garage2" time="4.397">
  <properties/>
  <testcase name="testPGP" classname="com.distrimind.bouncycastle.openpgp.test.AllTests" time="4.397"/>
  <system-out><![CDATA[]]></system-out>
  <system-err><![CDATA[]]></system-err>
</testsuite>
