<?xml version="1.0" encoding="UTF-8"?>
<testsuite name="com.distrimind.bouncycastle.asn1.util.test.AllTests" tests="1" skipped="0" failures="0" errors="0" timestamp="2022-03-31T09:32:06" hostname="Garage2" time="0.256">
  <properties/>
  <testcase name="testASN1" classname="com.distrimind.bouncycastle.asn1.util.test.AllTests" time="0.256"/>
  <system-out><![CDATA[]]></system-out>
  <system-err><![CDATA[]]></system-err>
</testsuite>
