<?xml version="1.0" encoding="UTF-8"?>
<testsuite name="com.distrimind.bouncycastle.tsp.test.NewTSPTest" tests="3" skipped="0" failures="0" errors="0" timestamp="2022-03-31T09:30:15" hostname="Garage2" time="0.093">
  <properties/>
  <testcase name="testSM2withSM3" classname="com.distrimind.bouncycastle.tsp.test.NewTSPTest" time="0.01"/>
  <testcase name="testGeneral" classname="com.distrimind.bouncycastle.tsp.test.NewTSPTest" time="0.061"/>
  <testcase name="testCertOrdering" classname="com.distrimind.bouncycastle.tsp.test.NewTSPTest" time="0.021"/>
  <system-out><![CDATA[]]></system-out>
  <system-err><![CDATA[]]></system-err>
</testsuite>
