<?xml version="1.0" encoding="UTF-8"?>
<testsuite name="com.distrimind.bouncycastle.tsp.test.CMSTimeStampedDataParserTest" tests="3" skipped="0" failures="0" errors="0" timestamp="2022-03-31T09:30:15" hostname="Garage2" time="0.003">
  <properties/>
  <testcase name="testGetTimeStampTokens" classname="com.distrimind.bouncycastle.tsp.test.CMSTimeStampedDataParserTest" time="0.001"/>
  <testcase name="testValidate" classname="com.distrimind.bouncycastle.tsp.test.CMSTimeStampedDataParserTest" time="0.001"/>
  <testcase name="testValidateAllTokens" classname="com.distrimind.bouncycastle.tsp.test.CMSTimeStampedDataParserTest" time="0.001"/>
  <system-out><![CDATA[]]></system-out>
  <system-err><![CDATA[]]></system-err>
</testsuite>
