<?xml version="1.0" encoding="UTF-8"?>
<testsuite name="com.distrimind.bouncycastle.cert.test.BcCertTest" tests="3" skipped="0" failures="0" errors="0" timestamp="2022-03-31T09:30:12" hostname="Garage2" time="0.139">
  <properties/>
  <testcase name="CertTest" classname="com.distrimind.bouncycastle.cert.test.BcCertTest" time="0.002"/>
  <testcase name="CertTest" classname="com.distrimind.bouncycastle.cert.test.BcCertTest" time="0.002"/>
  <testcase name="CertTest" classname="com.distrimind.bouncycastle.cert.test.BcCertTest" time="0.135"/>
  <system-out><![CDATA[]]></system-out>
  <system-err><![CDATA[]]></system-err>
</testsuite>
