<?xml version="1.0" encoding="UTF-8"?>
<testsuite name="com.distrimind.bouncycastle.cms.test.NewAuthenticatedDataTest" tests="12" skipped="0" failures="0" errors="0" timestamp="2022-03-31T09:30:13" hostname="Garage2" time="0.015">
  <properties/>
  <testcase name="testKeyTransDESede" classname="com.distrimind.bouncycastle.cms.test.NewAuthenticatedDataTest" time="0.004"/>
  <testcase name="testEncoding" classname="com.distrimind.bouncycastle.cms.test.NewAuthenticatedDataTest" time="0.001"/>
  <testcase name="testCMSAlgorithmProtection" classname="com.distrimind.bouncycastle.cms.test.NewAuthenticatedDataTest" time="0.001"/>
  <testcase name="testAES256CCM" classname="com.distrimind.bouncycastle.cms.test.NewAuthenticatedDataTest" time="0.001"/>
  <testcase name="testKeyTransRC2" classname="com.distrimind.bouncycastle.cms.test.NewAuthenticatedDataTest" time="0.001"/>
  <testcase name="testOriginatorInfo" classname="com.distrimind.bouncycastle.cms.test.NewAuthenticatedDataTest" time="0.0"/>
  <testcase name="testKEKDESede" classname="com.distrimind.bouncycastle.cms.test.NewAuthenticatedDataTest" time="0.001"/>
  <testcase name="testAES256CCMContentType" classname="com.distrimind.bouncycastle.cms.test.NewAuthenticatedDataTest" time="0.001"/>
  <testcase name="testKeyTransDESedeWithDigest" classname="com.distrimind.bouncycastle.cms.test.NewAuthenticatedDataTest" time="0.0"/>
  <testcase name="testECKeyAgree" classname="com.distrimind.bouncycastle.cms.test.NewAuthenticatedDataTest" time="0.003"/>
  <testcase name="testKEKDESedeWithDigest" classname="com.distrimind.bouncycastle.cms.test.NewAuthenticatedDataTest" time="0.001"/>
  <testcase name="testPasswordAES256" classname="com.distrimind.bouncycastle.cms.test.NewAuthenticatedDataTest" time="0.001"/>
  <system-out><![CDATA[]]></system-out>
  <system-err><![CDATA[]]></system-err>
</testsuite>
