<?xml version="1.0" encoding="UTF-8"?>
<testsuite name="com.distrimind.bouncycastle.cert.test.BcAttrCertTest" tests="4" skipped="0" failures="0" errors="0" timestamp="2022-03-31T09:30:12" hostname="Garage2" time="0.005">
  <properties/>
  <testcase name="AttrCertTest" classname="com.distrimind.bouncycastle.cert.test.BcAttrCertTest" time="0.002"/>
  <testcase name="AttrCertTest" classname="com.distrimind.bouncycastle.cert.test.BcAttrCertTest" time="0.002"/>
  <testcase name="AttrCertTest" classname="com.distrimind.bouncycastle.cert.test.BcAttrCertTest" time="0.001"/>
  <testcase name="AttrCertTest" classname="com.distrimind.bouncycastle.cert.test.BcAttrCertTest" time="0.0"/>
  <system-out><![CDATA[]]></system-out>
  <system-err><![CDATA[]]></system-err>
</testsuite>
