<?xml version="1.0" encoding="UTF-8"?>
<testsuite name="com.distrimind.bouncycastle.tsp.test.ParseTest" tests="1" skipped="0" failures="0" errors="0" timestamp="2022-03-31T09:30:15" hostname="Garage2" time="0.007">
  <properties/>
  <testcase name="ParseTest" classname="com.distrimind.bouncycastle.tsp.test.ParseTest" time="0.007"/>
  <system-out><![CDATA[]]></system-out>
  <system-err><![CDATA[]]></system-err>
</testsuite>
