<?xml version="1.0" encoding="UTF-8"?>
<testsuite name="com.distrimind.bouncycastle.openssl.test.AllTests" tests="4" skipped="0" failures="0" errors="0" timestamp="2022-03-31T09:30:14" hostname="Garage2" time="0.584">
  <properties/>
  <testcase name="testOpenSSL" classname="com.distrimind.bouncycastle.openssl.test.AllTests" time="0.307"/>
  <testcase name="testPKCS8Encrypted" classname="com.distrimind.bouncycastle.openssl.test.AllTests" time="0.263"/>
  <testcase name="testVectors" classname="com.distrimind.bouncycastle.openssl.test.AllTests" time="0.006"/>
  <testcase name="testPKCS8PlainNew" classname="com.distrimind.bouncycastle.openssl.test.AllTests" time="0.008"/>
  <system-out><![CDATA[]]></system-out>
  <system-err><![CDATA[]]></system-err>
</testsuite>
