<?xml version="1.0" encoding="UTF-8"?>
<testsuite name="com.distrimind.bouncycastle.est.test.ESTParsingTest" tests="5" skipped="0" failures="0" errors="0" timestamp="2022-03-31T09:30:14" hostname="Garage2" time="0.002">
  <properties/>
  <testcase name="testParsingCacertsResponse" classname="com.distrimind.bouncycastle.est.test.ESTParsingTest" time="0.001"/>
  <testcase name="testParsingSimpleEnrolRequest" classname="com.distrimind.bouncycastle.est.test.ESTParsingTest" time="0.0"/>
  <testcase name="testParsingCsrattrs1" classname="com.distrimind.bouncycastle.est.test.ESTParsingTest" time="0.001"/>
  <testcase name="testParsingCsrattrs2" classname="com.distrimind.bouncycastle.est.test.ESTParsingTest" time="0.0"/>
  <testcase name="testParsingSimpleEnrolResponse" classname="com.distrimind.bouncycastle.est.test.ESTParsingTest" time="0.0"/>
  <system-out><![CDATA[]]></system-out>
  <system-err><![CDATA[]]></system-err>
</testsuite>
