<?xml version="1.0" encoding="UTF-8"?>
<testsuite name="com.distrimind.bouncycastle.cms.test.MiscDataStreamTest" tests="2" skipped="0" failures="0" errors="0" timestamp="2022-03-31T09:30:14" hostname="Garage2" time="0.004">
  <properties/>
  <testcase name="testSHA1WithRSA" classname="com.distrimind.bouncycastle.cms.test.MiscDataStreamTest" time="0.004"/>
  <testcase name="testDigestedData" classname="com.distrimind.bouncycastle.cms.test.MiscDataStreamTest" time="0.0"/>
  <system-out><![CDATA[]]></system-out>
  <system-err><![CDATA[]]></system-err>
</testsuite>
