<?xml version="1.0" encoding="UTF-8"?>
<testsuite name="com.distrimind.bouncycastle.operator.test.AllTests" tests="2" skipped="0" failures="0" errors="0" timestamp="2022-03-31T09:30:15" hostname="Garage2" time="0.085">
  <properties/>
  <testcase name="testOaepWrap" classname="com.distrimind.bouncycastle.operator.test.AllTests" time="0.084"/>
  <testcase name="testAlgorithmNameFinder" classname="com.distrimind.bouncycastle.operator.test.AllTests" time="0.001"/>
  <system-out><![CDATA[]]></system-out>
  <system-err><![CDATA[]]></system-err>
</testsuite>
