<?xml version="1.0" encoding="UTF-8"?>
<testsuite name="com.distrimind.bouncycastle.cms.test.BcEnvelopedDataTest" tests="25" skipped="0" failures="0" errors="0" timestamp="2022-03-31T09:30:14" hostname="Garage2" time="0.034">
  <properties/>
  <testcase name="testKeyTransAES128" classname="com.distrimind.bouncycastle.cms.test.BcEnvelopedDataTest" time="0.001"/>
  <testcase name="testKeyTransAES192" classname="com.distrimind.bouncycastle.cms.test.BcEnvelopedDataTest" time="0.0"/>
  <testcase name="testKeyTransAES256" classname="com.distrimind.bouncycastle.cms.test.BcEnvelopedDataTest" time="0.001"/>
  <testcase name="testECMQVKeyAgree" classname="com.distrimind.bouncycastle.cms.test.BcEnvelopedDataTest" time="0.007"/>
  <testcase name="testKeyTransCAST5" classname="com.distrimind.bouncycastle.cms.test.BcEnvelopedDataTest" time="0.001"/>
  <testcase name="testUnprotectedAttributes" classname="com.distrimind.bouncycastle.cms.test.BcEnvelopedDataTest" time="0.0"/>
  <testcase name="testKeyTransSmallAES" classname="com.distrimind.bouncycastle.cms.test.BcEnvelopedDataTest" time="0.001"/>
  <testcase name="testAES128KEK" classname="com.distrimind.bouncycastle.cms.test.BcEnvelopedDataTest" time="0.0"/>
  <testcase name="testAES192KEK" classname="com.distrimind.bouncycastle.cms.test.BcEnvelopedDataTest" time="0.001"/>
  <testcase name="testAES256KEK" classname="com.distrimind.bouncycastle.cms.test.BcEnvelopedDataTest" time="0.0"/>
  <testcase name="testKeyTransRC2" classname="com.distrimind.bouncycastle.cms.test.BcEnvelopedDataTest" time="0.0"/>
  <testcase name="testKeyTransRC4" classname="com.distrimind.bouncycastle.cms.test.BcEnvelopedDataTest" time="0.001"/>
  <testcase name="testOriginatorInfo" classname="com.distrimind.bouncycastle.cms.test.BcEnvelopedDataTest" time="0.0"/>
  <testcase name="testECMQVKeyAgreeVectors" classname="com.distrimind.bouncycastle.cms.test.BcEnvelopedDataTest" time="0.004"/>
  <testcase name="testECMQVKeyAgreeMultiple" classname="com.distrimind.bouncycastle.cms.test.BcEnvelopedDataTest" time="0.009"/>
  <testcase name="testECKeyAgreeVectors" classname="com.distrimind.bouncycastle.cms.test.BcEnvelopedDataTest" time="0.002"/>
  <testcase name="testECKeyAgree" classname="com.distrimind.bouncycastle.cms.test.BcEnvelopedDataTest" time="0.003"/>
  <testcase name="testRFC4134ex5_1" classname="com.distrimind.bouncycastle.cms.test.BcEnvelopedDataTest" time="0.0"/>
  <testcase name="testRFC4134ex5_2" classname="com.distrimind.bouncycastle.cms.test.BcEnvelopedDataTest" time="0.001"/>
  <testcase name="testKeyTrans" classname="com.distrimind.bouncycastle.cms.test.BcEnvelopedDataTest" time="0.0"/>
  <testcase name="testKeyTransLight128RC4" classname="com.distrimind.bouncycastle.cms.test.BcEnvelopedDataTest" time="0.001"/>
  <testcase name="testKeyTransODES" classname="com.distrimind.bouncycastle.cms.test.BcEnvelopedDataTest" time="0.0"/>
  <testcase name="testKeyTrans128RC4" classname="com.distrimind.bouncycastle.cms.test.BcEnvelopedDataTest" time="0.0"/>
  <testcase name="testPasswordAES256" classname="com.distrimind.bouncycastle.cms.test.BcEnvelopedDataTest" time="0.001"/>
  <testcase name="testPasswordDESEDE" classname="com.distrimind.bouncycastle.cms.test.BcEnvelopedDataTest" time="0.0"/>
  <system-out><![CDATA[]]></system-out>
  <system-err><![CDATA[]]></system-err>
</testsuite>
