<?xml version="1.0" encoding="UTF-8"?>
<testsuite name="com.distrimind.bouncycastle.mime.test.TestBoundaryLimitedInputStream" tests="4" skipped="0" failures="0" errors="0" timestamp="2022-03-31T09:30:14" hostname="Garage2" time="0.0">
  <properties/>
  <testcase name="testBoundaryAfterLF" classname="com.distrimind.bouncycastle.mime.test.TestBoundaryLimitedInputStream" time="0.0"/>
  <testcase name="testBoundaryAfterLFTrailingLine" classname="com.distrimind.bouncycastle.mime.test.TestBoundaryLimitedInputStream" time="0.0"/>
  <testcase name="testBoundaryAfterCRLF" classname="com.distrimind.bouncycastle.mime.test.TestBoundaryLimitedInputStream" time="0.0"/>
  <testcase name="testBoundaryAfterCRLFTrailingLineInContent" classname="com.distrimind.bouncycastle.mime.test.TestBoundaryLimitedInputStream" time="0.0"/>
  <system-out><![CDATA[]]></system-out>
  <system-err><![CDATA[]]></system-err>
</testsuite>
