<?xml version="1.0" encoding="UTF-8"?>
<testsuite name="com.distrimind.bouncycastle.cert.cmp.test.AllTests" tests="7" skipped="0" failures="0" errors="0" timestamp="2022-03-31T09:30:11" hostname="Garage2" time="0.228">
  <properties/>
  <testcase name="testSampleCr" classname="com.distrimind.bouncycastle.cert.cmp.test.AllTests" time="0.083"/>
  <testcase name="testSubsequentMessage" classname="com.distrimind.bouncycastle.cert.cmp.test.AllTests" time="0.082"/>
  <testcase name="testConfirmationMessage" classname="com.distrimind.bouncycastle.cert.cmp.test.AllTests" time="0.015"/>
  <testcase name="testServerSideKey" classname="com.distrimind.bouncycastle.cert.cmp.test.AllTests" time="0.021"/>
  <testcase name="testNotBeforeNotAfter" classname="com.distrimind.bouncycastle.cert.cmp.test.AllTests" time="0.007"/>
  <testcase name="testMacProtectedMessage" classname="com.distrimind.bouncycastle.cert.cmp.test.AllTests" time="0.01"/>
  <testcase name="testProtectedMessage" classname="com.distrimind.bouncycastle.cert.cmp.test.AllTests" time="0.008"/>
  <system-out><![CDATA[]]></system-out>
  <system-err><![CDATA[]]></system-err>
</testsuite>
