<?xml version="1.0" encoding="UTF-8"?>
<testsuite name="com.distrimind.bouncycastle.tsp.test.ERSTest" tests="6" skipped="0" failures="0" errors="0" timestamp="2022-03-31T09:30:16" hostname="Garage2" time="0.112">
  <properties/>
  <testcase name="test4NodeBuild" classname="com.distrimind.bouncycastle.tsp.test.ERSTest" time="0.003"/>
  <testcase name="testBasicBuild" classname="com.distrimind.bouncycastle.tsp.test.ERSTest" time="0.036"/>
  <testcase name="testSort" classname="com.distrimind.bouncycastle.tsp.test.ERSTest" time="0.001"/>
  <testcase name="testBasicBuildEvidenceRecord" classname="com.distrimind.bouncycastle.tsp.test.ERSTest" time="0.044"/>
  <testcase name="testSingleTimeStamp" classname="com.distrimind.bouncycastle.tsp.test.ERSTest" time="0.025"/>
  <testcase name="testDirUtil" classname="com.distrimind.bouncycastle.tsp.test.ERSTest" time="0.002"/>
  <system-out><![CDATA[]]></system-out>
  <system-err><![CDATA[]]></system-err>
</testsuite>
