<?xml version="1.0" encoding="UTF-8"?>
<testsuite name="com.distrimind.bouncycastle.pkcs.test.PKCS8Test" tests="9" skipped="0" failures="0" errors="0" timestamp="2022-03-31T09:30:15" hostname="Garage2" time="0.082">
  <properties/>
  <testcase name="testCCMEncryption" classname="com.distrimind.bouncycastle.pkcs.test.PKCS8Test" time="0.011"/>
  <testcase name="testGOST3411" classname="com.distrimind.bouncycastle.pkcs.test.PKCS8Test" time="0.036"/>
  <testcase name="testScryptEncryption" classname="com.distrimind.bouncycastle.pkcs.test.PKCS8Test" time="0.001"/>
  <testcase name="testSHA3_256Encryption" classname="com.distrimind.bouncycastle.pkcs.test.PKCS8Test" time="0.009"/>
  <testcase name="testGCMEncryption" classname="com.distrimind.bouncycastle.pkcs.test.PKCS8Test" time="0.01"/>
  <testcase name="testKWPEncryption" classname="com.distrimind.bouncycastle.pkcs.test.PKCS8Test" time="0.009"/>
  <testcase name="testSHA256" classname="com.distrimind.bouncycastle.pkcs.test.PKCS8Test" time="0.002"/>
  <testcase name="testScrypt" classname="com.distrimind.bouncycastle.pkcs.test.PKCS8Test" time="0.0"/>
  <testcase name="testSHA256Encryption" classname="com.distrimind.bouncycastle.pkcs.test.PKCS8Test" time="0.003"/>
  <system-out><![CDATA[]]></system-out>
  <system-err><![CDATA[]]></system-err>
</testsuite>
