<?xml version="1.0" encoding="UTF-8"?>
<testsuite name="com.distrimind.bouncycastle.tsp.test.TimeStampTokenInfoUnitTest" tests="4" skipped="0" failures="0" errors="0" timestamp="2022-03-31T09:30:16" hostname="Garage2" time="0.0">
  <properties/>
  <testcase name="testTstInfo1" classname="com.distrimind.bouncycastle.tsp.test.TimeStampTokenInfoUnitTest" time="0.0"/>
  <testcase name="testTstInfo2" classname="com.distrimind.bouncycastle.tsp.test.TimeStampTokenInfoUnitTest" time="0.0"/>
  <testcase name="testTstInfo3" classname="com.distrimind.bouncycastle.tsp.test.TimeStampTokenInfoUnitTest" time="0.0"/>
  <testcase name="testTstInfoDudDate" classname="com.distrimind.bouncycastle.tsp.test.TimeStampTokenInfoUnitTest" time="0.0"/>
  <system-out><![CDATA[]]></system-out>
  <system-err><![CDATA[]]></system-err>
</testsuite>
