<?xml version="1.0" encoding="UTF-8"?>
<testsuite name="com.distrimind.bouncycastle.est.test.TestHostNameAuthorizer" tests="9" skipped="0" failures="0" errors="0" timestamp="2022-03-31T09:30:14" hostname="Garage2" time="0.224">
  <properties/>
  <testcase name="testCNMismatch_1" classname="com.distrimind.bouncycastle.est.test.TestHostNameAuthorizer" time="0.003"/>
  <testcase name="testSANMatch" classname="com.distrimind.bouncycastle.est.test.TestHostNameAuthorizer" time="0.0"/>
  <testcase name="testCNMatch" classname="com.distrimind.bouncycastle.est.test.TestHostNameAuthorizer" time="0.001"/>
  <testcase name="testWCMismatch" classname="com.distrimind.bouncycastle.est.test.TestHostNameAuthorizer" time="0.0"/>
  <testcase name="testSANMismatchIP" classname="com.distrimind.bouncycastle.est.test.TestHostNameAuthorizer" time="0.219"/>
  <testcase name="testSANMismatchWC" classname="com.distrimind.bouncycastle.est.test.TestHostNameAuthorizer" time="0.0"/>
  <testcase name="testCNIPMismatch" classname="com.distrimind.bouncycastle.est.test.TestHostNameAuthorizer" time="0.001"/>
  <testcase name="testSANMatchIP" classname="com.distrimind.bouncycastle.est.test.TestHostNameAuthorizer" time="0.0"/>
  <testcase name="testSANMatchWC" classname="com.distrimind.bouncycastle.est.test.TestHostNameAuthorizer" time="0.0"/>
  <system-out><![CDATA[]]></system-out>
  <system-err><![CDATA[]]></system-err>
</testsuite>
