<?xml version="1.0" encoding="UTF-8"?>
<testsuite name="com.distrimind.bouncycastle.cert.test.BcAttrCertSelectorTest" tests="2" skipped="0" failures="0" errors="0" timestamp="2022-03-31T09:30:12" hostname="Garage2" time="0.005">
  <properties/>
  <testcase name="AttrCertSelector" classname="com.distrimind.bouncycastle.cert.test.BcAttrCertSelectorTest" time="0.004"/>
  <testcase name="AttrCertSelector" classname="com.distrimind.bouncycastle.cert.test.BcAttrCertSelectorTest" time="0.0"/>
  <system-out><![CDATA[]]></system-out>
  <system-err><![CDATA[]]></system-err>
</testsuite>
