<?xml version="1.0" encoding="UTF-8"?>
<testsuite name="com.distrimind.bouncycastle.tsp.test.CMSTimeStampedDataGeneratorTest" tests="3" skipped="0" failures="0" errors="0" timestamp="2022-03-31T09:30:15" hostname="Garage2" time="0.391">
  <properties/>
  <testcase name="testGenerateWithMetadataAndDifferentAlgorithmIdentifier" classname="com.distrimind.bouncycastle.tsp.test.CMSTimeStampedDataGeneratorTest" time="0.151"/>
  <testcase name="testGenerate" classname="com.distrimind.bouncycastle.tsp.test.CMSTimeStampedDataGeneratorTest" time="0.09"/>
  <testcase name="testGenerateWithMetadata" classname="com.distrimind.bouncycastle.tsp.test.CMSTimeStampedDataGeneratorTest" time="0.15"/>
  <system-out><![CDATA[]]></system-out>
  <system-err><![CDATA[]]></system-err>
</testsuite>
