<?xml version="1.0" encoding="UTF-8"?>
<testsuite name="com.distrimind.bouncycastle.pkcs.test.PfxPduTest" tests="17" skipped="0" failures="0" errors="0" timestamp="2022-03-31T09:30:15" hostname="Garage2" time="0.308">
  <properties/>
  <testcase name="testExceptions" classname="com.distrimind.bouncycastle.pkcs.test.PfxPduTest" time="0.001"/>
  <testcase name="testCreateTripleDESAndSHA1" classname="com.distrimind.bouncycastle.pkcs.test.PfxPduTest" time="0.015"/>
  <testcase name="testBasicPKCS12" classname="com.distrimind.bouncycastle.pkcs.test.PfxPduTest" time="0.002"/>
  <testcase name="testEncryptedPrivateKeyInfoPKCS5" classname="com.distrimind.bouncycastle.pkcs.test.PfxPduTest" time="0.003"/>
  <testcase name="testGOST1" classname="com.distrimind.bouncycastle.pkcs.test.PfxPduTest" time="0.117"/>
  <testcase name="testGOST2" classname="com.distrimind.bouncycastle.pkcs.test.PfxPduTest" time="0.103"/>
  <testcase name="testPKCS5" classname="com.distrimind.bouncycastle.pkcs.test.PfxPduTest" time="0.029"/>
  <testcase name="testPfxPduMac" classname="com.distrimind.bouncycastle.pkcs.test.PfxPduTest" time="0.005"/>
  <testcase name="testEncryptedPrivateKeyInfoDESWithMD5" classname="com.distrimind.bouncycastle.pkcs.test.PfxPduTest" time="0.003"/>
  <testcase name="testBcEncryptedPrivateKeyInfo" classname="com.distrimind.bouncycastle.pkcs.test.PfxPduTest" time="0.002"/>
  <testcase name="testCreateAES256andSHA256" classname="com.distrimind.bouncycastle.pkcs.test.PfxPduTest" time="0.009"/>
  <testcase name="testEncryptedPrivateKeyInfoDESWithSHA1" classname="com.distrimind.bouncycastle.pkcs.test.PfxPduTest" time="0.001"/>
  <testcase name="testKeyBag" classname="com.distrimind.bouncycastle.pkcs.test.PfxPduTest" time="0.003"/>
  <testcase name="testPfxPdu" classname="com.distrimind.bouncycastle.pkcs.test.PfxPduTest" time="0.006"/>
  <testcase name="testSafeBagRecovery" classname="com.distrimind.bouncycastle.pkcs.test.PfxPduTest" time="0.005"/>
  <testcase name="testEncryptedPrivateKeyInfo" classname="com.distrimind.bouncycastle.pkcs.test.PfxPduTest" time="0.003"/>
  <testcase name="testSHA256withPKCS5" classname="com.distrimind.bouncycastle.pkcs.test.PfxPduTest" time="0.001"/>
  <system-out><![CDATA[]]></system-out>
  <system-err><![CDATA[]]></system-err>
</testsuite>
