<?xml version="1.0" encoding="UTF-8"?>
<testsuite name="com.distrimind.bouncycastle.cms.test.AuthEnvelopedDataTest" tests="5" skipped="0" failures="0" errors="0" timestamp="2022-03-31T09:30:14" hostname="Garage2" time="0.008">
  <properties/>
  <testcase name="testCCM" classname="com.distrimind.bouncycastle.cms.test.AuthEnvelopedDataTest" time="0.004"/>
  <testcase name="testGCM" classname="com.distrimind.bouncycastle.cms.test.AuthEnvelopedDataTest" time="0.001"/>
  <testcase name="testBcCCM" classname="com.distrimind.bouncycastle.cms.test.AuthEnvelopedDataTest" time="0.001"/>
  <testcase name="testBcAttributes" classname="com.distrimind.bouncycastle.cms.test.AuthEnvelopedDataTest" time="0.001"/>
  <testcase name="testSample1" classname="com.distrimind.bouncycastle.cms.test.AuthEnvelopedDataTest" time="0.0"/>
  <system-out><![CDATA[]]></system-out>
  <system-err><![CDATA[]]></system-err>
</testsuite>
