<?xml version="1.0" encoding="UTF-8"?>
<testsuite name="com.distrimind.bouncycastle.cms.test.NewEnvelopedDataStreamTest" tests="14" skipped="0" failures="0" errors="0" timestamp="2022-03-31T09:30:14" hostname="Garage2" time="0.074">
  <properties/>
  <testcase name="testKeyTransAES128" classname="com.distrimind.bouncycastle.cms.test.NewEnvelopedDataStreamTest" time="0.054"/>
  <testcase name="testKeyTransAES128BufferedStream" classname="com.distrimind.bouncycastle.cms.test.NewEnvelopedDataStreamTest" time="0.001"/>
  <testcase name="testUnprotectedAttributes" classname="com.distrimind.bouncycastle.cms.test.NewEnvelopedDataStreamTest" time="0.001"/>
  <testcase name="testKeyTransAES128Der" classname="com.distrimind.bouncycastle.cms.test.NewEnvelopedDataStreamTest" time="0.0"/>
  <testcase name="testKeyTransAES128GCM" classname="com.distrimind.bouncycastle.cms.test.NewEnvelopedDataStreamTest" time="0.003"/>
  <testcase name="testWorkingData" classname="com.distrimind.bouncycastle.cms.test.NewEnvelopedDataStreamTest" time="0.0"/>
  <testcase name="testKeyTransAES128Throughput" classname="com.distrimind.bouncycastle.cms.test.NewEnvelopedDataStreamTest" time="0.006"/>
  <testcase name="testOriginatorInfo" classname="com.distrimind.bouncycastle.cms.test.NewEnvelopedDataStreamTest" time="0.001"/>
  <testcase name="testKeyTransAES128Buffered" classname="com.distrimind.bouncycastle.cms.test.NewEnvelopedDataStreamTest" time="0.001"/>
  <testcase name="testTwoAESKEK" classname="com.distrimind.bouncycastle.cms.test.NewEnvelopedDataStreamTest" time="0.0"/>
  <testcase name="testECKeyAgree" classname="com.distrimind.bouncycastle.cms.test.NewEnvelopedDataStreamTest" time="0.003"/>
  <testcase name="testAESKEK" classname="com.distrimind.bouncycastle.cms.test.NewEnvelopedDataStreamTest" time="0.0"/>
  <testcase name="testKeyTransAES128AndOriginatorInfo" classname="com.distrimind.bouncycastle.cms.test.NewEnvelopedDataStreamTest" time="0.001"/>
  <testcase name="testKeyTransCAST5SunJCE" classname="com.distrimind.bouncycastle.cms.test.NewEnvelopedDataStreamTest" time="0.001"/>
  <system-out><![CDATA[]]></system-out>
  <system-err><![CDATA[]]></system-err>
</testsuite>
