<?xml version="1.0" encoding="UTF-8"?>
<testsuite name="com.distrimind.bouncycastle.mime.test.TestSMIMESigned" tests="2" skipped="0" failures="0" errors="0" timestamp="2022-03-31T09:30:14" hostname="Garage2" time="0.029">
  <properties/>
  <testcase name="testSimpleGeneration" classname="com.distrimind.bouncycastle.mime.test.TestSMIMESigned" time="0.027"/>
  <testcase name="testEmbeddedMultipartGeneration" classname="com.distrimind.bouncycastle.mime.test.TestSMIMESigned" time="0.001"/>
  <system-out><![CDATA[]]></system-out>
  <system-err><![CDATA[]]></system-err>
</testsuite>
