<?xml version="1.0" encoding="UTF-8"?>
<testsuite name="com.distrimind.bouncycastle.cms.test.Rfc4134Test" tests="9" skipped="0" failures="0" errors="0" timestamp="2022-03-31T09:30:14" hostname="Garage2" time="0.013">
  <properties/>
  <testcase name="test4_1" classname="com.distrimind.bouncycastle.cms.test.Rfc4134Test" time="0.004"/>
  <testcase name="test4_2" classname="com.distrimind.bouncycastle.cms.test.Rfc4134Test" time="0.001"/>
  <testcase name="test4_4" classname="com.distrimind.bouncycastle.cms.test.Rfc4134Test" time="0.002"/>
  <testcase name="test4_5" classname="com.distrimind.bouncycastle.cms.test.Rfc4134Test" time="0.0"/>
  <testcase name="test4_6" classname="com.distrimind.bouncycastle.cms.test.Rfc4134Test" time="0.002"/>
  <testcase name="test4_7" classname="com.distrimind.bouncycastle.cms.test.Rfc4134Test" time="0.001"/>
  <testcase name="test5_1" classname="com.distrimind.bouncycastle.cms.test.Rfc4134Test" time="0.001"/>
  <testcase name="test5_2" classname="com.distrimind.bouncycastle.cms.test.Rfc4134Test" time="0.001"/>
  <testcase name="testRfc4_3" classname="com.distrimind.bouncycastle.cms.test.Rfc4134Test" time="0.0"/>
  <system-out><![CDATA[]]></system-out>
  <system-err><![CDATA[]]></system-err>
</testsuite>
