<?xml version="1.0" encoding="UTF-8"?>
<testsuite name="com.distrimind.bouncycastle.test.est.AllTests$SimpleTestTest" tests="1" skipped="0" failures="0" errors="0" timestamp="2021-05-27T14:26:08" hostname="Garage" time="0.0">
  <properties/>
  <testcase name="testSimple" classname="com.distrimind.bouncycastle.test.est.AllTests$SimpleTestTest" time="0.0"/>
  <system-out><![CDATA[]]></system-out>
  <system-err><![CDATA[]]></system-err>
</testsuite>
